[32m[I 2022-12-11 05:24:29,777][0m Trial 243 finished with value: 0.43324684600400754 and parameters: {'optimizer__lr': 0.0003142591318967171, 'module__dropout': 0.021197650186574782, 'd_model_multiplier': 8, 'module__num_layers': 8, 'module__n_heads': 4, 'module__dim_feedforward': 275, 'iterator_train__batch_size': 49}. Best is trial 231 with value: 0.4798892428044479.[0m
[FileBasedDataset] Initializing dataset...
	Examples: 28559
	Features: 621
	Max length: 120
[FileBasedDataset] Dataset initialization complete
  epoch    auprc    auroc    train_loss    valid_acc    valid_loss    cp      dur
-------  -------  -------  ------------  -----------  ------------  ----  -------
      1   [36m0.3385[0m   [32m0.7768[0m        [35m0.2654[0m       [31m0.9226[0m        [94m0.2346[0m     +  23.2334
      2   [36m0.3500[0m   [32m0.7990[0m        [35m0.2234[0m       0.9226        [94m0.2294[0m     +  24.0077
      3   [36m0.3744[0m   [32m0.8100[0m        [35m0.2183[0m       [31m0.9251[0m        [94m0.2248[0m     +  23.7809
      4   [36m0.3795[0m   [32m0.8134[0m        [35m0.2139[0m       0.9247        [94m0.2243[0m     +  23.7408
      5   [36m0.3928[0m   [32m0.8245[0m        [35m0.2113[0m       0.9244        [94m0.2209[0m     +  24.1688
      6   [36m0.4087[0m   [32m0.8303[0m        [35m0.2083[0m       [31m0.9254[0m        [94m0.2199[0m     +  23.9700
      7   0.4053   [32m0.8365[0m        [35m0.2069[0m       0.9247        [94m0.2176[0m     +  23.6564
      8   0.4010   0.8360        [35m0.2046[0m       0.9251        [94m0.2175[0m     +  23.7081
      9   0.4072   0.8341        [35m0.2021[0m       0.9254        0.2188        24.0472
     10   0.4015   [32m0.8370[0m        [35m0.2006[0m       0.9244        0.2180        23.2915
     11   [36m0.4227[0m   [32m0.8461[0m        [35m0.1993[0m       0.9251        [94m0.2133[0m     +  23.8949
     12   0.4155   0.8428        [35m0.1967[0m       0.9219        0.2168        23.4788
     13   0.4204   [32m0.8471[0m        [35m0.1965[0m       0.9233        0.2148        24.3640
Stopping since valid_loss has not improved in the last 3 epochs.
[32m[I 2022-12-11 05:30:04,494][0m Trial 244 finished with value: 0.42271767395330945 and parameters: {'optimizer__lr': 0.0003184080323066442, 'module__dropout': 0.025356186092728425, 'd_model_multiplier': 8, 'module__num_layers': 8, 'module__n_heads': 4, 'module__dim_feedforward': 274, 'iterator_train__batch_size': 48}. Best is trial 231 with value: 0.4798892428044479.[0m
[FileBasedDataset] Initializing dataset...
	Examples: 28559
	Features: 621
	Max length: 120
[FileBasedDataset] Dataset initialization complete
  epoch    auprc    auroc    train_loss    valid_acc    valid_loss    cp      dur
-------  -------  -------  ------------  -----------  ------------  ----  -------
      1   [36m0.3004[0m   [32m0.7882[0m        [35m0.2762[0m       [31m0.9275[0m        [94m0.2191[0m     +  23.7952
      2   [36m0.3199[0m   [32m0.8130[0m        [35m0.2265[0m       [31m0.9286[0m        [94m0.2123[0m     +  24.0082
      3   [36m0.3306[0m   [32m0.8182[0m        [35m0.2207[0m       [31m0.9300[0m        [94m0.2090[0m     +  24.1282
      4   [36m0.3384[0m   [32m0.8197[0m        [35m0.2173[0m       0.9289        [94m0.2080[0m     +  23.9513
      5   [36m0.3426[0m   [32m0.8369[0m        [35m0.2131[0m       0.9286        [94m0.2046[0m     +  24.4729
      6   0.3419   [32m0.8397[0m        [35m0.2096[0m       0.9282        [94m0.2045[0m     +  24.0090
      7   [36m0.3431[0m   0.8314        [35m0.2071[0m       0.9293        0.2050        24.2138
      8   0.3392   [32m0.8408[0m        [35m0.2034[0m       0.9258        0.2049        24.5957
      9   [36m0.3542[0m   [32m0.8477[0m        [35m0.2030[0m       0.9261        [94m0.2023[0m     +  24.3130
     10   [36m0.3661[0m   [32m0.8526[0m        [35m0.2017[0m       0.9296        [94m0.2000[0m     +  23.2972
     11   [36m0.3681[0m   0.8465        [35m0.2000[0m       0.9261        0.2010        23.3054
     12   [36m0.3711[0m   0.8480        [35m0.1986[0m       0.9282        0.2009        23.8352
Stopping since valid_loss has not improved in the last 3 epochs.
[32m[I 2022-12-11 05:35:16,895][0m Trial 245 finished with value: 0.3711497423495204 and parameters: {'optimizer__lr': 0.0002499450615933892, 'module__dropout': 0.030823318587022745, 'd_model_multiplier': 8, 'module__num_layers': 8, 'module__n_heads': 4, 'module__dim_feedforward': 270, 'iterator_train__batch_size': 54}. Best is trial 231 with value: 0.4798892428044479.[0m
[FileBasedDataset] Initializing dataset...
	Examples: 28559
	Features: 621
	Max length: 120
[FileBasedDataset] Dataset initialization complete
  epoch    auprc    auroc    train_loss    valid_acc    valid_loss    cp      dur
-------  -------  -------  ------------  -----------  ------------  ----  -------
      1   [36m0.3054[0m   [32m0.7790[0m        [35m0.3026[0m       [31m0.9233[0m        [94m0.2380[0m     +  22.6040
      2   [36m0.3477[0m   [32m0.8052[0m        [35m0.2294[0m       [31m0.9240[0m        [94m0.2228[0m     +  23.6005
      3   [36m0.3644[0m   [32m0.8202[0m        [35m0.2231[0m       [31m0.9261[0m        [94m0.2175[0m     +  23.4372
      4   [36m0.3790[0m   [32m0.8343[0m        [35m0.2191[0m       0.9237        [94m0.2149[0m     +  23.4605
      5   [36m0.3842[0m   [32m0.8395[0m        [35m0.2165[0m       [31m0.9275[0m        [94m0.2123[0m     +  23.2789
      6   0.3840   [32m0.8407[0m        [35m0.2134[0m       0.9261        [94m0.2115[0m     +  23.5697
      7   [36m0.3954[0m   [32m0.8513[0m        [35m0.2100[0m       [31m0.9279[0m        [94m0.2071[0m     +  23.3291
      8   [36m0.4073[0m   [32m0.8569[0m        [35m0.2085[0m       0.9265        [94m0.2048[0m     +  23.9701
      9   [36m0.4080[0m   0.8547        [35m0.2064[0m       0.9275        0.2051        23.7298
     10   [36m0.4147[0m   [32m0.8581[0m        [35m0.2034[0m       0.9265        [94m0.2044[0m     +  23.4535
     11   [36m0.4215[0m   [32m0.8633[0m        [35m0.2021[0m       0.9268        [94m0.2009[0m     +  23.2358
     12   [36m0.4275[0m   0.8597        [35m0.1997[0m       0.9272        0.2020        23.2754
     13   [36m0.4308[0m   0.8605        [35m0.1979[0m       [31m0.9289[0m        0.2010        23.0909
Stopping since valid_loss has not improved in the last 3 epochs.
[32m[I 2022-12-11 05:40:45,124][0m Trial 246 finished with value: 0.430839284628111 and parameters: {'optimizer__lr': 0.00017625635062564737, 'module__dropout': 0.02280159535496963, 'd_model_multiplier': 8, 'module__num_layers': 8, 'module__n_heads': 4, 'module__dim_feedforward': 287, 'iterator_train__batch_size': 60}. Best is trial 231 with value: 0.4798892428044479.[0m
[FileBasedDataset] Initializing dataset...
	Examples: 28559
	Features: 621
	Max length: 120
[FileBasedDataset] Dataset initialization complete
  epoch    auprc    auroc    train_loss    valid_acc    valid_loss    cp      dur
-------  -------  -------  ------------  -----------  ------------  ----  -------
      1   [36m0.3254[0m   [32m0.7778[0m        [35m0.2608[0m       [31m0.9181[0m        [94m0.2412[0m     +  23.3465
      2   [36m0.3373[0m   [32m0.7945[0m        [35m0.2269[0m       [31m0.9191[0m        [94m0.2369[0m     +  24.2470
      3   [36m0.3420[0m   [32m0.8029[0m        [35m0.2254[0m       [31m0.9195[0m        [94m0.2336[0m     +  23.5952
      4   [36m0.3515[0m   [32m0.8080[0m        [35m0.2214[0m       [31m0.9202[0m        [94m0.2308[0m     +  23.7490
      5   [36m0.3638[0m   [32m0.8099[0m        [35m0.2189[0m       0.9202        [94m0.2306[0m     +  23.8500
      6   0.3580   [32m0.8108[0m        0.2204       0.9195        [94m0.2302[0m     +  23.4336
      7   0.3508   [32m0.8111[0m        [35m0.2177[0m       0.9202        0.2313        23.5622
      8   0.3535   0.8069        0.2180       [31m0.9205[0m        0.2320        23.8042
      9   0.3618   0.8095        [35m0.2146[0m       0.9198        [94m0.2300[0m     +  23.3065
     10   0.3610   [32m0.8179[0m        0.2152       [31m0.9209[0m        [94m0.2283[0m     +  24.1302
     11   0.3395   0.8052        [35m0.2112[0m       0.9177        0.2349        23.6157
     12   [36m0.3751[0m   0.8159        0.2151       [31m0.9219[0m        [94m0.2279[0m     +  24.1726
     13   0.3676   0.8068        0.2209       0.9205        0.2307        24.2364
     14   0.3742   0.8156        0.2156       0.9216        0.2280        23.7080
Stopping since valid_loss has not improved in the last 3 epochs.
[32m[I 2022-12-11 05:46:42,685][0m Trial 247 finished with value: 0.37514228184315934 and parameters: {'optimizer__lr': 0.00045138330130189416, 'module__dropout': 0.03815280131468546, 'd_model_multiplier': 8, 'module__num_layers': 9, 'module__n_heads': 4, 'module__dim_feedforward': 285, 'iterator_train__batch_size': 62}. Best is trial 231 with value: 0.4798892428044479.[0m
[FileBasedDataset] Initializing dataset...
	Examples: 28559
	Features: 621
	Max length: 120
[FileBasedDataset] Dataset initialization complete
  epoch    auprc    auroc    train_loss    valid_acc    valid_loss    cp      dur
-------  -------  -------  ------------  -----------  ------------  ----  -------
      1   [36m0.3108[0m   [32m0.7752[0m        [35m0.2703[0m       [31m0.9184[0m        [94m0.2400[0m     +  23.6412
      2   [36m0.3293[0m   [32m0.7949[0m        [35m0.2247[0m       [31m0.9205[0m        [94m0.2344[0m     +  24.0065
      3   [36m0.3302[0m   [32m0.8042[0m        [35m0.2188[0m       0.9195        [94m0.2317[0m     +  24.1343
      4   [36m0.3413[0m   [32m0.8188[0m        [35m0.2142[0m       [31m0.9212[0m        [94m0.2269[0m     +  24.4814
      5   [36m0.3576[0m   [32m0.8264[0m        [35m0.2105[0m       0.9195        [94m0.2239[0m     +  24.3362
      6   0.3576   [32m0.8284[0m        [35m0.2081[0m       0.9209        [94m0.2228[0m     +  24.1047
      7   [36m0.3750[0m   [32m0.8354[0m        [35m0.2055[0m       0.9205        [94m0.2207[0m     +  24.4938
      8   0.3632   0.8337        [35m0.2029[0m       0.9195        0.2217        24.5471
      9   0.3736   [32m0.8376[0m        [35m0.2009[0m       0.9191        [94m0.2200[0m     +  23.8812
     10   [36m0.3769[0m   0.8371        [35m0.1989[0m       0.9205        0.2200        23.9636
     11   0.3631   0.8357        [35m0.1972[0m       0.9167        0.2234        23.8557
Stopping since valid_loss has not improved in the last 3 epochs.
[32m[I 2022-12-11 05:51:32,878][0m Trial 248 finished with value: 0.3769095629037613 and parameters: {'optimizer__lr': 0.00023003336711947058, 'module__dropout': 0.024675549240338622, 'd_model_multiplier': 8, 'module__num_layers': 8, 'module__n_heads': 4, 'module__dim_feedforward': 300, 'iterator_train__batch_size': 43}. Best is trial 231 with value: 0.4798892428044479.[0m
[FileBasedDataset] Initializing dataset...
	Examples: 28559
	Features: 621
	Max length: 120
[FileBasedDataset] Dataset initialization complete
  epoch    auprc    auroc    train_loss    valid_acc    valid_loss    cp      dur
-------  -------  -------  ------------  -----------  ------------  ----  -------
      1   [36m0.1888[0m   [32m0.7281[0m        [35m0.2559[0m       [31m0.9279[0m        [94m0.2365[0m     +  23.1875
      2   [36m0.1895[0m   [32m0.7286[0m        [35m0.2527[0m       0.9279        0.2393        24.1980
      3   [36m0.1905[0m   [32m0.7322[0m        [35m0.2520[0m       0.9279        0.2393        24.3103
Stopping since valid_loss has not improved in the last 3 epochs.
[32m[I 2022-12-11 05:53:09,750][0m Trial 249 finished with value: 0.19048703315552223 and parameters: {'optimizer__lr': 0.00032943816992572143, 'module__dropout': 0.03910094628798158, 'd_model_multiplier': 64, 'module__num_layers': 10, 'module__n_heads': 4, 'module__dim_feedforward': 289, 'iterator_train__batch_size': 49}. Best is trial 231 with value: 0.4798892428044479.[0m
[FileBasedDataset] Initializing dataset...
	Examples: 28559
	Features: 621
	Max length: 120
[FileBasedDataset] Dataset initialization complete
  epoch    auprc    auroc    train_loss    valid_acc    valid_loss    cp      dur
-------  -------  -------  ------------  -----------  ------------  ----  -------
      1   [36m0.3283[0m   [32m0.7557[0m        [35m0.2877[0m       [31m0.9279[0m        [94m0.2239[0m     +  23.5647
      2   [36m0.3515[0m   [32m0.7794[0m        [35m0.2279[0m       [31m0.9282[0m        [94m0.2170[0m     +  23.8436
      3   [36m0.3607[0m   [32m0.7910[0m        [35m0.2206[0m       [31m0.9310[0m        [94m0.2154[0m     +  23.8847
      4   [36m0.3642[0m   [32m0.8080[0m        [35m0.2161[0m       0.9296        [94m0.2127[0m     +  23.8865
      5   [36m0.3700[0m   [32m0.8128[0m        [35m0.2123[0m       [31m0.9324[0m        [94m0.2109[0m     +  23.4714
      6   [36m0.3804[0m   [32m0.8190[0m        [35m0.2093[0m       0.9321        [94m0.2094[0m     +  24.4525
      7   0.3747   0.8185        [35m0.2054[0m       0.9300        0.2098        24.1240
      8   [36m0.3809[0m   [32m0.8238[0m        [35m0.2025[0m       0.9321        [94m0.2086[0m     +  24.0450
      9   0.3807   [32m0.8269[0m        [35m0.1998[0m       0.9310        [94m0.2081[0m     +  24.0679
     10   0.3796   0.8268        [35m0.1970[0m       0.9303        0.2091        24.2786
     11   0.3756   0.8259        [35m0.1947[0m       0.9307        [94m0.2080[0m     +  23.8113
     12   [36m0.3840[0m   [32m0.8333[0m        [35m0.1937[0m       0.9310        [94m0.2063[0m     +  24.2173
     13   0.3718   0.8295        [35m0.1905[0m       0.9293        0.2088        24.8249
     14   0.3702   0.8300        [35m0.1881[0m       0.9300        0.2096        24.0834
Stopping since valid_loss has not improved in the last 3 epochs.
[32m[I 2022-12-11 05:59:11,474][0m Trial 250 finished with value: 0.38395472795905367 and parameters: {'optimizer__lr': 0.00017817034698772963, 'module__dropout': 0.010602464865237218, 'd_model_multiplier': 8, 'module__num_layers': 8, 'module__n_heads': 4, 'module__dim_feedforward': 244, 'iterator_train__batch_size': 53}. Best is trial 231 with value: 0.4798892428044479.[0m
[FileBasedDataset] Initializing dataset...
	Examples: 28559
	Features: 621
	Max length: 120
[FileBasedDataset] Dataset initialization complete
  epoch    auprc    auroc    train_loss    valid_acc    valid_loss    cp      dur
-------  -------  -------  ------------  -----------  ------------  ----  -------
      1   [36m0.2349[0m   [32m0.6892[0m        [35m0.3357[0m       [31m0.9177[0m        [94m0.2608[0m     +  23.4661
      2   [36m0.2769[0m   [32m0.7561[0m        [35m0.2359[0m       0.9174        [94m0.2442[0m     +  24.3112
      3   [36m0.2872[0m   [32m0.7801[0m        [35m0.2260[0m       [31m0.9188[0m        [94m0.2412[0m     +  24.0871
      4   [36m0.2874[0m   [32m0.7860[0m        [35m0.2213[0m       [31m0.9191[0m        [94m0.2385[0m     +  23.7039
      5   [36m0.3021[0m   [32m0.7940[0m        [35m0.2190[0m       [31m0.9198[0m        [94m0.2349[0m     +  23.7612
      6   [36m0.3091[0m   [32m0.7980[0m        [35m0.2164[0m       [31m0.9205[0m        [94m0.2337[0m     +  23.6970
      7   [36m0.3221[0m   [32m0.8090[0m        [35m0.2132[0m       [31m0.9209[0m        [94m0.2296[0m     +  23.5456
      8   [36m0.3226[0m   [32m0.8140[0m        [35m0.2108[0m       0.9205        [94m0.2291[0m     +  23.5032
      9   [36m0.3279[0m   [32m0.8163[0m        [35m0.2093[0m       0.9205        [94m0.2289[0m     +  23.1185
     10   [36m0.3382[0m   [32m0.8219[0m        [35m0.2068[0m       0.9191        [94m0.2271[0m     +  23.6096
     11   0.3351   0.8207        [35m0.2053[0m       0.9198        0.2274        23.3496
     12   [36m0.3478[0m   [32m0.8231[0m        [35m0.2044[0m       [31m0.9223[0m        [94m0.2237[0m     +  23.7067
     13   0.3408   [32m0.8254[0m        [35m0.2021[0m       0.9223        0.2248        23.7787
     14   [36m0.3519[0m   [32m0.8262[0m        0.2024       0.9223        [94m0.2229[0m     +  23.5270
     15   [36m0.3559[0m   [32m0.8287[0m        [35m0.2008[0m       0.9198        [94m0.2220[0m     +  24.1186
[32m[I 2022-12-11 06:05:08,028][0m Trial 251 finished with value: 0.35588528659020885 and parameters: {'optimizer__lr': 0.00011979013572581014, 'module__dropout': 0.06803974003809915, 'd_model_multiplier': 8, 'module__num_layers': 9, 'module__n_heads': 4, 'module__dim_feedforward': 259, 'iterator_train__batch_size': 70}. Best is trial 231 with value: 0.4798892428044479.[0m
[FileBasedDataset] Initializing dataset...
	Examples: 28559
	Features: 621
	Max length: 120
[FileBasedDataset] Dataset initialization complete
  epoch    auprc    auroc    train_loss    valid_acc    valid_loss    cp      dur
-------  -------  -------  ------------  -----------  ------------  ----  -------
      1   [36m0.3328[0m   [32m0.7821[0m        [35m0.2499[0m       [31m0.9167[0m        [94m0.2420[0m     +  23.9039
      2   0.3289   [32m0.7833[0m        [35m0.2332[0m       [31m0.9174[0m        [94m0.2411[0m     +  24.2780
      3   0.2864   0.7524        0.2449       0.9163        0.2508        23.8358
      4   0.2758   0.7479        0.2476       0.9156        0.2530        24.1118
Stopping since valid_loss has not improved in the last 3 epochs.
[32m[I 2022-12-11 06:07:09,114][0m Trial 252 finished with value: 0.33275500287391163 and parameters: {'optimizer__lr': 0.000282207892456711, 'module__dropout': 0.04364779915023962, 'd_model_multiplier': 64, 'module__num_layers': 8, 'module__n_heads': 4, 'module__dim_feedforward': 287, 'iterator_train__batch_size': 41}. Best is trial 231 with value: 0.4798892428044479.[0m
[FileBasedDataset] Initializing dataset...
	Examples: 28559
	Features: 621
	Max length: 120
[FileBasedDataset] Dataset initialization complete
  epoch    auprc    auroc    train_loss    valid_acc    valid_loss    cp      dur
-------  -------  -------  ------------  -----------  ------------  ----  -------
      1   [36m0.3230[0m   [32m0.7939[0m        [35m0.2528[0m       [31m0.9226[0m        [94m0.2301[0m     +  23.1255
      2   [36m0.3505[0m   [32m0.7978[0m        [35m0.2214[0m       0.9226        [94m0.2271[0m     +  23.6340
      3   0.3474   [32m0.8130[0m        [35m0.2166[0m       0.9226        [94m0.2262[0m     +  23.8812
      4   0.3421   [32m0.8151[0m        [35m0.2150[0m       [31m0.9230[0m        0.2281        24.0443
      5   0.3414   [32m0.8179[0m        [35m0.2119[0m       0.9226        0.2294        23.7454
      6   0.3440   [32m0.8242[0m        [35m0.2104[0m       [31m0.9233[0m        [94m0.2253[0m     +  23.6764
      7   0.3462   0.8206        [35m0.2076[0m       0.9230        [94m0.2248[0m     +  23.3798
      8   [36m0.3531[0m   [32m0.8250[0m        [35m0.2052[0m       0.9230        [94m0.2241[0m     +  23.3131
      9   0.3409   0.8221        [35m0.2045[0m       0.9223        0.2270        23.4825
     10   0.3506   0.8192        [35m0.2035[0m       0.9230        0.2284        23.4681
Stopping since valid_loss has not improved in the last 3 epochs.
[32m[I 2022-12-11 06:11:29,003][0m Trial 253 finished with value: 0.3531436455432862 and parameters: {'optimizer__lr': 0.0005038131887568298, 'module__dropout': 0.025903483801027898, 'd_model_multiplier': 8, 'module__num_layers': 7, 'module__n_heads': 4, 'module__dim_feedforward': 266, 'iterator_train__batch_size': 61}. Best is trial 231 with value: 0.4798892428044479.[0m
[FileBasedDataset] Initializing dataset...
	Examples: 28559
	Features: 621
	Max length: 120
[FileBasedDataset] Dataset initialization complete
  epoch    auprc    auroc    train_loss    valid_acc    valid_loss    cp      dur
-------  -------  -------  ------------  -----------  ------------  ----  -------
      1   [36m0.3100[0m   [32m0.7711[0m        [35m0.2399[0m       [31m0.9223[0m        [94m0.2386[0m     +  22.8293
      2   [36m0.3368[0m   [32m0.7924[0m        [35m0.2211[0m       [31m0.9251[0m        [94m0.2332[0m     +  23.9079
      3   [36m0.3457[0m   [32m0.7992[0m        [35m0.2166[0m       0.9251        [94m0.2302[0m     +  23.6714
      4   0.2975   0.7905        [35m0.2115[0m       0.9230        0.2365        23.9020
      5   0.3326   [32m0.8072[0m        [35m0.2071[0m       0.9233        [94m0.2283[0m     +  23.7504
      6   0.2964   0.8013        [35m0.2029[0m       0.9209        0.2357        24.2765
      7   0.2885   0.8018        [35m0.1996[0m       0.9188        0.2343        23.6022
Stopping since valid_loss has not improved in the last 3 epochs.
