[32m[I 2022-12-28 13:01:26,609][0m Trial 31 finished with value: 0.13865553933162045 and parameters: {'optimizer__lr': 0.0018559715869140775, 'module__dropout': 0.6082209810491277, 'd_model_multiplier': 16, 'module__num_layers': 1, 'module__n_heads': 4, 'module__dim_feedforward': 340, 'iterator_train__batch_size': 45}. Best is trial 30 with value: 0.2522550651870843.[0m
[FileBasedDataset] Initializing dataset...
	Examples: 11988
	Features: 621
	Max length: 574
[FileBasedDataset] Dataset initialization complete
  epoch    auprc    auroc    train_loss    valid_acc    valid_loss    cp      dur
-------  -------  -------  ------------  -----------  ------------  ----  -------
      1   [36m0.2045[0m   [32m0.6283[0m        [35m0.3836[0m       [31m0.9008[0m        [94m0.4856[0m     +  17.6942
      2   [36m0.2121[0m   [32m0.6334[0m        [35m0.3291[0m       [31m0.9024[0m        0.5389        17.9597
      3   [36m0.2231[0m   [32m0.6539[0m        [35m0.3193[0m       0.9008        [94m0.4485[0m     +  17.9787
      4   0.2009   0.6421        [35m0.3162[0m       0.9024        [94m0.4381[0m     +  18.3060
      5   0.1984   0.6458        0.3165       0.9024        [94m0.4097[0m     +  18.8375
      6   0.2008   0.6461        [35m0.3138[0m       0.9024        0.4156        17.9548
      7   0.2186   0.6478        0.3143       0.9024        [94m0.3978[0m     +  18.6560
      8   0.1932   0.6471        [35m0.3097[0m       0.9024        [94m0.3591[0m     +  18.3166
      9   0.2059   0.6433        [35m0.3091[0m       0.9024        0.3832        18.3035
     10   0.2088   [32m0.6575[0m        0.3107       0.9024        [94m0.3568[0m     +  18.2464
     11   0.2132   0.6529        [35m0.3063[0m       0.9016        0.3762        18.1191
     12   0.1983   0.6437        0.3075       [31m0.9033[0m        0.3687        18.1221
Stopping since valid_loss has not improved in the last 3 epochs.
[32m[I 2022-12-28 13:05:23,777][0m Trial 32 finished with value: 0.22305577027153195 and parameters: {'optimizer__lr': 0.007340994515337665, 'module__dropout': 0.6474536509697854, 'd_model_multiplier': 8, 'module__num_layers': 2, 'module__n_heads': 4, 'module__dim_feedforward': 481, 'iterator_train__batch_size': 71}. Best is trial 30 with value: 0.2522550651870843.[0m
[FileBasedDataset] Initializing dataset...
	Examples: 11988
	Features: 621
	Max length: 574
[FileBasedDataset] Dataset initialization complete
  epoch    auprc    auroc    train_loss    valid_acc    valid_loss    cp      dur
-------  -------  -------  ------------  -----------  ------------  ----  -------
      1   [36m0.0970[0m   [32m0.5219[0m        [35m0.4205[0m       [31m0.9049[0m        [94m0.3230[0m     +  18.0012
      2   [36m0.1249[0m   [32m0.5758[0m        [35m0.3236[0m       0.9049        [94m0.3191[0m     +  18.1286
      3   [36m0.1372[0m   [32m0.5948[0m        [35m0.3150[0m       0.9049        [94m0.3190[0m     +  18.7396
      4   [36m0.1428[0m   [32m0.5998[0m        [35m0.3109[0m       0.9049        0.3200        18.2328
      5   [36m0.1484[0m   0.5991        [35m0.3078[0m       0.9049        [94m0.3186[0m     +  18.3923
      6   0.1459   0.5947        [35m0.3045[0m       0.9049        0.3236        18.4403
      7   0.1421   0.5994        [35m0.3045[0m       0.9049        0.3225        18.3323
Stopping since valid_loss has not improved in the last 3 epochs.
[32m[I 2022-12-28 13:07:50,540][0m Trial 33 finished with value: 0.14842001979849734 and parameters: {'optimizer__lr': 7.66051265343486e-05, 'module__dropout': 0.6671603402109124, 'd_model_multiplier': 8, 'module__num_layers': 2, 'module__n_heads': 4, 'module__dim_feedforward': 361, 'iterator_train__batch_size': 70}. Best is trial 30 with value: 0.2522550651870843.[0m
[FileBasedDataset] Initializing dataset...
	Examples: 11988
	Features: 621
	Max length: 574
[FileBasedDataset] Dataset initialization complete
  epoch    auprc    auroc    train_loss    valid_acc    valid_loss    cp      dur
-------  -------  -------  ------------  -----------  ------------  ----  -------
      1   [36m0.1414[0m   [32m0.6439[0m        [35m0.3799[0m       [31m0.9116[0m        [94m0.2866[0m     +  17.4870
      2   [36m0.2054[0m   [32m0.6641[0m        [35m0.3227[0m       0.9099        0.2964        18.1118
      3   0.1923   0.6539        [35m0.3212[0m       0.9091        0.3110        17.9508
Stopping since valid_loss has not improved in the last 3 epochs.
[32m[I 2022-12-28 13:09:02,348][0m Trial 34 finished with value: 0.20537780797120495 and parameters: {'optimizer__lr': 0.004386399209454649, 'module__dropout': 0.6546069045683678, 'd_model_multiplier': 8, 'module__num_layers': 2, 'module__n_heads': 4, 'module__dim_feedforward': 303, 'iterator_train__batch_size': 89}. Best is trial 30 with value: 0.2522550651870843.[0m
[FileBasedDataset] Initializing dataset...
	Examples: 11988
	Features: 621
	Max length: 574
[FileBasedDataset] Dataset initialization complete
  epoch    auprc    auroc    train_loss    valid_acc    valid_loss    cp      dur
-------  -------  -------  ------------  -----------  ------------  ----  -------
      1   [36m0.1530[0m   [32m0.5482[0m        [35m0.4994[0m       [31m0.9016[0m        [94m0.3769[0m     +  17.1792
      2   0.1113   0.5314        [35m0.3644[0m       0.7615        0.6094        17.7295
      3   0.1192   [32m0.5805[0m        [35m0.3440[0m       0.7706        0.5260        17.8206
      4   0.1144   0.5282        [35m0.3371[0m       [31m0.9058[0m        [94m0.3342[0m     +  17.6190
      5   0.1217   0.5567        [35m0.3345[0m       0.9058        [94m0.3161[0m     +  17.7783
      6   0.1268   [32m0.6140[0m        [35m0.3339[0m       0.8974        0.3461        17.7279
      7   0.1435   0.6132        0.3370       0.8882        0.3556        17.8098
Stopping since valid_loss has not improved in the last 3 epochs.
[32m[I 2022-12-28 13:11:24,494][0m Trial 35 finished with value: 0.1529806307195969 and parameters: {'optimizer__lr': 0.013656567207461903, 'module__dropout': 0.6332105132093322, 'd_model_multiplier': 16, 'module__num_layers': 1, 'module__n_heads': 4, 'module__dim_feedforward': 491, 'iterator_train__batch_size': 58}. Best is trial 30 with value: 0.2522550651870843.[0m
[FileBasedDataset] Initializing dataset...
	Examples: 11988
	Features: 621
	Max length: 574
[FileBasedDataset] Dataset initialization complete
  epoch    auprc    auroc    train_loss    valid_acc    valid_loss    cp      dur
-------  -------  -------  ------------  -----------  ------------  ----  -------
      1   [36m0.1771[0m   [32m0.6459[0m        [35m0.3369[0m       [31m0.9008[0m        [94m0.2946[0m     +  17.7446
      2   [36m0.1840[0m   0.6420        [35m0.3170[0m       [31m0.9058[0m        [94m0.2919[0m     +  17.9255
      3   [36m0.1929[0m   0.6407        0.3202       [31m0.9124[0m        [94m0.2873[0m     +  17.7585
      4   [36m0.1982[0m   0.6434        [35m0.3162[0m       [31m0.9141[0m        [94m0.2861[0m     +  17.9829
      5   0.1751   [32m0.6468[0m        0.3175       0.9141        [94m0.2829[0m     +  18.3951
      6   0.1941   [32m0.6491[0m        [35m0.3125[0m       0.9099        0.2904        18.0365
      7   [36m0.2022[0m   [32m0.6536[0m        [35m0.3113[0m       0.9041        0.3039        18.0510
Stopping since valid_loss has not improved in the last 3 epochs.
[32m[I 2022-12-28 13:13:48,868][0m Trial 36 finished with value: 0.20221350619737022 and parameters: {'optimizer__lr': 0.00027523838679733794, 'module__dropout': 0.6944228752243461, 'd_model_multiplier': 8, 'module__num_layers': 3, 'module__n_heads': 4, 'module__dim_feedforward': 454, 'iterator_train__batch_size': 34}. Best is trial 30 with value: 0.2522550651870843.[0m
[FileBasedDataset] Initializing dataset...
	Examples: 11988
	Features: 621
	Max length: 574
[FileBasedDataset] Dataset initialization complete
Warning, assumed runtime error: CUDA out of memory. Tried to allocate 690.00 MiB (GPU 0; 23.70 GiB total capacity; 22.26 GiB already allocated; 349.31 MiB free; 22.37 GiB reserved in total by PyTorch) If reserved memory is >> allocated memory try setting max_split_size_mb to avoid fragmentation.  See documentation for Memory Management and PYTORCH_CUDA_ALLOC_CONF
[32m[I 2022-12-28 13:13:54,744][0m Trial 37 finished with value: 0.0 and parameters: {'optimizer__lr': 6.073581230108487e-06, 'module__dropout': 0.5826964973090165, 'd_model_multiplier': 16, 'module__num_layers': 14, 'module__n_heads': 4, 'module__dim_feedforward': 215, 'iterator_train__batch_size': 137}. Best is trial 30 with value: 0.2522550651870843.[0m
[FileBasedDataset] Initializing dataset...
	Examples: 11988
	Features: 621
	Max length: 574
[FileBasedDataset] Dataset initialization complete
Warning, assumed runtime error: CUDA out of memory. Tried to allocate 12.49 GiB (GPU 0; 23.70 GiB total capacity; 13.18 GiB already allocated; 8.83 GiB free; 13.88 GiB reserved in total by PyTorch) If reserved memory is >> allocated memory try setting max_split_size_mb to avoid fragmentation.  See documentation for Memory Management and PYTORCH_CUDA_ALLOC_CONF
[32m[I 2022-12-28 13:14:01,436][0m Trial 38 finished with value: 0.0 and parameters: {'optimizer__lr': 6.547478088948342e-07, 'module__dropout': 0.5204674863564289, 'd_model_multiplier': 2, 'module__num_layers': 11, 'module__n_heads': 64, 'module__dim_feedforward': 511, 'iterator_train__batch_size': 159}. Best is trial 30 with value: 0.2522550651870843.[0m
[FileBasedDataset] Initializing dataset...
	Examples: 11988
	Features: 621
	Max length: 574
[FileBasedDataset] Dataset initialization complete
  epoch    auprc    auroc    train_loss    valid_acc    valid_loss    cp      dur
-------  -------  -------  ------------  -----------  ------------  ----  -------
      1   [36m0.1001[0m   [32m0.4713[0m        [35m0.7039[0m       [31m0.5746[0m        [94m0.6844[0m     +  16.6409
      2   0.1001   0.4713        0.7044       0.5746        [94m0.6844[0m     +  17.7269
      3   0.1001   0.4713        [35m0.7028[0m       0.5746        [94m0.6844[0m     +  17.4932
Stopping since valid_loss has not improved in the last 3 epochs.
[32m[I 2022-12-28 13:15:10,845][0m Trial 39 finished with value: 0.10014258271688678 and parameters: {'optimizer__lr': 1.069745419579911e-10, 'module__dropout': 0.6375920522973706, 'd_model_multiplier': 1, 'module__num_layers': 1, 'module__n_heads': 4, 'module__dim_feedforward': 408, 'iterator_train__batch_size': 76}. Best is trial 30 with value: 0.2522550651870843.[0m
[FileBasedDataset] Initializing dataset...
	Examples: 11988
	Features: 621
	Max length: 574
[FileBasedDataset] Dataset initialization complete
  epoch    auprc    auroc    train_loss    valid_acc    valid_loss    cp      dur
-------  -------  -------  ------------  -----------  ------------  ----  -------
      1   [36m0.1068[0m   [32m0.3833[0m        [35m1.1617[0m       [31m0.9024[0m        [94m0.5181[0m     +  44.8459
      2   [36m0.1480[0m   [32m0.5809[0m        [35m1.0209[0m       0.8290        0.7251        44.9518
      3   0.1399   0.4952        [35m0.8697[0m       0.8849        [94m0.4727[0m     +  44.9795
      4   [36m0.1654[0m   [32m0.6072[0m        [35m0.7549[0m       0.7965        1.2975        45.1369
      5   0.0762   0.3779        [35m0.7124[0m       0.9024        0.5606        45.1429
Stopping since valid_loss has not improved in the last 3 epochs.
[32m[I 2022-12-28 13:19:41,702][0m Trial 40 finished with value: 0.1654158492845503 and parameters: {'optimizer__lr': 0.010312158351525234, 'module__dropout': 0.6945364157423389, 'd_model_multiplier': 64, 'module__num_layers': 10, 'module__n_heads': 4, 'module__dim_feedforward': 247, 'iterator_train__batch_size': 19}. Best is trial 30 with value: 0.2522550651870843.[0m
[FileBasedDataset] Initializing dataset...
	Examples: 11988
	Features: 621
	Max length: 574
[FileBasedDataset] Dataset initialization complete
  epoch    auprc    auroc    train_loss    valid_acc    valid_loss    cp      dur
-------  -------  -------  ------------  -----------  ------------  ----  -------
      1   [36m0.2206[0m   [32m0.6732[0m        [35m0.3868[0m       [31m0.8991[0m        [94m0.3087[0m     +  17.6484
      2   0.2082   [32m0.6763[0m        [35m0.3247[0m       0.8982        0.3848        18.5462
      3   0.2013   0.6754        [35m0.3148[0m       [31m0.8999[0m        0.3621        18.3675
Stopping since valid_loss has not improved in the last 3 epochs.
[32m[I 2022-12-28 13:20:54,250][0m Trial 41 finished with value: 0.22057039266290424 and parameters: {'optimizer__lr': 0.003751216413283269, 'module__dropout': 0.6565595209779732, 'd_model_multiplier': 8, 'module__num_layers': 2, 'module__n_heads': 4, 'module__dim_feedforward': 308, 'iterator_train__batch_size': 89}. Best is trial 30 with value: 0.2522550651870843.[0m
[FileBasedDataset] Initializing dataset...
	Examples: 11988
	Features: 621
	Max length: 574
[FileBasedDataset] Dataset initialization complete
  epoch    auprc    auroc    train_loss    valid_acc    valid_loss    cp      dur
-------  -------  -------  ------------  -----------  ------------  ----  -------
      1   [36m0.1259[0m   [32m0.5355[0m        [35m0.3366[0m       [31m0.9116[0m        [94m0.3265[0m     +  17.5741
      2   [36m0.1304[0m   [32m0.5631[0m        [35m0.3318[0m       0.9116        0.3299        18.3504
      3   [36m0.1317[0m   [32m0.5710[0m        [35m0.3288[0m       0.9116        0.3314        18.4156
Stopping since valid_loss has not improved in the last 3 epochs.
[32m[I 2022-12-28 13:22:06,965][0m Trial 42 finished with value: 0.13169000928444546 and parameters: {'optimizer__lr': 0.0010280576488894823, 'module__dropout': 0.6043406994631073, 'd_model_multiplier': 8, 'module__num_layers': 2, 'module__n_heads': 4, 'module__dim_feedforward': 313, 'iterator_train__batch_size': 96}. Best is trial 30 with value: 0.2522550651870843.[0m
[FileBasedDataset] Initializing dataset...
	Examples: 11988
	Features: 621
	Max length: 574
[FileBasedDataset] Dataset initialization complete
  epoch    auprc    auroc    train_loss    valid_acc    valid_loss    cp      dur
-------  -------  -------  ------------  -----------  ------------  ----  -------
      1   [36m0.1259[0m   [32m0.6017[0m        [35m0.3594[0m       [31m0.8991[0m        [94m0.3126[0m     +  22.0929
      2   [36m0.1681[0m   [32m0.6380[0m        [35m0.3354[0m       [31m0.9158[0m        [94m0.2915[0m     +  22.6529
      3   0.1639   [32m0.6419[0m        [35m0.3148[0m       0.8982        0.2986        22.7177
      4   [36m0.1716[0m   [32m0.6458[0m        [35m0.3109[0m       0.9158        0.2918        22.8895
Stopping since valid_loss has not improved in the last 3 epochs.
[32m[I 2022-12-28 13:24:00,205][0m Trial 43 finished with value: 0.17159890156036217 and parameters: {'optimizer__lr': 0.0026298627396437566, 'module__dropout': 0.5764201357430649, 'd_model_multiplier': 8, 'module__num_layers': 3, 'module__n_heads': 4, 'module__dim_feedforward': 291, 'iterator_train__batch_size': 255}. Best is trial 30 with value: 0.2522550651870843.[0m
[FileBasedDataset] Initializing dataset...
	Examples: 11988
	Features: 621
	Max length: 574
[FileBasedDataset] Dataset initialization complete
  epoch    auprc    auroc    train_loss    valid_acc    valid_loss    cp      dur
-------  -------  -------  ------------  -----------  ------------  ----  -------
      1   [36m0.0981[0m   [32m0.4251[0m        [35m0.5175[0m       [31m0.9041[0m        [94m0.4457[0m     +  17.8571
      2   [36m0.1170[0m   [32m0.4819[0m        [35m0.3521[0m       0.9016        [94m0.3880[0m     +  17.9679
      3   0.0980   0.4271        [35m0.3371[0m       0.9024        0.4313        17.8006
      4   [36m0.1179[0m   [32m0.5088[0m        [35m0.3275[0m       0.9016        [94m0.3279[0m     +  18.3286
      5   [36m0.1373[0m   [32m0.5786[0m        0.3287       0.8999        0.3330        17.9644
      6   [36m0.1461[0m   [32m0.6105[0m        [35m0.3243[0m       0.9033        0.3300        18.1873
      7   [36m0.1531[0m   0.5958        [35m0.3232[0m       0.9041        [94m0.3119[0m     +  17.9496
      8   0.1386   0.5923        [35m0.3230[0m       0.9008        0.3331        17.9253
      9   0.1297   0.5501        0.3241       0.9041        0.3301        18.1712
Stopping since valid_loss has not improved in the last 3 epochs.
[32m[I 2022-12-28 13:27:00,827][0m Trial 44 finished with value: 0.15314605407517437 and parameters: {'optimizer__lr': 0.009947456732895136, 'module__dropout': 0.6602425593027474, 'd_model_multiplier': 8, 'module__num_layers': 1, 'module__n_heads': 8, 'module__dim_feedforward': 494, 'iterator_train__batch_size': 55}. Best is trial 30 with value: 0.2522550651870843.[0m
[FileBasedDataset] Initializing dataset...
	Examples: 11988
	Features: 621
	Max length: 574
[FileBasedDataset] Dataset initialization complete
  epoch    auprc    auroc    train_loss    valid_acc    valid_loss    cp      dur
-------  -------  -------  ------------  -----------  ------------  ----  -------
      1   [36m0.0742[0m   [32m0.3962[0m        [35m0.5833[0m       [31m0.9083[0m        [94m0.4613[0m     +  22.6288
      2   [36m0.0847[0m   [32m0.4734[0m        [35m0.4308[0m       0.9083        [94m0.3560[0m     +  23.1661
      3   [36m0.1437[0m   [32m0.5129[0m        [35m0.3518[0m       0.9083        [94m0.3191[0m     +  23.3906
      4   0.1263   [32m0.5322[0m        [35m0.3232[0m       0.9083        [94m0.3130[0m     +  22.8499
      5   0.1347   [32m0.5444[0m        [35m0.3124[0m       0.9083        [94m0.3102[0m     +  23.7212
      6   [36m0.1544[0m   [32m0.5534[0m        [35m0.3080[0m       0.9083        [94m0.3086[0m     +  23.0980
      7   [36m0.1557[0m   [32m0.5592[0m        [35m0.3043[0m       0.9083        [94m0.3078[0m     +  23.6272
      8   [36m0.1603[0m   [32m0.5652[0m        0.3056       0.9083        [94m0.3072[0m     +  23.2826
      9   [36m0.1625[0m   [32m0.5708[0m        [35m0.3030[0m       0.9083        [94m0.3062[0m     +  23.0168
     10   [36m0.1639[0m   [32m0.5744[0m        0.3031       0.9083        [94m0.3058[0m     +  22.9128
     11   [36m0.1680[0m   [32m0.5762[0m        [35m0.3009[0m       0.9083        [94m0.3054[0m     +  23.2567
     12   0.1656   [32m0.5775[0m        0.3015       0.9083        [94m0.3054[0m     +  22.9502
     13   [36m0.1691[0m   [32m0.5810[0m        [35m0.3004[0m       0.9083        [94m0.3047[0m     +  23.6236
     14   0.1618   [32m0.5821[0m        [35m0.2992[0m       0.9083        0.3048        23.2567
     15   0.1609   [32m0.5823[0m        0.3004       0.9083        0.3050        23.1050
[32m[I 2022-12-28 13:32:49,290][0m Trial 45 finished with value: 0.16908111633761663 and parameters: {'optimizer__lr': 0.00010980654760660934, 'module__dropout': 0.4830474912244104, 'd_model_multiplier': 2, 'module__num_layers': 4, 'module__n_heads': 4, 'module__dim_feedforward': 325, 'iterator_train__batch_size': 228}. Best is trial 30 with value: 0.2522550651870843.[0m
[FileBasedDataset] Initializing dataset...
	Examples: 11988
	Features: 621
	Max length: 574
[FileBasedDataset] Dataset initialization complete
Warning, assumed runtime error: CUDA out of memory. Tried to allocate 4.79 GiB (GPU 0; 23.70 GiB total capacity; 17.00 GiB already allocated; 2.98 GiB free; 19.73 GiB reserved in total by PyTorch) If reserved memory is >> allocated memory try setting max_split_size_mb to avoid fragmentation.  See documentation for Memory Management and PYTORCH_CUDA_ALLOC_CONF
[32m[I 2022-12-28 13:32:54,512][0m Trial 46 finished with value: 0.0 and parameters: {'optimizer__lr': 0.0005431064394898129, 'module__dropout': 0.6298459523105019, 'd_model_multiplier': 8, 'module__num_layers': 2, 'module__n_heads': 32, 'module__dim_feedforward': 278, 'iterator_train__batch_size': 122}. Best is trial 30 with value: 0.2522550651870843.[0m
[FileBasedDataset] Initializing dataset...
	Examples: 11988
	Features: 621
	Max length: 574
[FileBasedDataset] Dataset initialization complete
  epoch    auprc    auroc    train_loss    valid_acc    valid_loss    cp      dur
-------  -------  -------  ------------  -----------  ------------  ----  -------
      1   [36m0.1797[0m   [32m0.6415[0m        [35m0.6208[0m       [31m0.7781[0m        [94m0.4939[0m     +  28.5365
      2   [36m0.1863[0m   0.6343        [35m0.3913[0m       [31m0.8641[0m        [94m0.4108[0m     +  28.5841
      3   0.1733   0.6344        0.4008       0.8616        0.4258        28.5995
      4   0.1809   0.6388        0.3981       0.8599        0.4530        28.7794
Stopping since valid_loss has not improved in the last 3 epochs.
[32m[I 2022-12-28 13:35:17,982][0m Trial 47 finished with value: 0.18633944708487504 and parameters: {'optimizer__lr': 0.02278447638342424, 'module__dropout': 0.5055566367781108, 'd_model_multiplier': 16, 'module__num_layers': 9, 'module__n_heads': 4, 'module__dim_feedforward': 365, 'iterator_train__batch_size': 36}. Best is trial 30 with value: 0.2522550651870843.[0m
[FileBasedDataset] Initializing dataset...
	Examples: 11988
	Features: 621
	Max length: 574
[FileBasedDataset] Dataset initialization complete
Warning, assumed runtime error: CUDA out of memory. Tried to allocate 7.38 GiB (GPU 0; 23.70 GiB total capacity; 17.44 GiB already allocated; 2.18 GiB free; 20.53 GiB reserved in total by PyTorch) If reserved memory is >> allocated memory try setting max_split_size_mb to avoid fragmentation.  See documentation for Memory Management and PYTORCH_CUDA_ALLOC_CONF
