[32m[I 2022-12-11 02:48:59,754][0m Trial 216 finished with value: 0.4534480285822071 and parameters: {'optimizer__lr': 7.844786188340716e-05, 'module__dropout': 0.07710131289817639, 'd_model_multiplier': 8, 'module__num_layers': 9, 'module__n_heads': 4, 'module__dim_feedforward': 279, 'iterator_train__batch_size': 57}. Best is trial 213 with value: 0.4701746636794141.[0m
[FileBasedDataset] Initializing dataset...
	Examples: 28559
	Features: 621
	Max length: 120
[FileBasedDataset] Dataset initialization complete
  epoch    auprc    auroc    train_loss    valid_acc    valid_loss    cp      dur
-------  -------  -------  ------------  -----------  ------------  ----  -------
      1   [36m0.2469[0m   [32m0.6855[0m        [35m0.3582[0m       [31m0.9156[0m        [94m0.2691[0m     +  23.2120
      2   [36m0.3174[0m   [32m0.7440[0m        [35m0.2436[0m       [31m0.9184[0m        [94m0.2452[0m     +  23.4376
      3   [36m0.3242[0m   [32m0.7645[0m        [35m0.2302[0m       0.9184        [94m0.2410[0m     +  23.5633
      4   [36m0.3453[0m   [32m0.7830[0m        [35m0.2261[0m       [31m0.9188[0m        [94m0.2363[0m     +  23.4598
      5   [36m0.3526[0m   [32m0.7900[0m        [35m0.2221[0m       [31m0.9191[0m        [94m0.2345[0m     +  23.6464
      6   0.3522   [32m0.7954[0m        [35m0.2198[0m       [31m0.9202[0m        [94m0.2340[0m     +  24.4739
      7   0.3497   [32m0.8005[0m        [35m0.2166[0m       [31m0.9209[0m        [94m0.2328[0m     +  23.8935
      8   [36m0.3530[0m   [32m0.8028[0m        [35m0.2156[0m       0.9195        [94m0.2314[0m     +  24.0356
      9   [36m0.3618[0m   [32m0.8052[0m        [35m0.2140[0m       [31m0.9226[0m        [94m0.2302[0m     +  23.7806
     10   [36m0.3676[0m   [32m0.8078[0m        [35m0.2121[0m       0.9216        [94m0.2293[0m     +  23.7260
     11   [36m0.3842[0m   [32m0.8121[0m        [35m0.2098[0m       [31m0.9233[0m        [94m0.2273[0m     +  24.3184
     12   0.3795   0.8105        [35m0.2084[0m       0.9233        0.2290        24.1245
     13   0.3819   [32m0.8145[0m        [35m0.2078[0m       [31m0.9237[0m        0.2275        23.1574
     14   [36m0.3905[0m   [32m0.8162[0m        [35m0.2059[0m       0.9237        [94m0.2258[0m     +  23.7924
     15   0.3889   [32m0.8180[0m        [35m0.2054[0m       [31m0.9244[0m        0.2259        24.1101
[32m[I 2022-12-11 02:54:57,706][0m Trial 217 finished with value: 0.3904713892251259 and parameters: {'optimizer__lr': 8.050746692639945e-05, 'module__dropout': 0.07842295225313387, 'd_model_multiplier': 8, 'module__num_layers': 9, 'module__n_heads': 4, 'module__dim_feedforward': 280, 'iterator_train__batch_size': 64}. Best is trial 213 with value: 0.4701746636794141.[0m
[FileBasedDataset] Initializing dataset...
	Examples: 28559
	Features: 621
	Max length: 120
[FileBasedDataset] Dataset initialization complete
  epoch    auprc    auroc    train_loss    valid_acc    valid_loss    cp      dur
-------  -------  -------  ------------  -----------  ------------  ----  -------
      1   [36m0.3070[0m   [32m0.7360[0m        [35m0.3322[0m       [31m0.9254[0m        [94m0.2401[0m     +  23.7756
      2   [36m0.3508[0m   [32m0.7675[0m        [35m0.2386[0m       [31m0.9303[0m        [94m0.2227[0m     +  23.6608
      3   [36m0.3722[0m   [32m0.7856[0m        [35m0.2283[0m       0.9286        [94m0.2178[0m     +  23.4996
      4   [36m0.3850[0m   [32m0.7940[0m        [35m0.2234[0m       0.9293        [94m0.2141[0m     +  23.7181
      5   [36m0.3986[0m   [32m0.8030[0m        [35m0.2204[0m       0.9296        [94m0.2127[0m     +  23.5097
      6   [36m0.4110[0m   [32m0.8106[0m        [35m0.2169[0m       [31m0.9321[0m        [94m0.2105[0m     +  23.9335
      7   [36m0.4234[0m   [32m0.8153[0m        [35m0.2133[0m       0.9314        [94m0.2083[0m     +  22.9028
      8   [36m0.4240[0m   0.8149        [35m0.2109[0m       0.9321        0.2085        23.6184
      9   [36m0.4252[0m   [32m0.8245[0m        [35m0.2081[0m       [31m0.9324[0m        [94m0.2053[0m     +  23.9098
     10   [36m0.4359[0m   [32m0.8300[0m        [35m0.2042[0m       0.9324        [94m0.2031[0m     +  23.8152
     11   0.4251   0.8282        [35m0.2029[0m       0.9317        0.2045        24.0600
     12   0.4238   0.8257        [35m0.2016[0m       0.9300        0.2049        23.7724
Stopping since valid_loss has not improved in the last 3 epochs.
[32m[I 2022-12-11 03:00:07,003][0m Trial 218 finished with value: 0.4358971115588769 and parameters: {'optimizer__lr': 0.00010055403630292494, 'module__dropout': 0.036351014191787476, 'd_model_multiplier': 8, 'module__num_layers': 9, 'module__n_heads': 4, 'module__dim_feedforward': 284, 'iterator_train__batch_size': 56}. Best is trial 213 with value: 0.4701746636794141.[0m
[FileBasedDataset] Initializing dataset...
	Examples: 28559
	Features: 621
	Max length: 120
[FileBasedDataset] Dataset initialization complete
  epoch    auprc    auroc    train_loss    valid_acc    valid_loss    cp      dur
-------  -------  -------  ------------  -----------  ------------  ----  -------
      1   [36m0.3057[0m   [32m0.7875[0m        [35m0.2400[0m       [31m0.9247[0m        [94m0.2325[0m     +  29.1768
      2   [36m0.3451[0m   [32m0.8027[0m        [35m0.2239[0m       [31m0.9275[0m        [94m0.2238[0m     +  29.5045
      3   [36m0.3473[0m   [32m0.8081[0m        [35m0.2186[0m       [31m0.9286[0m        0.2241        29.3065
      4   [36m0.3749[0m   [32m0.8259[0m        [35m0.2147[0m       0.9282        [94m0.2168[0m     +  29.4249
      5   0.3717   [32m0.8269[0m        [35m0.2109[0m       0.9282        0.2201        29.4758
      6   0.3736   [32m0.8351[0m        [35m0.2087[0m       0.9275        [94m0.2128[0m     +  29.3866
      7   0.3692   0.8285        [35m0.2068[0m       0.9275        0.2144        29.5507
      8   0.3626   0.8281        [35m0.2035[0m       [31m0.9296[0m        0.2218        29.4991
Stopping since valid_loss has not improved in the last 3 epochs.
[32m[I 2022-12-11 03:04:33,056][0m Trial 219 finished with value: 0.3748697182749165 and parameters: {'optimizer__lr': 0.00012680028402569686, 'module__dropout': 0.033814804535895734, 'd_model_multiplier': 8, 'module__num_layers': 9, 'module__n_heads': 32, 'module__dim_feedforward': 286, 'iterator_train__batch_size': 54}. Best is trial 213 with value: 0.4701746636794141.[0m
[FileBasedDataset] Initializing dataset...
	Examples: 28559
	Features: 621
	Max length: 120
[FileBasedDataset] Dataset initialization complete
  epoch    auprc    auroc    train_loss    valid_acc    valid_loss    cp      dur
-------  -------  -------  ------------  -----------  ------------  ----  -------
      1   [36m0.3223[0m   [32m0.7608[0m        [35m0.2967[0m       [31m0.9328[0m        [94m0.2132[0m     +  24.0943
      2   [36m0.3453[0m   [32m0.7933[0m        [35m0.2304[0m       [31m0.9335[0m        [94m0.2034[0m     +  23.9143
      3   [36m0.3654[0m   [32m0.8156[0m        [35m0.2237[0m       [31m0.9352[0m        [94m0.1978[0m     +  23.7873
      4   [36m0.3832[0m   [32m0.8260[0m        [35m0.2190[0m       [31m0.9366[0m        [94m0.1939[0m     +  24.8133
      5   [36m0.3939[0m   [32m0.8325[0m        [35m0.2156[0m       0.9356        [94m0.1920[0m     +  24.8236
      6   [36m0.4025[0m   [32m0.8433[0m        [35m0.2121[0m       [31m0.9377[0m        [94m0.1891[0m     +  24.7934
      7   0.3907   [32m0.8486[0m        [35m0.2087[0m       0.9356        [94m0.1886[0m     +  23.9026
      8   [36m0.4150[0m   0.8419        [35m0.2070[0m       0.9366        0.1886        23.4718
      9   0.4090   [32m0.8532[0m        [35m0.2048[0m       0.9345        [94m0.1863[0m     +  24.1661
     10   [36m0.4350[0m   [32m0.8562[0m        [35m0.2027[0m       0.9359        [94m0.1830[0m     +  24.0683
     11   0.4267   [32m0.8563[0m        [35m0.2011[0m       0.9352        0.1849        24.1510
     12   0.4102   0.8557        [35m0.1991[0m       0.9342        0.1849        24.2697
Stopping since valid_loss has not improved in the last 3 epochs.
[32m[I 2022-12-11 03:09:47,714][0m Trial 220 finished with value: 0.4349686238770812 and parameters: {'optimizer__lr': 0.00013519717262140452, 'module__dropout': 0.024179967804208523, 'd_model_multiplier': 8, 'module__num_layers': 9, 'module__n_heads': 4, 'module__dim_feedforward': 278, 'iterator_train__batch_size': 50}. Best is trial 213 with value: 0.4701746636794141.[0m
[FileBasedDataset] Initializing dataset...
	Examples: 28559
	Features: 621
	Max length: 120
[FileBasedDataset] Dataset initialization complete
  epoch    auprc    auroc    train_loss    valid_acc    valid_loss    cp      dur
-------  -------  -------  ------------  -----------  ------------  ----  -------
      1   [36m0.3486[0m   [32m0.7722[0m        [35m0.3016[0m       [31m0.9205[0m        [94m0.2407[0m     +  24.0455
      2   [36m0.3724[0m   [32m0.7989[0m        [35m0.2293[0m       [31m0.9216[0m        [94m0.2315[0m     +  24.2088
      3   0.3700   [32m0.8167[0m        [35m0.2223[0m       [31m0.9247[0m        [94m0.2262[0m     +  24.0267
      4   [36m0.3896[0m   [32m0.8256[0m        [35m0.2185[0m       [31m0.9251[0m        [94m0.2225[0m     +  24.1052
      5   [36m0.4012[0m   0.8228        [35m0.2148[0m       [31m0.9254[0m        0.2228        24.0585
      6   [36m0.4055[0m   [32m0.8375[0m        [35m0.2124[0m       0.9254        [94m0.2186[0m     +  23.9111
      7   [36m0.4117[0m   [32m0.8427[0m        [35m0.2087[0m       0.9254        [94m0.2173[0m     +  24.0662
      8   0.4026   0.8423        [35m0.2062[0m       0.9226        0.2182        24.2435
      9   [36m0.4157[0m   0.8391        [35m0.2051[0m       0.9251        [94m0.2173[0m     +  24.0458
     10   [36m0.4203[0m   [32m0.8452[0m        [35m0.2023[0m       0.9247        [94m0.2149[0m     +  24.1377
     11   0.4198   0.8449        [35m0.1999[0m       0.9251        [94m0.2145[0m     +  24.2193
     12   0.4098   0.8450        [35m0.1997[0m       0.9223        0.2167        24.2101
     13   0.4119   [32m0.8459[0m        [35m0.1971[0m       0.9216        0.2155        23.9655
Stopping since valid_loss has not improved in the last 3 epochs.
[32m[I 2022-12-11 03:15:25,753][0m Trial 221 finished with value: 0.42026197720216496 and parameters: {'optimizer__lr': 0.000162507325195082, 'module__dropout': 0.019853877712855652, 'd_model_multiplier': 8, 'module__num_layers': 9, 'module__n_heads': 4, 'module__dim_feedforward': 279, 'iterator_train__batch_size': 57}. Best is trial 213 with value: 0.4701746636794141.[0m
[FileBasedDataset] Initializing dataset...
	Examples: 28559
	Features: 621
	Max length: 120
[FileBasedDataset] Dataset initialization complete
  epoch    auprc    auroc    train_loss    valid_acc    valid_loss    cp      dur
-------  -------  -------  ------------  -----------  ------------  ----  -------
      1   [36m0.2920[0m   [32m0.7432[0m        [35m0.3141[0m       [31m0.9286[0m        [94m0.2299[0m     +  23.4260
      2   [36m0.3263[0m   [32m0.7954[0m        [35m0.2353[0m       0.9286        [94m0.2171[0m     +  24.1664
      3   [36m0.3369[0m   [32m0.8085[0m        [35m0.2278[0m       [31m0.9289[0m        [94m0.2127[0m     +  23.8958
      4   [36m0.3413[0m   [32m0.8164[0m        [35m0.2238[0m       [31m0.9293[0m        [94m0.2106[0m     +  23.7644
      5   [36m0.3515[0m   [32m0.8239[0m        [35m0.2210[0m       [31m0.9310[0m        [94m0.2086[0m     +  24.1127
      6   [36m0.3577[0m   [32m0.8339[0m        [35m0.2173[0m       [31m0.9314[0m        [94m0.2058[0m     +  23.7625
      7   [36m0.3621[0m   [32m0.8395[0m        [35m0.2149[0m       [31m0.9321[0m        [94m0.2052[0m     +  23.8269
      8   [36m0.3702[0m   [32m0.8452[0m        [35m0.2121[0m       0.9310        [94m0.2030[0m     +  23.4787
      9   [36m0.3792[0m   [32m0.8473[0m        [35m0.2090[0m       0.9314        [94m0.2017[0m     +  23.5248
     10   [36m0.3865[0m   [32m0.8521[0m        [35m0.2074[0m       0.9314        [94m0.1993[0m     +  23.4578
     11   0.3805   [32m0.8528[0m        [35m0.2047[0m       [31m0.9324[0m        0.1995        23.3172
     12   [36m0.3921[0m   [32m0.8540[0m        [35m0.2044[0m       0.9314        [94m0.1983[0m     +  23.7806
     13   [36m0.3949[0m   0.8534        [35m0.2025[0m       0.9310        0.1995        23.8290
     14   [36m0.3978[0m   [32m0.8575[0m        [35m0.2000[0m       0.9307        [94m0.1976[0m     +  23.6745
     15   0.3910   0.8552        [35m0.1995[0m       0.9310        0.1990        24.3461
[32m[I 2022-12-11 03:21:23,459][0m Trial 222 finished with value: 0.3977614552768399 and parameters: {'optimizer__lr': 0.00011222641224451911, 'module__dropout': 0.036817088660447146, 'd_model_multiplier': 8, 'module__num_layers': 9, 'module__n_heads': 4, 'module__dim_feedforward': 268, 'iterator_train__batch_size': 49}. Best is trial 213 with value: 0.4701746636794141.[0m
[FileBasedDataset] Initializing dataset...
	Examples: 28559
	Features: 621
	Max length: 120
[FileBasedDataset] Dataset initialization complete
  epoch    auprc    auroc    train_loss    valid_acc    valid_loss    cp      dur
-------  -------  -------  ------------  -----------  ------------  ----  -------
      1   [36m0.1646[0m   [32m0.6213[0m        [35m0.3723[0m       [31m0.9286[0m        [94m0.2667[0m     +  23.6203
      2   [36m0.2678[0m   [32m0.7462[0m        [35m0.2580[0m       [31m0.9300[0m        [94m0.2271[0m     +  23.5275
      3   [36m0.3022[0m   [32m0.7800[0m        [35m0.2383[0m       0.9300        [94m0.2162[0m     +  23.9809
      4   [36m0.3321[0m   [32m0.8113[0m        [35m0.2313[0m       [31m0.9328[0m        [94m0.2126[0m     +  23.7764
      5   [36m0.3377[0m   [32m0.8175[0m        [35m0.2272[0m       [31m0.9335[0m        [94m0.2090[0m     +  23.3861
      6   [36m0.3474[0m   [32m0.8214[0m        [35m0.2243[0m       0.9328        [94m0.2065[0m     +  23.9983
      7   [36m0.3593[0m   [32m0.8263[0m        [35m0.2216[0m       [31m0.9338[0m        [94m0.2037[0m     +  23.3191
      8   [36m0.3645[0m   [32m0.8302[0m        [35m0.2194[0m       0.9335        [94m0.2026[0m     +  23.3834
      9   [36m0.3673[0m   [32m0.8310[0m        [35m0.2171[0m       0.9331        [94m0.2021[0m     +  23.2807
     10   [36m0.3673[0m   [32m0.8355[0m        [35m0.2152[0m       0.9328        [94m0.2006[0m     +  23.7506
     11   [36m0.3768[0m   [32m0.8371[0m        [35m0.2143[0m       0.9328        0.2017        23.9619
     12   [36m0.3876[0m   [32m0.8451[0m        [35m0.2119[0m       0.9335        [94m0.1960[0m     +  24.1358
     13   [36m0.3897[0m   [32m0.8457[0m        [35m0.2105[0m       0.9317        0.2012        23.8076
     14   [36m0.4028[0m   [32m0.8477[0m        [35m0.2095[0m       0.9324        [94m0.1945[0m     +  23.6599
     15   0.4000   [32m0.8512[0m        [35m0.2075[0m       0.9331        [94m0.1940[0m     +  23.8527
[32m[I 2022-12-11 03:27:20,265][0m Trial 223 finished with value: 0.4027952952970732 and parameters: {'optimizer__lr': 6.045440050362773e-05, 'module__dropout': 0.046511925509431326, 'd_model_multiplier': 8, 'module__num_layers': 9, 'module__n_heads': 4, 'module__dim_feedforward': 289, 'iterator_train__batch_size': 61}. Best is trial 213 with value: 0.4701746636794141.[0m
[FileBasedDataset] Initializing dataset...
	Examples: 28559
	Features: 621
	Max length: 120
[FileBasedDataset] Dataset initialization complete
  epoch    auprc    auroc    train_loss    valid_acc    valid_loss    cp      dur
-------  -------  -------  ------------  -----------  ------------  ----  -------
      1   [36m0.1390[0m   [32m0.5278[0m        [35m0.3832[0m       [31m0.9170[0m        [94m0.3026[0m     +  23.8003
      2   [36m0.2495[0m   [32m0.6958[0m        [35m0.2696[0m       0.9156        [94m0.2622[0m     +  24.3993
      3   [36m0.2840[0m   [32m0.7232[0m        [35m0.2387[0m       [31m0.9188[0m        [94m0.2524[0m     +  24.4388
      4   [36m0.2969[0m   [32m0.7389[0m        [35m0.2297[0m       [31m0.9195[0m        [94m0.2487[0m     +  24.0797
      5   [36m0.3068[0m   [32m0.7521[0m        [35m0.2252[0m       0.9184        [94m0.2467[0m     +  24.0118
      6   [36m0.3183[0m   [32m0.7649[0m        [35m0.2221[0m       0.9195        [94m0.2440[0m     +  23.9965
      7   [36m0.3241[0m   [32m0.7704[0m        [35m0.2197[0m       [31m0.9219[0m        [94m0.2420[0m     +  23.5312
      8   [36m0.3292[0m   [32m0.7767[0m        [35m0.2179[0m       0.9205        [94m0.2409[0m     +  23.7262
      9   [36m0.3321[0m   [32m0.7826[0m        [35m0.2158[0m       0.9191        [94m0.2395[0m     +  23.7126
     10   [36m0.3407[0m   [32m0.7892[0m        [35m0.2141[0m       0.9191        [94m0.2381[0m     +  23.0588
     11   [36m0.3543[0m   [32m0.7962[0m        [35m0.2118[0m       0.9198        [94m0.2361[0m     +  23.5998
     12   [36m0.3559[0m   [32m0.8024[0m        [35m0.2101[0m       0.9212        [94m0.2338[0m     +  23.9818
     13   [36m0.3673[0m   [32m0.8040[0m        [35m0.2085[0m       [31m0.9226[0m        [94m0.2334[0m     +  23.3983
     14   [36m0.3729[0m   [32m0.8097[0m        [35m0.2073[0m       [31m0.9230[0m        [94m0.2309[0m     +  24.1108
     15   [36m0.3740[0m   0.8088        [35m0.2055[0m       [31m0.9233[0m        0.2325        24.3234
[32m[I 2022-12-11 03:33:20,131][0m Trial 224 finished with value: 0.37403791123289676 and parameters: {'optimizer__lr': 4.5167341427199145e-05, 'module__dropout': 0.012933915819656916, 'd_model_multiplier': 8, 'module__num_layers': 10, 'module__n_heads': 4, 'module__dim_feedforward': 282, 'iterator_train__batch_size': 50}. Best is trial 213 with value: 0.4701746636794141.[0m
[FileBasedDataset] Initializing dataset...
	Examples: 28559
	Features: 621
	Max length: 120
[FileBasedDataset] Dataset initialization complete
  epoch    auprc    auroc    train_loss    valid_acc    valid_loss    cp      dur
-------  -------  -------  ------------  -----------  ------------  ----  -------
      1   [36m0.3241[0m   [32m0.7906[0m        [35m0.2798[0m       [31m0.9275[0m        [94m0.2189[0m     +  23.6589
      2   [36m0.3427[0m   [32m0.8096[0m        [35m0.2284[0m       0.9261        [94m0.2125[0m     +  23.8201
      3   [36m0.3780[0m   [32m0.8209[0m        [35m0.2241[0m       [31m0.9307[0m        [94m0.2076[0m     +  23.2440
      4   0.3675   [32m0.8295[0m        [35m0.2203[0m       [31m0.9314[0m        [94m0.2067[0m     +  23.6667
      5   0.3762   [32m0.8350[0m        [35m0.2183[0m       0.9293        [94m0.2056[0m     +  24.1455
      6   [36m0.3898[0m   [32m0.8511[0m        [35m0.2144[0m       0.9314        [94m0.2017[0m     +  24.1632
      7   [36m0.3969[0m   [32m0.8552[0m        [35m0.2137[0m       [31m0.9317[0m        [94m0.2002[0m     +  24.0285
      8   0.3948   [32m0.8563[0m        [35m0.2104[0m       0.9307        [94m0.2001[0m     +  24.5192
      9   [36m0.4048[0m   [32m0.8638[0m        [35m0.2090[0m       0.9300        [94m0.1965[0m     +  24.6289
     10   0.4029   0.8582        [35m0.2064[0m       0.9282        0.1980        24.5115
     11   [36m0.4186[0m   [32m0.8678[0m        [35m0.2047[0m       0.9300        [94m0.1937[0m     +  24.5956
     12   0.4086   0.8671        [35m0.2039[0m       0.9300        0.1947        24.4315
     13   0.4101   [32m0.8684[0m        [35m0.2026[0m       0.9296        0.1942        24.5856
     14   0.4138   [32m0.8695[0m        [35m0.2014[0m       0.9286        [94m0.1935[0m     +  24.4556
     15   [36m0.4197[0m   [32m0.8699[0m        [35m0.1997[0m       0.9268        [94m0.1927[0m     +  24.3527
