[32m[I 2022-12-10 15:52:15,866][0m Trial 81 finished with value: 0.3347182826735094 and parameters: {'optimizer__lr': 0.00021151329062705482, 'module__dropout': 0.249284334177442, 'd_model_multiplier': 4, 'module__num_layers': 10, 'module__n_heads': 4, 'module__dim_feedforward': 383, 'iterator_train__batch_size': 164}. Best is trial 42 with value: 0.4455682389151037.[0m
[FileBasedDataset] Initializing dataset...
	Examples: 28559
	Features: 621
	Max length: 120
[FileBasedDataset] Dataset initialization complete
  epoch    auprc    auroc    train_loss    valid_acc    valid_loss    cp      dur
-------  -------  -------  ------------  -----------  ------------  ----  -------
      1   [36m0.0810[0m   [32m0.3519[0m        [35m0.4808[0m       [31m0.9219[0m        [94m0.3849[0m     +  23.9916
      2   [36m0.1860[0m   [32m0.5153[0m        [35m0.3511[0m       [31m0.9230[0m        [94m0.3115[0m     +  24.4046
      3   [36m0.2629[0m   [32m0.6487[0m        [35m0.3024[0m       [31m0.9237[0m        [94m0.2778[0m     +  24.7939
      4   [36m0.2900[0m   [32m0.6905[0m        [35m0.2723[0m       [31m0.9240[0m        [94m0.2569[0m     +  24.0837
      5   [36m0.3072[0m   [32m0.7122[0m        [35m0.2551[0m       [31m0.9247[0m        [94m0.2457[0m     +  24.7069
      6   [36m0.3138[0m   [32m0.7282[0m        [35m0.2460[0m       0.9244        [94m0.2405[0m     +  24.2150
      7   [36m0.3158[0m   [32m0.7372[0m        [35m0.2391[0m       [31m0.9251[0m        [94m0.2369[0m     +  23.7700
      8   [36m0.3275[0m   [32m0.7454[0m        [35m0.2371[0m       0.9247        [94m0.2334[0m     +  24.3112
      9   [36m0.3375[0m   [32m0.7552[0m        [35m0.2340[0m       0.9240        [94m0.2312[0m     +  23.9610
     10   0.3352   [32m0.7611[0m        [35m0.2317[0m       0.9251        [94m0.2297[0m     +  24.5128
     11   [36m0.3427[0m   [32m0.7727[0m        [35m0.2297[0m       0.9240        [94m0.2282[0m     +  24.3910
     12   0.3419   0.7725        [35m0.2292[0m       [31m0.9254[0m        [94m0.2278[0m     +  24.6680
     13   [36m0.3532[0m   [32m0.7863[0m        [35m0.2281[0m       0.9247        [94m0.2255[0m     +  24.0952
     14   0.3414   0.7761        [35m0.2274[0m       0.9251        0.2280        24.7416
     15   0.3470   [32m0.7866[0m        [35m0.2266[0m       0.9251        0.2268        24.5224
[32m[I 2022-12-10 15:58:22,222][0m Trial 82 finished with value: 0.3531871023134315 and parameters: {'optimizer__lr': 0.00010209505114058948, 'module__dropout': 0.12305332759787019, 'd_model_multiplier': 4, 'module__num_layers': 12, 'module__n_heads': 4, 'module__dim_feedforward': 309, 'iterator_train__batch_size': 155}. Best is trial 42 with value: 0.4455682389151037.[0m
[FileBasedDataset] Initializing dataset...
	Examples: 28559
	Features: 621
	Max length: 120
[FileBasedDataset] Dataset initialization complete
  epoch    auprc    auroc    train_loss    valid_acc    valid_loss    cp      dur
-------  -------  -------  ------------  -----------  ------------  ----  -------
      1   [36m0.1199[0m   [32m0.4591[0m        [35m0.6651[0m       [31m0.9142[0m        [94m0.6290[0m     +  29.3544
      2   0.0743   0.3714        [35m0.6127[0m       0.9142        [94m0.5742[0m     +  29.4671
      3   0.0635   0.3217        [35m0.5644[0m       0.9142        [94m0.5242[0m     +  29.2538
      4   0.0613   0.3011        [35m0.5207[0m       0.9142        [94m0.4838[0m     +  29.4646
      5   0.0593   0.2893        [35m0.4844[0m       0.9142        [94m0.4522[0m     +  29.6069
      6   0.0595   0.2891        [35m0.4559[0m       0.9142        [94m0.4280[0m     +  29.4051
      7   0.0602   0.2973        [35m0.4325[0m       0.9142        [94m0.4083[0m     +  29.2227
      8   0.0612   0.3072        [35m0.4133[0m       0.9142        [94m0.3924[0m     +  29.5986
      9   0.0626   0.3182        [35m0.3976[0m       0.9139        [94m0.3791[0m     +  29.6520
     10   0.0674   0.3388        [35m0.3840[0m       0.9139        [94m0.3678[0m     +  29.6054
     11   0.0746   0.3588        [35m0.3728[0m       0.9139        [94m0.3582[0m     +  29.7112
     12   0.0786   0.3735        [35m0.3620[0m       0.9139        [94m0.3500[0m     +  29.3272
     13   0.0855   0.3986        [35m0.3542[0m       0.9139        [94m0.3425[0m     +  29.3223
     14   0.0921   0.4196        [35m0.3460[0m       0.9139        [94m0.3358[0m     +  29.5225
     15   0.1043   0.4374        [35m0.3390[0m       0.9139        [94m0.3299[0m     +  29.1962
[32m[I 2022-12-10 16:05:46,260][0m Trial 83 finished with value: 0.11988774947695585 and parameters: {'optimizer__lr': 1.0567952694907142e-06, 'module__dropout': 0.3151020669221464, 'd_model_multiplier': 4, 'module__num_layers': 11, 'module__n_heads': 32, 'module__dim_feedforward': 285, 'iterator_train__batch_size': 148}. Best is trial 42 with value: 0.4455682389151037.[0m
[FileBasedDataset] Initializing dataset...
	Examples: 28559
	Features: 621
	Max length: 120
[FileBasedDataset] Dataset initialization complete
Warning, assumed runtime error: CUDA out of memory. Tried to allocate 598.00 MiB (GPU 0; 23.70 GiB total capacity; 19.25 GiB already allocated; 245.31 MiB free; 22.48 GiB reserved in total by PyTorch) If reserved memory is >> allocated memory try setting max_split_size_mb to avoid fragmentation.  See documentation for Memory Management and PYTORCH_CUDA_ALLOC_CONF
[32m[I 2022-12-10 16:05:50,970][0m Trial 84 finished with value: 0.0 and parameters: {'optimizer__lr': 0.0009959527599101546, 'module__dropout': 0.34514860806425274, 'd_model_multiplier': 4, 'module__num_layers': 13, 'module__n_heads': 64, 'module__dim_feedforward': 338, 'iterator_train__batch_size': 170}. Best is trial 42 with value: 0.4455682389151037.[0m
[FileBasedDataset] Initializing dataset...
	Examples: 28559
	Features: 621
	Max length: 120
[FileBasedDataset] Dataset initialization complete
  epoch    auprc    auroc    train_loss    valid_acc    valid_loss    cp      dur
-------  -------  -------  ------------  -----------  ------------  ----  -------
      1   [36m0.0582[0m   [32m0.3700[0m        [35m0.6595[0m       [31m0.9209[0m        [94m0.6121[0m     +  24.1685
      2   0.0552   0.3428        [35m0.5789[0m       [31m0.9230[0m        [94m0.5278[0m     +  24.6432
      3   0.0566   0.3492        [35m0.5025[0m       0.9230        [94m0.4503[0m     +  24.1099
      4   [36m0.0593[0m   [32m0.3718[0m        [35m0.4396[0m       0.9230        [94m0.3923[0m     +  24.4182
      5   [36m0.0639[0m   [32m0.4069[0m        [35m0.3922[0m       0.9230        [94m0.3519[0m     +  24.6828
      6   [36m0.0808[0m   [32m0.4578[0m        [35m0.3594[0m       0.9230        [94m0.3241[0m     +  24.1317
      7   [36m0.1069[0m   [32m0.5075[0m        [35m0.3361[0m       0.9226        [94m0.3045[0m     +  24.5341
      8   [36m0.1334[0m   [32m0.5550[0m        [35m0.3176[0m       0.9226        [94m0.2892[0m     +  23.6381
      9   [36m0.1582[0m   [32m0.5942[0m        [35m0.3032[0m       0.9230        [94m0.2774[0m     +  24.5064
     10   [36m0.1777[0m   [32m0.6271[0m        [35m0.2920[0m       0.9226        [94m0.2684[0m     +  24.7524
     11   [36m0.1963[0m   [32m0.6563[0m        [35m0.2835[0m       0.9223        [94m0.2614[0m     +  24.8943
     12   [36m0.2142[0m   [32m0.6766[0m        [35m0.2763[0m       0.9226        [94m0.2558[0m     +  24.5583
     13   [36m0.2279[0m   [32m0.6933[0m        [35m0.2702[0m       0.9230        [94m0.2514[0m     +  24.4619
     14   [36m0.2368[0m   [32m0.7025[0m        [35m0.2654[0m       0.9230        [94m0.2478[0m     +  24.3404
     15   [36m0.2462[0m   [32m0.7136[0m        [35m0.2610[0m       0.9226        [94m0.2447[0m     +  24.5798
[32m[I 2022-12-10 16:11:57,974][0m Trial 85 finished with value: 0.2462130482260475 and parameters: {'optimizer__lr': 3.359286613204125e-05, 'module__dropout': 0.2619003773370719, 'd_model_multiplier': 4, 'module__num_layers': 1, 'module__n_heads': 4, 'module__dim_feedforward': 439, 'iterator_train__batch_size': 159}. Best is trial 42 with value: 0.4455682389151037.[0m
[FileBasedDataset] Initializing dataset...
	Examples: 28559
	Features: 621
	Max length: 120
[FileBasedDataset] Dataset initialization complete
  epoch    auprc    auroc    train_loss    valid_acc    valid_loss    cp       dur
-------  -------  -------  ------------  -----------  ------------  ----  --------
      1   [36m0.3108[0m   [32m0.7941[0m        [35m0.2522[0m       [31m0.9244[0m        [94m0.2258[0m     +  102.5960
      2   0.3025   0.7663        [35m0.2339[0m       [31m0.9261[0m        0.2461        103.3882
      3   [36m0.3249[0m   [32m0.7949[0m        [35m0.2331[0m       0.9258        [94m0.2201[0m     +  102.9984
      4   0.2890   0.7944        [35m0.2298[0m       0.9237        0.2266        102.9702
      5   0.2999   [32m0.7989[0m        0.2306       0.9254        0.2309        103.6922
Stopping since valid_loss has not improved in the last 3 epochs.
[32m[I 2022-12-10 16:22:20,997][0m Trial 86 finished with value: 0.3249459109774377 and parameters: {'optimizer__lr': 8.187599895790691e-05, 'module__dropout': 0.20748305852194898, 'd_model_multiplier': 64, 'module__num_layers': 14, 'module__n_heads': 16, 'module__dim_feedforward': 346, 'iterator_train__batch_size': 193}. Best is trial 42 with value: 0.4455682389151037.[0m
[FileBasedDataset] Initializing dataset...
	Examples: 28559
	Features: 621
	Max length: 120
[FileBasedDataset] Dataset initialization complete
  epoch    auprc    auroc    train_loss    valid_acc    valid_loss    cp      dur
-------  -------  -------  ------------  -----------  ------------  ----  -------
      1   [36m0.0701[0m   [32m0.3610[0m        [35m0.5091[0m       [31m0.9230[0m        [94m0.3935[0m     +  23.5313
      2   [36m0.1098[0m   [32m0.5013[0m        [35m0.3667[0m       [31m0.9233[0m        [94m0.3248[0m     +  24.1510
      3   [36m0.1794[0m   [32m0.6219[0m        [35m0.3194[0m       0.9216        [94m0.2928[0m     +  23.7154
      4   [36m0.2223[0m   [32m0.6692[0m        [35m0.2927[0m       0.9223        [94m0.2731[0m     +  23.6432
      5   [36m0.2473[0m   [32m0.6905[0m        [35m0.2746[0m       0.9223        [94m0.2595[0m     +  24.3854
      6   [36m0.2633[0m   [32m0.7037[0m        [35m0.2623[0m       [31m0.9237[0m        [94m0.2511[0m     +  24.0234
      7   [36m0.2743[0m   [32m0.7178[0m        [35m0.2541[0m       0.9230        [94m0.2446[0m     +  23.9550
      8   [36m0.2826[0m   [32m0.7291[0m        [35m0.2480[0m       0.9230        [94m0.2407[0m     +  23.8414
      9   [36m0.2868[0m   [32m0.7348[0m        [35m0.2441[0m       0.9233        [94m0.2380[0m     +  24.5450
     10   [36m0.2891[0m   [32m0.7438[0m        [35m0.2403[0m       0.9230        [94m0.2360[0m     +  24.5838
     11   [36m0.2912[0m   [32m0.7487[0m        [35m0.2381[0m       0.9237        [94m0.2340[0m     +  23.8949
     12   [36m0.2917[0m   [32m0.7506[0m        [35m0.2364[0m       [31m0.9240[0m        [94m0.2325[0m     +  23.4630
     13   [36m0.2948[0m   [32m0.7606[0m        [35m0.2348[0m       0.9237        [94m0.2315[0m     +  24.1330
     14   0.2923   [32m0.7631[0m        [35m0.2331[0m       0.9233        [94m0.2306[0m     +  24.1113
     15   0.2934   [32m0.7652[0m        [35m0.2322[0m       0.9230        [94m0.2300[0m     +  24.5134
[32m[I 2022-12-10 16:28:23,024][0m Trial 87 finished with value: 0.29482418925480486 and parameters: {'optimizer__lr': 1.691394414339154e-05, 'module__dropout': 0.15247139084958625, 'd_model_multiplier': 16, 'module__num_layers': 10, 'module__n_heads': 4, 'module__dim_feedforward': 417, 'iterator_train__batch_size': 182}. Best is trial 42 with value: 0.4455682389151037.[0m
[FileBasedDataset] Initializing dataset...
	Examples: 28559
	Features: 621
	Max length: 120
[FileBasedDataset] Dataset initialization complete
  epoch    auprc    auroc    train_loss    valid_acc    valid_loss    cp      dur
-------  -------  -------  ------------  -----------  ------------  ----  -------
      1   [36m0.2379[0m   [32m0.7254[0m        [35m0.2878[0m       [31m0.9163[0m        [94m0.2619[0m     +  24.0818
      2   0.2291   0.7222        [35m0.2557[0m       [31m0.9174[0m        [94m0.2591[0m     +  24.3123
      3   0.2338   0.7222        [35m0.2545[0m       0.9174        0.2602        24.4250
      4   0.2301   0.7232        [35m0.2542[0m       [31m0.9177[0m        0.2604        24.0954
Stopping since valid_loss has not improved in the last 3 epochs.
[32m[I 2022-12-10 16:30:24,382][0m Trial 88 finished with value: 0.2378893980368513 and parameters: {'optimizer__lr': 0.011793353939086456, 'module__dropout': 0.17341389000118346, 'd_model_multiplier': 32, 'module__num_layers': 6, 'module__n_heads': 4, 'module__dim_feedforward': 168, 'iterator_train__batch_size': 143}. Best is trial 42 with value: 0.4455682389151037.[0m
[FileBasedDataset] Initializing dataset...
	Examples: 28559
	Features: 621
	Max length: 120
[FileBasedDataset] Dataset initialization complete
  epoch    auprc    auroc    train_loss    valid_acc    valid_loss    cp      dur
-------  -------  -------  ------------  -----------  ------------  ----  -------
      1   [36m0.1083[0m   [32m0.4347[0m        [35m0.6433[0m       [31m0.9006[0m        [94m0.6148[0m     +  23.2108
      2   0.0887   0.3672        [35m0.5986[0m       [31m0.9104[0m        [94m0.5714[0m     +  23.5324
      3   0.0792   0.3390        [35m0.5558[0m       [31m0.9121[0m        [94m0.5322[0m     +  24.0328
      4   0.0755   0.3162        [35m0.5176[0m       [31m0.9125[0m        [94m0.4986[0m     +  23.7593
      5   0.0703   0.3016        [35m0.4849[0m       0.9125        [94m0.4697[0m     +  24.2168
      6   0.0668   0.2949        [35m0.4569[0m       0.9121        [94m0.4455[0m     +  23.9820
      7   0.0657   0.2980        [35m0.4333[0m       [31m0.9128[0m        [94m0.4254[0m     +  24.7401
      8   0.0658   0.3070        [35m0.4141[0m       0.9128        [94m0.4089[0m     +  23.9164
      9   0.0692   0.3160        [35m0.3984[0m       0.9128        [94m0.3952[0m     +  24.1341
     10   0.0712   0.3282        [35m0.3845[0m       0.9128        [94m0.3833[0m     +  23.6543
     11   0.0747   0.3425        [35m0.3735[0m       0.9128        [94m0.3732[0m     +  24.5634
     12   0.0798   0.3578        [35m0.3632[0m       0.9128        [94m0.3639[0m     +  24.0956
     13   0.0885   0.3779        [35m0.3538[0m       [31m0.9132[0m        [94m0.3556[0m     +  23.9841
     14   0.0976   0.3954        [35m0.3456[0m       0.9132        [94m0.3481[0m     +  24.4244
     15   0.1062   0.4185        [35m0.3384[0m       [31m0.9135[0m        [94m0.3414[0m     +  23.5984
[32m[I 2022-12-10 16:36:25,066][0m Trial 89 finished with value: 0.10828922784288002 and parameters: {'optimizer__lr': 5.2592996530383665e-06, 'module__dropout': 0.22920243349948488, 'd_model_multiplier': 4, 'module__num_layers': 4, 'module__n_heads': 8, 'module__dim_feedforward': 383, 'iterator_train__batch_size': 152}. Best is trial 42 with value: 0.4455682389151037.[0m
[FileBasedDataset] Initializing dataset...
	Examples: 28559
	Features: 621
	Max length: 120
[FileBasedDataset] Dataset initialization complete
  epoch    auprc    auroc    train_loss    valid_acc    valid_loss    cp      dur
-------  -------  -------  ------------  -----------  ------------  ----  -------
      1   [36m0.2979[0m   [32m0.7605[0m        [35m0.2716[0m       [31m0.9191[0m        [94m0.2463[0m     +  26.2463
      2   [36m0.3415[0m   [32m0.7985[0m        [35m0.2292[0m       [31m0.9226[0m        [94m0.2303[0m     +  26.6037
      3   [36m0.3464[0m   [32m0.8122[0m        [35m0.2216[0m       [31m0.9230[0m        [94m0.2288[0m     +  26.6584
      4   [36m0.3665[0m   [32m0.8191[0m        [35m0.2190[0m       0.9230        [94m0.2244[0m     +  26.3874
      5   [36m0.3722[0m   [32m0.8229[0m        [35m0.2166[0m       0.9216        [94m0.2214[0m     +  26.3103
      6   [36m0.3749[0m   [32m0.8288[0m        [35m0.2154[0m       [31m0.9233[0m        [94m0.2207[0m     +  28.1935
      7   [36m0.3889[0m   [32m0.8338[0m        [35m0.2142[0m       0.9223        [94m0.2191[0m     +  27.4756
      8   0.3877   0.8326        [35m0.2128[0m       [31m0.9237[0m        [94m0.2175[0m     +  26.9537
      9   0.3772   0.8307        [35m0.2116[0m       0.9226        0.2199        26.6097
     10   0.3836   [32m0.8408[0m        [35m0.2116[0m       0.9219        [94m0.2173[0m     +  27.0472
     11   0.3772   [32m0.8416[0m        [35m0.2087[0m       0.9212        0.2181        26.4053
     12   0.3816   [32m0.8429[0m        0.2096       0.9205        [94m0.2165[0m     +  26.6479
     13   0.3818   0.8402        [35m0.2078[0m       0.9209        0.2172        26.6470
     14   0.3764   0.8350        [35m0.2065[0m       0.9198        0.2229        26.1934
     15   [36m0.3931[0m   [32m0.8485[0m        [35m0.2049[0m       0.9212        [94m0.2156[0m     +  26.4773
[32m[I 2022-12-10 16:43:06,895][0m Trial 90 finished with value: 0.39310774549664573 and parameters: {'optimizer__lr': 0.0004524388423309988, 'module__dropout': 0.10980220688418056, 'd_model_multiplier': 1, 'module__num_layers': 7, 'module__n_heads': 64, 'module__dim_feedforward': 296, 'iterator_train__batch_size': 174}. Best is trial 42 with value: 0.4455682389151037.[0m
[FileBasedDataset] Initializing dataset...
	Examples: 28559
	Features: 621
	Max length: 120
[FileBasedDataset] Dataset initialization complete
  epoch    auprc    auroc    train_loss    valid_acc    valid_loss    cp      dur
-------  -------  -------  ------------  -----------  ------------  ----  -------
      1   [36m0.3553[0m   [32m0.8100[0m        [35m0.2494[0m       [31m0.9275[0m        [94m0.2209[0m     +  24.3309
      2   [36m0.3720[0m   [32m0.8181[0m        [35m0.2313[0m       0.9244        [94m0.2196[0m     +  24.6780
      3   0.3581   0.8116        [35m0.2295[0m       [31m0.9293[0m        [94m0.2196[0m     +  24.5818
      4   [36m0.3794[0m   [32m0.8188[0m        [35m0.2276[0m       [31m0.9310[0m        [94m0.2155[0m     +  24.7943
      5   [36m0.3917[0m   [32m0.8240[0m        [35m0.2264[0m       0.9303        [94m0.2121[0m     +  25.0690
      6   0.3803   0.8223        [35m0.2236[0m       0.9296        0.2146        25.5027
      7   0.3906   [32m0.8328[0m        [35m0.2228[0m       [31m0.9314[0m        [94m0.2095[0m     +  25.0806
      8   0.3824   0.8258        [35m0.2210[0m       0.9303        0.2129        24.8481
      9   0.3879   0.8273        0.2217       [31m0.9317[0m        0.2130        25.5303
Stopping since valid_loss has not improved in the last 3 epochs.
[32m[I 2022-12-10 16:47:18,593][0m Trial 91 finished with value: 0.3917080884229089 and parameters: {'optimizer__lr': 0.00015776142768155827, 'module__dropout': 0.37503506937461384, 'd_model_multiplier': 32, 'module__num_layers': 5, 'module__n_heads': 16, 'module__dim_feedforward': 482, 'iterator_train__batch_size': 114}. Best is trial 42 with value: 0.4455682389151037.[0m
[FileBasedDataset] Initializing dataset...
	Examples: 28559
	Features: 621
	Max length: 120
[FileBasedDataset] Dataset initialization complete
  epoch    auprc    auroc    train_loss    valid_acc    valid_loss    cp      dur
-------  -------  -------  ------------  -----------  ------------  ----  -------
      1   [36m0.3222[0m   [32m0.7902[0m        [35m0.2481[0m       [31m0.9254[0m        [94m0.2296[0m     +  24.4636
      2   [36m0.3388[0m   [32m0.8111[0m        [35m0.2340[0m       [31m0.9258[0m        [94m0.2274[0m     +  24.8312
      3   0.3108   0.7848        0.2352       [31m0.9261[0m        0.2296        24.9914
      4   0.3351   0.8055        [35m0.2321[0m       [31m0.9268[0m        0.2294        25.5327
Stopping since valid_loss has not improved in the last 3 epochs.
