[32m[I 2022-12-11 03:39:24,459][0m Trial 225 finished with value: 0.4197145881200329 and parameters: {'optimizer__lr': 0.00019422861678867809, 'module__dropout': 0.0316476934761053, 'd_model_multiplier': 8, 'module__num_layers': 10, 'module__n_heads': 4, 'module__dim_feedforward': 270, 'iterator_train__batch_size': 46}. Best is trial 213 with value: 0.4701746636794141.[0m
[FileBasedDataset] Initializing dataset...
	Examples: 28559
	Features: 621
	Max length: 120
[FileBasedDataset] Dataset initialization complete
  epoch    auprc    auroc    train_loss    valid_acc    valid_loss    cp      dur
-------  -------  -------  ------------  -----------  ------------  ----  -------
      1   [36m0.2703[0m   [32m0.7428[0m        [35m0.3223[0m       [31m0.9338[0m        [94m0.2173[0m     +  22.8987
      2   [36m0.3225[0m   [32m0.7859[0m        [35m0.2396[0m       [31m0.9352[0m        [94m0.1986[0m     +  23.8527
      3   [36m0.3288[0m   [32m0.7998[0m        [35m0.2317[0m       [31m0.9356[0m        [94m0.1944[0m     +  23.7798
      4   [36m0.3342[0m   [32m0.8123[0m        [35m0.2281[0m       [31m0.9359[0m        [94m0.1923[0m     +  23.3086
      5   [36m0.3441[0m   [32m0.8317[0m        [35m0.2251[0m       0.9356        [94m0.1889[0m     +  23.7997
      6   [36m0.3510[0m   [32m0.8354[0m        [35m0.2232[0m       [31m0.9363[0m        [94m0.1876[0m     +  23.9042
      7   [36m0.3553[0m   [32m0.8501[0m        [35m0.2196[0m       [31m0.9366[0m        [94m0.1849[0m     +  23.9802
      8   [36m0.3600[0m   0.8470        [35m0.2174[0m       [31m0.9380[0m        [94m0.1837[0m     +  23.7117
      9   [36m0.3616[0m   0.8429        [35m0.2153[0m       [31m0.9384[0m        0.1865        23.7302
     10   [36m0.3627[0m   0.8476        [35m0.2128[0m       [31m0.9387[0m        0.1854        23.9085
Stopping since valid_loss has not improved in the last 3 epochs.
[32m[I 2022-12-11 03:43:46,344][0m Trial 226 finished with value: 0.36268533636392275 and parameters: {'optimizer__lr': 0.00011197267460629124, 'module__dropout': 0.05719008573099501, 'd_model_multiplier': 8, 'module__num_layers': 9, 'module__n_heads': 4, 'module__dim_feedforward': 251, 'iterator_train__batch_size': 67}. Best is trial 213 with value: 0.4701746636794141.[0m
[FileBasedDataset] Initializing dataset...
	Examples: 28559
	Features: 621
	Max length: 120
[FileBasedDataset] Dataset initialization complete
  epoch    auprc    auroc    train_loss    valid_acc    valid_loss    cp      dur
-------  -------  -------  ------------  -----------  ------------  ----  -------
      1   [36m0.3578[0m   [32m0.7358[0m        [35m0.2782[0m       [31m0.9212[0m        [94m0.2420[0m     +  23.9389
      2   [36m0.3743[0m   [32m0.7799[0m        [35m0.2269[0m       [31m0.9223[0m        [94m0.2377[0m     +  24.1177
      3   [36m0.3916[0m   [32m0.8054[0m        [35m0.2208[0m       0.9209        [94m0.2291[0m     +  23.8879
      4   [36m0.4086[0m   [32m0.8186[0m        [35m0.2164[0m       0.9223        [94m0.2260[0m     +  24.1480
      5   [36m0.4108[0m   [32m0.8287[0m        [35m0.2127[0m       [31m0.9226[0m        [94m0.2227[0m     +  23.6783
      6   0.4079   [32m0.8330[0m        [35m0.2083[0m       0.9202        [94m0.2226[0m     +  23.3430
      7   0.4081   [32m0.8347[0m        [35m0.2058[0m       0.9202        [94m0.2222[0m     +  23.3117
      8   [36m0.4246[0m   [32m0.8473[0m        [35m0.2031[0m       0.9202        [94m0.2180[0m     +  23.8892
      9   [36m0.4261[0m   0.8417        [35m0.2008[0m       0.9205        0.2182        23.7863
     10   0.4253   0.8445        [35m0.1982[0m       0.9202        [94m0.2163[0m     +  23.8219
     11   0.4156   0.8454        [35m0.1964[0m       0.9191        0.2183        23.3556
     12   0.4244   0.8403        [35m0.1951[0m       0.9198        0.2192        23.4931
Stopping since valid_loss has not improved in the last 3 epochs.
[32m[I 2022-12-11 03:48:55,432][0m Trial 227 finished with value: 0.426100075742194 and parameters: {'optimizer__lr': 0.00023137616115363163, 'module__dropout': 0.02320471373238861, 'd_model_multiplier': 8, 'module__num_layers': 8, 'module__n_heads': 4, 'module__dim_feedforward': 166, 'iterator_train__batch_size': 55}. Best is trial 213 with value: 0.4701746636794141.[0m
[FileBasedDataset] Initializing dataset...
	Examples: 28559
	Features: 621
	Max length: 120
[FileBasedDataset] Dataset initialization complete
  epoch    auprc    auroc    train_loss    valid_acc    valid_loss    cp      dur
-------  -------  -------  ------------  -----------  ------------  ----  -------
      1   [36m0.2902[0m   [32m0.7283[0m        [35m0.3414[0m       [31m0.9226[0m        [94m0.2515[0m     +  23.3333
      2   [36m0.3086[0m   [32m0.7799[0m        [35m0.2417[0m       [31m0.9240[0m        [94m0.2327[0m     +  23.6186
      3   [36m0.3138[0m   [32m0.8032[0m        [35m0.2283[0m       0.9237        [94m0.2277[0m     +  23.5097
      4   [36m0.3253[0m   [32m0.8090[0m        [35m0.2227[0m       0.9223        [94m0.2255[0m     +  23.3937
      5   [36m0.3361[0m   [32m0.8140[0m        [35m0.2195[0m       0.9219        [94m0.2234[0m     +  23.5913
      6   0.3322   [32m0.8147[0m        [35m0.2172[0m       0.9223        [94m0.2233[0m     +  23.3141
      7   0.3265   [32m0.8151[0m        [35m0.2154[0m       0.9209        [94m0.2231[0m     +  23.9435
      8   0.3292   [32m0.8178[0m        [35m0.2132[0m       0.9219        [94m0.2224[0m     +  23.2581
      9   0.3340   [32m0.8265[0m        [35m0.2109[0m       0.9230        [94m0.2207[0m     +  23.4449
     10   [36m0.3433[0m   0.8233        [35m0.2083[0m       0.9223        [94m0.2202[0m     +  23.7398
     11   0.3211   0.8238        [35m0.2066[0m       0.9212        0.2217        23.8422
     12   0.3224   0.8256        [35m0.2049[0m       0.9219        0.2225        23.2596
     13   0.3327   [32m0.8317[0m        [35m0.2034[0m       0.9216        [94m0.2201[0m     +  23.9539
     14   0.3349   0.8306        [35m0.2013[0m       0.9223        0.2202        23.2847
     15   0.3428   [32m0.8346[0m        [35m0.1998[0m       [31m0.9247[0m        [94m0.2183[0m     +  23.3223
[32m[I 2022-12-11 03:54:49,462][0m Trial 228 finished with value: 0.34327299714792525 and parameters: {'optimizer__lr': 8.595789122662134e-05, 'module__dropout': 0.0433792281112018, 'd_model_multiplier': 8, 'module__num_layers': 8, 'module__n_heads': 4, 'module__dim_feedforward': 293, 'iterator_train__batch_size': 59}. Best is trial 213 with value: 0.4701746636794141.[0m
[FileBasedDataset] Initializing dataset...
	Examples: 28559
	Features: 621
	Max length: 120
[FileBasedDataset] Dataset initialization complete
  epoch    auprc    auroc    train_loss    valid_acc    valid_loss    cp      dur
-------  -------  -------  ------------  -----------  ------------  ----  -------
      1   [36m0.3452[0m   [32m0.7702[0m        [35m0.3038[0m       [31m0.9282[0m        [94m0.2247[0m     +  23.4138
      2   [36m0.3526[0m   [32m0.7939[0m        [35m0.2333[0m       [31m0.9317[0m        [94m0.2174[0m     +  23.8683
      3   [36m0.3617[0m   [32m0.8048[0m        [35m0.2245[0m       0.9307        [94m0.2140[0m     +  23.8911
      4   [36m0.3641[0m   [32m0.8088[0m        [35m0.2202[0m       0.9310        [94m0.2137[0m     +  23.4552
      5   [36m0.3731[0m   [32m0.8113[0m        [35m0.2173[0m       0.9310        [94m0.2125[0m     +  24.0998
      6   [36m0.3778[0m   [32m0.8136[0m        [35m0.2141[0m       0.9310        [94m0.2114[0m     +  23.6928
      7   [36m0.3781[0m   [32m0.8169[0m        [35m0.2120[0m       0.9307        [94m0.2106[0m     +  23.6100
      8   [36m0.3804[0m   0.8150        [35m0.2091[0m       0.9310        0.2116        23.6310
      9   [36m0.3897[0m   [32m0.8215[0m        [35m0.2078[0m       0.9317        [94m0.2089[0m     +  24.2395
     10   0.3846   0.8176        [35m0.2042[0m       [31m0.9324[0m        0.2102        24.5012
     11   0.3889   0.8185        [35m0.2041[0m       0.9314        0.2097        24.4706
     12   0.3879   [32m0.8231[0m        [35m0.2018[0m       0.9300        [94m0.2087[0m     +  23.9928
     13   [36m0.3904[0m   [32m0.8293[0m        [35m0.2017[0m       0.9317        [94m0.2083[0m     +  23.9390
     14   0.3889   0.8213        [35m0.2003[0m       [31m0.9331[0m        0.2104        23.5704
     15   [36m0.3908[0m   0.8270        [35m0.1985[0m       0.9310        0.2092        24.0427
[32m[I 2022-12-11 04:00:49,003][0m Trial 229 finished with value: 0.3908284096800029 and parameters: {'optimizer__lr': 0.00014144069048293846, 'module__dropout': 0.061276115037375636, 'd_model_multiplier': 8, 'module__num_layers': 9, 'module__n_heads': 4, 'module__dim_feedforward': 274, 'iterator_train__batch_size': 53}. Best is trial 213 with value: 0.4701746636794141.[0m
[FileBasedDataset] Initializing dataset...
	Examples: 28559
	Features: 621
	Max length: 120
[FileBasedDataset] Dataset initialization complete
  epoch    auprc    auroc    train_loss    valid_acc    valid_loss    cp      dur
-------  -------  -------  ------------  -----------  ------------  ----  -------
      1   [36m0.3388[0m   [32m0.7757[0m        [35m0.2719[0m       [31m0.9223[0m        [94m0.2343[0m     +  23.8104
      2   [36m0.3663[0m   [32m0.7924[0m        [35m0.2252[0m       [31m0.9226[0m        [94m0.2296[0m     +  24.7900
      3   [36m0.3786[0m   [32m0.7955[0m        [35m0.2207[0m       [31m0.9254[0m        [94m0.2277[0m     +  23.8680
      4   0.3767   [32m0.8023[0m        [35m0.2161[0m       [31m0.9258[0m        [94m0.2270[0m     +  24.4127
      5   0.3767   [32m0.8097[0m        [35m0.2112[0m       0.9237        [94m0.2265[0m     +  24.4506
      6   [36m0.3804[0m   [32m0.8171[0m        [35m0.2078[0m       0.9230        [94m0.2240[0m     +  24.7741
      7   0.3787   [32m0.8192[0m        [35m0.2042[0m       0.9230        0.2241        24.5587
      8   [36m0.3842[0m   [32m0.8218[0m        [35m0.2011[0m       0.9244        [94m0.2226[0m     +  23.8253
      9   [36m0.3905[0m   0.8188        [35m0.1976[0m       0.9216        0.2240        23.8938
     10   [36m0.3959[0m   0.8218        [35m0.1964[0m       0.9216        0.2236        23.9004
Stopping since valid_loss has not improved in the last 3 epochs.
[32m[I 2022-12-11 04:05:17,019][0m Trial 230 finished with value: 0.3958936176878156 and parameters: {'optimizer__lr': 4.445379297581462e-05, 'module__dropout': 0.02874222918760785, 'd_model_multiplier': 8, 'module__num_layers': 8, 'module__n_heads': 16, 'module__dim_feedforward': 284, 'iterator_train__batch_size': 43}. Best is trial 213 with value: 0.4701746636794141.[0m
[FileBasedDataset] Initializing dataset...
	Examples: 28559
	Features: 621
	Max length: 120
[FileBasedDataset] Dataset initialization complete
  epoch    auprc    auroc    train_loss    valid_acc    valid_loss    cp      dur
-------  -------  -------  ------------  -----------  ------------  ----  -------
      1   [36m0.2307[0m   [32m0.6551[0m        [35m0.3564[0m       [31m0.9205[0m        [94m0.2691[0m     +  23.7577
      2   [36m0.3851[0m   [32m0.7764[0m        [35m0.2519[0m       [31m0.9240[0m        [94m0.2290[0m     +  23.1768
      3   [36m0.4100[0m   [32m0.7986[0m        [35m0.2349[0m       [31m0.9286[0m        [94m0.2199[0m     +  23.4377
      4   [36m0.4281[0m   [32m0.8141[0m        [35m0.2282[0m       0.9286        [94m0.2149[0m     +  22.8794
      5   [36m0.4379[0m   [32m0.8197[0m        [35m0.2250[0m       [31m0.9307[0m        [94m0.2121[0m     +  23.7418
      6   [36m0.4447[0m   [32m0.8253[0m        [35m0.2222[0m       0.9293        [94m0.2099[0m     +  23.7273
      7   [36m0.4488[0m   [32m0.8285[0m        [35m0.2196[0m       [31m0.9324[0m        [94m0.2093[0m     +  23.6834
      8   [36m0.4498[0m   [32m0.8326[0m        [35m0.2177[0m       [31m0.9335[0m        [94m0.2082[0m     +  23.8961
      9   0.4470   [32m0.8365[0m        [35m0.2162[0m       0.9335        [94m0.2075[0m     +  24.2367
     10   [36m0.4606[0m   [32m0.8397[0m        [35m0.2137[0m       0.9328        [94m0.2060[0m     +  23.9794
     11   0.4594   [32m0.8397[0m        [35m0.2121[0m       [31m0.9338[0m        0.2062        23.4135
     12   0.4591   [32m0.8480[0m        [35m0.2107[0m       0.9321        [94m0.2039[0m     +  23.1612
     13   0.4554   [32m0.8490[0m        [35m0.2089[0m       0.9310        [94m0.2038[0m     +  23.7773
     14   [36m0.4652[0m   [32m0.8496[0m        [35m0.2078[0m       0.9317        [94m0.2038[0m     +  23.4851
     15   [36m0.4799[0m   [32m0.8544[0m        [35m0.2060[0m       0.9310        [94m0.2009[0m     +  23.6189
[32m[I 2022-12-11 04:11:12,374][0m Trial 231 finished with value: 0.4798892428044479 and parameters: {'optimizer__lr': 7.288763106550989e-05, 'module__dropout': 0.07316318334212915, 'd_model_multiplier': 8, 'module__num_layers': 8, 'module__n_heads': 4, 'module__dim_feedforward': 244, 'iterator_train__batch_size': 59}. Best is trial 231 with value: 0.4798892428044479.[0m
[FileBasedDataset] Initializing dataset...
	Examples: 28559
	Features: 621
	Max length: 120
[FileBasedDataset] Dataset initialization complete
  epoch    auprc    auroc    train_loss    valid_acc    valid_loss    cp      dur
-------  -------  -------  ------------  -----------  ------------  ----  -------
      1   [36m0.1929[0m   [32m0.6179[0m        [35m0.3747[0m       [31m0.9223[0m        [94m0.2730[0m     +  23.2433
      2   [36m0.2971[0m   [32m0.7477[0m        [35m0.2583[0m       [31m0.9237[0m        [94m0.2401[0m     +  23.1513
      3   [36m0.3136[0m   [32m0.7712[0m        [35m0.2353[0m       [31m0.9265[0m        [94m0.2324[0m     +  23.5957
      4   [36m0.3292[0m   [32m0.7869[0m        [35m0.2289[0m       0.9251        [94m0.2286[0m     +  23.3112
      5   [36m0.3343[0m   [32m0.7972[0m        [35m0.2253[0m       0.9251        [94m0.2268[0m     +  23.8527
      6   [36m0.3358[0m   [32m0.8011[0m        [35m0.2214[0m       0.9226        [94m0.2266[0m     +  23.7962
      7   [36m0.3394[0m   [32m0.8053[0m        [35m0.2202[0m       0.9237        [94m0.2246[0m     +  23.5531
      8   [36m0.3430[0m   [32m0.8058[0m        [35m0.2192[0m       0.9209        0.2251        23.7979
      9   0.3424   [32m0.8096[0m        [35m0.2165[0m       0.9219        0.2250        23.0820
     10   [36m0.3513[0m   [32m0.8186[0m        [35m0.2156[0m       0.9216        [94m0.2211[0m     +  23.5698
     11   [36m0.3558[0m   [32m0.8209[0m        [35m0.2142[0m       0.9237        [94m0.2200[0m     +  23.3256
     12   [36m0.3578[0m   [32m0.8297[0m        [35m0.2119[0m       0.9216        [94m0.2183[0m     +  23.5899
     13   [36m0.3601[0m   [32m0.8316[0m        [35m0.2100[0m       0.9230        [94m0.2174[0m     +  23.1955
     14   0.3592   0.8297        [35m0.2084[0m       0.9223        0.2175        23.6857
     15   [36m0.3618[0m   [32m0.8353[0m        [35m0.2077[0m       0.9205        [94m0.2170[0m     +  23.9443
[32m[I 2022-12-11 04:17:06,234][0m Trial 232 finished with value: 0.361811126140726 and parameters: {'optimizer__lr': 7.094193274437144e-05, 'module__dropout': 0.07005664948281355, 'd_model_multiplier': 8, 'module__num_layers': 8, 'module__n_heads': 4, 'module__dim_feedforward': 182, 'iterator_train__batch_size': 64}. Best is trial 231 with value: 0.4798892428044479.[0m
[FileBasedDataset] Initializing dataset...
	Examples: 28559
	Features: 621
	Max length: 120
[FileBasedDataset] Dataset initialization complete
  epoch    auprc    auroc    train_loss    valid_acc    valid_loss    cp      dur
-------  -------  -------  ------------  -----------  ------------  ----  -------
      1   [36m0.2816[0m   [32m0.7548[0m        [35m0.2722[0m       [31m0.9160[0m        [94m0.2426[0m     +  23.2446
      2   [36m0.2897[0m   [32m0.7632[0m        [35m0.2263[0m       [31m0.9177[0m        0.2442        23.7545
      3   [36m0.3150[0m   [32m0.7884[0m        [35m0.2210[0m       [31m0.9191[0m        [94m0.2362[0m     +  23.9998
      4   [36m0.3177[0m   [32m0.7947[0m        [35m0.2178[0m       0.9184        [94m0.2359[0m     +  24.1477
      5   [36m0.3276[0m   [32m0.8094[0m        [35m0.2146[0m       [31m0.9209[0m        [94m0.2313[0m     +  23.8698
      6   [36m0.3442[0m   [32m0.8167[0m        [35m0.2112[0m       [31m0.9212[0m        [94m0.2273[0m     +  23.7849
      7   0.3426   0.8157        [35m0.2094[0m       0.9191        0.2304        23.6480
      8   [36m0.3463[0m   0.8111        [35m0.2091[0m       [31m0.9216[0m        0.2282        24.2967
      9   [36m0.3582[0m   [32m0.8195[0m        [35m0.2069[0m       0.9212        [94m0.2267[0m     +  24.0865
     10   0.3448   0.8171        [35m0.2058[0m       0.9195        0.2298        24.2020
     11   0.3578   0.8160        [35m0.2045[0m       0.9212        0.2275        23.3917
Stopping since valid_loss has not improved in the last 3 epochs.
[32m[I 2022-12-11 04:21:52,873][0m Trial 233 finished with value: 0.3581898783993159 and parameters: {'optimizer__lr': 0.0002120620650775335, 'module__dropout': 0.11562515445682438, 'd_model_multiplier': 8, 'module__num_layers': 8, 'module__n_heads': 4, 'module__dim_feedforward': 243, 'iterator_train__batch_size': 50}. Best is trial 231 with value: 0.4798892428044479.[0m
[FileBasedDataset] Initializing dataset...
	Examples: 28559
	Features: 621
	Max length: 120
[FileBasedDataset] Dataset initialization complete
  epoch    auprc    auroc    train_loss    valid_acc    valid_loss    cp      dur
-------  -------  -------  ------------  -----------  ------------  ----  -------
      1   [36m0.1265[0m   [32m0.4729[0m        [35m0.4517[0m       [31m0.9230[0m        [94m0.3299[0m     +  23.6416
      2   [36m0.2607[0m   [32m0.6676[0m        [35m0.2981[0m       [31m0.9233[0m        [94m0.2669[0m     +  23.7627
      3   [36m0.2916[0m   [32m0.7171[0m        [35m0.2588[0m       [31m0.9247[0m        [94m0.2467[0m     +  23.4817
      4   [36m0.3045[0m   [32m0.7399[0m        [35m0.2437[0m       [31m0.9251[0m        [94m0.2371[0m     +  23.6845
      5   [36m0.3177[0m   [32m0.7618[0m        [35m0.2354[0m       [31m0.9258[0m        [94m0.2317[0m     +  24.2956
      6   [36m0.3210[0m   [32m0.7685[0m        [35m0.2313[0m       [31m0.9265[0m        [94m0.2286[0m     +  23.3571
      7   [36m0.3289[0m   [32m0.7841[0m        [35m0.2272[0m       0.9261        [94m0.2261[0m     +  24.0707
      8   [36m0.3369[0m   [32m0.7903[0m        [35m0.2245[0m       0.9258        [94m0.2245[0m     +  23.2259
      9   [36m0.3409[0m   [32m0.7934[0m        [35m0.2230[0m       [31m0.9275[0m        [94m0.2228[0m     +  23.1229
     10   0.3409   [32m0.7985[0m        [35m0.2205[0m       0.9265        [94m0.2218[0m     +  23.1347
     11   [36m0.3434[0m   [32m0.8034[0m        [35m0.2186[0m       0.9272        [94m0.2207[0m     +  22.7859
     12   [36m0.3446[0m   [32m0.8049[0m        [35m0.2173[0m       0.9268        [94m0.2190[0m     +  23.7836
     13   [36m0.3537[0m   [32m0.8111[0m        [35m0.2166[0m       0.9268        [94m0.2175[0m     +  23.8181
     14   [36m0.3602[0m   [32m0.8145[0m        [35m0.2152[0m       0.9272        [94m0.2156[0m     +  23.3943
     15   [36m0.3629[0m   [32m0.8174[0m        [35m0.2128[0m       0.9272        [94m0.2154[0m     +  23.5704
