[32m[I 2022-12-10 13:31:55,468][0m Trial 47 finished with value: 0.39015818745772324 and parameters: {'optimizer__lr': 0.00018910270170186805, 'module__dropout': 0.4375451338219063, 'd_model_multiplier': 64, 'module__num_layers': 4, 'module__n_heads': 8, 'module__dim_feedforward': 489, 'iterator_train__batch_size': 162}. Best is trial 42 with value: 0.4455682389151037.[0m
[FileBasedDataset] Initializing dataset...
	Examples: 28559
	Features: 621
	Max length: 120
[FileBasedDataset] Dataset initialization complete
  epoch    auprc    auroc    train_loss    valid_acc    valid_loss    cp      dur
-------  -------  -------  ------------  -----------  ------------  ----  -------
      1   [36m0.2118[0m   [32m0.7209[0m        [35m0.2783[0m       [31m0.9125[0m        [94m0.2913[0m     +  23.4731
      2   [36m0.2143[0m   0.7187        [35m0.2599[0m       [31m0.9163[0m        0.2953        23.6138
      3   0.2121   0.7187        [35m0.2585[0m       [31m0.9174[0m        0.3121        23.7344
      4   0.2134   0.7188        [35m0.2581[0m       0.9156        [94m0.2911[0m     +  23.0355
      5   0.2111   [32m0.7216[0m        [35m0.2550[0m       0.9170        [94m0.2830[0m     +  23.7444
      6   0.2095   0.7189        0.2562       0.9163        [94m0.2650[0m     +  24.1223
      7   0.2058   [32m0.7236[0m        [35m0.2546[0m       0.9174        [94m0.2632[0m     +  23.8466
      8   0.2073   0.7089        0.2554       0.9174        [94m0.2617[0m     +  23.6650
      9   0.2082   0.7181        [35m0.2537[0m       [31m0.9181[0m        0.2664        23.8579
     10   0.2037   0.7181        0.2537       0.9177        [94m0.2596[0m     +  23.7102
     11   0.2086   0.7220        [35m0.2534[0m       0.9177        [94m0.2595[0m     +  23.8654
     12   0.2034   0.7097        [35m0.2530[0m       0.9177        0.2602        23.3408
     13   0.2119   0.7085        [35m0.2525[0m       0.9177        [94m0.2587[0m     +  23.2341
     14   0.2034   0.7066        0.2536       0.9181        [94m0.2582[0m     +  23.4354
     15   0.2069   0.7230        0.2528       0.9181        0.2595        23.6706
[32m[I 2022-12-10 13:37:51,085][0m Trial 48 finished with value: 0.2143000299612493 and parameters: {'optimizer__lr': 0.0063202490637801765, 'module__dropout': 0.532966948964953, 'd_model_multiplier': 64, 'module__num_layers': 3, 'module__n_heads': 4, 'module__dim_feedforward': 450, 'iterator_train__batch_size': 122}. Best is trial 42 with value: 0.4455682389151037.[0m
[FileBasedDataset] Initializing dataset...
	Examples: 28559
	Features: 621
	Max length: 120
[FileBasedDataset] Dataset initialization complete
  epoch    auprc    auroc    train_loss    valid_acc    valid_loss    cp      dur
-------  -------  -------  ------------  -----------  ------------  ----  -------
      1   [36m0.2856[0m   [32m0.7561[0m        [35m0.3085[0m       [31m0.9237[0m        [94m0.2354[0m     +  23.2078
      2   [36m0.3247[0m   [32m0.7786[0m        [35m0.2443[0m       [31m0.9261[0m        [94m0.2285[0m     +  23.3431
      3   [36m0.3353[0m   [32m0.7882[0m        [35m0.2404[0m       0.9261        [94m0.2255[0m     +  22.6998
      4   [36m0.3469[0m   [32m0.8028[0m        [35m0.2372[0m       0.9254        [94m0.2246[0m     +  22.7795
      5   [36m0.3531[0m   0.7975        [35m0.2347[0m       0.9261        [94m0.2230[0m     +  23.1242
      6   0.3370   0.7982        0.2355       0.9247        0.2232        23.1426
      7   [36m0.3556[0m   [32m0.8099[0m        [35m0.2314[0m       [31m0.9275[0m        [94m0.2198[0m     +  22.3107
      8   [36m0.3627[0m   0.8097        0.2320       0.9275        [94m0.2188[0m     +  22.8086
      9   [36m0.3737[0m   [32m0.8133[0m        [35m0.2291[0m       [31m0.9279[0m        [94m0.2164[0m     +  23.0143
     10   0.3665   0.8127        [35m0.2275[0m       [31m0.9282[0m        0.2174        22.6572
     11   0.3639   [32m0.8143[0m        [35m0.2249[0m       0.9279        0.2172        22.7299
Stopping since valid_loss has not improved in the last 3 epochs.
[32m[I 2022-12-10 13:42:25,841][0m Trial 49 finished with value: 0.3737428663791962 and parameters: {'optimizer__lr': 0.0026421937406291085, 'module__dropout': 0.33963312293408543, 'd_model_multiplier': 2, 'module__num_layers': 2, 'module__n_heads': 4, 'module__dim_feedforward': 318, 'iterator_train__batch_size': 185}. Best is trial 42 with value: 0.4455682389151037.[0m
[FileBasedDataset] Initializing dataset...
	Examples: 28559
	Features: 621
	Max length: 120
[FileBasedDataset] Dataset initialization complete
  epoch    auprc    auroc    train_loss    valid_acc    valid_loss    cp      dur
-------  -------  -------  ------------  -----------  ------------  ----  -------
      1   [36m0.3910[0m   [32m0.8010[0m        [35m0.2577[0m       [31m0.9296[0m        [94m0.2179[0m     +  23.6334
      2   [36m0.3987[0m   [32m0.8131[0m        [35m0.2318[0m       0.9268        [94m0.2138[0m     +  23.8899
      3   [36m0.4130[0m   [32m0.8214[0m        [35m0.2269[0m       0.9282        [94m0.2113[0m     +  23.8730
      4   0.4118   [32m0.8278[0m        [35m0.2247[0m       0.9289        0.2126        24.1546
      5   [36m0.4221[0m   [32m0.8301[0m        [35m0.2241[0m       0.9289        0.2132        24.3210
Stopping since valid_loss has not improved in the last 3 epochs.
[32m[I 2022-12-10 13:44:50,203][0m Trial 50 finished with value: 0.4221288149074172 and parameters: {'optimizer__lr': 0.00046011573285031573, 'module__dropout': 0.3005708060657438, 'd_model_multiplier': 32, 'module__num_layers': 6, 'module__n_heads': 4, 'module__dim_feedforward': 403, 'iterator_train__batch_size': 157}. Best is trial 42 with value: 0.4455682389151037.[0m
[FileBasedDataset] Initializing dataset...
	Examples: 28559
	Features: 621
	Max length: 120
[FileBasedDataset] Dataset initialization complete
  epoch    auprc    auroc    train_loss    valid_acc    valid_loss    cp      dur
-------  -------  -------  ------------  -----------  ------------  ----  -------
      1   [36m0.3470[0m   [32m0.7859[0m        [35m0.2527[0m       [31m0.9195[0m        [94m0.2398[0m     +  24.3518
      2   0.3349   [32m0.7872[0m        [35m0.2346[0m       0.9170        0.2419        24.8522
      3   0.3408   0.7805        [35m0.2280[0m       0.9195        0.2436        23.9976
      4   [36m0.3638[0m   [32m0.8017[0m        0.2295       0.9188        [94m0.2368[0m     +  24.2367
      5   0.3557   0.7968        [35m0.2264[0m       [31m0.9205[0m        0.2373        24.7548
      6   0.3637   0.7991        0.2277       0.9205        0.2382        23.9890
Stopping since valid_loss has not improved in the last 3 epochs.
[32m[I 2022-12-10 13:47:41,124][0m Trial 51 finished with value: 0.36377505995998144 and parameters: {'optimizer__lr': 0.0005511342599024845, 'module__dropout': 0.2897647236623078, 'd_model_multiplier': 32, 'module__num_layers': 6, 'module__n_heads': 4, 'module__dim_feedforward': 376, 'iterator_train__batch_size': 155}. Best is trial 42 with value: 0.4455682389151037.[0m
[FileBasedDataset] Initializing dataset...
	Examples: 28559
	Features: 621
	Max length: 120
[FileBasedDataset] Dataset initialization complete
  epoch    auprc    auroc    train_loss    valid_acc    valid_loss    cp      dur
-------  -------  -------  ------------  -----------  ------------  ----  -------
      1   [36m0.3237[0m   [32m0.7675[0m        [35m0.2896[0m       [31m0.9293[0m        [94m0.2193[0m     +  23.3046
      2   [36m0.3548[0m   [32m0.7891[0m        [35m0.2339[0m       [31m0.9307[0m        [94m0.2125[0m     +  23.9447
      3   [36m0.3754[0m   [32m0.8035[0m        [35m0.2287[0m       [31m0.9321[0m        [94m0.2084[0m     +  24.3551
      4   [36m0.3790[0m   [32m0.8136[0m        [35m0.2267[0m       [31m0.9324[0m        [94m0.2056[0m     +  24.3645
      5   [36m0.3875[0m   [32m0.8198[0m        [35m0.2233[0m       0.9324        [94m0.2039[0m     +  24.4807
      6   [36m0.3877[0m   [32m0.8208[0m        [35m0.2221[0m       0.9324        [94m0.2036[0m     +  23.5271
      7   [36m0.3898[0m   [32m0.8300[0m        [35m0.2192[0m       [31m0.9335[0m        [94m0.2012[0m     +  24.3003
      8   0.3890   [32m0.8330[0m        [35m0.2175[0m       [31m0.9338[0m        [94m0.2009[0m     +  23.8863
      9   [36m0.4026[0m   [32m0.8442[0m        [35m0.2166[0m       0.9328        [94m0.1972[0m     +  24.4779
     10   [36m0.4068[0m   0.8437        [35m0.2151[0m       [31m0.9345[0m        [94m0.1968[0m     +  24.1024
     11   [36m0.4083[0m   [32m0.8443[0m        [35m0.2143[0m       0.9338        [94m0.1966[0m     +  24.2166
     12   [36m0.4155[0m   [32m0.8556[0m        [35m0.2126[0m       0.9342        [94m0.1934[0m     +  24.5247
     13   [36m0.4186[0m   [32m0.8558[0m        [35m0.2116[0m       0.9328        [94m0.1930[0m     +  24.3699
     14   0.4113   [32m0.8602[0m        [35m0.2110[0m       0.9317        [94m0.1927[0m     +  24.2191
     15   0.4134   [32m0.8629[0m        [35m0.2100[0m       0.9314        [94m0.1917[0m     +  24.6003
[32m[I 2022-12-10 13:53:45,267][0m Trial 52 finished with value: 0.41858271431284044 and parameters: {'optimizer__lr': 0.00010932956933693842, 'module__dropout': 0.30178425567814676, 'd_model_multiplier': 32, 'module__num_layers': 5, 'module__n_heads': 4, 'module__dim_feedforward': 403, 'iterator_train__batch_size': 143}. Best is trial 42 with value: 0.4455682389151037.[0m
[FileBasedDataset] Initializing dataset...
	Examples: 28559
	Features: 621
	Max length: 120
[FileBasedDataset] Dataset initialization complete
  epoch    auprc    auroc    train_loss    valid_acc    valid_loss    cp      dur
-------  -------  -------  ------------  -----------  ------------  ----  -------
      1   [36m0.3070[0m   [32m0.7835[0m        [35m0.2621[0m       [31m0.9114[0m        [94m0.2471[0m     +  24.5027
      2   [36m0.3697[0m   [32m0.8121[0m        [35m0.2288[0m       [31m0.9219[0m        [94m0.2335[0m     +  24.0300
      3   [36m0.3818[0m   [32m0.8200[0m        [35m0.2246[0m       0.9212        [94m0.2320[0m     +  24.1409
      4   0.3807   [32m0.8226[0m        [35m0.2216[0m       0.9202        [94m0.2310[0m     +  24.0399
      5   [36m0.3898[0m   [32m0.8283[0m        [35m0.2195[0m       0.9195        [94m0.2308[0m     +  23.8243
      6   0.3784   0.8243        [35m0.2190[0m       0.9184        0.2331        23.4457
      7   0.3838   0.8281        [35m0.2175[0m       0.9205        0.2320        24.3251
      8   [36m0.3955[0m   [32m0.8295[0m        [35m0.2175[0m       0.9205        [94m0.2303[0m     +  24.4917
      9   0.3910   [32m0.8333[0m        [35m0.2175[0m       0.9212        0.2317        23.5466
     10   [36m0.3961[0m   [32m0.8356[0m        [35m0.2150[0m       0.9202        0.2316        24.0729
Stopping since valid_loss has not improved in the last 3 epochs.
[32m[I 2022-12-10 13:58:10,656][0m Trial 53 finished with value: 0.39611135249642093 and parameters: {'optimizer__lr': 0.0003181444989808522, 'module__dropout': 0.35625131818910033, 'd_model_multiplier': 32, 'module__num_layers': 5, 'module__n_heads': 4, 'module__dim_feedforward': 406, 'iterator_train__batch_size': 141}. Best is trial 42 with value: 0.4455682389151037.[0m
[FileBasedDataset] Initializing dataset...
	Examples: 28559
	Features: 621
	Max length: 120
[FileBasedDataset] Dataset initialization complete
  epoch    auprc    auroc    train_loss    valid_acc    valid_loss    cp      dur
-------  -------  -------  ------------  -----------  ------------  ----  -------
      1   [36m0.1513[0m   [32m0.6546[0m        [35m0.7036[0m       [31m0.4090[0m        [94m0.7048[0m     +  23.2197
      2   0.1513   0.6546        [35m0.7032[0m       0.4090        [94m0.7048[0m     +  22.9931
      3   0.1513   0.6546        0.7033       0.4090        [94m0.7048[0m     +  23.6827
Stopping since valid_loss has not improved in the last 3 epochs.
[32m[I 2022-12-10 13:59:44,217][0m Trial 54 finished with value: 0.15131432789668559 and parameters: {'optimizer__lr': 1.3919302377377257e-10, 'module__dropout': 0.29666036268269597, 'd_model_multiplier': 32, 'module__num_layers': 5, 'module__n_heads': 4, 'module__dim_feedforward': 454, 'iterator_train__batch_size': 121}. Best is trial 42 with value: 0.4455682389151037.[0m
[FileBasedDataset] Initializing dataset...
	Examples: 28559
	Features: 621
	Max length: 120
[FileBasedDataset] Dataset initialization complete
  epoch    auprc    auroc    train_loss    valid_acc    valid_loss    cp      dur
-------  -------  -------  ------------  -----------  ------------  ----  -------
      1   [36m0.2007[0m   [32m0.7160[0m        [35m0.3224[0m       [31m0.9188[0m        [94m0.2570[0m     +  24.0447
      2   [36m0.2755[0m   [32m0.7750[0m        [35m0.2406[0m       [31m0.9195[0m        [94m0.2426[0m     +  23.8188
      3   [36m0.2927[0m   [32m0.7885[0m        [35m0.2330[0m       [31m0.9205[0m        [94m0.2390[0m     +  24.0817
      4   [36m0.2997[0m   [32m0.7951[0m        [35m0.2299[0m       [31m0.9216[0m        [94m0.2380[0m     +  24.4269
      5   [36m0.3066[0m   [32m0.8015[0m        [35m0.2283[0m       0.9216        [94m0.2355[0m     +  24.7984
      6   0.3060   [32m0.8026[0m        [35m0.2260[0m       0.9212        0.2382        24.2870
      7   [36m0.3108[0m   [32m0.8069[0m        [35m0.2251[0m       0.9209        [94m0.2347[0m     +  23.8300
      8   [36m0.3170[0m   [32m0.8088[0m        [35m0.2243[0m       0.9216        [94m0.2317[0m     +  23.9629
      9   [36m0.3249[0m   [32m0.8135[0m        [35m0.2220[0m       [31m0.9219[0m        0.2330        23.6498
     10   [36m0.3298[0m   [32m0.8159[0m        0.2220       [31m0.9223[0m        [94m0.2315[0m     +  23.8403
     11   [36m0.3379[0m   [32m0.8172[0m        [35m0.2205[0m       [31m0.9233[0m        [94m0.2285[0m     +  23.9659
     12   [36m0.3404[0m   [32m0.8191[0m        [35m0.2201[0m       0.9230        [94m0.2278[0m     +  23.6188
     13   [36m0.3478[0m   [32m0.8200[0m        [35m0.2190[0m       [31m0.9240[0m        [94m0.2268[0m     +  24.3298
     14   0.3477   [32m0.8204[0m        [35m0.2176[0m       0.9219        0.2289        24.4997
     15   [36m0.3532[0m   [32m0.8254[0m        [35m0.2165[0m       0.9219        0.2279        24.6410
[32m[I 2022-12-10 14:05:47,345][0m Trial 55 finished with value: 0.3531849919262218 and parameters: {'optimizer__lr': 9.381912898990322e-05, 'module__dropout': 0.4259848753521269, 'd_model_multiplier': 32, 'module__num_layers': 6, 'module__n_heads': 4, 'module__dim_feedforward': 498, 'iterator_train__batch_size': 168}. Best is trial 42 with value: 0.4455682389151037.[0m
[FileBasedDataset] Initializing dataset...
	Examples: 28559
	Features: 621
	Max length: 120
[FileBasedDataset] Dataset initialization complete
  epoch    auprc    auroc    train_loss    valid_acc    valid_loss    cp      dur
-------  -------  -------  ------------  -----------  ------------  ----  -------
      1   [36m0.2173[0m   [32m0.7316[0m        [35m0.2511[0m       [31m0.9083[0m        [94m0.2553[0m     +  23.6747
      2   0.2143   0.7310        0.2555       [31m0.9244[0m        [94m0.2407[0m     +  24.5111
      3   0.2141   [32m0.7323[0m        0.2533       [31m0.9258[0m        [94m0.2396[0m     +  24.2853
      4   [36m0.2206[0m   [32m0.7332[0m        0.2512       0.9258        [94m0.2375[0m     +  24.7559
      5   [36m0.2237[0m   0.7307        0.2527       0.9258        0.2382        24.6844
      6   0.2204   0.7302        0.2519       0.9258        0.2377        24.4553
Stopping since valid_loss has not improved in the last 3 epochs.
[32m[I 2022-12-10 14:08:38,587][0m Trial 56 finished with value: 0.22368263868092564 and parameters: {'optimizer__lr': 0.0015123775579641856, 'module__dropout': 0.3624021984425755, 'd_model_multiplier': 32, 'module__num_layers': 4, 'module__n_heads': 4, 'module__dim_feedforward': 512, 'iterator_train__batch_size': 145}. Best is trial 42 with value: 0.4455682389151037.[0m
[FileBasedDataset] Initializing dataset...
	Examples: 28559
	Features: 621
	Max length: 120
[FileBasedDataset] Dataset initialization complete
  epoch    auprc    auroc    train_loss    valid_acc    valid_loss    cp      dur
-------  -------  -------  ------------  -----------  ------------  ----  -------
      1   [36m0.0552[0m   [32m0.2799[0m        [35m0.6517[0m       [31m0.9170[0m        [94m0.5880[0m     +  24.0254
      2   [36m0.0571[0m   [32m0.2925[0m        [35m0.5535[0m       [31m0.9177[0m        [94m0.4869[0m     +  24.1387
      3   [36m0.0586[0m   [32m0.3128[0m        [35m0.4677[0m       0.9177        [94m0.4109[0m     +  24.2512
      4   [36m0.0628[0m   [32m0.3588[0m        [35m0.4040[0m       0.9177        [94m0.3624[0m     +  24.5585
      5   [36m0.0815[0m   [32m0.4262[0m        [35m0.3611[0m       0.9177        [94m0.3314[0m     +  24.3792
      6   [36m0.1197[0m   [32m0.4880[0m        [35m0.3320[0m       [31m0.9181[0m        [94m0.3103[0m     +  24.8037
      7   [36m0.1545[0m   [32m0.5358[0m        [35m0.3119[0m       0.9181        [94m0.2956[0m     +  24.4329
      8   [36m0.1794[0m   [32m0.5721[0m        [35m0.2962[0m       0.9181        [94m0.2849[0m     +  24.3829
      9   [36m0.1996[0m   [32m0.6048[0m        [35m0.2856[0m       0.9181        [94m0.2771[0m     +  24.5699
     10   [36m0.2138[0m   [32m0.6268[0m        [35m0.2772[0m       0.9181        [94m0.2713[0m     +  23.9893
     11   [36m0.2295[0m   [32m0.6559[0m        [35m0.2702[0m       0.9177        [94m0.2661[0m     +  24.3195
     12   [36m0.2406[0m   [32m0.6781[0m        [35m0.2642[0m       0.9177        [94m0.2616[0m     +  24.3530
     13   [36m0.2544[0m   [32m0.6982[0m        [35m0.2595[0m       0.9174        [94m0.2577[0m     +  23.9671
     14   [36m0.2637[0m   [32m0.7131[0m        [35m0.2544[0m       0.9174        [94m0.2548[0m     +  23.9532
     15   [36m0.2668[0m   [32m0.7171[0m        [35m0.2521[0m       0.9163        [94m0.2529[0m     +  24.1290
[32m[I 2022-12-10 14:14:44,068][0m Trial 57 finished with value: 0.26675452129072713 and parameters: {'optimizer__lr': 4.997164150694094e-06, 'module__dropout': 0.30346511011777905, 'd_model_multiplier': 32, 'module__num_layers': 3, 'module__n_heads': 4, 'module__dim_feedforward': 415, 'iterator_train__batch_size': 173}. Best is trial 42 with value: 0.4455682389151037.[0m
[FileBasedDataset] Initializing dataset...
	Examples: 28559
	Features: 621
	Max length: 120
[FileBasedDataset] Dataset initialization complete
  epoch    auprc    auroc    train_loss    valid_acc    valid_loss    cp      dur
-------  -------  -------  ------------  -----------  ------------  ----  -------
      1   [36m0.0428[0m   [32m0.2662[0m        [35m0.6612[0m       [31m0.9335[0m        [94m0.6129[0m     +  24.0097
      2   [36m0.0432[0m   [32m0.2673[0m        [35m0.5974[0m       0.9335        [94m0.5669[0m     +  24.4083
      3   [36m0.0438[0m   [32m0.2679[0m        [35m0.5572[0m       0.9335        [94m0.5291[0m     +  24.3247
      4   [36m0.0442[0m   [32m0.2689[0m        [35m0.5243[0m       0.9335        [94m0.4965[0m     +  24.4856
      5   [36m0.0444[0m   [32m0.2743[0m        [35m0.4952[0m       0.9335        [94m0.4678[0m     +  24.5193
      6   [36m0.0452[0m   [32m0.2857[0m        [35m0.4699[0m       0.9335        [94m0.4423[0m     +  24.6659
      7   [36m0.0455[0m   [32m0.2984[0m        [35m0.4486[0m       0.9335        [94m0.4197[0m     +  25.2615
      8   [36m0.0508[0m   [32m0.3222[0m        [35m0.4292[0m       0.9335        [94m0.3995[0m     +  24.4517
      9   [36m0.0560[0m   [32m0.3452[0m        [35m0.4120[0m       0.9331        [94m0.3814[0m     +  23.7123
     10   [36m0.0717[0m   [32m0.3656[0m        [35m0.3952[0m       0.9331        [94m0.3653[0m     +  24.1731
     11   [36m0.0722[0m   [32m0.3825[0m        [35m0.3826[0m       0.9331        [94m0.3508[0m     +  24.0943
     12   [36m0.0821[0m   [32m0.4136[0m        [35m0.3694[0m       0.9331        [94m0.3378[0m     +  23.9309
     13   [36m0.0966[0m   [32m0.4214[0m        [35m0.3593[0m       0.9335        [94m0.3262[0m     +  24.5165
     14   [36m0.1041[0m   [32m0.4452[0m        [35m0.3485[0m       0.9335        [94m0.3157[0m     +  23.8459
     15   [36m0.1124[0m   [32m0.4703[0m        [35m0.3400[0m       [31m0.9338[0m        [94m0.3062[0m     +  25.0613
