[32m[I 2022-12-10 19:11:15,597][0m Trial 125 finished with value: 0.22420085982561427 and parameters: {'optimizer__lr': 0.00042468056868554986, 'module__dropout': 0.3096242063752475, 'd_model_multiplier': 64, 'module__num_layers': 9, 'module__n_heads': 8, 'module__dim_feedforward': 425, 'iterator_train__batch_size': 174}. Best is trial 114 with value: 0.4502715663620293.[0m
[FileBasedDataset] Initializing dataset...
	Examples: 28559
	Features: 621
	Max length: 120
[FileBasedDataset] Dataset initialization complete
  epoch    auprc    auroc    train_loss    valid_acc    valid_loss    cp      dur
-------  -------  -------  ------------  -----------  ------------  ----  -------
      1   [36m0.0636[0m   [32m0.3700[0m        [35m0.6250[0m       [31m0.9191[0m        [94m0.5525[0m     +  23.4730
      2   0.0627   0.3621        [35m0.5105[0m       0.9191        [94m0.4476[0m     +  24.3463
      3   [36m0.0920[0m   [32m0.4126[0m        [35m0.4166[0m       0.9191        [94m0.3628[0m     +  24.2926
      4   [36m0.1319[0m   [32m0.5017[0m        [35m0.3450[0m       [31m0.9202[0m        [94m0.3112[0m     +  24.0977
      5   [36m0.1774[0m   [32m0.5848[0m        [35m0.3052[0m       [31m0.9205[0m        [94m0.2850[0m     +  23.9485
      6   [36m0.2130[0m   [32m0.6436[0m        [35m0.2837[0m       0.9205        [94m0.2702[0m     +  23.6432
      7   [36m0.2460[0m   [32m0.6875[0m        [35m0.2705[0m       0.9205        [94m0.2601[0m     +  24.2037
      8   [36m0.2699[0m   [32m0.7171[0m        [35m0.2608[0m       0.9202        [94m0.2524[0m     +  23.6785
      9   [36m0.2846[0m   [32m0.7377[0m        [35m0.2549[0m       0.9202        [94m0.2470[0m     +  23.5777
     10   [36m0.2956[0m   [32m0.7491[0m        [35m0.2498[0m       [31m0.9212[0m        [94m0.2431[0m     +  23.1108
     11   [36m0.3060[0m   [32m0.7563[0m        [35m0.2461[0m       0.9205        [94m0.2402[0m     +  23.5683
     12   [36m0.3136[0m   [32m0.7634[0m        [35m0.2435[0m       0.9195        [94m0.2380[0m     +  23.6235
     13   [36m0.3164[0m   [32m0.7667[0m        [35m0.2410[0m       0.9198        [94m0.2368[0m     +  24.0270
     14   [36m0.3226[0m   [32m0.7741[0m        [35m0.2380[0m       0.9202        [94m0.2353[0m     +  23.1525
     15   [36m0.3232[0m   [32m0.7777[0m        [35m0.2372[0m       0.9198        [94m0.2343[0m     +  24.1808
[32m[I 2022-12-10 19:17:13,107][0m Trial 126 finished with value: 0.32323943847118386 and parameters: {'optimizer__lr': 5.471040688267663e-05, 'module__dropout': 0.17035092925826414, 'd_model_multiplier': 4, 'module__num_layers': 1, 'module__n_heads': 4, 'module__dim_feedforward': 229, 'iterator_train__batch_size': 163}. Best is trial 114 with value: 0.4502715663620293.[0m
[FileBasedDataset] Initializing dataset...
	Examples: 28559
	Features: 621
	Max length: 120
[FileBasedDataset] Dataset initialization complete
  epoch    auprc    auroc    train_loss    valid_acc    valid_loss    cp      dur
-------  -------  -------  ------------  -----------  ------------  ----  -------
      1   [36m0.1379[0m   [32m0.4810[0m        [35m0.4313[0m       [31m0.9198[0m        [94m0.3130[0m     +  22.8753
      2   [36m0.2660[0m   [32m0.7064[0m        [35m0.2786[0m       0.9191        [94m0.2613[0m     +  23.3111
      3   [36m0.3126[0m   [32m0.7458[0m        [35m0.2454[0m       [31m0.9223[0m        [94m0.2431[0m     +  23.2794
      4   [36m0.3165[0m   [32m0.7614[0m        [35m0.2341[0m       [31m0.9240[0m        [94m0.2385[0m     +  23.2206
      5   [36m0.3270[0m   [32m0.7747[0m        [35m0.2304[0m       0.9240        [94m0.2350[0m     +  23.4995
      6   [36m0.3414[0m   [32m0.7839[0m        [35m0.2280[0m       0.9240        [94m0.2318[0m     +  22.8052
      7   [36m0.3511[0m   [32m0.7929[0m        [35m0.2241[0m       [31m0.9247[0m        [94m0.2294[0m     +  23.4440
      8   [36m0.3629[0m   [32m0.8005[0m        [35m0.2229[0m       0.9244        [94m0.2271[0m     +  23.5204
      9   [36m0.3677[0m   [32m0.8041[0m        [35m0.2209[0m       0.9247        [94m0.2255[0m     +  23.8240
     10   [36m0.3753[0m   [32m0.8106[0m        0.2212       [31m0.9251[0m        [94m0.2233[0m     +  23.4149
     11   [36m0.3817[0m   [32m0.8160[0m        [35m0.2190[0m       0.9244        [94m0.2219[0m     +  23.8453
     12   0.3781   0.8133        [35m0.2184[0m       0.9240        0.2224        23.6245
     13   0.3802   [32m0.8179[0m        [35m0.2168[0m       0.9244        0.2220        23.3037
     14   0.3809   [32m0.8202[0m        [35m0.2150[0m       0.9240        [94m0.2212[0m     +  23.5236
     15   [36m0.3906[0m   [32m0.8211[0m        0.2150       0.9247        [94m0.2203[0m     +  23.4465
[32m[I 2022-12-10 19:23:04,615][0m Trial 127 finished with value: 0.3905658538486833 and parameters: {'optimizer__lr': 0.0002877485689464484, 'module__dropout': 0.10896272227134798, 'd_model_multiplier': 4, 'module__num_layers': 2, 'module__n_heads': 4, 'module__dim_feedforward': 382, 'iterator_train__batch_size': 184}. Best is trial 114 with value: 0.4502715663620293.[0m
[FileBasedDataset] Initializing dataset...
	Examples: 28559
	Features: 621
	Max length: 120
[FileBasedDataset] Dataset initialization complete
  epoch    auprc    auroc    train_loss    valid_acc    valid_loss    cp      dur
-------  -------  -------  ------------  -----------  ------------  ----  -------
      1   [36m0.2680[0m   [32m0.7243[0m        [35m0.3523[0m       [31m0.9237[0m        [94m0.2488[0m     +  23.7254
      2   [36m0.2891[0m   [32m0.7405[0m        [35m0.2614[0m       0.9230        [94m0.2394[0m     +  23.6448
      3   [36m0.3567[0m   [32m0.7804[0m        [35m0.2438[0m       [31m0.9244[0m        [94m0.2294[0m     +  23.5759
      4   [36m0.4035[0m   [32m0.7955[0m        [35m0.2386[0m       [31m0.9310[0m        [94m0.2167[0m     +  23.8790
      5   0.4004   0.7927        [35m0.2364[0m       0.9289        [94m0.2160[0m     +  23.8460
      6   [36m0.4116[0m   [32m0.8080[0m        [35m0.2364[0m       [31m0.9321[0m        [94m0.2139[0m     +  24.5988
      7   0.3948   0.7996        [35m0.2359[0m       0.9317        0.2170        23.8441
      8   [36m0.4303[0m   0.8071        [35m0.2335[0m       [31m0.9331[0m        [94m0.2118[0m     +  23.3632
      9   0.4302   [32m0.8097[0m        [35m0.2317[0m       0.9328        [94m0.2104[0m     +  23.6908
     10   [36m0.4434[0m   [32m0.8192[0m        0.2328       0.9328        0.2118        23.9865
     11   0.4232   0.8151        [35m0.2312[0m       0.9307        0.2137        23.5380
     12   0.4328   [32m0.8196[0m        [35m0.2305[0m       0.9317        [94m0.2103[0m     +  23.6645
     13   0.4416   [32m0.8197[0m        [35m0.2287[0m       0.9331        [94m0.2091[0m     +  24.0376
     14   0.4325   [32m0.8239[0m        0.2289       0.9324        [94m0.2086[0m     +  23.4751
     15   0.4180   0.8206        [35m0.2277[0m       0.9314        0.2117        23.6668
[32m[I 2022-12-10 19:29:01,840][0m Trial 128 finished with value: 0.44336126364323264 and parameters: {'optimizer__lr': 0.0009153693578656447, 'module__dropout': 0.2669567515091097, 'd_model_multiplier': 2, 'module__num_layers': 5, 'module__n_heads': 4, 'module__dim_feedforward': 512, 'iterator_train__batch_size': 147}. Best is trial 114 with value: 0.4502715663620293.[0m
[FileBasedDataset] Initializing dataset...
	Examples: 28559
	Features: 621
	Max length: 120
[FileBasedDataset] Dataset initialization complete
  epoch    auprc    auroc    train_loss    valid_acc    valid_loss    cp      dur
-------  -------  -------  ------------  -----------  ------------  ----  -------
      1   [36m0.2133[0m   [32m0.7289[0m        [35m0.2818[0m       [31m0.9244[0m        [94m0.2449[0m     +  23.9362
      2   0.2063   0.7286        [35m0.2610[0m       0.9240        [94m0.2435[0m     +  23.8064
      3   0.2020   [32m0.7313[0m        [35m0.2559[0m       0.9244        0.2444        23.9135
      4   0.2000   0.7294        [35m0.2545[0m       0.9240        0.2449        24.4125
Stopping since valid_loss has not improved in the last 3 epochs.
[32m[I 2022-12-10 19:31:02,769][0m Trial 129 finished with value: 0.21330884278658974 and parameters: {'optimizer__lr': 0.0048315401875167726, 'module__dropout': 0.26863835969205896, 'd_model_multiplier': 2, 'module__num_layers': 4, 'module__n_heads': 4, 'module__dim_feedforward': 500, 'iterator_train__batch_size': 145}. Best is trial 114 with value: 0.4502715663620293.[0m
[FileBasedDataset] Initializing dataset...
	Examples: 28559
	Features: 621
	Max length: 120
[FileBasedDataset] Dataset initialization complete
  epoch    auprc    auroc    train_loss    valid_acc    valid_loss    cp      dur
-------  -------  -------  ------------  -----------  ------------  ----  -------
      1   [36m0.2087[0m   [32m0.6572[0m        [35m0.3272[0m       [31m0.9146[0m        [94m0.2695[0m     +  23.5737
      2   [36m0.3911[0m   [32m0.7933[0m        [35m0.2464[0m       [31m0.9202[0m        [94m0.2345[0m     +  23.8303
      3   [36m0.3973[0m   [32m0.8031[0m        [35m0.2321[0m       [31m0.9226[0m        [94m0.2318[0m     +  23.5889
      4   [36m0.4070[0m   [32m0.8134[0m        [35m0.2309[0m       0.9216        [94m0.2295[0m     +  23.6691
      5   [36m0.4086[0m   [32m0.8135[0m        [35m0.2271[0m       0.9226        [94m0.2279[0m     +  24.0677
      6   0.4062   [32m0.8153[0m        0.2289       0.9226        [94m0.2277[0m     +  24.1275
      7   [36m0.4093[0m   0.8132        [35m0.2257[0m       [31m0.9230[0m        [94m0.2276[0m     +  23.3289
      8   [36m0.4150[0m   [32m0.8170[0m        [35m0.2255[0m       [31m0.9233[0m        [94m0.2267[0m     +  23.4854
      9   [36m0.4156[0m   [32m0.8184[0m        [35m0.2253[0m       0.9230        0.2267        23.8700
     10   [36m0.4182[0m   [32m0.8199[0m        0.2261       0.9226        [94m0.2262[0m     +  23.5016
     11   0.3903   0.8105        0.2274       0.9233        0.2336        23.3707
     12   0.2265   0.7184        0.2322       0.9142        0.2660        23.5693
Stopping since valid_loss has not improved in the last 3 epochs.
[32m[I 2022-12-10 19:36:10,885][0m Trial 130 finished with value: 0.4182076262375168 and parameters: {'optimizer__lr': 0.001091068373447736, 'module__dropout': 0.09375442892281116, 'd_model_multiplier': 2, 'module__num_layers': 5, 'module__n_heads': 4, 'module__dim_feedforward': 511, 'iterator_train__batch_size': 130}. Best is trial 114 with value: 0.4502715663620293.[0m
[FileBasedDataset] Initializing dataset...
	Examples: 28559
	Features: 621
	Max length: 120
[FileBasedDataset] Dataset initialization complete
  epoch    auprc    auroc    train_loss    valid_acc    valid_loss    cp      dur
-------  -------  -------  ------------  -----------  ------------  ----  -------
      1   [36m0.2147[0m   [32m0.6445[0m        [35m0.3372[0m       [31m0.9209[0m        [94m0.2622[0m     +  23.1107
      2   [36m0.3171[0m   [32m0.7693[0m        [35m0.2468[0m       [31m0.9216[0m        [94m0.2333[0m     +  24.1088
      3   [36m0.3309[0m   [32m0.7975[0m        [35m0.2305[0m       [31m0.9230[0m        [94m0.2272[0m     +  23.7182
      4   [36m0.3331[0m   [32m0.7978[0m        [35m0.2299[0m       [31m0.9240[0m        [94m0.2264[0m     +  23.9972
      5   [36m0.3531[0m   [32m0.8077[0m        [35m0.2282[0m       0.9233        [94m0.2226[0m     +  23.9829
      6   [36m0.3566[0m   [32m0.8115[0m        [35m0.2263[0m       0.9237        [94m0.2214[0m     +  24.0370
      7   [36m0.3654[0m   [32m0.8136[0m        [35m0.2257[0m       [31m0.9251[0m        [94m0.2202[0m     +  24.6703
      8   0.3526   [32m0.8188[0m        [35m0.2249[0m       0.9251        0.2216        24.0441
      9   0.3594   0.8160        [35m0.2242[0m       0.9240        0.2209        24.1847
Stopping since valid_loss has not improved in the last 3 epochs.
[32m[I 2022-12-10 19:40:11,565][0m Trial 131 finished with value: 0.36537637947932716 and parameters: {'optimizer__lr': 0.0009072256779498239, 'module__dropout': 0.09363980648368286, 'd_model_multiplier': 2, 'module__num_layers': 5, 'module__n_heads': 4, 'module__dim_feedforward': 508, 'iterator_train__batch_size': 131}. Best is trial 114 with value: 0.4502715663620293.[0m
[FileBasedDataset] Initializing dataset...
	Examples: 28559
	Features: 621
	Max length: 120
[FileBasedDataset] Dataset initialization complete
  epoch    auprc    auroc    train_loss    valid_acc    valid_loss    cp      dur
-------  -------  -------  ------------  -----------  ------------  ----  -------
      1   [36m0.2383[0m   [32m0.6736[0m        [35m0.3165[0m       [31m0.9237[0m        [94m0.2462[0m     +  23.4186
      2   [36m0.2415[0m   [32m0.7016[0m        [35m0.2546[0m       0.9237        [94m0.2424[0m     +  23.6380
      3   [36m0.2468[0m   [32m0.7306[0m        [35m0.2539[0m       0.9237        [94m0.2418[0m     +  24.3192
      4   0.2437   0.7275        [35m0.2539[0m       0.9237        0.2418        24.0866
      5   [36m0.2473[0m   [32m0.7362[0m        [35m0.2532[0m       [31m0.9240[0m        [94m0.2416[0m     +  23.4697
      6   [36m0.2504[0m   [32m0.7428[0m        [35m0.2518[0m       0.9240        [94m0.2415[0m     +  24.2064
      7   [36m0.3663[0m   [32m0.8052[0m        [35m0.2489[0m       [31m0.9244[0m        [94m0.2193[0m     +  23.8704
      8   [36m0.3705[0m   0.7998        [35m0.2357[0m       [31m0.9268[0m        [94m0.2169[0m     +  24.1447
      9   [36m0.3840[0m   0.8030        [35m0.2309[0m       [31m0.9300[0m        [94m0.2136[0m     +  23.8492
     10   0.3829   0.8005        [35m0.2300[0m       0.9289        0.2140        23.7997
     11   [36m0.3883[0m   0.8024        0.2303       [31m0.9324[0m        [94m0.2132[0m     +  23.7248
     12   [36m0.3911[0m   0.8041        [35m0.2264[0m       0.9317        [94m0.2127[0m     +  23.5055
     13   [36m0.3928[0m   [32m0.8068[0m        0.2274       0.9310        [94m0.2111[0m     +  22.8676
     14   [36m0.3931[0m   [32m0.8080[0m        0.2266       0.9296        [94m0.2111[0m     +  23.7095
     15   0.3916   [32m0.8095[0m        0.2293       0.9314        0.2114        23.1668
[32m[I 2022-12-10 19:46:08,091][0m Trial 132 finished with value: 0.39309910153235883 and parameters: {'optimizer__lr': 0.0014312126824767564, 'module__dropout': 0.12380925335273844, 'd_model_multiplier': 2, 'module__num_layers': 5, 'module__n_heads': 4, 'module__dim_feedforward': 505, 'iterator_train__batch_size': 136}. Best is trial 114 with value: 0.4502715663620293.[0m
[FileBasedDataset] Initializing dataset...
	Examples: 28559
	Features: 621
	Max length: 120
[FileBasedDataset] Dataset initialization complete
  epoch    auprc    auroc    train_loss    valid_acc    valid_loss    cp      dur
-------  -------  -------  ------------  -----------  ------------  ----  -------
      1   [36m0.1688[0m   [32m0.6719[0m        [35m0.2908[0m       [31m0.9286[0m        [94m0.2432[0m     +  22.8701
      2   [36m0.1738[0m   [32m0.6813[0m        [35m0.2597[0m       0.9286        [94m0.2412[0m     +  23.8369
      3   [36m0.1767[0m   [32m0.7046[0m        [35m0.2594[0m       0.9286        [94m0.2404[0m     +  23.3968
      4   [36m0.1829[0m   [32m0.7143[0m        [35m0.2566[0m       0.9286        [94m0.2399[0m     +  23.5113
      5   [36m0.1841[0m   [32m0.7181[0m        [35m0.2555[0m       0.9286        [94m0.2382[0m     +  23.7838
      6   0.1835   [32m0.7215[0m        [35m0.2550[0m       0.9286        0.2383        23.4723
      7   [36m0.1869[0m   [32m0.7300[0m        [35m0.2540[0m       0.9286        0.2390        23.0774
      8   0.1845   0.7239        [35m0.2536[0m       0.9286        [94m0.2374[0m     +  23.1290
      9   0.1848   0.7299        [35m0.2526[0m       0.9286        [94m0.2373[0m     +  23.7928
     10   0.1848   0.7291        0.2527       0.9282        0.2375        23.5390
     11   0.1856   0.7289        0.2528       0.9261        0.2379        23.3897
Stopping since valid_loss has not improved in the last 3 epochs.
[32m[I 2022-12-10 19:50:49,956][0m Trial 133 finished with value: 0.18687752402422644 and parameters: {'optimizer__lr': 0.0032458388113621823, 'module__dropout': 0.2929217584005525, 'd_model_multiplier': 2, 'module__num_layers': 6, 'module__n_heads': 4, 'module__dim_feedforward': 512, 'iterator_train__batch_size': 128}. Best is trial 114 with value: 0.4502715663620293.[0m
[FileBasedDataset] Initializing dataset...
	Examples: 28559
	Features: 621
	Max length: 120
[FileBasedDataset] Dataset initialization complete
  epoch    auprc    auroc    train_loss    valid_acc    valid_loss    cp      dur
-------  -------  -------  ------------  -----------  ------------  ----  -------
      1   [36m0.1624[0m   [32m0.5610[0m        [35m0.3917[0m       [31m0.9251[0m        [94m0.2709[0m     +  23.9947
      2   [36m0.3395[0m   [32m0.7288[0m        [35m0.2541[0m       [31m0.9317[0m        [94m0.2309[0m     +  24.2602
      3   [36m0.3451[0m   [32m0.7667[0m        [35m0.2362[0m       0.9314        [94m0.2219[0m     +  23.7054
      4   [36m0.3502[0m   0.7641        [35m0.2307[0m       0.9310        [94m0.2179[0m     +  23.7719
      5   0.3456   [32m0.7675[0m        [35m0.2300[0m       0.9296        0.2182        24.0547
      6   [36m0.3635[0m   [32m0.7907[0m        [35m0.2280[0m       0.9300        [94m0.2147[0m     +  23.9880
      7   [36m0.3702[0m   [32m0.8064[0m        [35m0.2261[0m       [31m0.9328[0m        [94m0.2113[0m     +  23.9731
      8   0.3697   [32m0.8083[0m        [35m0.2252[0m       [31m0.9331[0m        [94m0.2100[0m     +  24.1937
      9   [36m0.3830[0m   [32m0.8218[0m        [35m0.2237[0m       0.9321        [94m0.2081[0m     +  24.3688
     10   [36m0.3908[0m   [32m0.8258[0m        [35m0.2220[0m       0.9303        [94m0.2040[0m     +  24.0678
     11   [36m0.4010[0m   [32m0.8348[0m        [35m0.2206[0m       0.9310        [94m0.2006[0m     +  24.4838
     12   0.3981   [32m0.8357[0m        [35m0.2195[0m       0.9310        0.2009        24.8743
     13   [36m0.4068[0m   0.8340        [35m0.2195[0m       0.9321        0.2012        25.3128
Stopping since valid_loss has not improved in the last 3 epochs.
[32m[I 2022-12-10 19:56:30,267][0m Trial 134 finished with value: 0.406804831721391 and parameters: {'optimizer__lr': 0.000715245743795742, 'module__dropout': 0.08250064005784774, 'd_model_multiplier': 2, 'module__num_layers': 5, 'module__n_heads': 4, 'module__dim_feedforward': 490, 'iterator_train__batch_size': 152}. Best is trial 114 with value: 0.4502715663620293.[0m
[FileBasedDataset] Initializing dataset...
	Examples: 28559
	Features: 621
	Max length: 120
[FileBasedDataset] Dataset initialization complete
  epoch    auprc    auroc    train_loss    valid_acc    valid_loss    cp      dur
-------  -------  -------  ------------  -----------  ------------  ----  -------
      1   [36m0.2822[0m   [32m0.7145[0m        [35m0.3095[0m       [31m0.9177[0m        [94m0.2553[0m     +  23.2422
      2   [36m0.3858[0m   [32m0.7664[0m        [35m0.2569[0m       [31m0.9219[0m        [94m0.2345[0m     +  23.9497
      3   0.3844   [32m0.7756[0m        [35m0.2429[0m       [31m0.9237[0m        [94m0.2318[0m     +  24.1314
      4   [36m0.3912[0m   0.7753        [35m0.2399[0m       0.9230        [94m0.2304[0m     +  24.7670
      5   0.3867   [32m0.7783[0m        [35m0.2371[0m       [31m0.9254[0m        [94m0.2304[0m     +  24.1004
      6   [36m0.3913[0m   [32m0.7874[0m        [35m0.2351[0m       0.9247        [94m0.2291[0m     +  24.2902
      7   [36m0.3944[0m   0.7839        [35m0.2330[0m       [31m0.9261[0m        0.2294        23.7294
      8   [36m0.3959[0m   0.7791        [35m0.2326[0m       [31m0.9268[0m        [94m0.2279[0m     +  23.8691
      9   [36m0.3985[0m   [32m0.7925[0m        [35m0.2300[0m       0.9251        [94m0.2271[0m     +  24.2884
     10   [36m0.4073[0m   0.7898        0.2309       0.9268        0.2272        24.1338
     11   0.3984   [32m0.7928[0m        [35m0.2290[0m       0.9268        0.2276        24.2971
     12   [36m0.4101[0m   0.7901        0.2294       [31m0.9275[0m        [94m0.2263[0m     +  24.0017
     13   [36m0.4110[0m   0.7908        [35m0.2273[0m       0.9275        0.2272        24.1177
     14   0.4089   [32m0.8055[0m        [35m0.2254[0m       0.9275        [94m0.2240[0m     +  23.7805
     15   0.4012   0.8007        0.2266       0.9261        0.2261        23.3515
