[32m[I 2022-12-28 14:11:37,803][0m Trial 64 finished with value: 0.13345308876262466 and parameters: {'optimizer__lr': 0.014373150343716818, 'module__dropout': 0.6167814434675436, 'd_model_multiplier': 2, 'module__num_layers': 4, 'module__n_heads': 4, 'module__dim_feedforward': 275, 'iterator_train__batch_size': 99}. Best is trial 30 with value: 0.2522550651870843.[0m
[FileBasedDataset] Initializing dataset...
	Examples: 11988
	Features: 621
	Max length: 574
[FileBasedDataset] Dataset initialization complete
  epoch    auprc    auroc    train_loss    valid_acc    valid_loss    cp      dur
-------  -------  -------  ------------  -----------  ------------  ----  -------
      1   [36m0.0908[0m   [32m0.4478[0m        [35m0.6798[0m       [31m0.7123[0m        [94m0.6650[0m     +  18.8276
      2   0.0897   0.4449        [35m0.6789[0m       [31m0.7148[0m        [94m0.6640[0m     +  19.3263
      3   0.0886   0.4421        [35m0.6785[0m       [31m0.7206[0m        [94m0.6629[0m     +  19.0026
      4   0.0884   0.4403        [35m0.6756[0m       [31m0.7214[0m        [94m0.6619[0m     +  19.3506
      5   0.0875   0.4380        0.6767       [31m0.7239[0m        [94m0.6609[0m     +  19.2356
      6   0.0867   0.4354        [35m0.6753[0m       [31m0.7314[0m        [94m0.6599[0m     +  19.5595
      7   0.0861   0.4335        [35m0.6748[0m       [31m0.7381[0m        [94m0.6589[0m     +  18.9836
      8   0.0855   0.4308        [35m0.6740[0m       [31m0.7440[0m        [94m0.6578[0m     +  19.1489
      9   0.0850   0.4290        [35m0.6731[0m       [31m0.7548[0m        [94m0.6568[0m     +  19.1981
     10   0.0846   0.4270        [35m0.6718[0m       [31m0.7615[0m        [94m0.6558[0m     +  19.4581
     11   0.0842   0.4251        [35m0.6713[0m       [31m0.7640[0m        [94m0.6549[0m     +  19.3020
     12   0.0835   0.4229        [35m0.6697[0m       [31m0.7648[0m        [94m0.6540[0m     +  19.3189
     13   0.0829   0.4209        [35m0.6677[0m       [31m0.7690[0m        [94m0.6530[0m     +  19.1209
     14   0.0824   0.4186        0.6684       [31m0.7715[0m        [94m0.6519[0m     +  19.2273
     15   0.0820   0.4168        0.6690       [31m0.7756[0m        [94m0.6510[0m     +  19.0978
[32m[I 2022-12-28 14:16:27,833][0m Trial 65 finished with value: 0.09080431814543895 and parameters: {'optimizer__lr': 3.0383725599539674e-09, 'module__dropout': 0.6793120552260693, 'd_model_multiplier': 32, 'module__num_layers': 1, 'module__n_heads': 16, 'module__dim_feedforward': 478, 'iterator_train__batch_size': 64}. Best is trial 30 with value: 0.2522550651870843.[0m
[FileBasedDataset] Initializing dataset...
	Examples: 11988
	Features: 621
	Max length: 574
[FileBasedDataset] Dataset initialization complete
  epoch    auprc    auroc    train_loss    valid_acc    valid_loss    cp      dur
-------  -------  -------  ------------  -----------  ------------  ----  -------
      1   [36m0.1733[0m   [32m0.6592[0m        [35m0.3748[0m       [31m0.8899[0m        [94m0.3071[0m     +  17.1798
      2   [36m0.1746[0m   0.6244        [35m0.3252[0m       [31m0.9108[0m        0.3183        18.0813
      3   0.1699   0.6351        [35m0.3163[0m       0.9108        0.4064        17.9561
Stopping since valid_loss has not improved in the last 3 epochs.
[32m[I 2022-12-28 14:17:38,678][0m Trial 66 finished with value: 0.17457178873655807 and parameters: {'optimizer__lr': 0.0020894426414051447, 'module__dropout': 0.6533663708543878, 'd_model_multiplier': 8, 'module__num_layers': 3, 'module__n_heads': 4, 'module__dim_feedforward': 218, 'iterator_train__batch_size': 39}. Best is trial 30 with value: 0.2522550651870843.[0m
[FileBasedDataset] Initializing dataset...
	Examples: 11988
	Features: 621
	Max length: 574
[FileBasedDataset] Dataset initialization complete
  epoch    auprc    auroc    train_loss    valid_acc    valid_loss    cp      dur
-------  -------  -------  ------------  -----------  ------------  ----  -------
      1   [36m0.1226[0m   [32m0.5622[0m        [35m0.3722[0m       [31m0.9191[0m        [94m0.3739[0m     +  90.1955
      2   [36m0.1455[0m   [32m0.6167[0m        [35m0.3258[0m       [31m0.9208[0m        [94m0.3467[0m     +  90.2712
      3   0.1430   0.6156        [35m0.3165[0m       0.9208        0.3709        90.2809
      4   [36m0.1507[0m   [32m0.6214[0m        [35m0.3136[0m       0.9174        0.3646        90.3356
Stopping since valid_loss has not improved in the last 3 epochs.
[32m[I 2022-12-28 14:25:10,430][0m Trial 67 finished with value: 0.15066753327201246 and parameters: {'optimizer__lr': 0.0007873549713315878, 'module__dropout': 0.5545460764482637, 'd_model_multiplier': 16, 'module__num_layers': 9, 'module__n_heads': 16, 'module__dim_feedforward': 323, 'iterator_train__batch_size': 26}. Best is trial 30 with value: 0.2522550651870843.[0m
[FileBasedDataset] Initializing dataset...
	Examples: 11988
	Features: 621
	Max length: 574
[FileBasedDataset] Dataset initialization complete
  epoch    auprc    auroc    train_loss    valid_acc    valid_loss    cp      dur
-------  -------  -------  ------------  -----------  ------------  ----  -------
      1   [36m0.1225[0m   [32m0.5308[0m        [35m0.4173[0m       [31m0.9141[0m        [94m0.3011[0m     +  26.2498
      2   [36m0.1375[0m   [32m0.5866[0m        [35m0.3181[0m       0.9141        [94m0.2908[0m     +  26.3487
      3   [36m0.1455[0m   [32m0.6066[0m        [35m0.3142[0m       0.9141        [94m0.2871[0m     +  26.2736
      4   [36m0.1472[0m   [32m0.6207[0m        [35m0.3087[0m       0.9141        [94m0.2868[0m     +  26.5792
      5   0.1450   [32m0.6241[0m        0.3111       0.9141        0.2881        26.6288
      6   [36m0.1475[0m   [32m0.6296[0m        [35m0.3081[0m       0.9141        0.2886        26.3509
Stopping since valid_loss has not improved in the last 3 epochs.
[32m[I 2022-12-28 14:28:15,848][0m Trial 68 finished with value: 0.14747412389225487 and parameters: {'optimizer__lr': 0.0003251019345360043, 'module__dropout': 0.6849085941034466, 'd_model_multiplier': 2, 'module__num_layers': 8, 'module__n_heads': 4, 'module__dim_feedforward': 449, 'iterator_train__batch_size': 129}. Best is trial 30 with value: 0.2522550651870843.[0m
[FileBasedDataset] Initializing dataset...
	Examples: 11988
	Features: 621
	Max length: 574
[FileBasedDataset] Dataset initialization complete
  epoch    auprc    auroc    train_loss    valid_acc    valid_loss    cp      dur
-------  -------  -------  ------------  -----------  ------------  ----  -------
      1   [36m0.1824[0m   [32m0.6726[0m        [35m0.3687[0m       [31m0.9074[0m        [94m0.3825[0m     +  17.6012
      2   0.1533   0.6630        [35m0.3153[0m       0.9074        0.4160        18.0838
      3   0.1613   0.6583        [35m0.3145[0m       0.9074        0.4309        17.8933
Stopping since valid_loss has not improved in the last 3 epochs.
[32m[I 2022-12-28 14:29:27,409][0m Trial 69 finished with value: 0.18239038639554944 and parameters: {'optimizer__lr': 0.004419253261680516, 'module__dropout': 0.5312019832274755, 'd_model_multiplier': 8, 'module__num_layers': 2, 'module__n_heads': 4, 'module__dim_feedforward': 259, 'iterator_train__batch_size': 52}. Best is trial 30 with value: 0.2522550651870843.[0m
[FileBasedDataset] Initializing dataset...
	Examples: 11988
	Features: 621
	Max length: 574
[FileBasedDataset] Dataset initialization complete
Warning, assumed runtime error: CUDA out of memory. Tried to allocate 3.50 GiB (GPU 0; 23.70 GiB total capacity; 18.26 GiB already allocated; 395.31 MiB free; 22.32 GiB reserved in total by PyTorch) If reserved memory is >> allocated memory try setting max_split_size_mb to avoid fragmentation.  See documentation for Memory Management and PYTORCH_CUDA_ALLOC_CONF
[32m[I 2022-12-28 14:29:31,509][0m Trial 70 finished with value: 0.0 and parameters: {'optimizer__lr': 1.0036733398605479e-05, 'module__dropout': 0.3039998024306459, 'd_model_multiplier': 64, 'module__num_layers': 5, 'module__n_heads': 32, 'module__dim_feedforward': 189, 'iterator_train__batch_size': 89}. Best is trial 30 with value: 0.2522550651870843.[0m
[FileBasedDataset] Initializing dataset...
	Examples: 11988
	Features: 621
	Max length: 574
[FileBasedDataset] Dataset initialization complete
  epoch    auprc    auroc    train_loss    valid_acc    valid_loss    cp      dur
-------  -------  -------  ------------  -----------  ------------  ----  -------
      1   [36m0.1614[0m   [32m0.6055[0m        [35m0.5542[0m       [31m0.8849[0m        [94m0.4683[0m     +  17.8048
      2   0.1517   [32m0.6142[0m        [35m0.3745[0m       [31m0.9158[0m        [94m0.4155[0m     +  18.6018
      3   0.0970   0.4268        [35m0.3576[0m       [31m0.9199[0m        0.4769        18.3261
      4   0.1155   0.4468        0.3634       0.9191        [94m0.3938[0m     +  18.2209
      5   0.1262   0.5413        0.3622       [31m0.9208[0m        [94m0.3590[0m     +  18.2703
      6   0.1598   0.5602        0.3722       0.9141        [94m0.3423[0m     +  17.9679
      7   0.1270   0.5329        0.3663       0.9149        0.3497        17.8508
      8   0.1093   0.5104        0.4005       0.9158        [94m0.3374[0m     +  18.3300
      9   0.1034   0.4688        0.3974       0.9174        0.3488        18.0483
     10   0.1300   0.4931        0.4115       0.9199        [94m0.3283[0m     +  17.9555
     11   0.0957   0.3799        0.4306       0.9183        0.4226        18.1908
     12   0.1033   0.4033        0.4447       0.9166        0.3927        18.1457
     13   0.1208   0.4951        0.4307       0.9166        [94m0.3280[0m     +  18.1372
     14   0.0565   0.3229        0.4512       0.9199        0.5296        18.0697
     15   0.0566   0.3285        0.4617       0.9199        0.6577        18.0165
[32m[I 2022-12-28 14:34:03,797][0m Trial 71 finished with value: 0.16143918655646636 and parameters: {'optimizer__lr': 0.03987044520708177, 'module__dropout': 0.6149313465127831, 'd_model_multiplier': 8, 'module__num_layers': 1, 'module__n_heads': 4, 'module__dim_feedforward': 306, 'iterator_train__batch_size': 106}. Best is trial 30 with value: 0.2522550651870843.[0m
[FileBasedDataset] Initializing dataset...
	Examples: 11988
	Features: 621
	Max length: 574
[FileBasedDataset] Dataset initialization complete
  epoch    auprc    auroc    train_loss    valid_acc    valid_loss    cp      dur
-------  -------  -------  ------------  -----------  ------------  ----  -------
      1   [36m0.0931[0m   [32m0.4113[0m        [35m0.4350[0m       [31m0.5188[0m        [94m0.7376[0m     +  17.5978
      2   [36m0.0973[0m   [32m0.4342[0m        [35m0.3364[0m       0.3486        0.8921        18.4557
      3   0.0799   0.3819        [35m0.3237[0m       [31m0.9008[0m        [94m0.3925[0m     +  17.9090
      4   0.0821   0.3875        [35m0.3175[0m       0.8999        0.4107        17.5885
      5   0.0866   0.4143        [35m0.3116[0m       0.8999        [94m0.3764[0m     +  17.7804
      6   0.0916   [32m0.4425[0m        [35m0.3081[0m       0.8999        [94m0.3408[0m     +  17.8031
      7   [36m0.1479[0m   [32m0.5428[0m        [35m0.3081[0m       0.9008        [94m0.3281[0m     +  17.9269
      8   [36m0.1598[0m   [32m0.5957[0m        0.3098       0.8999        [94m0.3182[0m     +  17.9488
      9   [36m0.1727[0m   [32m0.6174[0m        0.3084       0.8991        [94m0.3174[0m     +  17.5171
     10   0.1590   [32m0.6210[0m        0.3128       0.8999        0.3190        18.3421
     11   0.1618   [32m0.6269[0m        0.3109       0.8757        0.3554        17.5759
Stopping since valid_loss has not improved in the last 3 epochs.
[32m[I 2022-12-28 14:37:38,029][0m Trial 72 finished with value: 0.17266991409344695 and parameters: {'optimizer__lr': 0.017197731208305686, 'module__dropout': 0.6239251885461424, 'd_model_multiplier': 8, 'module__num_layers': 1, 'module__n_heads': 4, 'module__dim_feedforward': 352, 'iterator_train__batch_size': 101}. Best is trial 30 with value: 0.2522550651870843.[0m
[FileBasedDataset] Initializing dataset...
	Examples: 11988
	Features: 621
	Max length: 574
[FileBasedDataset] Dataset initialization complete
  epoch    auprc    auroc    train_loss    valid_acc    valid_loss    cp      dur
-------  -------  -------  ------------  -----------  ------------  ----  -------
      1   [36m0.1715[0m   [32m0.6044[0m        [35m0.4298[0m       [31m0.8824[0m        [94m0.3890[0m     +  17.4653
      2   [36m0.1774[0m   [32m0.6164[0m        [35m0.3497[0m       [31m0.8891[0m        [94m0.3817[0m     +  18.1514
      3   [36m0.1797[0m   [32m0.6240[0m        [35m0.3296[0m       0.8882        [94m0.3662[0m     +  17.5509
      4   0.1790   [32m0.6263[0m        [35m0.3218[0m       [31m0.8991[0m        [94m0.3145[0m     +  17.6758
      5   [36m0.1820[0m   [32m0.6323[0m        [35m0.3145[0m       [31m0.9058[0m        [94m0.2996[0m     +  17.9258
      6   0.1820   0.6285        0.3150       [31m0.9091[0m        0.3060        17.5446
      7   [36m0.1841[0m   0.6250        [35m0.3105[0m       [31m0.9099[0m        0.3116        17.7590
Stopping since valid_loss has not improved in the last 3 epochs.
[32m[I 2022-12-28 14:40:00,002][0m Trial 73 finished with value: 0.18405083453248244 and parameters: {'optimizer__lr': 0.00870863969517873, 'module__dropout': 0.6448700830936224, 'd_model_multiplier': 8, 'module__num_layers': 1, 'module__n_heads': 4, 'module__dim_feedforward': 282, 'iterator_train__batch_size': 69}. Best is trial 30 with value: 0.2522550651870843.[0m
[FileBasedDataset] Initializing dataset...
	Examples: 11988
	Features: 621
	Max length: 574
[FileBasedDataset] Dataset initialization complete
  epoch    auprc    auroc    train_loss    valid_acc    valid_loss    cp      dur
-------  -------  -------  ------------  -----------  ------------  ----  -------
      1   [36m0.1401[0m   [32m0.5320[0m        [35m0.3375[0m       [31m0.8966[0m        [94m0.3611[0m     +  17.8478
      2   [36m0.1912[0m   [32m0.6328[0m        [35m0.3263[0m       0.8916        [94m0.3333[0m     +  18.4993
      3   0.1675   0.6327        [35m0.3203[0m       0.8966        0.3636        18.1692
      4   [36m0.1977[0m   [32m0.6494[0m        [35m0.3110[0m       0.8966        0.3692        18.4616
Stopping since valid_loss has not improved in the last 3 epochs.
[32m[I 2022-12-28 14:41:31,704][0m Trial 74 finished with value: 0.1976845353488935 and parameters: {'optimizer__lr': 0.0015689267330743443, 'module__dropout': 0.57571897565953, 'd_model_multiplier': 8, 'module__num_layers': 2, 'module__n_heads': 4, 'module__dim_feedforward': 328, 'iterator_train__batch_size': 82}. Best is trial 30 with value: 0.2522550651870843.[0m
[FileBasedDataset] Initializing dataset...
	Examples: 11988
	Features: 621
	Max length: 574
[FileBasedDataset] Dataset initialization complete
  epoch    auprc    auroc    train_loss    valid_acc    valid_loss    cp      dur
-------  -------  -------  ------------  -----------  ------------  ----  -------
      1   [36m0.1386[0m   [32m0.5184[0m        [35m1.5305[0m       [31m0.8857[0m        [94m1.1018[0m     +  30.7103
      2   [36m0.1433[0m   [32m0.5264[0m        [35m0.5343[0m       0.8849        [94m0.5087[0m     +  31.2629
      3   0.1230   0.4626        [35m0.5283[0m       [31m0.8882[0m        0.8254        31.0465
      4   0.1220   0.4359        0.5953       [31m0.8932[0m        0.8923        31.1750
Stopping since valid_loss has not improved in the last 3 epochs.
[32m[I 2022-12-28 14:44:07,102][0m Trial 75 finished with value: 0.14330555015510815 and parameters: {'optimizer__lr': 0.0566481002379687, 'module__dropout': 0.596903974453572, 'd_model_multiplier': 4, 'module__num_layers': 3, 'module__n_heads': 16, 'module__dim_feedforward': 262, 'iterator_train__batch_size': 109}. Best is trial 30 with value: 0.2522550651870843.[0m
[FileBasedDataset] Initializing dataset...
	Examples: 11988
	Features: 621
	Max length: 574
[FileBasedDataset] Dataset initialization complete
  epoch    auprc    auroc    train_loss    valid_acc    valid_loss    cp      dur
-------  -------  -------  ------------  -----------  ------------  ----  -------
      1   [36m0.1119[0m   [32m0.4656[0m        [35m0.7128[0m       [31m0.2719[0m        [94m0.7196[0m     +  17.2339
      2   0.1038   0.4528        [35m0.7066[0m       [31m0.2952[0m        [94m0.7132[0m     +  17.3178
      3   0.1006   0.4409        [35m0.6989[0m       [31m0.3244[0m        [94m0.7077[0m     +  17.8049
      4   0.0976   0.4298        [35m0.6948[0m       [31m0.3578[0m        [94m0.7020[0m     +  17.5094
      5   0.0898   0.4223        [35m0.6919[0m       [31m0.4178[0m        [94m0.6961[0m     +  17.8772
      6   0.0866   0.4142        [35m0.6855[0m       [31m0.4662[0m        [94m0.6904[0m     +  17.9223
      7   0.0838   0.4050        [35m0.6805[0m       [31m0.4987[0m        [94m0.6848[0m     +  17.9777
      8   0.0794   0.3983        [35m0.6725[0m       [31m0.5455[0m        [94m0.6790[0m     +  17.7339
      9   0.0763   0.3933        [35m0.6688[0m       [31m0.5930[0m        [94m0.6737[0m     +  17.6013
     10   0.0740   0.3877        [35m0.6647[0m       [31m0.6314[0m        [94m0.6684[0m     +  17.5573
     11   0.0723   0.3829        [35m0.6587[0m       [31m0.6631[0m        [94m0.6633[0m     +  17.6696
     12   0.0710   0.3778        [35m0.6543[0m       [31m0.7039[0m        [94m0.6582[0m     +  18.0292
     13   0.0695   0.3721        [35m0.6510[0m       [31m0.7381[0m        [94m0.6530[0m     +  17.6578
     14   0.0685   0.3671        [35m0.6442[0m       [31m0.7615[0m        [94m0.6484[0m     +  17.5337
     15   0.0677   0.3628        [35m0.6391[0m       [31m0.7890[0m        [94m0.6439[0m     +  17.6812
[32m[I 2022-12-28 14:48:32,881][0m Trial 76 finished with value: 0.11190931793652621 and parameters: {'optimizer__lr': 1.1378614646987235e-06, 'module__dropout': 0.6846052078202759, 'd_model_multiplier': 1, 'module__num_layers': 1, 'module__n_heads': 4, 'module__dim_feedforward': 300, 'iterator_train__batch_size': 43}. Best is trial 30 with value: 0.2522550651870843.[0m
[FileBasedDataset] Initializing dataset...
	Examples: 11988
	Features: 621
	Max length: 574
[FileBasedDataset] Dataset initialization complete
  epoch    auprc    auroc    train_loss    valid_acc    valid_loss    cp      dur
-------  -------  -------  ------------  -----------  ------------  ----  -------
      1   [36m0.1431[0m   [32m0.6100[0m        [35m0.9306[0m       [31m0.9074[0m        [94m0.3228[0m     +  43.4184
      2   0.1369   [32m0.6151[0m        [35m0.3089[0m       0.9074        [94m0.3089[0m     +  43.7484
      3   [36m0.1447[0m   [32m0.6217[0m        [35m0.3054[0m       0.9074        [94m0.3039[0m     +  43.4497
      4   [36m0.1531[0m   [32m0.6234[0m        [35m0.3029[0m       0.9049        0.3087        43.3946
      5   [36m0.1581[0m   0.6200        0.3034       0.9074        [94m0.3031[0m     +  43.8482
      6   0.1466   0.6091        [35m0.3006[0m       0.9074        [94m0.3027[0m     +  43.6698
      7   0.1576   0.6218        0.3037       0.9074        [94m0.3021[0m     +  43.3049
      8   0.1481   0.6071        0.3008       0.9058        0.3051        43.2757
      9   0.1298   0.5711        0.3064       0.9041        0.3136        43.4884
Stopping since valid_loss has not improved in the last 3 epochs.
[32m[I 2022-12-28 14:55:48,866][0m Trial 77 finished with value: 0.15813279614662243 and parameters: {'optimizer__lr': 0.029398363294463693, 'module__dropout': 0.020359683723990024, 'd_model_multiplier': 8, 'module__num_layers': 15, 'module__n_heads': 4, 'module__dim_feedforward': 501, 'iterator_train__batch_size': 74}. Best is trial 30 with value: 0.2522550651870843.[0m
[FileBasedDataset] Initializing dataset...
	Examples: 11988
	Features: 621
	Max length: 574
[FileBasedDataset] Dataset initialization complete
  epoch    auprc    auroc    train_loss    valid_acc    valid_loss    cp      dur
-------  -------  -------  ------------  -----------  ------------  ----  -------
      1   [36m0.2221[0m   [32m0.6530[0m        [35m0.3715[0m       [31m0.8682[0m        [94m0.3731[0m     +  22.2629
      2   0.2029   0.6011        [35m0.3274[0m       [31m0.8899[0m        0.4828        22.4009
      3   0.2187   0.6456        [35m0.3136[0m       0.8899        0.4141        22.6629
Stopping since valid_loss has not improved in the last 3 epochs.
[32m[I 2022-12-28 14:57:18,719][0m Trial 78 finished with value: 0.222051079163197 and parameters: {'optimizer__lr': 0.0029189935188209996, 'module__dropout': 0.6538501806622588, 'd_model_multiplier': 2, 'module__num_layers': 2, 'module__n_heads': 16, 'module__dim_feedforward': 488, 'iterator_train__batch_size': 90}. Best is trial 30 with value: 0.2522550651870843.[0m
[FileBasedDataset] Initializing dataset...
	Examples: 11988
	Features: 621
	Max length: 574
[FileBasedDataset] Dataset initialization complete
  epoch    auprc    auroc    train_loss    valid_acc    valid_loss    cp      dur
-------  -------  -------  ------------  -----------  ------------  ----  -------
      1   [36m0.1893[0m   [32m0.6399[0m        [35m0.3418[0m       [31m0.9033[0m        [94m0.3258[0m     +  21.4217
      2   0.1826   [32m0.6451[0m        [35m0.3095[0m       0.9033        0.3324        21.6223
      3   0.1683   0.6432        [35m0.3005[0m       0.9024        0.3344        21.3881
Stopping since valid_loss has not improved in the last 3 epochs.
