[32m[I 2022-12-28 13:35:22,564][0m Trial 48 finished with value: 0.0 and parameters: {'optimizer__lr': 1.406915003787863e-07, 'module__dropout': 0.5908704528022266, 'd_model_multiplier': 2, 'module__num_layers': 7, 'module__n_heads': 64, 'module__dim_feedforward': 436, 'iterator_train__batch_size': 94}. Best is trial 30 with value: 0.2522550651870843.[0m
[FileBasedDataset] Initializing dataset...
	Examples: 11988
	Features: 621
	Max length: 574
[FileBasedDataset] Dataset initialization complete
  epoch    auprc    auroc    train_loss    valid_acc    valid_loss    cp      dur
-------  -------  -------  ------------  -----------  ------------  ----  -------
      1   [36m0.1670[0m   [32m0.6292[0m        [35m0.3209[0m       [31m0.8991[0m        [94m0.3300[0m     +  24.2248
      2   0.1661   0.6223        [35m0.3058[0m       0.8982        [94m0.3277[0m     +  24.2106
      3   0.1463   0.5939        [35m0.3058[0m       0.8982        0.3467        24.5289
      4   [36m0.1743[0m   0.6174        0.3108       0.8924        0.3346        24.4470
Stopping since valid_loss has not improved in the last 3 epochs.
[32m[I 2022-12-28 13:37:24,334][0m Trial 49 finished with value: 0.1742967069553617 and parameters: {'optimizer__lr': 0.00016579905878898204, 'module__dropout': 0.44075942263574897, 'd_model_multiplier': 32, 'module__num_layers': 3, 'module__n_heads': 8, 'module__dim_feedforward': 239, 'iterator_train__batch_size': 116}. Best is trial 30 with value: 0.2522550651870843.[0m
[FileBasedDataset] Initializing dataset...
	Examples: 11988
	Features: 621
	Max length: 574
[FileBasedDataset] Dataset initialization complete
  epoch    auprc    auroc    train_loss    valid_acc    valid_loss    cp      dur
-------  -------  -------  ------------  -----------  ------------  ----  -------
      1   [36m0.1323[0m   [32m0.5232[0m        [35m0.4151[0m       [31m0.9116[0m        [94m0.3069[0m     +  18.3134
      2   [36m0.1531[0m   [32m0.6196[0m        [35m0.3093[0m       0.9116        [94m0.2913[0m     +  18.7402
      3   [36m0.1602[0m   [32m0.6387[0m        [35m0.3017[0m       0.9116        [94m0.2886[0m     +  18.6007
      4   [36m0.1634[0m   [32m0.6430[0m        [35m0.2993[0m       0.9116        [94m0.2879[0m     +  18.8248
      5   [36m0.1646[0m   [32m0.6444[0m        [35m0.2990[0m       0.9116        [94m0.2878[0m     +  18.5881
      6   [36m0.1716[0m   [32m0.6472[0m        [35m0.2966[0m       0.9116        [94m0.2870[0m     +  18.5668
      7   0.1668   0.6462        0.2972       0.9108        0.2873        18.7838
      8   0.1659   0.6449        [35m0.2962[0m       0.9116        0.2876        18.3652
Stopping since valid_loss has not improved in the last 3 epochs.
[32m[I 2022-12-28 13:40:12,358][0m Trial 50 finished with value: 0.17155825699470229 and parameters: {'optimizer__lr': 3.360934840418471e-05, 'module__dropout': 0.19081565529822334, 'd_model_multiplier': 8, 'module__num_layers': 4, 'module__n_heads': 4, 'module__dim_feedforward': 480, 'iterator_train__batch_size': 74}. Best is trial 30 with value: 0.2522550651870843.[0m
[FileBasedDataset] Initializing dataset...
	Examples: 11988
	Features: 621
	Max length: 574
[FileBasedDataset] Dataset initialization complete
  epoch    auprc    auroc    train_loss    valid_acc    valid_loss    cp      dur
-------  -------  -------  ------------  -----------  ------------  ----  -------
      1   [36m0.2029[0m   [32m0.6851[0m        [35m0.3917[0m       [31m0.9033[0m        [94m0.3634[0m     +  17.6495
      2   [36m0.2037[0m   [32m0.6970[0m        [35m0.3328[0m       [31m0.9108[0m        0.3688        18.2256
      3   0.2021   0.6949        [35m0.3236[0m       [31m0.9141[0m        0.3770        18.3135
Stopping since valid_loss has not improved in the last 3 epochs.
[32m[I 2022-12-28 13:41:25,121][0m Trial 51 finished with value: 0.20368160686564807 and parameters: {'optimizer__lr': 0.0048132520899715325, 'module__dropout': 0.6526387128760195, 'd_model_multiplier': 8, 'module__num_layers': 2, 'module__n_heads': 4, 'module__dim_feedforward': 291, 'iterator_train__batch_size': 90}. Best is trial 30 with value: 0.2522550651870843.[0m
[FileBasedDataset] Initializing dataset...
	Examples: 11988
	Features: 621
	Max length: 574
[FileBasedDataset] Dataset initialization complete
  epoch    auprc    auroc    train_loss    valid_acc    valid_loss    cp      dur
-------  -------  -------  ------------  -----------  ------------  ----  -------
      1   [36m0.1602[0m   [32m0.6140[0m        [35m0.3800[0m       [31m0.9008[0m        [94m0.3480[0m     +  17.8678
      2   [36m0.1663[0m   [32m0.6337[0m        [35m0.3229[0m       0.9008        0.4018        17.9497
      3   0.1648   0.6250        [35m0.3147[0m       0.8999        0.3948        18.2285
Stopping since valid_loss has not improved in the last 3 epochs.
[32m[I 2022-12-28 13:42:36,922][0m Trial 52 finished with value: 0.16630821974921287 and parameters: {'optimizer__lr': 0.004690214937449324, 'module__dropout': 0.6690351475722948, 'd_model_multiplier': 8, 'module__num_layers': 2, 'module__n_heads': 4, 'module__dim_feedforward': 314, 'iterator_train__batch_size': 85}. Best is trial 30 with value: 0.2522550651870843.[0m
[FileBasedDataset] Initializing dataset...
	Examples: 11988
	Features: 621
	Max length: 574
[FileBasedDataset] Dataset initialization complete
  epoch    auprc    auroc    train_loss    valid_acc    valid_loss    cp      dur
-------  -------  -------  ------------  -----------  ------------  ----  -------
      1   [36m0.0762[0m   [32m0.3610[0m        [35m0.5100[0m       [31m0.9008[0m        [94m0.6096[0m     +  17.4275
      2   [36m0.1696[0m   [32m0.6256[0m        [35m0.3553[0m       0.8966        [94m0.4592[0m     +  18.0900
      3   0.1268   0.4667        [35m0.3478[0m       0.8991        [94m0.4312[0m     +  18.4283
      4   [36m0.1945[0m   [32m0.6651[0m        0.3574       0.8991        [94m0.3923[0m     +  17.9308
      5   0.1698   0.6377        0.3727       0.8932        0.3973        18.4856
      6   [36m0.2030[0m   0.6635        0.3745       0.8982        0.4091        18.3167
Stopping since valid_loss has not improved in the last 3 epochs.
[32m[I 2022-12-28 13:44:43,710][0m Trial 53 finished with value: 0.20297833322294842 and parameters: {'optimizer__lr': 0.03550792101477014, 'module__dropout': 0.6216587405107419, 'd_model_multiplier': 8, 'module__num_layers': 1, 'module__n_heads': 4, 'module__dim_feedforward': 309, 'iterator_train__batch_size': 103}. Best is trial 30 with value: 0.2522550651870843.[0m
[FileBasedDataset] Initializing dataset...
	Examples: 11988
	Features: 621
	Max length: 574
[FileBasedDataset] Dataset initialization complete
  epoch    auprc    auroc    train_loss    valid_acc    valid_loss    cp      dur
-------  -------  -------  ------------  -----------  ------------  ----  -------
      1   [36m0.1524[0m   [32m0.6058[0m        [35m0.3420[0m       [31m0.9041[0m        [94m0.3642[0m     +  19.4256
      2   [36m0.1561[0m   [32m0.6107[0m        [35m0.3230[0m       0.9033        [94m0.3301[0m     +  19.6640
      3   [36m0.1588[0m   [32m0.6275[0m        [35m0.3160[0m       0.9041        [94m0.3250[0m     +  19.9061
      4   [36m0.1612[0m   [32m0.6280[0m        [35m0.3143[0m       0.9024        0.3256        19.6690
      5   [36m0.1660[0m   [32m0.6283[0m        [35m0.3100[0m       0.9033        0.3331        19.6323
Stopping since valid_loss has not improved in the last 3 epochs.
[32m[I 2022-12-28 13:46:41,751][0m Trial 54 finished with value: 0.16600960237363777 and parameters: {'optimizer__lr': 0.0024092425752153153, 'module__dropout': 0.6998148541748439, 'd_model_multiplier': 2, 'module__num_layers': 6, 'module__n_heads': 4, 'module__dim_feedforward': 343, 'iterator_train__batch_size': 60}. Best is trial 30 with value: 0.2522550651870843.[0m
[FileBasedDataset] Initializing dataset...
	Examples: 11988
	Features: 621
	Max length: 574
[FileBasedDataset] Dataset initialization complete
  epoch    auprc    auroc    train_loss    valid_acc    valid_loss    cp      dur
-------  -------  -------  ------------  -----------  ------------  ----  -------
      1   [36m0.0713[0m   [32m0.3908[0m        [35m0.6968[0m       [31m0.9091[0m        [94m0.9246[0m     +  54.9265
      2   [36m0.0720[0m   0.3879        [35m0.4580[0m       0.9091        [94m0.5115[0m     +  55.0289
      3   [36m0.0777[0m   [32m0.4282[0m        [35m0.4273[0m       0.9091        [94m0.4123[0m     +  54.8093
      4   [36m0.1228[0m   [32m0.5142[0m        [35m0.4068[0m       0.9091        0.4630        55.1441
      5   0.1048   0.4607        [35m0.3945[0m       0.9091        [94m0.3558[0m     +  55.2556
      6   0.1202   0.4856        [35m0.3814[0m       0.9074        [94m0.3452[0m     +  55.2505
      7   0.0904   0.4599        [35m0.3759[0m       0.9091        0.3711        54.6527
      8   0.0793   0.4348        0.3766       0.9091        0.3975        54.8818
Stopping since valid_loss has not improved in the last 3 epochs.
[32m[I 2022-12-28 13:54:57,566][0m Trial 55 finished with value: 0.12282391444598645 and parameters: {'optimizer__lr': 0.007547378918012199, 'module__dropout': 0.6665973240545993, 'd_model_multiplier': 8, 'module__num_layers': 3, 'module__n_heads': 32, 'module__dim_feedforward': 262, 'iterator_train__batch_size': 49}. Best is trial 30 with value: 0.2522550651870843.[0m
[FileBasedDataset] Initializing dataset...
	Examples: 11988
	Features: 621
	Max length: 574
[FileBasedDataset] Dataset initialization complete
  epoch    auprc    auroc    train_loss    valid_acc    valid_loss    cp      dur
-------  -------  -------  ------------  -----------  ------------  ----  -------
      1   [36m0.1485[0m   [32m0.6214[0m        [35m0.3544[0m       [31m0.9091[0m        [94m0.3031[0m     +  46.2379
      2   0.1278   0.6206        [35m0.3177[0m       [31m0.9241[0m        [94m0.2770[0m     +  46.6946
      3   0.1122   0.5969        [35m0.3108[0m       0.9233        0.2797        46.7421
      4   0.1078   0.5849        [35m0.3096[0m       0.9233        0.2838        46.5742
Stopping since valid_loss has not improved in the last 3 epochs.
[32m[I 2022-12-28 13:58:51,143][0m Trial 56 finished with value: 0.14852743543610317 and parameters: {'optimizer__lr': 0.0005789751941887403, 'module__dropout': 0.36513724264155756, 'd_model_multiplier': 64, 'module__num_layers': 10, 'module__n_heads': 4, 'module__dim_feedforward': 497, 'iterator_train__batch_size': 78}. Best is trial 30 with value: 0.2522550651870843.[0m
[FileBasedDataset] Initializing dataset...
	Examples: 11988
	Features: 621
	Max length: 574
[FileBasedDataset] Dataset initialization complete
Warning, assumed runtime error: CUDA out of memory. Tried to allocate 2.95 GiB (GPU 0; 23.70 GiB total capacity; 17.39 GiB already allocated; 2.18 GiB free; 20.52 GiB reserved in total by PyTorch) If reserved memory is >> allocated memory try setting max_split_size_mb to avoid fragmentation.  See documentation for Memory Management and PYTORCH_CUDA_ALLOC_CONF
[32m[I 2022-12-28 13:58:57,316][0m Trial 57 finished with value: 0.0 and parameters: {'optimizer__lr': 2.3476762874734193e-08, 'module__dropout': 0.5626837831791346, 'd_model_multiplier': 1, 'module__num_layers': 12, 'module__n_heads': 16, 'module__dim_feedforward': 462, 'iterator_train__batch_size': 150}. Best is trial 30 with value: 0.2522550651870843.[0m
[FileBasedDataset] Initializing dataset...
	Examples: 11988
	Features: 621
	Max length: 574
[FileBasedDataset] Dataset initialization complete
  epoch    auprc    auroc    train_loss    valid_acc    valid_loss    cp      dur
-------  -------  -------  ------------  -----------  ------------  ----  -------
      1   [36m0.1658[0m   [32m0.6184[0m        [35m0.5551[0m       [31m0.8982[0m        [94m0.3290[0m     +  21.4652
      2   [36m0.1692[0m   [32m0.6268[0m        [35m0.3079[0m       0.8982        [94m0.3229[0m     +  21.7918
      3   0.1669   0.6235        [35m0.3056[0m       0.8982        0.3232        21.9642
      4   0.1631   0.6257        [35m0.3049[0m       0.8974        0.3237        21.9206
Stopping since valid_loss has not improved in the last 3 epochs.
[32m[I 2022-12-28 14:00:46,497][0m Trial 58 finished with value: 0.1692083553193109 and parameters: {'optimizer__lr': 0.01950223808734732, 'module__dropout': 0.07907472952923175, 'd_model_multiplier': 2, 'module__num_layers': 2, 'module__n_heads': 16, 'module__dim_feedforward': 305, 'iterator_train__batch_size': 66}. Best is trial 30 with value: 0.2522550651870843.[0m
[FileBasedDataset] Initializing dataset...
	Examples: 11988
	Features: 621
	Max length: 574
[FileBasedDataset] Dataset initialization complete
Warning, assumed runtime error: CUDA out of memory. Tried to allocate 1.80 GiB (GPU 0; 23.70 GiB total capacity; 21.73 GiB already allocated; 383.31 MiB free; 22.33 GiB reserved in total by PyTorch) If reserved memory is >> allocated memory try setting max_split_size_mb to avoid fragmentation.  See documentation for Memory Management and PYTORCH_CUDA_ALLOC_CONF
[32m[I 2022-12-28 14:00:54,255][0m Trial 59 finished with value: 0.0 and parameters: {'optimizer__lr': 0.05604713846694454, 'module__dropout': 0.15404145394783283, 'd_model_multiplier': 16, 'module__num_layers': 5, 'module__n_heads': 8, 'module__dim_feedforward': 369, 'iterator_train__batch_size': 183}. Best is trial 30 with value: 0.2522550651870843.[0m
[FileBasedDataset] Initializing dataset...
	Examples: 11988
	Features: 621
	Max length: 574
[FileBasedDataset] Dataset initialization complete
  epoch    auprc    auroc    train_loss    valid_acc    valid_loss    cp      dur
-------  -------  -------  ------------  -----------  ------------  ----  -------
      1   [36m0.1185[0m   [32m0.5490[0m        [35m0.8781[0m       [31m0.9108[0m        [94m0.3679[0m     +  38.9825
      2   [36m0.1262[0m   0.4922        [35m0.4343[0m       [31m0.9166[0m        0.5106        38.9747
      3   [36m0.1457[0m   [32m0.6229[0m        [35m0.3855[0m       [31m0.9191[0m        0.5642        39.1219
Stopping since valid_loss has not improved in the last 3 epochs.
[32m[I 2022-12-28 14:03:30,668][0m Trial 60 finished with value: 0.1456815095576131 and parameters: {'optimizer__lr': 0.0010827962909870658, 'module__dropout': 0.6420665099744095, 'd_model_multiplier': 8, 'module__num_layers': 1, 'module__n_heads': 64, 'module__dim_feedforward': 273, 'iterator_train__batch_size': 20}. Best is trial 30 with value: 0.2522550651870843.[0m
[FileBasedDataset] Initializing dataset...
	Examples: 11988
	Features: 621
	Max length: 574
[FileBasedDataset] Dataset initialization complete
  epoch    auprc    auroc    train_loss    valid_acc    valid_loss    cp      dur
-------  -------  -------  ------------  -----------  ------------  ----  -------
      1   [36m0.1462[0m   [32m0.5621[0m        [35m0.3984[0m       [31m0.8999[0m        [94m0.3750[0m     +  18.3292
      2   0.1329   0.5618        [35m0.3321[0m       [31m0.9008[0m        0.4271        18.2279
      3   0.1440   [32m0.6295[0m        [35m0.3173[0m       0.9008        0.3907        18.2672
Stopping since valid_loss has not improved in the last 3 epochs.
[32m[I 2022-12-28 14:04:44,087][0m Trial 61 finished with value: 0.1461937071011399 and parameters: {'optimizer__lr': 0.003504644050933946, 'module__dropout': 0.6434708350552951, 'd_model_multiplier': 8, 'module__num_layers': 2, 'module__n_heads': 4, 'module__dim_feedforward': 291, 'iterator_train__batch_size': 93}. Best is trial 30 with value: 0.2522550651870843.[0m
[FileBasedDataset] Initializing dataset...
	Examples: 11988
	Features: 621
	Max length: 574
[FileBasedDataset] Dataset initialization complete
  epoch    auprc    auroc    train_loss    valid_acc    valid_loss    cp      dur
-------  -------  -------  ------------  -----------  ------------  ----  -------
      1   [36m0.1222[0m   [32m0.5418[0m        [35m0.4079[0m       [31m0.9091[0m        [94m0.3880[0m     +  17.7552
      2   0.1025   0.5052        [35m0.3298[0m       0.9091        0.4737        18.1644
      3   [36m0.1263[0m   [32m0.5672[0m        [35m0.3224[0m       0.9091        0.4427        17.9939
Stopping since valid_loss has not improved in the last 3 epochs.
[32m[I 2022-12-28 14:05:55,837][0m Trial 62 finished with value: 0.12633957605053325 and parameters: {'optimizer__lr': 0.0059034679550173125, 'module__dropout': 0.6659793005449527, 'd_model_multiplier': 8, 'module__num_layers': 2, 'module__n_heads': 4, 'module__dim_feedforward': 297, 'iterator_train__batch_size': 84}. Best is trial 30 with value: 0.2522550651870843.[0m
[FileBasedDataset] Initializing dataset...
	Examples: 11988
	Features: 621
	Max length: 574
[FileBasedDataset] Dataset initialization complete
  epoch    auprc    auroc    train_loss    valid_acc    valid_loss    cp      dur
-------  -------  -------  ------------  -----------  ------------  ----  -------
      1   [36m0.1490[0m   [32m0.5542[0m        [35m0.6577[0m       [31m0.8782[0m        [94m0.7142[0m     +  18.6136
      2   [36m0.1642[0m   [32m0.5809[0m        [35m0.3600[0m       [31m0.8874[0m        [94m0.5220[0m     +  18.9852
      3   0.1610   [32m0.5972[0m        [35m0.3530[0m       [31m0.9041[0m        [94m0.5066[0m     +  18.9122
      4   [36m0.1855[0m   [32m0.6170[0m        0.3553       0.9016        [94m0.4523[0m     +  19.0900
      5   0.1678   0.5769        0.3611       0.9016        [94m0.3738[0m     +  19.2133
      6   0.1790   [32m0.6253[0m        0.3553       0.8841        0.4161        19.3367
      7   0.1460   0.5823        0.3654       0.9033        [94m0.3614[0m     +  19.1033
      8   0.1578   0.5525        0.3939       0.9041        0.4462        18.9564
      9   0.1422   0.5388        0.4034       [31m0.9049[0m        [94m0.3416[0m     +  18.5168
     10   0.1380   0.4914        0.4343       0.9041        0.3900        18.9839
     11   0.1400   0.5258        0.4284       0.8549        0.4289        19.2912
Stopping since valid_loss has not improved in the last 3 epochs.
[32m[I 2022-12-28 14:09:44,728][0m Trial 63 finished with value: 0.18548816753049202 and parameters: {'optimizer__lr': 0.03934445442859268, 'module__dropout': 0.5967255450239164, 'd_model_multiplier': 8, 'module__num_layers': 3, 'module__n_heads': 4, 'module__dim_feedforward': 336, 'iterator_train__batch_size': 112}. Best is trial 30 with value: 0.2522550651870843.[0m
[FileBasedDataset] Initializing dataset...
	Examples: 11988
	Features: 621
	Max length: 574
[FileBasedDataset] Dataset initialization complete
  epoch    auprc    auroc    train_loss    valid_acc    valid_loss    cp      dur
-------  -------  -------  ------------  -----------  ------------  ----  -------
      1   [36m0.1253[0m   [32m0.5870[0m        [35m0.3864[0m       [31m0.8757[0m        [94m0.3512[0m     +  18.6909
      2   0.1247   [32m0.5985[0m        [35m0.3341[0m       [31m0.8832[0m        [94m0.3444[0m     +  18.6734
      3   0.1192   [32m0.6138[0m        [35m0.3238[0m       [31m0.9008[0m        [94m0.2889[0m     +  18.9822
      4   [36m0.1335[0m   [32m0.6161[0m        [35m0.3184[0m       0.8891        0.2981        18.8750
      5   0.1282   [32m0.6164[0m        [35m0.3135[0m       [31m0.9133[0m        0.2907        18.5177
Stopping since valid_loss has not improved in the last 3 epochs.
