[32m[I 2022-12-11 00:19:10,042][0m Trial 190 finished with value: 0.4117477533393409 and parameters: {'optimizer__lr': 3.269750472971098e-05, 'module__dropout': 0.025011734637512925, 'd_model_multiplier': 16, 'module__num_layers': 9, 'module__n_heads': 8, 'module__dim_feedforward': 185, 'iterator_train__batch_size': 34}. Best is trial 150 with value: 0.456284322182146.[0m
[FileBasedDataset] Initializing dataset...
	Examples: 28559
	Features: 621
	Max length: 120
[FileBasedDataset] Dataset initialization complete
  epoch    auprc    auroc    train_loss    valid_acc    valid_loss    cp      dur
-------  -------  -------  ------------  -----------  ------------  ----  -------
      1   [36m0.1750[0m   [32m0.6197[0m        [35m0.4058[0m       [31m0.9181[0m        [94m0.2881[0m     +  23.6408
      2   [36m0.2808[0m   [32m0.7500[0m        [35m0.2648[0m       0.9160        [94m0.2495[0m     +  24.5231
      3   [36m0.3139[0m   [32m0.7837[0m        [35m0.2424[0m       0.9174        [94m0.2371[0m     +  24.3325
      4   [36m0.3256[0m   [32m0.7995[0m        [35m0.2342[0m       [31m0.9188[0m        [94m0.2322[0m     +  24.5775
      5   [36m0.3389[0m   [32m0.8093[0m        [35m0.2295[0m       [31m0.9198[0m        [94m0.2281[0m     +  24.2728
      6   [36m0.3458[0m   [32m0.8134[0m        [35m0.2273[0m       0.9191        [94m0.2264[0m     +  24.9884
      7   [36m0.3578[0m   [32m0.8157[0m        [35m0.2258[0m       [31m0.9205[0m        [94m0.2247[0m     +  24.3489
      8   [36m0.3623[0m   [32m0.8173[0m        [35m0.2245[0m       0.9205        [94m0.2241[0m     +  23.9988
      9   [36m0.3664[0m   [32m0.8186[0m        [35m0.2231[0m       [31m0.9216[0m        [94m0.2231[0m     +  23.8795
     10   [36m0.3748[0m   [32m0.8197[0m        [35m0.2228[0m       [31m0.9223[0m        [94m0.2221[0m     +  23.4992
     11   [36m0.3763[0m   0.8192        [35m0.2216[0m       0.9223        0.2222        23.0533
     12   [36m0.3788[0m   [32m0.8205[0m        [35m0.2212[0m       0.9219        [94m0.2217[0m     +  23.9623
     13   0.3785   [32m0.8210[0m        [35m0.2201[0m       0.9209        0.2220        23.3503
     14   [36m0.3822[0m   [32m0.8211[0m        [35m0.2199[0m       0.9205        [94m0.2216[0m     +  23.8616
     15   [36m0.3866[0m   [32m0.8236[0m        [35m0.2188[0m       0.9212        [94m0.2209[0m     +  24.0705
[32m[I 2022-12-11 00:25:13,052][0m Trial 191 finished with value: 0.3866106732785738 and parameters: {'optimizer__lr': 4.771536057109524e-06, 'module__dropout': 0.12279256114229939, 'd_model_multiplier': 64, 'module__num_layers': 8, 'module__n_heads': 4, 'module__dim_feedforward': 273, 'iterator_train__batch_size': 60}. Best is trial 150 with value: 0.456284322182146.[0m
[FileBasedDataset] Initializing dataset...
	Examples: 28559
	Features: 621
	Max length: 120
[FileBasedDataset] Dataset initialization complete
  epoch    auprc    auroc    train_loss    valid_acc    valid_loss    cp      dur
-------  -------  -------  ------------  -----------  ------------  ----  -------
      1   [36m0.1689[0m   [32m0.6009[0m        [35m0.4350[0m       [31m0.9258[0m        [94m0.2759[0m     +  23.5352
      2   [36m0.2999[0m   [32m0.7492[0m        [35m0.2657[0m       [31m0.9272[0m        [94m0.2314[0m     +  23.5729
      3   [36m0.3423[0m   [32m0.7776[0m        [35m0.2424[0m       [31m0.9303[0m        [94m0.2206[0m     +  23.3954
      4   [36m0.3527[0m   [32m0.7888[0m        [35m0.2342[0m       [31m0.9310[0m        [94m0.2166[0m     +  23.0219
      5   [36m0.3656[0m   [32m0.7960[0m        [35m0.2307[0m       0.9303        [94m0.2138[0m     +  23.5620
      6   [36m0.3730[0m   [32m0.8001[0m        [35m0.2279[0m       0.9303        [94m0.2119[0m     +  23.0733
      7   [36m0.3785[0m   [32m0.8037[0m        [35m0.2257[0m       [31m0.9317[0m        [94m0.2104[0m     +  23.1740
      8   [36m0.3886[0m   [32m0.8090[0m        [35m0.2249[0m       0.9307        [94m0.2086[0m     +  22.9085
      9   [36m0.3936[0m   [32m0.8128[0m        [35m0.2229[0m       0.9300        [94m0.2070[0m     +  23.1693
     10   [36m0.3995[0m   [32m0.8173[0m        [35m0.2207[0m       0.9296        [94m0.2056[0m     +  22.7317
     11   [36m0.4050[0m   [32m0.8195[0m        [35m0.2199[0m       0.9300        [94m0.2046[0m     +  22.7498
     12   [36m0.4097[0m   [32m0.8236[0m        [35m0.2186[0m       0.9303        [94m0.2034[0m     +  23.3023
     13   [36m0.4135[0m   [32m0.8255[0m        [35m0.2174[0m       0.9303        [94m0.2022[0m     +  23.2346
     14   [36m0.4196[0m   [32m0.8273[0m        [35m0.2165[0m       0.9307        [94m0.2017[0m     +  23.0047
     15   [36m0.4255[0m   [32m0.8299[0m        [35m0.2162[0m       0.9307        [94m0.2004[0m     +  23.2731
[32m[I 2022-12-11 00:31:01,964][0m Trial 192 finished with value: 0.42552200124407974 and parameters: {'optimizer__lr': 2.3105641551362822e-05, 'module__dropout': 0.094934813924172, 'd_model_multiplier': 16, 'module__num_layers': 1, 'module__n_heads': 4, 'module__dim_feedforward': 262, 'iterator_train__batch_size': 40}. Best is trial 150 with value: 0.456284322182146.[0m
[FileBasedDataset] Initializing dataset...
	Examples: 28559
	Features: 621
	Max length: 120
[FileBasedDataset] Dataset initialization complete
  epoch    auprc    auroc    train_loss    valid_acc    valid_loss    cp      dur
-------  -------  -------  ------------  -----------  ------------  ----  -------
      1   [36m0.2494[0m   [32m0.7260[0m        [35m0.3500[0m       [31m0.9282[0m        [94m0.2336[0m     +  23.2319
      2   [36m0.3486[0m   [32m0.7949[0m        [35m0.2391[0m       [31m0.9349[0m        [94m0.2118[0m     +  23.9138
      3   [36m0.3739[0m   [32m0.8075[0m        [35m0.2303[0m       [31m0.9352[0m        [94m0.2066[0m     +  24.2295
      4   [36m0.3910[0m   [32m0.8148[0m        [35m0.2256[0m       [31m0.9370[0m        [94m0.2031[0m     +  23.0509
      5   [36m0.4037[0m   [32m0.8218[0m        [35m0.2236[0m       0.9352        [94m0.2007[0m     +  22.6758
      6   0.4027   [32m0.8251[0m        [35m0.2226[0m       0.9349        [94m0.1997[0m     +  23.1449
      7   [36m0.4115[0m   [32m0.8289[0m        [35m0.2198[0m       0.9352        [94m0.1982[0m     +  23.0927
      8   [36m0.4220[0m   [32m0.8307[0m        [35m0.2188[0m       0.9356        [94m0.1968[0m     +  22.7120
      9   [36m0.4227[0m   [32m0.8325[0m        [35m0.2155[0m       0.9359        [94m0.1964[0m     +  23.3837
     10   [36m0.4266[0m   [32m0.8343[0m        [35m0.2144[0m       0.9370        [94m0.1954[0m     +  23.0182
     11   [36m0.4304[0m   [32m0.8366[0m        [35m0.2121[0m       0.9363        [94m0.1948[0m     +  23.3846
     12   [36m0.4339[0m   [32m0.8398[0m        [35m0.2110[0m       0.9359        [94m0.1936[0m     +  24.6506
     13   [36m0.4400[0m   [32m0.8420[0m        [35m0.2102[0m       0.9359        [94m0.1928[0m     +  25.0947
     14   [36m0.4437[0m   [32m0.8461[0m        [35m0.2090[0m       0.9359        [94m0.1917[0m     +  24.2859
     15   0.4407   [32m0.8468[0m        [35m0.2070[0m       0.9363        [94m0.1917[0m     +  24.9317
[32m[I 2022-12-11 00:36:57,873][0m Trial 193 finished with value: 0.44371674150315665 and parameters: {'optimizer__lr': 5.594235359772779e-05, 'module__dropout': 0.0903367322358136, 'd_model_multiplier': 16, 'module__num_layers': 1, 'module__n_heads': 4, 'module__dim_feedforward': 256, 'iterator_train__batch_size': 52}. Best is trial 150 with value: 0.456284322182146.[0m
[FileBasedDataset] Initializing dataset...
	Examples: 28559
	Features: 621
	Max length: 120
[FileBasedDataset] Dataset initialization complete
  epoch    auprc    auroc    train_loss    valid_acc    valid_loss    cp      dur
-------  -------  -------  ------------  -----------  ------------  ----  -------
      1   [36m0.0877[0m   [32m0.4253[0m        [35m0.6151[0m       [31m0.9205[0m        [94m0.5431[0m     +  24.4336
      2   [36m0.0897[0m   [32m0.4333[0m        [35m0.4957[0m       0.9202        [94m0.4405[0m     +  24.9752
      3   [36m0.0938[0m   [32m0.4600[0m        [35m0.4095[0m       0.9202        [94m0.3709[0m     +  24.9644
      4   [36m0.1098[0m   [32m0.5020[0m        [35m0.3518[0m       0.9205        [94m0.3260[0m     +  25.2622
      5   [36m0.1368[0m   [32m0.5529[0m        [35m0.3138[0m       [31m0.9212[0m        [94m0.2987[0m     +  24.5211
      6   [36m0.1689[0m   [32m0.6034[0m        [35m0.2900[0m       0.9209        [94m0.2813[0m     +  24.1802
      7   [36m0.1943[0m   [32m0.6474[0m        [35m0.2741[0m       0.9205        [94m0.2697[0m     +  23.8707
      8   [36m0.2156[0m   [32m0.6813[0m        [35m0.2632[0m       0.9209        [94m0.2614[0m     +  22.9211
      9   [36m0.2328[0m   [32m0.7041[0m        [35m0.2557[0m       0.9212        [94m0.2557[0m     +  23.4351
     10   [36m0.2495[0m   [32m0.7226[0m        [35m0.2499[0m       0.9205        [94m0.2508[0m     +  23.3209
     11   [36m0.2632[0m   [32m0.7346[0m        [35m0.2457[0m       [31m0.9226[0m        [94m0.2470[0m     +  23.0448
     12   [36m0.2728[0m   [32m0.7431[0m        [35m0.2424[0m       [31m0.9230[0m        [94m0.2442[0m     +  22.5330
     13   [36m0.2819[0m   [32m0.7503[0m        [35m0.2401[0m       0.9226        [94m0.2418[0m     +  23.2538
     14   [36m0.2905[0m   [32m0.7565[0m        [35m0.2380[0m       0.9226        [94m0.2398[0m     +  23.3653
     15   [36m0.2982[0m   [32m0.7610[0m        [35m0.2366[0m       0.9226        [94m0.2382[0m     +  23.1286
[32m[I 2022-12-11 00:42:56,122][0m Trial 194 finished with value: 0.2981953746343784 and parameters: {'optimizer__lr': 5.46679473098984e-06, 'module__dropout': 0.093171849192268, 'd_model_multiplier': 16, 'module__num_layers': 1, 'module__n_heads': 4, 'module__dim_feedforward': 270, 'iterator_train__batch_size': 52}. Best is trial 150 with value: 0.456284322182146.[0m
[FileBasedDataset] Initializing dataset...
	Examples: 28559
	Features: 621
	Max length: 120
[FileBasedDataset] Dataset initialization complete
  epoch    auprc    auroc    train_loss    valid_acc    valid_loss    cp      dur
-------  -------  -------  ------------  -----------  ------------  ----  -------
      1   [36m0.0707[0m   [32m0.3830[0m        [35m0.5447[0m       [31m0.9195[0m        [94m0.4130[0m     +  24.4972
      2   [36m0.1172[0m   [32m0.5258[0m        [35m0.3514[0m       0.9195        [94m0.3023[0m     +  24.8231
      3   [36m0.2069[0m   [32m0.6540[0m        [35m0.2825[0m       0.9191        [94m0.2679[0m     +  25.3868
      4   [36m0.2485[0m   [32m0.7168[0m        [35m0.2581[0m       0.9188        [94m0.2535[0m     +  25.8449
      5   [36m0.2730[0m   [32m0.7456[0m        [35m0.2469[0m       0.9181        [94m0.2453[0m     +  25.5176
      6   [36m0.2903[0m   [32m0.7677[0m        [35m0.2401[0m       0.9188        [94m0.2400[0m     +  25.3896
      7   [36m0.3012[0m   [32m0.7790[0m        [35m0.2357[0m       [31m0.9198[0m        [94m0.2368[0m     +  23.9271
      8   [36m0.3104[0m   [32m0.7890[0m        [35m0.2330[0m       0.9198        [94m0.2342[0m     +  24.9453
      9   [36m0.3169[0m   [32m0.7953[0m        [35m0.2306[0m       0.9198        [94m0.2322[0m     +  23.8602
     10   [36m0.3216[0m   [32m0.8015[0m        [35m0.2296[0m       [31m0.9205[0m        [94m0.2308[0m     +  24.3330
     11   [36m0.3279[0m   [32m0.8061[0m        [35m0.2275[0m       [31m0.9216[0m        [94m0.2292[0m     +  23.4731
     12   [36m0.3301[0m   [32m0.8081[0m        [35m0.2261[0m       0.9209        [94m0.2284[0m     +  23.2874
     13   [36m0.3337[0m   [32m0.8101[0m        [35m0.2253[0m       [31m0.9223[0m        [94m0.2275[0m     +  22.8071
     14   [36m0.3365[0m   [32m0.8120[0m        [35m0.2243[0m       0.9209        [94m0.2268[0m     +  22.7183
     15   [36m0.3398[0m   [32m0.8139[0m        [35m0.2233[0m       0.9219        [94m0.2261[0m     +  22.8508
[32m[I 2022-12-11 00:49:00,991][0m Trial 195 finished with value: 0.3398159685443231 and parameters: {'optimizer__lr': 1.0677284918204924e-05, 'module__dropout': 0.10245123117769625, 'd_model_multiplier': 16, 'module__num_layers': 1, 'module__n_heads': 4, 'module__dim_feedforward': 260, 'iterator_train__batch_size': 41}. Best is trial 150 with value: 0.456284322182146.[0m
[FileBasedDataset] Initializing dataset...
	Examples: 28559
	Features: 621
	Max length: 120
[FileBasedDataset] Dataset initialization complete
  epoch    auprc    auroc    train_loss    valid_acc    valid_loss    cp      dur
-------  -------  -------  ------------  -----------  ------------  ----  -------
      1   [36m0.0772[0m   [32m0.4191[0m        [35m0.4940[0m       [31m0.9177[0m        [94m0.3594[0m     +  22.1615
      2   [36m0.2196[0m   [32m0.6759[0m        [35m0.3072[0m       0.9174        [94m0.2737[0m     +  23.4081
      3   [36m0.2994[0m   [32m0.7435[0m        [35m0.2584[0m       [31m0.9188[0m        [94m0.2495[0m     +  22.7621
      4   [36m0.3234[0m   [32m0.7626[0m        [35m0.2429[0m       [31m0.9198[0m        [94m0.2402[0m     +  23.0812
      5   [36m0.3352[0m   [32m0.7767[0m        [35m0.2356[0m       0.9198        [94m0.2358[0m     +  23.1006
      6   [36m0.3413[0m   [32m0.7847[0m        [35m0.2317[0m       [31m0.9212[0m        [94m0.2331[0m     +  22.9861
      7   [36m0.3476[0m   [32m0.7906[0m        [35m0.2291[0m       [31m0.9216[0m        [94m0.2310[0m     +  23.2906
      8   [36m0.3544[0m   [32m0.7968[0m        [35m0.2275[0m       [31m0.9223[0m        [94m0.2292[0m     +  23.4661
      9   [36m0.3587[0m   [32m0.8007[0m        [35m0.2253[0m       [31m0.9237[0m        [94m0.2278[0m     +  23.1401
     10   [36m0.3639[0m   [32m0.8058[0m        [35m0.2244[0m       [31m0.9240[0m        [94m0.2264[0m     +  23.2638
     11   [36m0.3714[0m   [32m0.8089[0m        [35m0.2231[0m       [31m0.9247[0m        [94m0.2256[0m     +  23.3758
     12   [36m0.3766[0m   [32m0.8112[0m        [35m0.2228[0m       [31m0.9254[0m        [94m0.2242[0m     +  22.8045
     13   [36m0.3770[0m   [32m0.8136[0m        [35m0.2222[0m       0.9251        [94m0.2236[0m     +  22.7908
     14   [36m0.3828[0m   [32m0.8156[0m        [35m0.2211[0m       [31m0.9258[0m        [94m0.2229[0m     +  22.9945
     15   [36m0.3848[0m   [32m0.8172[0m        [35m0.2200[0m       0.9251        [94m0.2221[0m     +  23.1648
[32m[I 2022-12-11 00:54:47,753][0m Trial 196 finished with value: 0.38481382171646383 and parameters: {'optimizer__lr': 1.7676711611526525e-05, 'module__dropout': 0.07688043032860772, 'd_model_multiplier': 16, 'module__num_layers': 1, 'module__n_heads': 4, 'module__dim_feedforward': 244, 'iterator_train__batch_size': 56}. Best is trial 150 with value: 0.456284322182146.[0m
[FileBasedDataset] Initializing dataset...
	Examples: 28559
	Features: 621
	Max length: 120
[FileBasedDataset] Dataset initialization complete
  epoch    auprc    auroc    train_loss    valid_acc    valid_loss    cp      dur
-------  -------  -------  ------------  -----------  ------------  ----  -------
      1   [36m0.2315[0m   [32m0.6951[0m        [35m0.3923[0m       [31m0.9254[0m        [94m0.2564[0m     +  22.3133
      2   [36m0.3225[0m   [32m0.7604[0m        [35m0.2485[0m       [31m0.9282[0m        [94m0.2279[0m     +  22.8342
      3   [36m0.3403[0m   [32m0.7773[0m        [35m0.2339[0m       [31m0.9286[0m        [94m0.2220[0m     +  22.6652
      4   [36m0.3513[0m   [32m0.7872[0m        [35m0.2286[0m       0.9286        [94m0.2187[0m     +  22.9508
      5   [36m0.3582[0m   [32m0.7957[0m        [35m0.2247[0m       0.9268        [94m0.2161[0m     +  23.1667
      6   [36m0.3609[0m   [32m0.8031[0m        [35m0.2236[0m       0.9279        [94m0.2144[0m     +  22.7194
      7   [36m0.3647[0m   [32m0.8087[0m        [35m0.2208[0m       0.9275        [94m0.2128[0m     +  23.6166
      8   [36m0.3668[0m   [32m0.8143[0m        [35m0.2193[0m       [31m0.9300[0m        [94m0.2112[0m     +  23.0214
      9   [36m0.3746[0m   [32m0.8188[0m        [35m0.2177[0m       0.9300        [94m0.2100[0m     +  22.3371
     10   [36m0.3754[0m   [32m0.8234[0m        [35m0.2160[0m       0.9282        [94m0.2090[0m     +  22.9988
     11   [36m0.3821[0m   [32m0.8276[0m        [35m0.2150[0m       0.9289        [94m0.2078[0m     +  22.8579
     12   [36m0.3879[0m   [32m0.8292[0m        [35m0.2130[0m       [31m0.9303[0m        [94m0.2065[0m     +  22.8588
     13   [36m0.3939[0m   [32m0.8319[0m        [35m0.2123[0m       [31m0.9310[0m        [94m0.2058[0m     +  22.7691
     14   [36m0.3942[0m   [32m0.8347[0m        [35m0.2112[0m       0.9300        [94m0.2053[0m     +  22.9076
     15   [36m0.4011[0m   [32m0.8388[0m        [35m0.2102[0m       0.9296        [94m0.2035[0m     +  22.7417
[32m[I 2022-12-11 01:00:31,590][0m Trial 197 finished with value: 0.4011107367867624 and parameters: {'optimizer__lr': 3.43102533616713e-05, 'module__dropout': 0.06137146474541706, 'd_model_multiplier': 16, 'module__num_layers': 1, 'module__n_heads': 4, 'module__dim_feedforward': 253, 'iterator_train__batch_size': 48}. Best is trial 150 with value: 0.456284322182146.[0m
[FileBasedDataset] Initializing dataset...
	Examples: 28559
	Features: 621
	Max length: 120
[FileBasedDataset] Dataset initialization complete
  epoch    auprc    auroc    train_loss    valid_acc    valid_loss    cp      dur
-------  -------  -------  ------------  -----------  ------------  ----  -------
      1   [36m0.2806[0m   [32m0.7105[0m        [35m0.3503[0m       [31m0.9230[0m        [94m0.2535[0m     +  23.9545
      2   [36m0.3062[0m   [32m0.7495[0m        [35m0.2426[0m       0.9219        [94m0.2356[0m     +  24.2431
      3   [36m0.3229[0m   [32m0.7686[0m        [35m0.2320[0m       0.9223        [94m0.2308[0m     +  23.9468
      4   [36m0.3309[0m   [32m0.7835[0m        [35m0.2268[0m       0.9209        [94m0.2278[0m     +  23.9338
      5   [36m0.3326[0m   [32m0.7863[0m        [35m0.2234[0m       0.9212        [94m0.2273[0m     +  24.4204
      6   [36m0.3434[0m   [32m0.7886[0m        [35m0.2211[0m       [31m0.9237[0m        [94m0.2263[0m     +  24.1141
      7   [36m0.3487[0m   [32m0.7930[0m        [35m0.2200[0m       [31m0.9244[0m        [94m0.2257[0m     +  23.8127
      8   0.3482   [32m0.7972[0m        [35m0.2183[0m       0.9233        [94m0.2254[0m     +  23.7534
      9   [36m0.3583[0m   [32m0.7995[0m        [35m0.2164[0m       0.9212        [94m0.2253[0m     +  24.7290
     10   0.3575   [32m0.8048[0m        [35m0.2149[0m       0.9237        [94m0.2225[0m     +  24.5624
     11   [36m0.3612[0m   [32m0.8074[0m        [35m0.2131[0m       0.9219        [94m0.2223[0m     +  24.1986
     12   0.3590   [32m0.8138[0m        [35m0.2117[0m       0.9212        [94m0.2211[0m     +  24.0686
     13   [36m0.3622[0m   [32m0.8161[0m        [35m0.2100[0m       0.9212        [94m0.2204[0m     +  24.2838
     14   0.3611   [32m0.8176[0m        [35m0.2085[0m       0.9226        [94m0.2203[0m     +  23.9586
     15   [36m0.3666[0m   [32m0.8182[0m        [35m0.2073[0m       0.9233        0.2209        24.0548
