[32m[I 2022-12-11 23:39:41,792][0m Trial 413 finished with value: 0.4094151051512901 and parameters: {'optimizer__lr': 0.000500147125770138, 'module__dropout': 0.01007159721901241, 'd_model_multiplier': 4, 'module__num_layers': 3, 'module__n_heads': 8, 'module__dim_feedforward': 351, 'iterator_train__batch_size': 66}. Best is trial 382 with value: 0.5110916005289956.[0m
[FileBasedDataset] Initializing dataset...
	Examples: 28559
	Features: 621
	Max length: 120
[FileBasedDataset] Dataset initialization complete
  epoch    auprc    auroc    train_loss    valid_acc    valid_loss    cp      dur
-------  -------  -------  ------------  -----------  ------------  ----  -------
      1   [36m0.2949[0m   [32m0.7294[0m        [35m0.3067[0m       [31m0.9345[0m        [94m0.2179[0m     +  22.0998
      2   [36m0.3066[0m   [32m0.7547[0m        [35m0.2332[0m       [31m0.9352[0m        [94m0.2138[0m     +  22.6021
      3   [36m0.3191[0m   [32m0.7728[0m        [35m0.2279[0m       0.9352        [94m0.2099[0m     +  22.4583
      4   [36m0.3291[0m   [32m0.7860[0m        [35m0.2235[0m       0.9342        [94m0.2084[0m     +  22.5339
      5   [36m0.3349[0m   [32m0.7991[0m        [35m0.2212[0m       0.9352        [94m0.2055[0m     +  22.8293
      6   [36m0.3493[0m   [32m0.8043[0m        [35m0.2192[0m       0.9349        [94m0.2034[0m     +  22.6190
      7   0.3448   [32m0.8092[0m        [35m0.2180[0m       0.9349        [94m0.2025[0m     +  22.5890
      8   [36m0.3562[0m   [32m0.8137[0m        [35m0.2164[0m       0.9352        [94m0.2006[0m     +  22.4302
      9   [36m0.3630[0m   [32m0.8179[0m        [35m0.2149[0m       0.9352        [94m0.1996[0m     +  23.0676
     10   0.3585   [32m0.8189[0m        [35m0.2125[0m       [31m0.9363[0m        [94m0.1991[0m     +  23.1295
     11   0.3628   [32m0.8242[0m        [35m0.2122[0m       0.9359        [94m0.1982[0m     +  22.8176
     12   0.3570   0.8236        [35m0.2115[0m       [31m0.9370[0m        [94m0.1975[0m     +  22.9555
     13   0.3617   [32m0.8263[0m        [35m0.2104[0m       0.9359        0.1976        22.6811
     14   [36m0.3654[0m   0.8263        [35m0.2095[0m       0.9370        [94m0.1969[0m     +  22.5388
     15   [36m0.3670[0m   [32m0.8290[0m        [35m0.2090[0m       0.9366        [94m0.1957[0m     +  22.6885
[32m[I 2022-12-11 23:45:22,579][0m Trial 414 finished with value: 0.36695462143986063 and parameters: {'optimizer__lr': 0.00026556388351596115, 'module__dropout': 0.1620018056956705, 'd_model_multiplier': 4, 'module__num_layers': 1, 'module__n_heads': 8, 'module__dim_feedforward': 291, 'iterator_train__batch_size': 81}. Best is trial 382 with value: 0.5110916005289956.[0m
[FileBasedDataset] Initializing dataset...
	Examples: 28559
	Features: 621
	Max length: 120
[FileBasedDataset] Dataset initialization complete
  epoch    auprc    auroc    train_loss    valid_acc    valid_loss    cp      dur
-------  -------  -------  ------------  -----------  ------------  ----  -------
      1   [36m0.3494[0m   [32m0.7709[0m        [35m0.3066[0m       [31m0.9247[0m        [94m0.2323[0m     +  22.1363
      2   [36m0.3882[0m   [32m0.7930[0m        [35m0.2321[0m       [31m0.9261[0m        [94m0.2228[0m     +  22.8098
      3   [36m0.3947[0m   [32m0.8041[0m        [35m0.2265[0m       0.9261        [94m0.2191[0m     +  22.7369
      4   [36m0.4069[0m   [32m0.8073[0m        [35m0.2240[0m       [31m0.9272[0m        [94m0.2172[0m     +  22.5221
      5   [36m0.4185[0m   [32m0.8102[0m        [35m0.2207[0m       0.9272        [94m0.2146[0m     +  22.8808
      6   [36m0.4223[0m   [32m0.8151[0m        [35m0.2185[0m       0.9272        [94m0.2133[0m     +  23.3479
      7   0.4154   [32m0.8206[0m        [35m0.2176[0m       0.9272        [94m0.2117[0m     +  23.1729
      8   0.4190   [32m0.8221[0m        [35m0.2162[0m       0.9272        [94m0.2115[0m     +  23.1789
      9   0.4192   [32m0.8250[0m        [35m0.2143[0m       [31m0.9275[0m        [94m0.2107[0m     +  22.7980
     10   [36m0.4282[0m   [32m0.8284[0m        [35m0.2133[0m       0.9275        [94m0.2088[0m     +  22.9286
     11   0.4225   [32m0.8302[0m        [35m0.2114[0m       [31m0.9279[0m        0.2099        22.7872
     12   0.4280   [32m0.8327[0m        0.2118       0.9275        0.2093        21.6074
Stopping since valid_loss has not improved in the last 3 epochs.
[32m[I 2022-12-11 23:50:18,598][0m Trial 415 finished with value: 0.42816804030075284 and parameters: {'optimizer__lr': 0.0003600867854080077, 'module__dropout': 0.1888277931860558, 'd_model_multiplier': 4, 'module__num_layers': 1, 'module__n_heads': 8, 'module__dim_feedforward': 278, 'iterator_train__batch_size': 91}. Best is trial 382 with value: 0.5110916005289956.[0m
[FileBasedDataset] Initializing dataset...
	Examples: 28559
	Features: 621
	Max length: 120
[FileBasedDataset] Dataset initialization complete
  epoch    auprc    auroc    train_loss    valid_acc    valid_loss    cp      dur
-------  -------  -------  ------------  -----------  ------------  ----  -------
      1   [36m0.2997[0m   [32m0.7945[0m        [35m0.2469[0m       [31m0.9251[0m        [94m0.2227[0m     +  22.5641
      2   [36m0.3111[0m   [32m0.7948[0m        [35m0.2264[0m       0.9244        [94m0.2225[0m     +  22.8325
      3   [36m0.3368[0m   [32m0.8050[0m        [35m0.2226[0m       [31m0.9268[0m        [94m0.2176[0m     +  23.2038
      4   0.3132   [32m0.8090[0m        [35m0.2197[0m       0.9244        0.2204        22.8430
      5   0.3353   [32m0.8151[0m        [35m0.2184[0m       0.9261        [94m0.2165[0m     +  23.0545
      6   [36m0.3409[0m   [32m0.8185[0m        [35m0.2167[0m       0.9254        [94m0.2158[0m     +  22.7919
      7   [36m0.3462[0m   0.8130        [35m0.2155[0m       0.9258        [94m0.2156[0m     +  23.3900
      8   0.3395   [32m0.8207[0m        [35m0.2150[0m       [31m0.9275[0m        [94m0.2140[0m     +  23.0249
      9   [36m0.3466[0m   [32m0.8238[0m        [35m0.2133[0m       0.9261        0.2143        23.2749
     10   0.3424   0.8142        [35m0.2124[0m       0.9265        0.2177        23.0339
Stopping since valid_loss has not improved in the last 3 epochs.
[32m[I 2022-12-11 23:54:32,678][0m Trial 416 finished with value: 0.3465587982600405 and parameters: {'optimizer__lr': 0.0010912026096287538, 'module__dropout': 0.21332202998470995, 'd_model_multiplier': 4, 'module__num_layers': 2, 'module__n_heads': 8, 'module__dim_feedforward': 309, 'iterator_train__batch_size': 63}. Best is trial 382 with value: 0.5110916005289956.[0m
[FileBasedDataset] Initializing dataset...
	Examples: 28559
	Features: 621
	Max length: 120
[FileBasedDataset] Dataset initialization complete
  epoch    auprc    auroc    train_loss    valid_acc    valid_loss    cp      dur
-------  -------  -------  ------------  -----------  ------------  ----  -------
      1   [36m0.3263[0m   [32m0.8091[0m        [35m0.2383[0m       [31m0.9244[0m        [94m0.2163[0m     +  23.0888
      2   [36m0.3456[0m   [32m0.8196[0m        [35m0.2179[0m       [31m0.9247[0m        [94m0.2129[0m     +  23.2112
      3   0.3378   [32m0.8222[0m        [35m0.2137[0m       0.9247        0.2139        23.1156
      4   [36m0.3551[0m   0.8207        [35m0.2103[0m       [31m0.9265[0m        [94m0.2116[0m     +  22.9535
      5   [36m0.3609[0m   0.8215        [35m0.2078[0m       0.9251        [94m0.2111[0m     +  23.0975
      6   0.3467   [32m0.8247[0m        [35m0.2053[0m       0.9251        0.2117        22.8807
      7   0.3521   [32m0.8251[0m        0.2053       [31m0.9272[0m        0.2128        22.7975
Stopping since valid_loss has not improved in the last 3 epochs.
[32m[I 2022-12-11 23:57:37,230][0m Trial 417 finished with value: 0.360878311071057 and parameters: {'optimizer__lr': 0.002290495673490067, 'module__dropout': 0.022443005457095804, 'd_model_multiplier': 4, 'module__num_layers': 1, 'module__n_heads': 8, 'module__dim_feedforward': 283, 'iterator_train__batch_size': 85}. Best is trial 382 with value: 0.5110916005289956.[0m
[FileBasedDataset] Initializing dataset...
	Examples: 28559
	Features: 621
	Max length: 120
[FileBasedDataset] Dataset initialization complete
  epoch    auprc    auroc    train_loss    valid_acc    valid_loss    cp      dur
-------  -------  -------  ------------  -----------  ------------  ----  -------
      1   [36m0.2424[0m   [32m0.7733[0m        [35m0.2593[0m       [31m0.9174[0m        [94m0.2593[0m     +  22.8500
      2   0.2423   0.7709        [35m0.2534[0m       0.9170        [94m0.2546[0m     +  23.0406
      3   [36m0.2462[0m   [32m0.7742[0m        [35m0.2515[0m       0.9174        [94m0.2532[0m     +  22.9409
      4   0.2421   0.7597        [35m0.2507[0m       0.9167        [94m0.2517[0m     +  23.3105
      5   0.2429   0.7663        [35m0.2499[0m       0.9167        [94m0.2510[0m     +  22.9614
      6   0.2459   0.7634        0.2499       0.9167        [94m0.2510[0m     +  22.9743
      7   0.2446   0.7652        [35m0.2496[0m       0.9153        [94m0.2508[0m     +  23.2156
      8   0.2417   0.7614        0.2500       0.9167        [94m0.2501[0m     +  23.1312
      9   0.2359   0.7603        [35m0.2493[0m       0.9167        0.2506        24.0082
     10   0.2361   0.7643        0.2495       0.9160        [94m0.2496[0m     +  23.7095
     11   0.2308   0.7665        [35m0.2486[0m       0.9160        0.2504        23.2377
     12   0.2359   0.7672        0.2492       0.9153        0.2499        22.8895
Stopping since valid_loss has not improved in the last 3 epochs.
[32m[I 2022-12-12 00:02:39,125][0m Trial 418 finished with value: 0.24622050526681769 and parameters: {'optimizer__lr': 0.006001330205017287, 'module__dropout': 0.12413864038599255, 'd_model_multiplier': 4, 'module__num_layers': 4, 'module__n_heads': 8, 'module__dim_feedforward': 329, 'iterator_train__batch_size': 71}. Best is trial 382 with value: 0.5110916005289956.[0m
[FileBasedDataset] Initializing dataset...
	Examples: 28559
	Features: 621
	Max length: 120
[FileBasedDataset] Dataset initialization complete
  epoch    auprc    auroc    train_loss    valid_acc    valid_loss    cp      dur
-------  -------  -------  ------------  -----------  ------------  ----  -------
      1   [36m0.3675[0m   [32m0.7952[0m        [35m0.2588[0m       [31m0.9265[0m        [94m0.2235[0m     +  22.4137
      2   [36m0.3886[0m   [32m0.8079[0m        [35m0.2238[0m       0.9261        [94m0.2197[0m     +  23.2745
      3   [36m0.4036[0m   [32m0.8156[0m        [35m0.2207[0m       0.9265        [94m0.2167[0m     +  23.0520
      4   [36m0.4147[0m   [32m0.8209[0m        [35m0.2170[0m       0.9265        [94m0.2147[0m     +  22.7459
      5   [36m0.4207[0m   [32m0.8272[0m        [35m0.2156[0m       [31m0.9272[0m        [94m0.2135[0m     +  23.4471
      6   [36m0.4321[0m   [32m0.8326[0m        [35m0.2136[0m       [31m0.9296[0m        [94m0.2100[0m     +  22.9476
      7   0.4228   [32m0.8339[0m        [35m0.2124[0m       0.9275        0.2112        24.9783
      8   0.4286   [32m0.8380[0m        [35m0.2116[0m       0.9296        [94m0.2090[0m     +  23.5340
      9   [36m0.4326[0m   0.8365        [35m0.2093[0m       0.9296        [94m0.2089[0m     +  24.0644
     10   0.4247   [32m0.8414[0m        [35m0.2083[0m       0.9279        0.2090        23.8963
     11   0.4300   0.8360        [35m0.2053[0m       0.9296        0.2100        23.7966
Stopping since valid_loss has not improved in the last 3 epochs.
[32m[I 2022-12-12 00:07:21,053][0m Trial 419 finished with value: 0.4326109893601733 and parameters: {'optimizer__lr': 0.0006450805096980259, 'module__dropout': 0.15683013117508732, 'd_model_multiplier': 4, 'module__num_layers': 1, 'module__n_heads': 8, 'module__dim_feedforward': 315, 'iterator_train__batch_size': 68}. Best is trial 382 with value: 0.5110916005289956.[0m
[FileBasedDataset] Initializing dataset...
	Examples: 28559
	Features: 621
	Max length: 120
[FileBasedDataset] Dataset initialization complete
  epoch    auprc    auroc    train_loss    valid_acc    valid_loss    cp      dur
-------  -------  -------  ------------  -----------  ------------  ----  -------
      1   [36m0.3632[0m   [32m0.7773[0m        [35m0.2710[0m       [31m0.9191[0m        [94m0.2371[0m     +  23.0545
      2   [36m0.3980[0m   [32m0.8039[0m        [35m0.2255[0m       [31m0.9219[0m        [94m0.2304[0m     +  23.8924
      3   [36m0.4061[0m   [32m0.8124[0m        [35m0.2195[0m       [31m0.9230[0m        [94m0.2280[0m     +  23.7724
      4   [36m0.4123[0m   [32m0.8230[0m        [35m0.2171[0m       0.9216        [94m0.2257[0m     +  23.7369
      5   [36m0.4190[0m   [32m0.8278[0m        [35m0.2147[0m       0.9216        [94m0.2239[0m     +  23.7724
      6   [36m0.4191[0m   [32m0.8381[0m        [35m0.2108[0m       [31m0.9240[0m        [94m0.2209[0m     +  24.0056
      7   0.4173   [32m0.8383[0m        [35m0.2081[0m       0.9223        [94m0.2206[0m     +  24.9575
      8   [36m0.4345[0m   [32m0.8418[0m        [35m0.2066[0m       0.9212        [94m0.2182[0m     +  24.1866
      9   0.4270   0.8401        [35m0.2059[0m       0.9205        0.2196        23.9147
     10   0.4201   [32m0.8429[0m        0.2060       0.9191        0.2197        24.2812
Stopping since valid_loss has not improved in the last 3 epochs.
[32m[I 2022-12-12 00:11:44,804][0m Trial 420 finished with value: 0.43454542607171287 and parameters: {'optimizer__lr': 0.000317738942331426, 'module__dropout': 0.1389982452625833, 'd_model_multiplier': 4, 'module__num_layers': 2, 'module__n_heads': 8, 'module__dim_feedforward': 271, 'iterator_train__batch_size': 59}. Best is trial 382 with value: 0.5110916005289956.[0m
[FileBasedDataset] Initializing dataset...
	Examples: 28559
	Features: 621
	Max length: 120
[FileBasedDataset] Dataset initialization complete
  epoch    auprc    auroc    train_loss    valid_acc    valid_loss    cp      dur
-------  -------  -------  ------------  -----------  ------------  ----  -------
      1   [36m0.3508[0m   [32m0.7918[0m        [35m0.2549[0m       [31m0.9258[0m        [94m0.2230[0m     +  24.1417
      2   [36m0.3585[0m   [32m0.8069[0m        [35m0.2193[0m       [31m0.9268[0m        [94m0.2208[0m     +  24.8214
      3   [36m0.3699[0m   [32m0.8201[0m        [35m0.2143[0m       0.9261        [94m0.2173[0m     +  24.3982
      4   [36m0.3783[0m   [32m0.8303[0m        [35m0.2099[0m       0.9261        [94m0.2147[0m     +  24.4420
      5   [36m0.3874[0m   [32m0.8421[0m        [35m0.2062[0m       0.9258        [94m0.2122[0m     +  24.2661
      6   0.3783   [32m0.8436[0m        [35m0.2038[0m       0.9251        [94m0.2115[0m     +  24.4679
      7   0.3812   0.8402        [35m0.2011[0m       0.9237        0.2127        24.7790
      8   0.3735   0.8398        [35m0.1999[0m       0.9233        0.2131        24.2635
      9   0.3771   [32m0.8451[0m        [35m0.1977[0m       0.9233        [94m0.2111[0m     +  23.9518
     10   0.3731   0.8440        [35m0.1960[0m       0.9237        0.2124        24.3557
     11   0.3765   0.8427        [35m0.1936[0m       0.9244        0.2125        23.8105
Stopping since valid_loss has not improved in the last 3 epochs.
[32m[I 2022-12-12 00:16:37,503][0m Trial 421 finished with value: 0.38740673917438534 and parameters: {'optimizer__lr': 0.0005005433677998498, 'module__dropout': 0.03672719896664767, 'd_model_multiplier': 4, 'module__num_layers': 3, 'module__n_heads': 8, 'module__dim_feedforward': 292, 'iterator_train__batch_size': 58}. Best is trial 382 with value: 0.5110916005289956.[0m
[FileBasedDataset] Initializing dataset...
	Examples: 28559
	Features: 621
	Max length: 120
[FileBasedDataset] Dataset initialization complete
  epoch    auprc    auroc    train_loss    valid_acc    valid_loss    cp      dur
-------  -------  -------  ------------  -----------  ------------  ----  -------
      1   [36m0.3057[0m   [32m0.7830[0m        [35m0.2571[0m       [31m0.9111[0m        [94m0.2689[0m     +  24.4064
      2   [36m0.3268[0m   [32m0.7906[0m        [35m0.2386[0m       [31m0.9219[0m        [94m0.2439[0m     +  24.0247
      3   [36m0.3344[0m   [32m0.8008[0m        [35m0.2353[0m       0.9188        [94m0.2397[0m     +  23.7160
      4   0.3250   0.7981        0.2376       0.9184        [94m0.2392[0m     +  23.6520
      5   [36m0.3442[0m   [32m0.8128[0m        [35m0.2311[0m       0.9195        [94m0.2344[0m     +  23.7776
      6   [36m0.3776[0m   0.8103        0.2338       [31m0.9247[0m        [94m0.2299[0m     +  23.8774
      7   0.3711   [32m0.8154[0m        [35m0.2308[0m       0.9205        0.2412        23.9565
      8   0.3713   [32m0.8168[0m        0.2309       0.9209        0.2326        23.9201
      9   0.3648   0.8131        [35m0.2301[0m       0.9233        [94m0.2295[0m     +  24.1205
     10   0.3463   0.8006        0.2343       0.9240        0.2416        24.7646
     11   0.3458   0.8095        0.2333       0.9205        0.2357        23.9186
Stopping since valid_loss has not improved in the last 3 epochs.
[32m[I 2022-12-12 00:21:26,020][0m Trial 422 finished with value: 0.37756644622816865 and parameters: {'optimizer__lr': 0.0317831919893605, 'module__dropout': 0.16645687632174827, 'd_model_multiplier': 4, 'module__num_layers': 1, 'module__n_heads': 8, 'module__dim_feedforward': 402, 'iterator_train__batch_size': 77}. Best is trial 382 with value: 0.5110916005289956.[0m
[FileBasedDataset] Initializing dataset...
	Examples: 28559
	Features: 621
	Max length: 120
[FileBasedDataset] Dataset initialization complete
  epoch    auprc    auroc    train_loss    valid_acc    valid_loss    cp      dur
-------  -------  -------  ------------  -----------  ------------  ----  -------
      1   [36m0.2647[0m   [32m0.7416[0m        [35m0.3321[0m       [31m0.9289[0m        [94m0.2287[0m     +  23.1200
      2   [36m0.3008[0m   [32m0.7645[0m        [35m0.2456[0m       [31m0.9303[0m        [94m0.2235[0m     +  23.4930
      3   [36m0.3152[0m   [32m0.7710[0m        [35m0.2371[0m       [31m0.9307[0m        [94m0.2235[0m     +  23.8906
      4   [36m0.3245[0m   [32m0.7805[0m        [35m0.2371[0m       0.9293        [94m0.2199[0m     +  23.9029
      5   0.3237   [32m0.7860[0m        [35m0.2348[0m       0.9307        [94m0.2191[0m     +  23.8792
      6   0.3181   [32m0.7895[0m        [35m0.2307[0m       0.9289        0.2208        23.6536
      7   0.3204   [32m0.7941[0m        [35m0.2301[0m       0.9300        0.2193        23.6863
      8   [36m0.3271[0m   [32m0.7993[0m        0.2301       0.9303        [94m0.2174[0m     +  23.4056
      9   [36m0.3273[0m   [32m0.8008[0m        [35m0.2269[0m       0.9307        0.2183        23.2392
     10   [36m0.3305[0m   [32m0.8034[0m        0.2271       [31m0.9314[0m        [94m0.2155[0m     +  23.6331
     11   [36m0.3338[0m   [32m0.8073[0m        0.2270       0.9314        0.2170        23.6932
     12   0.3268   0.8071        [35m0.2246[0m       0.9314        0.2169        23.5882
     13   [36m0.3369[0m   [32m0.8094[0m        0.2265       [31m0.9317[0m        [94m0.2137[0m     +  23.3992
     14   [36m0.3425[0m   [32m0.8138[0m        0.2250       [31m0.9321[0m        [94m0.2123[0m     +  22.9275
     15   [36m0.3441[0m   [32m0.8173[0m        0.2247       [31m0.9328[0m        [94m0.2121[0m     +  23.3757
[32m[I 2022-12-12 00:27:19,633][0m Trial 423 finished with value: 0.34405789581379037 and parameters: {'optimizer__lr': 0.00023043953300109807, 'module__dropout': 0.4609210320022809, 'd_model_multiplier': 4, 'module__num_layers': 2, 'module__n_heads': 8, 'module__dim_feedforward': 417, 'iterator_train__batch_size': 68}. Best is trial 382 with value: 0.5110916005289956.[0m
[FileBasedDataset] Initializing dataset...
	Examples: 28559
	Features: 621
	Max length: 120
[FileBasedDataset] Dataset initialization complete
  epoch    auprc    auroc    train_loss    valid_acc    valid_loss    cp      dur
-------  -------  -------  ------------  -----------  ------------  ----  -------
      1   [36m0.3529[0m   [32m0.8294[0m        [35m0.2353[0m       [31m0.9212[0m        [94m0.2227[0m     +  23.0107
      2   [36m0.3931[0m   [32m0.8515[0m        [35m0.2167[0m       0.9212        [94m0.2163[0m     +  23.6648
      3   [36m0.3975[0m   [32m0.8561[0m        [35m0.2125[0m       [31m0.9230[0m        0.2170        22.7218
      4   [36m0.4108[0m   [32m0.8591[0m        [35m0.2110[0m       [31m0.9244[0m        [94m0.2082[0m     +  22.7932
      5   0.4007   [32m0.8636[0m        [35m0.2087[0m       0.9244        0.2147        23.2652
      6   [36m0.4168[0m   [32m0.8688[0m        [35m0.2070[0m       [31m0.9251[0m        0.2111        23.1768
      7   [36m0.4236[0m   0.8650        [35m0.2041[0m       [31m0.9254[0m        [94m0.2073[0m     +  23.5470
      8   0.4081   0.8630        [35m0.2027[0m       0.9240        0.2135        24.0604
      9   0.4130   [32m0.8717[0m        [35m0.2001[0m       [31m0.9268[0m        0.2101        23.4747
Stopping since valid_loss has not improved in the last 3 epochs.
