[32m[I 2022-12-10 20:02:31,339][0m Trial 135 finished with value: 0.41097798357548976 and parameters: {'optimizer__lr': 0.0004551741862572095, 'module__dropout': 0.3356994675593506, 'd_model_multiplier': 2, 'module__num_layers': 4, 'module__n_heads': 4, 'module__dim_feedforward': 497, 'iterator_train__batch_size': 36}. Best is trial 114 with value: 0.4502715663620293.[0m
[FileBasedDataset] Initializing dataset...
	Examples: 28559
	Features: 621
	Max length: 120
[FileBasedDataset] Dataset initialization complete
  epoch    auprc    auroc    train_loss    valid_acc    valid_loss    cp      dur
-------  -------  -------  ------------  -----------  ------------  ----  -------
      1   [36m0.1956[0m   [32m0.5967[0m        [35m0.3869[0m       [31m0.9170[0m        [94m0.2844[0m     +  23.5458
      2   [36m0.2354[0m   [32m0.6629[0m        [35m0.2718[0m       0.9163        [94m0.2644[0m     +  23.7265
      3   [36m0.2387[0m   [32m0.6695[0m        [35m0.2608[0m       0.9163        [94m0.2626[0m     +  24.1015
      4   [36m0.2442[0m   [32m0.6943[0m        [35m0.2594[0m       0.9163        [94m0.2619[0m     +  24.1023
      5   [36m0.3554[0m   [32m0.7624[0m        [35m0.2544[0m       [31m0.9198[0m        [94m0.2394[0m     +  23.6681
      6   0.3442   [32m0.7649[0m        [35m0.2432[0m       [31m0.9212[0m        [94m0.2393[0m     +  23.9074
      7   [36m0.3593[0m   [32m0.7682[0m        [35m0.2408[0m       [31m0.9230[0m        [94m0.2362[0m     +  24.0787
      8   [36m0.3612[0m   [32m0.7712[0m        [35m0.2367[0m       0.9226        0.2369        24.0662
      9   [36m0.3676[0m   [32m0.7720[0m        0.2368       0.9223        0.2362        23.9558
     10   0.3660   [32m0.7759[0m        [35m0.2354[0m       0.9230        [94m0.2340[0m     +  24.2373
     11   0.3667   0.7751        [35m0.2350[0m       0.9226        0.2357        24.0239
     12   0.3646   [32m0.7775[0m        [35m0.2343[0m       0.9226        0.2343        23.9043
Stopping since valid_loss has not improved in the last 3 epochs.
[32m[I 2022-12-10 20:07:42,498][0m Trial 136 finished with value: 0.3676404123217254 and parameters: {'optimizer__lr': 0.0005490420020475771, 'module__dropout': 0.34241612240807695, 'd_model_multiplier': 2, 'module__num_layers': 4, 'module__n_heads': 4, 'module__dim_feedforward': 494, 'iterator_train__batch_size': 139}. Best is trial 114 with value: 0.4502715663620293.[0m
[FileBasedDataset] Initializing dataset...
	Examples: 28559
	Features: 621
	Max length: 120
[FileBasedDataset] Dataset initialization complete
  epoch    auprc    auroc    train_loss    valid_acc    valid_loss    cp      dur
-------  -------  -------  ------------  -----------  ------------  ----  -------
      1   [36m0.2264[0m   [32m0.7080[0m        [35m0.2666[0m       [31m0.9177[0m        [94m0.2770[0m     +  32.2906
      2   [36m0.2321[0m   [32m0.7250[0m        [35m0.2543[0m       0.9174        [94m0.2687[0m     +  33.1250
      3   0.2263   [32m0.7256[0m        [35m0.2530[0m       0.9146        0.2698        32.6287
      4   [36m0.2517[0m   [32m0.7339[0m        [35m0.2452[0m       0.9142        [94m0.2644[0m     +  33.4642
      5   0.2164   0.7217        0.2455       0.9167        0.2694        32.9564
      6   0.2195   0.7215        0.2506       0.9167        0.2692        31.9585
      7   0.2257   0.7269        0.2495       0.9163        [94m0.2644[0m     +  31.5101
      8   0.2189   0.7151        0.2496       0.9163        0.2651        30.9093
      9   0.2233   0.7213        0.2494       0.9170        [94m0.2639[0m     +  31.2998
     10   0.2159   0.7077        0.2485       0.9167        [94m0.2631[0m     +  33.1609
     11   0.2181   0.7232        0.2484       0.9167        0.2643        31.8751
     12   0.2147   0.7112        0.2461       0.9167        0.2684        33.5479
Stopping since valid_loss has not improved in the last 3 epochs.
[32m[I 2022-12-10 20:14:45,765][0m Trial 137 finished with value: 0.25171979644641523 and parameters: {'optimizer__lr': 0.0017340692126071578, 'module__dropout': 0.32796635953285663, 'd_model_multiplier': 2, 'module__num_layers': 4, 'module__n_heads': 4, 'module__dim_feedforward': 499, 'iterator_train__batch_size': 12}. Best is trial 114 with value: 0.4502715663620293.[0m
[FileBasedDataset] Initializing dataset...
	Examples: 28559
	Features: 621
	Max length: 120
[FileBasedDataset] Dataset initialization complete
  epoch    auprc    auroc    train_loss    valid_acc    valid_loss    cp      dur
-------  -------  -------  ------------  -----------  ------------  ----  -------
      1   [36m0.3653[0m   [32m0.7831[0m        [35m0.2798[0m       [31m0.9191[0m        [94m0.2352[0m     +  23.1358
      2   [36m0.3849[0m   [32m0.7936[0m        [35m0.2376[0m       [31m0.9202[0m        [94m0.2310[0m     +  24.4664
      3   0.3739   0.7914        [35m0.2343[0m       0.9202        0.2330        24.4390
      4   0.3844   [32m0.7968[0m        [35m0.2327[0m       [31m0.9216[0m        0.2314        23.8197
      5   [36m0.4041[0m   [32m0.8059[0m        [35m0.2306[0m       0.9212        [94m0.2258[0m     +  23.8389
      6   0.3982   0.8041        0.2312       0.9216        0.2261        23.6601
      7   0.3846   0.8012        [35m0.2286[0m       0.9205        0.2274        23.5812
Stopping since valid_loss has not improved in the last 3 epochs.
[32m[I 2022-12-10 20:17:56,561][0m Trial 138 finished with value: 0.4040785494526602 and parameters: {'optimizer__lr': 0.001056989525658094, 'module__dropout': 0.27852395598345514, 'd_model_multiplier': 2, 'module__num_layers': 3, 'module__n_heads': 4, 'module__dim_feedforward': 471, 'iterator_train__batch_size': 35}. Best is trial 114 with value: 0.4502715663620293.[0m
[FileBasedDataset] Initializing dataset...
	Examples: 28559
	Features: 621
	Max length: 120
[FileBasedDataset] Dataset initialization complete
  epoch    auprc    auroc    train_loss    valid_acc    valid_loss    cp      dur
-------  -------  -------  ------------  -----------  ------------  ----  -------
      1   [36m0.2011[0m   [32m0.7252[0m        [35m0.2658[0m       [31m0.9191[0m        [94m0.2524[0m     +  24.9886
      2   0.2005   0.7235        [35m0.2548[0m       [31m0.9202[0m        0.2526        25.1325
      3   [36m0.2011[0m   [32m0.7312[0m        [35m0.2516[0m       [31m0.9205[0m        [94m0.2515[0m     +  25.0994
      4   0.1984   0.7284        [35m0.2508[0m       0.9202        [94m0.2507[0m     +  25.1810
      5   [36m0.2053[0m   0.7258        0.2510       0.9205        0.2508        25.1613
      6   0.2022   0.7306        [35m0.2508[0m       0.9205        [94m0.2499[0m     +  25.5755
      7   0.1988   0.7288        0.2509       0.9205        [94m0.2499[0m     +  25.1296
      8   0.2013   0.7293        [35m0.2505[0m       0.9202        0.2501        24.7175
      9   [36m0.2110[0m   0.7302        0.2507       0.9198        [94m0.2494[0m     +  25.0967
     10   0.2031   0.7300        0.2506       0.9202        0.2504        24.7439
     11   0.2027   0.7308        [35m0.2504[0m       0.9146        0.2515        25.1977
Stopping since valid_loss has not improved in the last 3 epochs.
[32m[I 2022-12-10 20:22:58,707][0m Trial 139 finished with value: 0.2109960243164753 and parameters: {'optimizer__lr': 0.009225665471298461, 'module__dropout': 0.36337610771968754, 'd_model_multiplier': 2, 'module__num_layers': 5, 'module__n_heads': 4, 'module__dim_feedforward': 483, 'iterator_train__batch_size': 21}. Best is trial 114 with value: 0.4502715663620293.[0m
[FileBasedDataset] Initializing dataset...
	Examples: 28559
	Features: 621
	Max length: 120
[FileBasedDataset] Dataset initialization complete
  epoch    auprc    auroc    train_loss    valid_acc    valid_loss    cp      dur
-------  -------  -------  ------------  -----------  ------------  ----  -------
      1   [36m0.1436[0m   [32m0.5110[0m        [35m0.4209[0m       [31m0.9174[0m        [94m0.3061[0m     +  23.2124
      2   [36m0.2562[0m   [32m0.7111[0m        [35m0.2835[0m       [31m0.9184[0m        [94m0.2609[0m     +  23.6699
      3   [36m0.3083[0m   [32m0.7520[0m        [35m0.2550[0m       [31m0.9209[0m        [94m0.2456[0m     +  23.9317
      4   [36m0.3157[0m   [32m0.7671[0m        [35m0.2459[0m       0.9202        [94m0.2418[0m     +  23.9894
      5   [36m0.3223[0m   [32m0.7700[0m        [35m0.2432[0m       0.9209        [94m0.2396[0m     +  23.9223
      6   [36m0.3319[0m   [32m0.7750[0m        [35m0.2413[0m       [31m0.9216[0m        [94m0.2376[0m     +  24.3871
      7   [36m0.3363[0m   [32m0.7809[0m        [35m0.2389[0m       0.9212        [94m0.2363[0m     +  23.8596
      8   0.3334   [32m0.7831[0m        [35m0.2383[0m       0.9202        [94m0.2362[0m     +  23.7279
      9   [36m0.3508[0m   [32m0.7893[0m        [35m0.2345[0m       [31m0.9226[0m        [94m0.2331[0m     +  23.3963
     10   [36m0.3606[0m   [32m0.7960[0m        0.2347       0.9226        [94m0.2310[0m     +  23.6126
     11   0.3546   [32m0.7980[0m        [35m0.2323[0m       0.9209        0.2312        24.0119
     12   [36m0.3666[0m   [32m0.8064[0m        0.2332       0.9223        [94m0.2291[0m     +  23.7424
     13   [36m0.3675[0m   [32m0.8082[0m        [35m0.2312[0m       0.9223        [94m0.2286[0m     +  23.9802
     14   [36m0.3683[0m   0.8070        0.2315       0.9219        0.2293        23.9940
     15   0.3643   0.8079        [35m0.2294[0m       0.9209        0.2295        24.3476
[32m[I 2022-12-10 20:28:57,428][0m Trial 140 finished with value: 0.3682760301425864 and parameters: {'optimizer__lr': 0.0001831873912308056, 'module__dropout': 0.3121076916433909, 'd_model_multiplier': 2, 'module__num_layers': 4, 'module__n_heads': 4, 'module__dim_feedforward': 458, 'iterator_train__batch_size': 56}. Best is trial 114 with value: 0.4502715663620293.[0m
[FileBasedDataset] Initializing dataset...
	Examples: 28559
	Features: 621
	Max length: 120
[FileBasedDataset] Dataset initialization complete
  epoch    auprc    auroc    train_loss    valid_acc    valid_loss    cp      dur
-------  -------  -------  ------------  -----------  ------------  ----  -------
      1   [36m0.3446[0m   [32m0.7837[0m        [35m0.2477[0m       [31m0.9282[0m        [94m0.2292[0m     +  23.4867
      2   0.3428   [32m0.7943[0m        [35m0.2274[0m       0.9268        [94m0.2242[0m     +  24.0156
      3   [36m0.3864[0m   [32m0.8056[0m        [35m0.2216[0m       [31m0.9331[0m        [94m0.2145[0m     +  24.3175
      4   [36m0.3891[0m   [32m0.8248[0m        [35m0.2205[0m       0.9321        [94m0.2125[0m     +  24.7681
      5   0.3879   [32m0.8316[0m        [35m0.2189[0m       0.9317        [94m0.2107[0m     +  24.1600
      6   0.3128   0.7904        [35m0.2151[0m       0.9258        0.2292        23.8702
      7   0.3642   0.8267        0.2173       0.9296        0.2143        23.9841
      8   [36m0.3919[0m   0.8307        [35m0.2136[0m       0.9317        [94m0.2103[0m     +  23.8718
      9   0.3708   0.8171        [35m0.2129[0m       0.9293        0.2170        23.9046
     10   [36m0.4190[0m   [32m0.8487[0m        [35m0.2112[0m       0.9317        [94m0.2023[0m     +  23.9467
     11   0.3850   0.8190        [35m0.2102[0m       0.9307        0.2155        23.8862
     12   0.3926   0.8227        [35m0.2083[0m       0.9303        0.2153        23.9344
Stopping since valid_loss has not improved in the last 3 epochs.
[32m[I 2022-12-10 20:34:10,810][0m Trial 141 finished with value: 0.41898291642503854 and parameters: {'optimizer__lr': 0.00037317820640872296, 'module__dropout': 0.1461018303571919, 'd_model_multiplier': 32, 'module__num_layers': 6, 'module__n_heads': 4, 'module__dim_feedforward': 219, 'iterator_train__batch_size': 67}. Best is trial 114 with value: 0.4502715663620293.[0m
[FileBasedDataset] Initializing dataset...
	Examples: 28559
	Features: 621
	Max length: 120
[FileBasedDataset] Dataset initialization complete
  epoch    auprc    auroc    train_loss    valid_acc    valid_loss    cp      dur
-------  -------  -------  ------------  -----------  ------------  ----  -------
      1   [36m0.2755[0m   [32m0.7772[0m        [35m0.2517[0m       [31m0.9209[0m        [94m0.2432[0m     +  23.7189
      2   [36m0.3176[0m   [32m0.8031[0m        [35m0.2387[0m       [31m0.9223[0m        [94m0.2302[0m     +  23.9091
      3   0.3145   [32m0.8044[0m        [35m0.2305[0m       0.9223        0.2312        24.3452
      4   0.2712   0.7712        0.2447       0.9212        0.2422        24.0924
Stopping since valid_loss has not improved in the last 3 epochs.
[32m[I 2022-12-10 20:36:10,544][0m Trial 142 finished with value: 0.31761858631989637 and parameters: {'optimizer__lr': 0.0004761029584212597, 'module__dropout': 0.09955751049667068, 'd_model_multiplier': 32, 'module__num_layers': 6, 'module__n_heads': 4, 'module__dim_feedforward': 218, 'iterator_train__batch_size': 65}. Best is trial 114 with value: 0.4502715663620293.[0m
[FileBasedDataset] Initializing dataset...
	Examples: 28559
	Features: 621
	Max length: 120
[FileBasedDataset] Dataset initialization complete
  epoch    auprc    auroc    train_loss    valid_acc    valid_loss    cp      dur
-------  -------  -------  ------------  -----------  ------------  ----  -------
      1   [36m0.1159[0m   [32m0.5644[0m        [35m0.7030[0m       [31m0.5844[0m        [94m0.6915[0m     +  23.5809
      2   0.1068   0.5327        [35m0.6905[0m       [31m0.7153[0m        [94m0.6774[0m     +  23.8412
      3   0.0999   0.5031        [35m0.6786[0m       [31m0.8144[0m        [94m0.6637[0m     +  23.8446
      4   0.0894   0.4737        [35m0.6675[0m       [31m0.8750[0m        [94m0.6502[0m     +  24.8061
      5   0.0811   0.4468        [35m0.6553[0m       [31m0.8974[0m        [94m0.6374[0m     +  24.6432
      6   0.0764   0.4229        [35m0.6446[0m       [31m0.9090[0m        [94m0.6251[0m     +  23.8438
      7   0.0723   0.4025        [35m0.6337[0m       [31m0.9100[0m        [94m0.6131[0m     +  24.7213
      8   0.0691   0.3840        [35m0.6229[0m       [31m0.9139[0m        [94m0.6013[0m     +  24.5564
      9   0.0661   0.3700        [35m0.6126[0m       [31m0.9177[0m        [94m0.5903[0m     +  24.5947
     10   0.0640   0.3588        [35m0.6027[0m       [31m0.9184[0m        [94m0.5796[0m     +  23.5586
     11   0.0626   0.3504        [35m0.5934[0m       [31m0.9188[0m        [94m0.5692[0m     +  24.0799
     12   0.0615   0.3430        [35m0.5845[0m       [31m0.9195[0m        [94m0.5593[0m     +  24.0284
     13   0.0604   0.3368        [35m0.5754[0m       [31m0.9198[0m        [94m0.5499[0m     +  24.2931
     14   0.0598   0.3315        [35m0.5664[0m       0.9198        [94m0.5408[0m     +  24.0997
     15   0.0592   0.3274        [35m0.5578[0m       [31m0.9202[0m        [94m0.5319[0m     +  24.1459
[32m[I 2022-12-10 20:42:15,369][0m Trial 143 finished with value: 0.11594003978014537 and parameters: {'optimizer__lr': 1.4251505923237926e-07, 'module__dropout': 0.3286160810344953, 'd_model_multiplier': 32, 'module__num_layers': 7, 'module__n_heads': 4, 'module__dim_feedforward': 503, 'iterator_train__batch_size': 81}. Best is trial 114 with value: 0.4502715663620293.[0m
[FileBasedDataset] Initializing dataset...
	Examples: 28559
	Features: 621
	Max length: 120
[FileBasedDataset] Dataset initialization complete
  epoch    auprc    auroc    train_loss    valid_acc    valid_loss    cp      dur
-------  -------  -------  ------------  -----------  ------------  ----  -------
      1   [36m0.3696[0m   [32m0.8089[0m        [35m0.2395[0m       [31m0.9216[0m        [94m0.2314[0m     +  23.3497
      2   [36m0.3881[0m   [32m0.8380[0m        [35m0.2258[0m       0.9174        [94m0.2223[0m     +  23.9491
      3   0.3570   0.8169        [35m0.2251[0m       0.9170        0.2349        24.2319
      4   0.3782   0.8350        [35m0.2231[0m       0.9209        0.2276        23.3206
Stopping since valid_loss has not improved in the last 3 epochs.
[32m[I 2022-12-10 20:44:13,721][0m Trial 144 finished with value: 0.3881264243184399 and parameters: {'optimizer__lr': 0.00028588647013291584, 'module__dropout': 0.14051959865984215, 'd_model_multiplier': 32, 'module__num_layers': 6, 'module__n_heads': 4, 'module__dim_feedforward': 511, 'iterator_train__batch_size': 44}. Best is trial 114 with value: 0.4502715663620293.[0m
[FileBasedDataset] Initializing dataset...
	Examples: 28559
	Features: 621
	Max length: 120
[FileBasedDataset] Dataset initialization complete
  epoch    auprc    auroc    train_loss    valid_acc    valid_loss    cp      dur
-------  -------  -------  ------------  -----------  ------------  ----  -------
      1   [36m0.2653[0m   [32m0.7654[0m        [35m0.2580[0m       [31m0.9202[0m        [94m0.2438[0m     +  24.0702
      2   0.2432   0.7565        [35m0.2517[0m       0.9198        0.2516        24.1145
      3   0.2460   0.7436        0.2535       0.9202        0.2520        23.8567
Stopping since valid_loss has not improved in the last 3 epochs.
[32m[I 2022-12-10 20:45:49,684][0m Trial 145 finished with value: 0.2652505376450828 and parameters: {'optimizer__lr': 0.0009720920038921301, 'module__dropout': 0.2937323833421102, 'd_model_multiplier': 32, 'module__num_layers': 5, 'module__n_heads': 4, 'module__dim_feedforward': 202, 'iterator_train__batch_size': 26}. Best is trial 114 with value: 0.4502715663620293.[0m
[FileBasedDataset] Initializing dataset...
	Examples: 28559
	Features: 621
	Max length: 120
[FileBasedDataset] Dataset initialization complete
  epoch    auprc    auroc    train_loss    valid_acc    valid_loss    cp      dur
-------  -------  -------  ------------  -----------  ------------  ----  -------
      1   [36m0.2116[0m   [32m0.6997[0m        [35m0.2721[0m       [31m0.9198[0m        [94m0.2522[0m     +  23.1052
      2   [36m0.2123[0m   [32m0.7077[0m        [35m0.2528[0m       0.9195        0.2523        23.4868
      3   [36m0.2175[0m   [32m0.7270[0m        [35m0.2523[0m       0.9198        [94m0.2519[0m     +  23.3731
      4   0.2162   [32m0.7280[0m        [35m0.2516[0m       0.9195        0.2523        23.5770
      5   [36m0.2187[0m   [32m0.7288[0m        [35m0.2499[0m       0.9195        0.2524        23.5104
      6   [36m0.2197[0m   [32m0.7300[0m        0.2511       0.9195        [94m0.2516[0m     +  24.2007
      7   0.2165   0.7289        0.2499       0.9198        [94m0.2513[0m     +  23.3324
      8   0.2170   0.7299        0.2501       0.9195        0.2522        23.4957
      9   0.2195   0.7300        [35m0.2495[0m       0.9198        0.2514        23.4900
     10   [36m0.2209[0m   0.7297        0.2495       0.9198        [94m0.2513[0m     +  23.6952
     11   0.2174   0.7286        [35m0.2489[0m       0.9198        0.2513        23.8362
     12   0.2135   0.7226        0.2491       [31m0.9205[0m        [94m0.2513[0m     +  23.7966
     13   0.2162   [32m0.7302[0m        [35m0.2488[0m       0.9205        0.2515        23.4535
     14   0.2184   0.7302        0.2490       0.9195        [94m0.2510[0m     +  23.6446
     15   0.2165   0.7293        [35m0.2483[0m       0.9198        0.2511        23.5538
[32m[I 2022-12-10 20:51:43,972][0m Trial 146 finished with value: 0.2208737307742264 and parameters: {'optimizer__lr': 0.0024833002775279246, 'module__dropout': 0.1100499105465334, 'd_model_multiplier': 2, 'module__num_layers': 7, 'module__n_heads': 4, 'module__dim_feedforward': 218, 'iterator_train__batch_size': 64}. Best is trial 114 with value: 0.4502715663620293.[0m
[FileBasedDataset] Initializing dataset...
	Examples: 28559
	Features: 621
	Max length: 120
[FileBasedDataset] Dataset initialization complete
  epoch    auprc    auroc    train_loss    valid_acc    valid_loss    cp      dur
-------  -------  -------  ------------  -----------  ------------  ----  -------
      1   [36m0.2531[0m   [32m0.7361[0m        [35m0.2670[0m       [31m0.9114[0m        [94m0.3213[0m     +  30.5240
      2   0.2511   [32m0.7381[0m        [35m0.2571[0m       0.9111        [94m0.3044[0m     +  30.8978
      3   [36m0.2535[0m   [32m0.7396[0m        [35m0.2546[0m       0.9111        [94m0.3021[0m     +  30.7874
      4   0.2476   0.7259        [35m0.2532[0m       0.9100        0.3039        30.8711
      5   0.2496   0.7384        [35m0.2528[0m       0.9111        0.3075        30.7709
Stopping since valid_loss has not improved in the last 3 epochs.
