[32m[I 2022-12-28 12:04:52,277][0m Trial 14 finished with value: 0.0 and parameters: {'optimizer__lr': 4.782835942780358e-10, 'module__dropout': 0.02843691420436939, 'd_model_multiplier': 2, 'module__num_layers': 11, 'module__n_heads': 64, 'module__dim_feedforward': 437, 'iterator_train__batch_size': 47}. Best is trial 4 with value: 0.228233961089489.[0m
[FileBasedDataset] Initializing dataset...
	Examples: 11988
	Features: 621
	Max length: 574
[FileBasedDataset] Dataset initialization complete
  epoch    auprc    auroc    train_loss    valid_acc    valid_loss    cp      dur
-------  -------  -------  ------------  -----------  ------------  ----  -------
      1   [36m0.0927[0m   [32m0.4878[0m        [35m0.6531[0m       [31m0.8799[0m        [94m0.6228[0m     +  18.8645
      2   0.0906   0.4823        [35m0.6520[0m       [31m0.8849[0m        [94m0.6198[0m     +  19.4579
      3   0.0887   0.4765        [35m0.6482[0m       [31m0.8891[0m        [94m0.6171[0m     +  19.4040
      4   0.0864   0.4704        [35m0.6455[0m       [31m0.8932[0m        [94m0.6141[0m     +  19.3648
      5   0.0842   0.4632        [35m0.6426[0m       [31m0.8991[0m        [94m0.6110[0m     +  19.4520
      6   0.0830   0.4582        [35m0.6403[0m       [31m0.9008[0m        [94m0.6083[0m     +  19.5000
      7   0.0814   0.4523        [35m0.6387[0m       [31m0.9024[0m        [94m0.6055[0m     +  18.4838
      8   0.0782   0.4456        [35m0.6337[0m       [31m0.9058[0m        [94m0.6023[0m     +  18.7479
      9   0.0762   0.4402        [35m0.6317[0m       [31m0.9083[0m        [94m0.5993[0m     +  19.2815
     10   0.0744   0.4355        [35m0.6290[0m       [31m0.9099[0m        [94m0.5967[0m     +  18.9055
     11   0.0729   0.4301        [35m0.6268[0m       [31m0.9116[0m        [94m0.5937[0m     +  18.9983
     12   0.0714   0.4254        [35m0.6250[0m       [31m0.9133[0m        [94m0.5906[0m     +  18.9440
     13   0.0708   0.4216        [35m0.6227[0m       [31m0.9149[0m        [94m0.5882[0m     +  19.3753
     14   0.0700   0.4178        [35m0.6193[0m       0.9149        [94m0.5857[0m     +  19.1123
     15   0.0695   0.4147        [35m0.6181[0m       [31m0.9158[0m        [94m0.5830[0m     +  19.3287
[32m[I 2022-12-28 12:09:40,388][0m Trial 15 finished with value: 0.09274342646732461 and parameters: {'optimizer__lr': 4.079008303804814e-08, 'module__dropout': 0.4848866841421151, 'd_model_multiplier': 16, 'module__num_layers': 2, 'module__n_heads': 8, 'module__dim_feedforward': 352, 'iterator_train__batch_size': 104}. Best is trial 4 with value: 0.228233961089489.[0m
[FileBasedDataset] Initializing dataset...
	Examples: 11988
	Features: 621
	Max length: 574
[FileBasedDataset] Dataset initialization complete
  epoch    auprc    auroc    train_loss    valid_acc    valid_loss    cp      dur
-------  -------  -------  ------------  -----------  ------------  ----  -------
      1   [36m0.1321[0m   [32m0.5518[0m        [35m0.3485[0m       [31m0.8932[0m        [94m0.4013[0m     +  68.6543
      2   [36m0.1349[0m   [32m0.5553[0m        [35m0.3098[0m       [31m0.8941[0m        0.4126        68.9116
      3   0.1312   0.5512        [35m0.3051[0m       0.8941        0.4328        68.7558
Stopping since valid_loss has not improved in the last 3 epochs.
[32m[I 2022-12-28 12:14:15,787][0m Trial 16 finished with value: 0.13490670241652736 and parameters: {'optimizer__lr': 0.0006923858817863113, 'module__dropout': 0.24358627438360791, 'd_model_multiplier': 8, 'module__num_layers': 7, 'module__n_heads': 16, 'module__dim_feedforward': 468, 'iterator_train__batch_size': 11}. Best is trial 4 with value: 0.228233961089489.[0m
[FileBasedDataset] Initializing dataset...
	Examples: 11988
	Features: 621
	Max length: 574
[FileBasedDataset] Dataset initialization complete
  epoch    auprc    auroc    train_loss    valid_acc    valid_loss    cp      dur
-------  -------  -------  ------------  -----------  ------------  ----  -------
      1   [36m0.1358[0m   [32m0.5380[0m        [35m3.0460[0m       [31m0.8816[0m        [94m1.2437[0m     +  45.2766
      2   0.1345   [32m0.5630[0m        [35m1.1949[0m       0.8440        [94m0.6292[0m     +  45.4551
      3   0.1295   0.5460        [35m0.7581[0m       0.8407        [94m0.5527[0m     +  45.4736
      4   [36m0.1480[0m   [32m0.6011[0m        0.9193       0.2669        2.5958        45.2773
      5   0.1264   0.4801        0.9983       [31m0.8841[0m        [94m0.4421[0m     +  45.4135
      6   0.1397   0.5529        1.0316       0.8198        0.6657        45.3965
      7   0.1375   0.5335        0.9462       0.8274        0.7843        45.3653
Stopping since valid_loss has not improved in the last 3 epochs.
[32m[I 2022-12-28 12:20:19,400][0m Trial 17 finished with value: 0.14796336936940618 and parameters: {'optimizer__lr': 0.09109856082838297, 'module__dropout': 0.39826645055926513, 'd_model_multiplier': 4, 'module__num_layers': 5, 'module__n_heads': 16, 'module__dim_feedforward': 385, 'iterator_train__batch_size': 51}. Best is trial 4 with value: 0.228233961089489.[0m
[FileBasedDataset] Initializing dataset...
	Examples: 11988
	Features: 621
	Max length: 574
[FileBasedDataset] Dataset initialization complete
Warning, assumed runtime error: CUDA out of memory. Tried to allocate 3.54 GiB (GPU 0; 23.70 GiB total capacity; 17.46 GiB already allocated; 701.31 MiB free; 22.03 GiB reserved in total by PyTorch) If reserved memory is >> allocated memory try setting max_split_size_mb to avoid fragmentation.  See documentation for Memory Management and PYTORCH_CUDA_ALLOC_CONF
[32m[I 2022-12-28 12:20:26,899][0m Trial 18 finished with value: 0.0 and parameters: {'optimizer__lr': 1.3626803494942742e-05, 'module__dropout': 0.5603076086181097, 'd_model_multiplier': 2, 'module__num_layers': 9, 'module__n_heads': 16, 'module__dim_feedforward': 457, 'iterator_train__batch_size': 180}. Best is trial 4 with value: 0.228233961089489.[0m
[FileBasedDataset] Initializing dataset...
	Examples: 11988
	Features: 621
	Max length: 574
[FileBasedDataset] Dataset initialization complete
Warning, assumed runtime error: CUDA out of memory. Tried to allocate 1.08 GiB (GPU 0; 23.70 GiB total capacity; 20.88 GiB already allocated; 671.31 MiB free; 22.06 GiB reserved in total by PyTorch) If reserved memory is >> allocated memory try setting max_split_size_mb to avoid fragmentation.  See documentation for Memory Management and PYTORCH_CUDA_ALLOC_CONF
[32m[I 2022-12-28 12:20:31,852][0m Trial 19 finished with value: 0.0 and parameters: {'optimizer__lr': 7.203981782853881e-09, 'module__dropout': 0.1104800280323398, 'd_model_multiplier': 32, 'module__num_layers': 13, 'module__n_heads': 8, 'module__dim_feedforward': 389, 'iterator_train__batch_size': 110}. Best is trial 4 with value: 0.228233961089489.[0m
[FileBasedDataset] Initializing dataset...
	Examples: 11988
	Features: 621
	Max length: 574
[FileBasedDataset] Dataset initialization complete
Warning, assumed runtime error: CUDA out of memory. Tried to allocate 1.22 GiB (GPU 0; 23.70 GiB total capacity; 20.52 GiB already allocated; 703.31 MiB free; 22.03 GiB reserved in total by PyTorch) If reserved memory is >> allocated memory try setting max_split_size_mb to avoid fragmentation.  See documentation for Memory Management and PYTORCH_CUDA_ALLOC_CONF
[32m[I 2022-12-28 12:20:33,658][0m Trial 20 finished with value: 0.0 and parameters: {'optimizer__lr': 3.0678266376661847e-07, 'module__dropout': 0.30658007902788265, 'd_model_multiplier': 2, 'module__num_layers': 7, 'module__n_heads': 32, 'module__dim_feedforward': 155, 'iterator_train__batch_size': 31}. Best is trial 4 with value: 0.228233961089489.[0m
[FileBasedDataset] Initializing dataset...
	Examples: 11988
	Features: 621
	Max length: 574
[FileBasedDataset] Dataset initialization complete
  epoch    auprc    auroc    train_loss    valid_acc    valid_loss    cp      dur
-------  -------  -------  ------------  -----------  ------------  ----  -------
      1   [36m0.1138[0m   [32m0.6173[0m        [35m0.7125[0m       [31m0.9141[0m        [94m0.3241[0m     +  45.5140
      2   0.1126   0.5737        [35m0.3590[0m       0.9141        0.3477        45.8386
      3   0.1127   0.5898        0.3625       0.9041        0.3350        45.9002
      4   0.0923   0.4631        0.3802       [31m0.9158[0m        [94m0.3135[0m     +  45.8390
      5   [36m0.1152[0m   0.5992        0.3923       0.9058        [94m0.3005[0m     +  45.5580
      6   0.1118   0.5824        0.3626       0.9024        0.3545        45.6641
      7   0.1086   0.5414        0.3848       [31m0.9174[0m        0.3519        45.8736
Stopping since valid_loss has not improved in the last 3 epochs.
[32m[I 2022-12-28 12:26:40,372][0m Trial 21 finished with value: 0.11515470265193328 and parameters: {'optimizer__lr': 0.02631845542219129, 'module__dropout': 0.3937614106388373, 'd_model_multiplier': 4, 'module__num_layers': 5, 'module__n_heads': 16, 'module__dim_feedforward': 386, 'iterator_train__batch_size': 60}. Best is trial 4 with value: 0.228233961089489.[0m
[FileBasedDataset] Initializing dataset...
	Examples: 11988
	Features: 621
	Max length: 574
[FileBasedDataset] Dataset initialization complete
  epoch    auprc    auroc    train_loss    valid_acc    valid_loss    cp      dur
-------  -------  -------  ------------  -----------  ------------  ----  -------
      1   [36m0.1786[0m   [32m0.6471[0m        [35m2.1219[0m       [31m0.4070[0m        [94m2.9809[0m     +  45.5070
      2   0.1485   0.5056        [35m1.6123[0m       [31m0.8849[0m        [94m0.8108[0m     +  45.5593
      3   0.0894   0.3514        [35m1.4437[0m       [31m0.8966[0m        1.6028        45.7109
      4   0.1148   0.3888        [35m1.4347[0m       0.8957        [94m0.7786[0m     +  45.6362
      5   0.1267   0.4458        [35m1.2646[0m       0.6606        1.4732        45.8118
      6   0.1352   0.4755        1.4487       0.6222        1.7211        45.4726
Stopping since valid_loss has not improved in the last 3 epochs.
[32m[I 2022-12-28 12:31:59,826][0m Trial 22 finished with value: 0.17863840155614902 and parameters: {'optimizer__lr': 0.08706051437057359, 'module__dropout': 0.40322831806451115, 'd_model_multiplier': 4, 'module__num_layers': 5, 'module__n_heads': 16, 'module__dim_feedforward': 473, 'iterator_train__batch_size': 44}. Best is trial 4 with value: 0.228233961089489.[0m
[FileBasedDataset] Initializing dataset...
	Examples: 11988
	Features: 621
	Max length: 574
[FileBasedDataset] Dataset initialization complete
  epoch    auprc    auroc    train_loss    valid_acc    valid_loss    cp      dur
-------  -------  -------  ------------  -----------  ------------  ----  -------
      1   [36m0.1258[0m   [32m0.5491[0m        [35m0.3452[0m       [31m0.8941[0m        [94m0.3256[0m     +  30.7003
      2   [36m0.1352[0m   0.5397        [35m0.3068[0m       [31m0.9049[0m        0.3460        30.7176
      3   [36m0.1517[0m   [32m0.6053[0m        [35m0.3042[0m       0.8932        0.3370        30.5978
Stopping since valid_loss has not improved in the last 3 epochs.
[32m[I 2022-12-28 12:34:02,791][0m Trial 23 finished with value: 0.15167858319478084 and parameters: {'optimizer__lr': 0.0014049661462516851, 'module__dropout': 0.2611702725886097, 'd_model_multiplier': 4, 'module__num_layers': 3, 'module__n_heads': 16, 'module__dim_feedforward': 472, 'iterator_train__batch_size': 78}. Best is trial 4 with value: 0.228233961089489.[0m
[FileBasedDataset] Initializing dataset...
	Examples: 11988
	Features: 621
	Max length: 574
[FileBasedDataset] Dataset initialization complete
  epoch    auprc    auroc    train_loss    valid_acc    valid_loss    cp      dur
-------  -------  -------  ------------  -----------  ------------  ----  -------
      1   [36m0.1272[0m   [32m0.5997[0m        [35m0.3450[0m       [31m0.9041[0m        [94m0.3173[0m     +  53.7762
      2   [36m0.1339[0m   [32m0.6112[0m        [35m0.3030[0m       0.9041        [94m0.3140[0m     +  53.9402
      3   [36m0.1745[0m   [32m0.6244[0m        [35m0.3009[0m       0.9041        [94m0.3123[0m     +  54.1989
      4   0.1590   [32m0.6275[0m        0.3012       0.9041        [94m0.3113[0m     +  53.8691
      5   0.1723   0.6262        [35m0.3003[0m       0.9041        0.3116        53.9743
      6   0.1647   [32m0.6352[0m        [35m0.2992[0m       0.9041        [94m0.3102[0m     +  53.8092
      7   0.1648   0.6143        [35m0.2991[0m       0.9041        0.3211        53.9574
      8   0.1645   [32m0.6468[0m        0.2992       0.9041        0.3109        53.8248
      9   [36m0.1771[0m   [32m0.6529[0m        0.3006       0.9041        [94m0.3073[0m     +  53.9005
     10   0.1750   0.6478        [35m0.2978[0m       0.9041        0.3089        54.0057
     11   0.1698   0.6504        [35m0.2972[0m       0.9041        0.3137        54.0157
Stopping since valid_loss has not improved in the last 3 epochs.
[32m[I 2022-12-28 12:44:50,871][0m Trial 24 finished with value: 0.17706780014583742 and parameters: {'optimizer__lr': 4.188754666639942e-05, 'module__dropout': 0.5442201832967748, 'd_model_multiplier': 4, 'module__num_layers': 6, 'module__n_heads': 16, 'module__dim_feedforward': 447, 'iterator_train__batch_size': 34}. Best is trial 4 with value: 0.228233961089489.[0m
[FileBasedDataset] Initializing dataset...
	Examples: 11988
	Features: 621
	Max length: 574
[FileBasedDataset] Dataset initialization complete
Warning, assumed runtime error: CUDA out of memory. Tried to allocate 5.26 GiB (GPU 0; 23.70 GiB total capacity; 17.71 GiB already allocated; 4.93 GiB free; 17.78 GiB reserved in total by PyTorch) If reserved memory is >> allocated memory try setting max_split_size_mb to avoid fragmentation.  See documentation for Memory Management and PYTORCH_CUDA_ALLOC_CONF
[32m[I 2022-12-28 12:44:54,153][0m Trial 25 finished with value: 0.0 and parameters: {'optimizer__lr': 0.00519381113556278, 'module__dropout': 0.09056728889581582, 'd_model_multiplier': 2, 'module__num_layers': 8, 'module__n_heads': 64, 'module__dim_feedforward': 483, 'iterator_train__batch_size': 67}. Best is trial 4 with value: 0.228233961089489.[0m
[FileBasedDataset] Initializing dataset...
	Examples: 11988
	Features: 621
	Max length: 574
[FileBasedDataset] Dataset initialization complete
  epoch    auprc    auroc    train_loss    valid_acc    valid_loss    cp      dur
-------  -------  -------  ------------  -----------  ------------  ----  -------
      1   [36m0.1611[0m   [32m0.6271[0m        [35m0.5471[0m       [31m0.8332[0m        [94m0.4123[0m     +  89.7866
      2   [36m0.1663[0m   0.6269        [35m0.3551[0m       [31m0.8982[0m        [94m0.3293[0m     +  90.0768
      3   [36m0.1751[0m   [32m0.6398[0m        [35m0.3348[0m       0.8907        0.3565        89.9907
      4   0.1634   0.6238        [35m0.3165[0m       [31m0.9008[0m        0.3500        89.9412
Stopping since valid_loss has not improved in the last 3 epochs.
[32m[I 2022-12-28 12:52:25,427][0m Trial 26 finished with value: 0.17511143604487117 and parameters: {'optimizer__lr': 0.00028389661878468946, 'module__dropout': 0.1866702119020026, 'd_model_multiplier': 64, 'module__num_layers': 4, 'module__n_heads': 16, 'module__dim_feedforward': 420, 'iterator_train__batch_size': 23}. Best is trial 4 with value: 0.228233961089489.[0m
[FileBasedDataset] Initializing dataset...
	Examples: 11988
	Features: 621
	Max length: 574
[FileBasedDataset] Dataset initialization complete
  epoch    auprc    auroc    train_loss    valid_acc    valid_loss    cp      dur
-------  -------  -------  ------------  -----------  ------------  ----  -------
      1   [36m0.0655[0m   [32m0.3371[0m        [35m0.8331[0m       [31m0.9074[0m        [94m0.7859[0m     +  48.4591
      2   [36m0.1044[0m   [32m0.4844[0m        [35m0.5392[0m       0.9074        [94m0.3868[0m     +  48.4275
      3   0.0892   0.4064        0.5531       0.9074        [94m0.3644[0m     +  48.5827
      4   [36m0.1088[0m   0.4830        0.6680       0.9074        [94m0.3354[0m     +  48.3401
      5   0.0853   0.3623        0.5843       0.9016        0.4612        48.4472
      6   0.0953   0.4571        0.5716       0.9074        0.3839        48.2851
Stopping since valid_loss has not improved in the last 3 epochs.
[32m[I 2022-12-28 12:58:04,996][0m Trial 27 finished with value: 0.10876758463397226 and parameters: {'optimizer__lr': 0.08322098310734063, 'module__dropout': 0.4105338932864376, 'd_model_multiplier': 1, 'module__num_layers': 6, 'module__n_heads': 16, 'module__dim_feedforward': 506, 'iterator_train__batch_size': 9}. Best is trial 4 with value: 0.228233961089489.[0m
[FileBasedDataset] Initializing dataset...
	Examples: 11988
	Features: 621
	Max length: 574
[FileBasedDataset] Dataset initialization complete
Warning, assumed runtime error: CUDA out of memory. Tried to allocate 2.38 GiB (GPU 0; 23.70 GiB total capacity; 20.81 GiB already allocated; 169.31 MiB free; 22.55 GiB reserved in total by PyTorch) If reserved memory is >> allocated memory try setting max_split_size_mb to avoid fragmentation.  See documentation for Memory Management and PYTORCH_CUDA_ALLOC_CONF
[32m[I 2022-12-28 12:58:10,441][0m Trial 28 finished with value: 0.0 and parameters: {'optimizer__lr': 1.260578248949977e-09, 'module__dropout': 0.5415119942313517, 'd_model_multiplier': 32, 'module__num_layers': 8, 'module__n_heads': 16, 'module__dim_feedforward': 187, 'iterator_train__batch_size': 121}. Best is trial 4 with value: 0.228233961089489.[0m
[FileBasedDataset] Initializing dataset...
	Examples: 11988
	Features: 621
	Max length: 574
[FileBasedDataset] Dataset initialization complete
Warning, assumed runtime error: CUDA out of memory. Tried to allocate 3.42 GiB (GPU 0; 23.70 GiB total capacity; 12.85 GiB already allocated; 2.55 GiB free; 20.16 GiB reserved in total by PyTorch) If reserved memory is >> allocated memory try setting max_split_size_mb to avoid fragmentation.  See documentation for Memory Management and PYTORCH_CUDA_ALLOC_CONF
[32m[I 2022-12-28 12:58:14,365][0m Trial 29 finished with value: 0.0 and parameters: {'optimizer__lr': 2.65915974936585e-06, 'module__dropout': 0.27255313463038916, 'd_model_multiplier': 16, 'module__num_layers': 4, 'module__n_heads': 32, 'module__dim_feedforward': 401, 'iterator_train__batch_size': 87}. Best is trial 4 with value: 0.228233961089489.[0m
[FileBasedDataset] Initializing dataset...
	Examples: 11988
	Features: 621
	Max length: 574
[FileBasedDataset] Dataset initialization complete
  epoch    auprc    auroc    train_loss    valid_acc    valid_loss    cp      dur
-------  -------  -------  ------------  -----------  ------------  ----  -------
      1   [36m0.1990[0m   [32m0.5868[0m        [35m0.3794[0m       [31m0.9016[0m        [94m0.4213[0m     +  16.8656
      2   0.1691   [32m0.6394[0m        [35m0.3773[0m       0.8974        [94m0.3481[0m     +  17.9826
      3   [36m0.2319[0m   [32m0.6795[0m        [35m0.3455[0m       0.9008        [94m0.3379[0m     +  17.7662
      4   0.2280   [32m0.6833[0m        [35m0.3256[0m       0.8991        [94m0.3304[0m     +  17.7158
      5   [36m0.2359[0m   0.6823        [35m0.3128[0m       0.8999        0.3440        17.5749
      6   [36m0.2523[0m   [32m0.6880[0m        [35m0.3099[0m       0.8966        0.3451        17.5903
Stopping since valid_loss has not improved in the last 3 epochs.
[32m[I 2022-12-28 13:00:17,820][0m Trial 30 finished with value: 0.2522550651870843 and parameters: {'optimizer__lr': 0.0014669272252328608, 'module__dropout': 0.6404075207915684, 'd_model_multiplier': 16, 'module__num_layers': 1, 'module__n_heads': 4, 'module__dim_feedforward': 353, 'iterator_train__batch_size': 79}. Best is trial 30 with value: 0.2522550651870843.[0m
[FileBasedDataset] Initializing dataset...
	Examples: 11988
	Features: 621
	Max length: 574
[FileBasedDataset] Dataset initialization complete
  epoch    auprc    auroc    train_loss    valid_acc    valid_loss    cp      dur
-------  -------  -------  ------------  -----------  ------------  ----  -------
      1   [36m0.1355[0m   [32m0.6183[0m        [35m0.4090[0m       [31m0.9083[0m        [94m0.3000[0m     +  16.5352
      2   [36m0.1375[0m   [32m0.6294[0m        [35m0.3537[0m       0.8924        0.3553        17.2473
      3   [36m0.1387[0m   [32m0.6396[0m        [35m0.3278[0m       [31m0.9183[0m        0.3050        17.4964
Stopping since valid_loss has not improved in the last 3 epochs.
