[32m[I 2022-12-11 07:04:32,293][0m Trial 265 finished with value: 0.41729068531885377 and parameters: {'optimizer__lr': 3.0257763547655876e-05, 'module__dropout': 0.10086801632654296, 'd_model_multiplier': 64, 'module__num_layers': 6, 'module__n_heads': 4, 'module__dim_feedforward': 294, 'iterator_train__batch_size': 50}. Best is trial 231 with value: 0.4798892428044479.[0m
[FileBasedDataset] Initializing dataset...
	Examples: 28559
	Features: 621
	Max length: 120
[FileBasedDataset] Dataset initialization complete
  epoch    auprc    auroc    train_loss    valid_acc    valid_loss    cp      dur
-------  -------  -------  ------------  -----------  ------------  ----  -------
      1   [36m0.3177[0m   [32m0.7932[0m        [35m0.2532[0m       [31m0.9300[0m        [94m0.2137[0m     +  23.0264
      2   [36m0.3438[0m   [32m0.8146[0m        [35m0.2244[0m       0.9300        [94m0.2063[0m     +  22.5700
      3   [36m0.3623[0m   [32m0.8271[0m        [35m0.2188[0m       [31m0.9328[0m        [94m0.2020[0m     +  23.9140
      4   [36m0.3741[0m   [32m0.8290[0m        [35m0.2135[0m       0.9321        [94m0.2001[0m     +  22.6123
      5   [36m0.3899[0m   [32m0.8353[0m        [35m0.2084[0m       0.9321        [94m0.1976[0m     +  22.4759
      6   [36m0.3911[0m   [32m0.8413[0m        [35m0.2050[0m       0.9310        [94m0.1959[0m     +  22.9069
      7   0.3771   0.8339        [35m0.2006[0m       0.9307        0.1987        23.4684
      8   0.3738   0.8307        [35m0.1976[0m       0.9314        0.2013        23.2239
Stopping since valid_loss has not improved in the last 3 epochs.
[32m[I 2022-12-11 07:08:00,282][0m Trial 266 finished with value: 0.39105920262179533 and parameters: {'optimizer__lr': 4.308556068497655e-05, 'module__dropout': 0.08102939532915986, 'd_model_multiplier': 64, 'module__num_layers': 6, 'module__n_heads': 4, 'module__dim_feedforward': 249, 'iterator_train__batch_size': 44}. Best is trial 231 with value: 0.4798892428044479.[0m
[FileBasedDataset] Initializing dataset...
	Examples: 28559
	Features: 621
	Max length: 120
[FileBasedDataset] Dataset initialization complete
  epoch    auprc    auroc    train_loss    valid_acc    valid_loss    cp      dur
-------  -------  -------  ------------  -----------  ------------  ----  -------
      1   [36m0.3638[0m   [32m0.8124[0m        [35m0.2425[0m       [31m0.9345[0m        [94m0.2093[0m     +  49.2080
      2   0.3475   [32m0.8143[0m        [35m0.2325[0m       0.9314        [94m0.2082[0m     +  49.4871
      3   0.3477   [32m0.8182[0m        [35m0.2317[0m       0.9303        [94m0.2069[0m     +  49.3668
      4   0.3633   [32m0.8271[0m        [35m0.2281[0m       0.9321        [94m0.2023[0m     +  49.2491
      5   0.3245   0.8128        [35m0.2261[0m       0.9293        0.2118        49.3158
      6   0.3387   0.8140        0.2261       0.9314        0.2085        49.4388
Stopping since valid_loss has not improved in the last 3 epochs.
[32m[I 2022-12-11 07:13:49,435][0m Trial 267 finished with value: 0.36381078130257605 and parameters: {'optimizer__lr': 6.842441555932018e-05, 'module__dropout': 0.06218858116507717, 'd_model_multiplier': 64, 'module__num_layers': 6, 'module__n_heads': 16, 'module__dim_feedforward': 261, 'iterator_train__batch_size': 55}. Best is trial 231 with value: 0.4798892428044479.[0m
[FileBasedDataset] Initializing dataset...
	Examples: 28559
	Features: 621
	Max length: 120
[FileBasedDataset] Dataset initialization complete
  epoch    auprc    auroc    train_loss    valid_acc    valid_loss    cp      dur
-------  -------  -------  ------------  -----------  ------------  ----  -------
      1   [36m0.3406[0m   [32m0.8131[0m        [35m0.2522[0m       [31m0.9300[0m        [94m0.2086[0m     +  22.3918
      2   [36m0.3595[0m   [32m0.8247[0m        [35m0.2266[0m       [31m0.9342[0m        [94m0.2013[0m     +  22.9567
      3   [36m0.3697[0m   [32m0.8349[0m        [35m0.2207[0m       [31m0.9366[0m        [94m0.1963[0m     +  23.0407
      4   [36m0.3770[0m   [32m0.8441[0m        [35m0.2156[0m       [31m0.9373[0m        [94m0.1933[0m     +  23.2834
      5   [36m0.3896[0m   [32m0.8496[0m        [35m0.2119[0m       [31m0.9377[0m        [94m0.1895[0m     +  22.7231
      6   [36m0.4005[0m   [32m0.8566[0m        [35m0.2088[0m       [31m0.9384[0m        [94m0.1861[0m     +  23.4888
      7   [36m0.4067[0m   0.8549        [35m0.2051[0m       [31m0.9391[0m        [94m0.1850[0m     +  22.4996
      8   0.3989   0.8484        [35m0.2015[0m       0.9387        0.1879        22.6811
      9   0.3940   0.8469        [35m0.1980[0m       0.9384        0.1873        23.4575
Stopping since valid_loss has not improved in the last 3 epochs.
[32m[I 2022-12-11 07:17:40,292][0m Trial 268 finished with value: 0.4067359725026676 and parameters: {'optimizer__lr': 3.8457333834874134e-05, 'module__dropout': 0.07545114408264368, 'd_model_multiplier': 64, 'module__num_layers': 6, 'module__n_heads': 4, 'module__dim_feedforward': 185, 'iterator_train__batch_size': 35}. Best is trial 231 with value: 0.4798892428044479.[0m
[FileBasedDataset] Initializing dataset...
	Examples: 28559
	Features: 621
	Max length: 120
[FileBasedDataset] Dataset initialization complete
  epoch    auprc    auroc    train_loss    valid_acc    valid_loss    cp       dur
-------  -------  -------  ------------  -----------  ------------  ----  --------
      1   [36m0.2361[0m   [32m0.7266[0m        [35m0.2623[0m       [31m0.9202[0m        [94m0.2619[0m     +  800.9148
      2   [36m0.2396[0m   0.7243        [35m0.2541[0m       [31m0.9209[0m        [94m0.2565[0m     +  800.9998
      3   0.2227   0.7209        0.2557       0.9205        [94m0.2556[0m     +  800.3842
      4   0.2231   0.7232        0.2559       0.9202        [94m0.2545[0m     +  800.5552
      5   0.2210   0.7212        0.2554       0.9205        [94m0.2539[0m     +  800.8516
      6   0.2215   0.7214        0.2548       0.9202        [94m0.2521[0m     +  800.7371
      7   0.2236   0.7178        0.2547       0.9209        [94m0.2520[0m     +  800.9481
      8   0.2161   0.7185        [35m0.2539[0m       0.9198        0.2536        800.1742
      9   0.2244   0.7167        [35m0.2535[0m       0.9209        [94m0.2519[0m     +  800.2789
     10   0.2293   0.7243        [35m0.2533[0m       0.9202        [94m0.2515[0m     +  800.3771
     11   0.2239   0.7175        [35m0.2528[0m       0.9198        0.2520        800.4496
     12   0.2240   0.7193        [35m0.2526[0m       0.9195        [94m0.2513[0m     +  800.5413
     13   0.2299   0.7241        0.2527       0.9198        0.2518        800.1617
     14   0.2241   0.7179        [35m0.2522[0m       0.9202        0.2523        800.2559
Stopping since valid_loss has not improved in the last 3 epochs.
[32m[I 2022-12-11 10:40:29,751][0m Trial 269 finished with value: 0.23961706849760397 and parameters: {'optimizer__lr': 5.672177950697305e-05, 'module__dropout': 0.09403796533435933, 'd_model_multiplier': 64, 'module__num_layers': 10, 'module__n_heads': 64, 'module__dim_feedforward': 277, 'iterator_train__batch_size': 42}. Best is trial 231 with value: 0.4798892428044479.[0m
[FileBasedDataset] Initializing dataset...
	Examples: 28559
	Features: 621
	Max length: 120
[FileBasedDataset] Dataset initialization complete
  epoch    auprc    auroc    train_loss    valid_acc    valid_loss    cp      dur
-------  -------  -------  ------------  -----------  ------------  ----  -------
      1   [36m0.3078[0m   [32m0.7878[0m        [35m0.2430[0m       [31m0.9233[0m        [94m0.2318[0m     +  28.3575
      2   [36m0.3390[0m   [32m0.8173[0m        [35m0.2211[0m       [31m0.9261[0m        [94m0.2260[0m     +  30.0606
      3   [36m0.3415[0m   [32m0.8239[0m        [35m0.2160[0m       0.9258        [94m0.2242[0m     +  29.9691
      4   [36m0.3425[0m   [32m0.8282[0m        [35m0.2112[0m       0.9261        0.2243        30.1608
      5   [36m0.3445[0m   [32m0.8405[0m        [35m0.2076[0m       0.9254        [94m0.2183[0m     +  30.6305
      6   [36m0.3446[0m   0.8343        [35m0.2020[0m       0.9251        0.2195        30.9966
      7   0.3190   0.8293        [35m0.1979[0m       0.9209        0.2234        28.8671
Stopping since valid_loss has not improved in the last 3 epochs.
[32m[I 2022-12-11 10:44:26,357][0m Trial 270 finished with value: 0.344640282141871 and parameters: {'optimizer__lr': 9.107767986608333e-05, 'module__dropout': 0.06206179704252808, 'd_model_multiplier': 64, 'module__num_layers': 6, 'module__n_heads': 4, 'module__dim_feedforward': 282, 'iterator_train__batch_size': 50}. Best is trial 231 with value: 0.4798892428044479.[0m
[FileBasedDataset] Initializing dataset...
	Examples: 28559
	Features: 621
	Max length: 120
[FileBasedDataset] Dataset initialization complete
  epoch    auprc    auroc    train_loss    valid_acc    valid_loss    cp      dur
-------  -------  -------  ------------  -----------  ------------  ----  -------
      1   [36m0.3326[0m   [32m0.8131[0m        [35m0.2587[0m       [31m0.9272[0m        [94m0.2161[0m     +  30.0233
      2   [36m0.3411[0m   [32m0.8230[0m        [35m0.2255[0m       [31m0.9282[0m        [94m0.2129[0m     +  30.3821
      3   [36m0.3608[0m   [32m0.8310[0m        [35m0.2208[0m       0.9282        [94m0.2104[0m     +  30.0217
      4   [36m0.3635[0m   [32m0.8338[0m        [35m0.2167[0m       [31m0.9286[0m        0.2111        30.3698
      5   [36m0.3806[0m   [32m0.8411[0m        [35m0.2126[0m       [31m0.9300[0m        [94m0.2067[0m     +  27.9974
      6   [36m0.3945[0m   [32m0.8467[0m        [35m0.2085[0m       [31m0.9314[0m        [94m0.2037[0m     +  27.6333
      7   [36m0.4046[0m   [32m0.8485[0m        [35m0.2049[0m       0.9300        [94m0.2031[0m     +  24.7854
      8   0.4012   [32m0.8508[0m        [35m0.2018[0m       0.9286        [94m0.2024[0m     +  25.7997
      9   0.4044   [32m0.8515[0m        [35m0.1985[0m       0.9303        [94m0.2017[0m     +  25.2742
     10   [36m0.4054[0m   [32m0.8531[0m        [35m0.1954[0m       0.9286        [94m0.2005[0m     +  23.8709
     11   [36m0.4107[0m   [32m0.8558[0m        [35m0.1922[0m       0.9286        0.2014        24.1398
     12   0.3950   0.8531        [35m0.1896[0m       0.9279        0.2041        24.6068
Stopping since valid_loss has not improved in the last 3 epochs.
[32m[I 2022-12-11 10:50:19,358][0m Trial 271 finished with value: 0.4106731814934286 and parameters: {'optimizer__lr': 1.7214430012225695e-05, 'module__dropout': 0.08059888476709322, 'd_model_multiplier': 64, 'module__num_layers': 6, 'module__n_heads': 8, 'module__dim_feedforward': 304, 'iterator_train__batch_size': 55}. Best is trial 231 with value: 0.4798892428044479.[0m
[FileBasedDataset] Initializing dataset...
	Examples: 28559
	Features: 621
	Max length: 120
[FileBasedDataset] Dataset initialization complete
  epoch    auprc    auroc    train_loss    valid_acc    valid_loss    cp      dur
-------  -------  -------  ------------  -----------  ------------  ----  -------
      1   [36m0.3468[0m   [32m0.8115[0m        [35m0.2947[0m       [31m0.9209[0m        [94m0.2289[0m     +  23.1385
      2   [36m0.3874[0m   [32m0.8413[0m        [35m0.2287[0m       [31m0.9226[0m        [94m0.2189[0m     +  23.6430
      3   [36m0.4052[0m   [32m0.8482[0m        [35m0.2242[0m       [31m0.9237[0m        [94m0.2153[0m     +  23.7514
      4   [36m0.4063[0m   [32m0.8506[0m        [35m0.2212[0m       0.9230        [94m0.2144[0m     +  23.1474
      5   [36m0.4209[0m   [32m0.8537[0m        [35m0.2180[0m       0.9209        [94m0.2125[0m     +  26.2202
      6   [36m0.4324[0m   [32m0.8561[0m        [35m0.2148[0m       0.9184        [94m0.2116[0m     +  27.2229
      7   [36m0.4379[0m   [32m0.8611[0m        [35m0.2122[0m       0.9233        [94m0.2094[0m     +  26.2363
      8   [36m0.4394[0m   0.8578        [35m0.2091[0m       [31m0.9251[0m        0.2104        25.4183
      9   [36m0.4401[0m   0.8596        [35m0.2063[0m       [31m0.9258[0m        [94m0.2082[0m     +  25.5976
     10   [36m0.4563[0m   [32m0.8650[0m        [35m0.2026[0m       0.9258        [94m0.2051[0m     +  25.6212
     11   0.4547   0.8636        [35m0.2001[0m       0.9254        0.2057        26.8077
     12   0.4531   [32m0.8667[0m        [35m0.1977[0m       0.9251        [94m0.2045[0m     +  25.8322
     13   0.4562   0.8653        [35m0.1959[0m       0.9237        0.2059        26.5502
     14   [36m0.4608[0m   [32m0.8688[0m        [35m0.1936[0m       0.9254        [94m0.2028[0m     +  25.7216
     15   [36m0.4627[0m   0.8687        [35m0.1924[0m       0.9258        0.2044        27.1702
[32m[I 2022-12-11 10:56:43,269][0m Trial 272 finished with value: 0.46272403673001544 and parameters: {'optimizer__lr': 2.9172371649485978e-05, 'module__dropout': 0.04917106268704195, 'd_model_multiplier': 64, 'module__num_layers': 6, 'module__n_heads': 4, 'module__dim_feedforward': 269, 'iterator_train__batch_size': 98}. Best is trial 231 with value: 0.4798892428044479.[0m
[FileBasedDataset] Initializing dataset...
	Examples: 28559
	Features: 621
	Max length: 120
[FileBasedDataset] Dataset initialization complete
  epoch    auprc    auroc    train_loss    valid_acc    valid_loss    cp      dur
-------  -------  -------  ------------  -----------  ------------  ----  -------
      1   [36m0.3786[0m   [32m0.8137[0m        [35m0.2934[0m       [31m0.9279[0m        [94m0.2186[0m     +  24.1586
      2   [36m0.3977[0m   [32m0.8301[0m        [35m0.2301[0m       [31m0.9289[0m        [94m0.2097[0m     +  27.1594
      3   [36m0.4044[0m   [32m0.8363[0m        [35m0.2252[0m       [31m0.9300[0m        [94m0.2070[0m     +  25.0566
      4   [36m0.4071[0m   [32m0.8403[0m        [35m0.2219[0m       [31m0.9307[0m        [94m0.2051[0m     +  24.6904
      5   [36m0.4080[0m   [32m0.8438[0m        [35m0.2197[0m       0.9307        [94m0.2037[0m     +  24.2141
      6   [36m0.4200[0m   [32m0.8498[0m        [35m0.2165[0m       [31m0.9324[0m        [94m0.2013[0m     +  23.6485
      7   [36m0.4220[0m   [32m0.8514[0m        [35m0.2135[0m       0.9314        [94m0.2011[0m     +  26.2220
      8   [36m0.4285[0m   [32m0.8541[0m        [35m0.2108[0m       0.9314        [94m0.1991[0m     +  25.5046
      9   0.4278   [32m0.8552[0m        [35m0.2075[0m       0.9300        [94m0.1987[0m     +  24.7068
     10   0.4243   [32m0.8568[0m        [35m0.2056[0m       0.9286        0.1990        25.9259
     11   0.4265   [32m0.8577[0m        [35m0.2026[0m       0.9296        [94m0.1986[0m     +  24.4228
     12   [36m0.4346[0m   [32m0.8593[0m        [35m0.2005[0m       0.9296        [94m0.1978[0m     +  26.1188
     13   [36m0.4368[0m   [32m0.8620[0m        [35m0.1980[0m       0.9300        [94m0.1972[0m     +  26.4938
     14   [36m0.4372[0m   0.8607        [35m0.1964[0m       0.9286        0.1975        26.2828
     15   0.4360   0.8602        [35m0.1936[0m       0.9286        0.1981        25.3215
[32m[I 2022-12-11 11:03:05,291][0m Trial 273 finished with value: 0.43721984461848845 and parameters: {'optimizer__lr': 2.7472658843561092e-05, 'module__dropout': 0.050025164819707466, 'd_model_multiplier': 64, 'module__num_layers': 6, 'module__n_heads': 4, 'module__dim_feedforward': 256, 'iterator_train__batch_size': 101}. Best is trial 231 with value: 0.4798892428044479.[0m
[FileBasedDataset] Initializing dataset...
	Examples: 28559
	Features: 621
	Max length: 120
[FileBasedDataset] Dataset initialization complete
  epoch    auprc    auroc    train_loss    valid_acc    valid_loss    cp      dur
-------  -------  -------  ------------  -----------  ------------  ----  -------
      1   [36m0.3206[0m   [32m0.7480[0m        [35m0.2795[0m       [31m0.9177[0m        [94m0.2435[0m     +  24.5708
      2   [36m0.3266[0m   [32m0.7692[0m        [35m0.2256[0m       [31m0.9184[0m        [94m0.2427[0m     +  24.3229
      3   [36m0.3351[0m   [32m0.7813[0m        [35m0.2209[0m       [31m0.9205[0m        [94m0.2409[0m     +  25.5509
      4   [36m0.3428[0m   [32m0.7914[0m        [35m0.2178[0m       [31m0.9209[0m        [94m0.2376[0m     +  25.5329
      5   [36m0.3428[0m   [32m0.7972[0m        [35m0.2144[0m       [31m0.9216[0m        [94m0.2376[0m     +  25.5319
      6   [36m0.3516[0m   [32m0.8031[0m        [35m0.2117[0m       0.9216        [94m0.2348[0m     +  25.6678
      7   [36m0.3615[0m   [32m0.8125[0m        [35m0.2082[0m       [31m0.9223[0m        [94m0.2316[0m     +  25.1822
      8   0.3587   [32m0.8127[0m        [35m0.2052[0m       0.9205        0.2327        26.7099
      9   0.3613   [32m0.8214[0m        [35m0.2022[0m       0.9212        [94m0.2304[0m     +  25.9289
     10   0.3594   [32m0.8236[0m        [35m0.1994[0m       0.9202        0.2313        25.7702
     11   [36m0.3656[0m   0.8236        [35m0.1962[0m       0.9212        [94m0.2296[0m     +  25.7588
     12   0.3599   [32m0.8290[0m        [35m0.1931[0m       0.9205        [94m0.2276[0m     +  26.3257
     13   0.3633   [32m0.8312[0m        [35m0.1909[0m       0.9209        [94m0.2270[0m     +  24.0307
     14   0.3611   0.8273        [35m0.1888[0m       0.9198        0.2302        27.2385
     15   0.3572   [32m0.8312[0m        [35m0.1861[0m       0.9209        0.2301        24.7010
[32m[I 2022-12-11 11:09:30,020][0m Trial 274 finished with value: 0.365643288710352 and parameters: {'optimizer__lr': 3.451897330718895e-05, 'module__dropout': 0.048829557683350816, 'd_model_multiplier': 64, 'module__num_layers': 6, 'module__n_heads': 4, 'module__dim_feedforward': 253, 'iterator_train__batch_size': 98}. Best is trial 231 with value: 0.4798892428044479.[0m
[FileBasedDataset] Initializing dataset...
	Examples: 28559
	Features: 621
	Max length: 120
[FileBasedDataset] Dataset initialization complete
  epoch    auprc    auroc    train_loss    valid_acc    valid_loss    cp      dur
-------  -------  -------  ------------  -----------  ------------  ----  -------
      1   [36m0.3146[0m   [32m0.7640[0m        [35m0.2731[0m       [31m0.9226[0m        [94m0.2368[0m     +  26.6243
      2   [36m0.3303[0m   [32m0.7875[0m        [35m0.2249[0m       0.9226        [94m0.2333[0m     +  24.3150
      3   [36m0.3477[0m   [32m0.7992[0m        [35m0.2204[0m       [31m0.9233[0m        [94m0.2285[0m     +  23.9589
      4   [36m0.3479[0m   [32m0.8033[0m        [35m0.2161[0m       0.9216        [94m0.2275[0m     +  25.5142
      5   [36m0.3564[0m   [32m0.8099[0m        [35m0.2128[0m       0.9219        [94m0.2262[0m     +  26.5524
      6   [36m0.3638[0m   [32m0.8191[0m        [35m0.2089[0m       0.9230        [94m0.2226[0m     +  25.1514
      7   0.3630   [32m0.8250[0m        [35m0.2059[0m       0.9202        0.2232        27.7114
      8   [36m0.3678[0m   0.8230        [35m0.2023[0m       0.9177        0.2237        27.5785
Stopping since valid_loss has not improved in the last 3 epochs.
[32m[I 2022-12-11 11:13:23,889][0m Trial 275 finished with value: 0.36781147154441757 and parameters: {'optimizer__lr': 5.29836364811548e-05, 'module__dropout': 0.05147401407666728, 'd_model_multiplier': 64, 'module__num_layers': 6, 'module__n_heads': 4, 'module__dim_feedforward': 242, 'iterator_train__batch_size': 105}. Best is trial 231 with value: 0.4798892428044479.[0m
[FileBasedDataset] Initializing dataset...
	Examples: 28559
	Features: 621
	Max length: 120
[FileBasedDataset] Dataset initialization complete
  epoch    auprc    auroc    train_loss    valid_acc    valid_loss    cp      dur
-------  -------  -------  ------------  -----------  ------------  ----  -------
      1   [36m0.3555[0m   [32m0.7747[0m        [35m0.2764[0m       [31m0.9247[0m        [94m0.2364[0m     +  25.4762
      2   [36m0.3746[0m   [32m0.7950[0m        [35m0.2255[0m       [31m0.9254[0m        [94m0.2320[0m     +  27.0491
      3   [36m0.3863[0m   [32m0.8032[0m        [35m0.2212[0m       [31m0.9261[0m        [94m0.2293[0m     +  25.8804
      4   [36m0.3913[0m   [32m0.8067[0m        [35m0.2187[0m       0.9254        [94m0.2283[0m     +  24.0258
      5   [36m0.3990[0m   [32m0.8134[0m        [35m0.2155[0m       [31m0.9268[0m        [94m0.2258[0m     +  25.0215
      6   [36m0.4121[0m   [32m0.8258[0m        [35m0.2126[0m       [31m0.9275[0m        [94m0.2224[0m     +  26.6038
      7   [36m0.4229[0m   [32m0.8344[0m        [35m0.2090[0m       0.9265        [94m0.2198[0m     +  26.0382
      8   [36m0.4251[0m   [32m0.8404[0m        [35m0.2054[0m       0.9251        0.2204        26.2548
      9   [36m0.4317[0m   [32m0.8427[0m        [35m0.2032[0m       0.9272        [94m0.2169[0m     +  24.6688
     10   [36m0.4328[0m   [32m0.8460[0m        [35m0.1995[0m       0.9261        0.2170        26.1193
     11   [36m0.4360[0m   0.8444        [35m0.1974[0m       0.9254        [94m0.2160[0m     +  26.5440
     12   [36m0.4386[0m   [32m0.8460[0m        [35m0.1952[0m       0.9261        [94m0.2158[0m     +  25.6757
     13   [36m0.4398[0m   0.8440        [35m0.1924[0m       0.9275        0.2165        26.6374
     14   0.4293   0.8447        [35m0.1905[0m       0.9272        0.2175        26.4979
Stopping since valid_loss has not improved in the last 3 epochs.
