[32m[I 2022-12-10 22:31:30,758][0m Trial 169 finished with value: 0.4177282525510269 and parameters: {'optimizer__lr': 7.937407860453238e-05, 'module__dropout': 0.030545953353416977, 'd_model_multiplier': 16, 'module__num_layers': 7, 'module__n_heads': 4, 'module__dim_feedforward': 292, 'iterator_train__batch_size': 72}. Best is trial 150 with value: 0.456284322182146.[0m
[FileBasedDataset] Initializing dataset...
	Examples: 28559
	Features: 621
	Max length: 120
[FileBasedDataset] Dataset initialization complete
  epoch    auprc    auroc    train_loss    valid_acc    valid_loss    cp      dur
-------  -------  -------  ------------  -----------  ------------  ----  -------
      1   [36m0.1283[0m   [32m0.5614[0m        [35m0.4111[0m       [31m0.9191[0m        [94m0.3015[0m     +  22.9449
      2   [36m0.3100[0m   [32m0.7338[0m        [35m0.2699[0m       [31m0.9226[0m        [94m0.2510[0m     +  24.3070
      3   [36m0.3390[0m   [32m0.7589[0m        [35m0.2429[0m       [31m0.9258[0m        [94m0.2382[0m     +  23.3510
      4   [36m0.3563[0m   [32m0.7715[0m        [35m0.2341[0m       [31m0.9268[0m        [94m0.2318[0m     +  23.3008
      5   [36m0.3649[0m   [32m0.7841[0m        [35m0.2289[0m       0.9265        [94m0.2277[0m     +  23.6852
      6   [36m0.3714[0m   [32m0.7956[0m        [35m0.2256[0m       0.9265        [94m0.2249[0m     +  23.5807
      7   [36m0.3803[0m   [32m0.8053[0m        [35m0.2230[0m       0.9265        [94m0.2230[0m     +  23.4326
      8   0.3786   [32m0.8100[0m        [35m0.2204[0m       [31m0.9272[0m        [94m0.2216[0m     +  23.8251
      9   [36m0.3860[0m   [32m0.8160[0m        [35m0.2187[0m       0.9272        [94m0.2201[0m     +  23.6750
     10   [36m0.3923[0m   [32m0.8191[0m        [35m0.2168[0m       [31m0.9279[0m        [94m0.2188[0m     +  23.8738
     11   [36m0.3937[0m   [32m0.8233[0m        [35m0.2148[0m       0.9279        [94m0.2179[0m     +  23.4333
     12   [36m0.3979[0m   [32m0.8246[0m        [35m0.2130[0m       0.9275        [94m0.2175[0m     +  24.0964
     13   [36m0.4033[0m   [32m0.8293[0m        [35m0.2111[0m       [31m0.9293[0m        [94m0.2159[0m     +  23.4883
     14   [36m0.4078[0m   [32m0.8318[0m        [35m0.2095[0m       0.9282        [94m0.2151[0m     +  23.7873
     15   [36m0.4116[0m   [32m0.8332[0m        [35m0.2082[0m       0.9286        [94m0.2144[0m     +  23.8974
[32m[I 2022-12-10 22:37:26,979][0m Trial 170 finished with value: 0.41157325969533803 and parameters: {'optimizer__lr': 2.301066734569521e-05, 'module__dropout': 0.010102621953509075, 'd_model_multiplier': 16, 'module__num_layers': 7, 'module__n_heads': 4, 'module__dim_feedforward': 313, 'iterator_train__batch_size': 69}. Best is trial 150 with value: 0.456284322182146.[0m
[FileBasedDataset] Initializing dataset...
	Examples: 28559
	Features: 621
	Max length: 120
[FileBasedDataset] Dataset initialization complete
  epoch    auprc    auroc    train_loss    valid_acc    valid_loss    cp      dur
-------  -------  -------  ------------  -----------  ------------  ----  -------
      1   [36m0.2980[0m   [32m0.7814[0m        [35m0.3028[0m       [31m0.9184[0m        [94m0.2312[0m     +  23.7897
      2   [36m0.3209[0m   [32m0.8069[0m        [35m0.2315[0m       [31m0.9191[0m        [94m0.2232[0m     +  24.1142
      3   [36m0.3344[0m   [32m0.8295[0m        [35m0.2253[0m       [31m0.9205[0m        [94m0.2184[0m     +  24.0353
      4   [36m0.3539[0m   [32m0.8343[0m        [35m0.2221[0m       [31m0.9223[0m        [94m0.2147[0m     +  23.4051
      5   [36m0.3540[0m   [32m0.8343[0m        [35m0.2172[0m       0.9219        0.2156        23.7234
      6   [36m0.3573[0m   0.8338        [35m0.2149[0m       [31m0.9230[0m        0.2150        24.1098
Stopping since valid_loss has not improved in the last 3 epochs.
[32m[I 2022-12-10 22:40:14,595][0m Trial 171 finished with value: 0.35729590909547193 and parameters: {'optimizer__lr': 7.807284632438542e-05, 'module__dropout': 0.06903506361666273, 'd_model_multiplier': 16, 'module__num_layers': 8, 'module__n_heads': 4, 'module__dim_feedforward': 305, 'iterator_train__batch_size': 59}. Best is trial 150 with value: 0.456284322182146.[0m
[FileBasedDataset] Initializing dataset...
	Examples: 28559
	Features: 621
	Max length: 120
[FileBasedDataset] Dataset initialization complete
  epoch    auprc    auroc    train_loss    valid_acc    valid_loss    cp      dur
-------  -------  -------  ------------  -----------  ------------  ----  -------
      1   [36m0.3194[0m   [32m0.7725[0m        [35m0.2615[0m       [31m0.9275[0m        [94m0.2329[0m     +  23.7436
      2   [36m0.3446[0m   [32m0.8029[0m        [35m0.2236[0m       0.9254        [94m0.2264[0m     +  23.6116
      3   [36m0.3549[0m   [32m0.8144[0m        [35m0.2177[0m       0.9272        [94m0.2224[0m     +  24.4234
      4   [36m0.3634[0m   [32m0.8241[0m        [35m0.2131[0m       0.9261        [94m0.2219[0m     +  23.9272
      5   [36m0.3773[0m   [32m0.8314[0m        [35m0.2103[0m       0.9275        [94m0.2169[0m     +  24.1721
      6   [36m0.3789[0m   0.8170        [35m0.2071[0m       0.9261        0.2215        23.8019
      7   [36m0.3855[0m   0.8290        [35m0.2041[0m       0.9258        [94m0.2153[0m     +  24.4415
      8   [36m0.3987[0m   [32m0.8426[0m        [35m0.2023[0m       0.9268        [94m0.2118[0m     +  23.4391
      9   0.3821   0.8326        [35m0.1979[0m       0.9226        0.2159        23.5699
     10   0.3864   0.8314        [35m0.1962[0m       0.9261        0.2173        24.5440
Stopping since valid_loss has not improved in the last 3 epochs.
[32m[I 2022-12-10 22:44:39,200][0m Trial 172 finished with value: 0.3986984587190739 and parameters: {'optimizer__lr': 0.00023533819163376696, 'module__dropout': 0.05064508720284151, 'd_model_multiplier': 16, 'module__num_layers': 7, 'module__n_heads': 4, 'module__dim_feedforward': 290, 'iterator_train__batch_size': 78}. Best is trial 150 with value: 0.456284322182146.[0m
[FileBasedDataset] Initializing dataset...
	Examples: 28559
	Features: 621
	Max length: 120
[FileBasedDataset] Dataset initialization complete
  epoch    auprc    auroc    train_loss    valid_acc    valid_loss    cp      dur
-------  -------  -------  ------------  -----------  ------------  ----  -------
      1   [36m0.3300[0m   [32m0.7741[0m        [35m0.3203[0m       [31m0.9314[0m        [94m0.2245[0m     +  23.5079
      2   [36m0.3664[0m   [32m0.8103[0m        [35m0.2346[0m       [31m0.9324[0m        [94m0.2089[0m     +  24.5666
      3   [36m0.3894[0m   [32m0.8180[0m        [35m0.2269[0m       [31m0.9342[0m        [94m0.2045[0m     +  23.8478
      4   [36m0.3935[0m   [32m0.8190[0m        [35m0.2220[0m       [31m0.9352[0m        [94m0.2034[0m     +  24.3554
      5   [36m0.3981[0m   [32m0.8239[0m        [35m0.2188[0m       0.9352        [94m0.2001[0m     +  24.4659
      6   0.3857   [32m0.8248[0m        [35m0.2162[0m       0.9345        0.2008        23.9373
      7   [36m0.4001[0m   [32m0.8307[0m        [35m0.2126[0m       [31m0.9356[0m        [94m0.1989[0m     +  23.9663
      8   [36m0.4055[0m   [32m0.8357[0m        [35m0.2093[0m       0.9331        [94m0.1970[0m     +  23.7257
      9   0.3982   [32m0.8383[0m        [35m0.2073[0m       0.9335        [94m0.1969[0m     +  23.6848
     10   0.3942   [32m0.8424[0m        [35m0.2044[0m       0.9328        [94m0.1946[0m     +  23.7839
     11   0.4016   [32m0.8451[0m        [35m0.2026[0m       0.9321        [94m0.1941[0m     +  24.2223
     12   0.3900   [32m0.8479[0m        [35m0.2009[0m       0.9317        0.1942        24.4610
     13   0.3911   0.8437        [35m0.1986[0m       0.9317        0.1949        23.8590
     14   0.3919   0.8458        [35m0.1968[0m       0.9338        [94m0.1939[0m     +  23.6823
     15   0.3880   [32m0.8481[0m        [35m0.1955[0m       0.9328        [94m0.1939[0m     +  23.4958
[32m[I 2022-12-10 22:50:40,034][0m Trial 173 finished with value: 0.4055273379635861 and parameters: {'optimizer__lr': 6.31366473121356e-05, 'module__dropout': 0.03164206675604983, 'd_model_multiplier': 16, 'module__num_layers': 7, 'module__n_heads': 4, 'module__dim_feedforward': 264, 'iterator_train__batch_size': 69}. Best is trial 150 with value: 0.456284322182146.[0m
[FileBasedDataset] Initializing dataset...
	Examples: 28559
	Features: 621
	Max length: 120
[FileBasedDataset] Dataset initialization complete
  epoch    auprc    auroc    train_loss    valid_acc    valid_loss    cp      dur
-------  -------  -------  ------------  -----------  ------------  ----  -------
      1   [36m0.2882[0m   [32m0.7549[0m        [35m0.2959[0m       [31m0.9254[0m        [94m0.2241[0m     +  23.6513
      2   [36m0.2896[0m   [32m0.7736[0m        [35m0.2307[0m       0.9230        [94m0.2197[0m     +  23.7916
      3   [36m0.3011[0m   [32m0.7830[0m        [35m0.2249[0m       0.9237        [94m0.2187[0m     +  24.0906
      4   [36m0.3130[0m   [32m0.7932[0m        [35m0.2209[0m       [31m0.9258[0m        [94m0.2164[0m     +  24.1776
      5   [36m0.3187[0m   [32m0.8001[0m        [35m0.2178[0m       0.9258        [94m0.2153[0m     +  24.1123
      6   [36m0.3266[0m   [32m0.8098[0m        [35m0.2145[0m       [31m0.9275[0m        [94m0.2137[0m     +  24.1418
      7   [36m0.3352[0m   [32m0.8162[0m        [35m0.2117[0m       0.9275        [94m0.2121[0m     +  24.2729
      8   [36m0.3379[0m   [32m0.8221[0m        [35m0.2080[0m       [31m0.9282[0m        [94m0.2103[0m     +  23.3419
      9   0.3368   [32m0.8266[0m        [35m0.2059[0m       0.9279        0.2107        23.6105
     10   0.3367   [32m0.8281[0m        [35m0.2040[0m       0.9272        [94m0.2096[0m     +  24.0634
     11   [36m0.3497[0m   [32m0.8322[0m        [35m0.2031[0m       0.9254        0.2099        24.0390
     12   [36m0.3516[0m   [32m0.8355[0m        [35m0.2013[0m       0.9282        [94m0.2070[0m     +  23.8888
     13   [36m0.3552[0m   [32m0.8385[0m        [35m0.1982[0m       [31m0.9293[0m        [94m0.2060[0m     +  24.2065
     14   0.3542   [32m0.8387[0m        [35m0.1976[0m       0.9293        0.2082        24.4949
     15   0.3455   0.8384        [35m0.1960[0m       0.9289        0.2087        23.8171
[32m[I 2022-12-10 22:56:40,829][0m Trial 174 finished with value: 0.355182006457657 and parameters: {'optimizer__lr': 0.00012965724662552446, 'module__dropout': 0.07401787464235532, 'd_model_multiplier': 16, 'module__num_layers': 7, 'module__n_heads': 4, 'module__dim_feedforward': 163, 'iterator_train__batch_size': 84}. Best is trial 150 with value: 0.456284322182146.[0m
[FileBasedDataset] Initializing dataset...
	Examples: 28559
	Features: 621
	Max length: 120
[FileBasedDataset] Dataset initialization complete
  epoch    auprc    auroc    train_loss    valid_acc    valid_loss    cp      dur
-------  -------  -------  ------------  -----------  ------------  ----  -------
      1   [36m0.3535[0m   [32m0.8167[0m        [35m0.2547[0m       [31m0.9349[0m        [94m0.2048[0m     +  22.8139
      2   [36m0.3784[0m   [32m0.8367[0m        [35m0.2245[0m       [31m0.9359[0m        [94m0.1947[0m     +  23.5234
      3   0.3777   [32m0.8556[0m        [35m0.2195[0m       0.9356        [94m0.1895[0m     +  24.0149
      4   [36m0.3872[0m   0.8542        [35m0.2160[0m       0.9352        [94m0.1889[0m     +  23.9749
      5   0.3864   [32m0.8605[0m        [35m0.2121[0m       0.9352        [94m0.1870[0m     +  23.8314
      6   [36m0.3974[0m   0.8598        [35m0.2089[0m       [31m0.9377[0m        [94m0.1851[0m     +  24.4729
      7   0.3883   [32m0.8611[0m        [35m0.2071[0m       0.9359        0.1859        24.3607
      8   [36m0.4012[0m   0.8610        [35m0.2048[0m       0.9363        [94m0.1839[0m     +  23.1707
      9   0.3962   0.8560        [35m0.2017[0m       0.9352        0.1862        24.2548
     10   0.3939   [32m0.8655[0m        [35m0.1989[0m       0.9352        0.1841        25.7982
Stopping since valid_loss has not improved in the last 3 epochs.
[32m[I 2022-12-10 23:01:07,048][0m Trial 175 finished with value: 0.4011513331107504 and parameters: {'optimizer__lr': 0.0003681349446891444, 'module__dropout': 0.0590348187399276, 'd_model_multiplier': 16, 'module__num_layers': 6, 'module__n_heads': 4, 'module__dim_feedforward': 300, 'iterator_train__batch_size': 67}. Best is trial 150 with value: 0.456284322182146.[0m
[FileBasedDataset] Initializing dataset...
	Examples: 28559
	Features: 621
	Max length: 120
[FileBasedDataset] Dataset initialization complete
  epoch    auprc    auroc    train_loss    valid_acc    valid_loss    cp      dur
-------  -------  -------  ------------  -----------  ------------  ----  -------
      1   [36m0.3535[0m   [32m0.7714[0m        [35m0.2586[0m       [31m0.9128[0m        [94m0.2486[0m     +  25.5513
      2   [36m0.3794[0m   [32m0.7931[0m        [35m0.2228[0m       [31m0.9135[0m        [94m0.2440[0m     +  26.4296
      3   [36m0.3994[0m   [32m0.8109[0m        [35m0.2166[0m       0.9128        [94m0.2389[0m     +  25.5999
      4   [36m0.4039[0m   [32m0.8191[0m        [35m0.2126[0m       [31m0.9142[0m        [94m0.2360[0m     +  25.1719
      5   0.3888   [32m0.8199[0m        [35m0.2087[0m       0.9125        0.2362        24.5991
      6   0.4035   [32m0.8268[0m        [35m0.2045[0m       [31m0.9146[0m        [94m0.2333[0m     +  24.6054
      7   0.3872   [32m0.8306[0m        [35m0.2028[0m       0.9146        [94m0.2332[0m     +  24.2975
      8   [36m0.4051[0m   [32m0.8320[0m        [35m0.1996[0m       0.9146        [94m0.2307[0m     +  24.1089
      9   0.3920   0.8299        [35m0.1962[0m       [31m0.9149[0m        0.2321        23.2717
     10   0.3756   0.8279        [35m0.1938[0m       0.9149        0.2335        23.5980
Stopping since valid_loss has not improved in the last 3 epochs.
[32m[I 2022-12-10 23:05:39,052][0m Trial 176 finished with value: 0.4050913442176782 and parameters: {'optimizer__lr': 0.00020039964397767563, 'module__dropout': 0.04311944175437412, 'd_model_multiplier': 16, 'module__num_layers': 6, 'module__n_heads': 4, 'module__dim_feedforward': 276, 'iterator_train__batch_size': 61}. Best is trial 150 with value: 0.456284322182146.[0m
[FileBasedDataset] Initializing dataset...
	Examples: 28559
	Features: 621
	Max length: 120
[FileBasedDataset] Dataset initialization complete
  epoch    auprc    auroc    train_loss    valid_acc    valid_loss    cp      dur
-------  -------  -------  ------------  -----------  ------------  ----  -------
      1   [36m0.3819[0m   [32m0.7997[0m        [35m0.2467[0m       [31m0.9261[0m        [94m0.2267[0m     +  24.1596
      2   [36m0.4028[0m   [32m0.8156[0m        [35m0.2245[0m       0.9258        [94m0.2241[0m     +  24.4797
      3   [36m0.4111[0m   [32m0.8302[0m        [35m0.2197[0m       [31m0.9268[0m        [94m0.2208[0m     +  24.7517
      4   [36m0.4220[0m   [32m0.8374[0m        [35m0.2145[0m       [31m0.9286[0m        [94m0.2175[0m     +  24.4261
      5   [36m0.4336[0m   [32m0.8498[0m        [35m0.2104[0m       0.9282        [94m0.2121[0m     +  23.9721
      6   0.4239   [32m0.8538[0m        [35m0.2059[0m       0.9272        [94m0.2119[0m     +  24.1565
      7   [36m0.4356[0m   [32m0.8603[0m        [35m0.2023[0m       [31m0.9293[0m        [94m0.2095[0m     +  24.8761
      8   0.4340   [32m0.8611[0m        [35m0.1988[0m       0.9275        0.2111        24.6350
      9   [36m0.4371[0m   [32m0.8649[0m        [35m0.1947[0m       0.9282        [94m0.2071[0m     +  24.4606
     10   0.4355   0.8592        [35m0.1899[0m       0.9279        0.2104        23.6449
     11   0.4332   0.8593        [35m0.1856[0m       0.9275        0.2114        24.1014
Stopping since valid_loss has not improved in the last 3 epochs.
[32m[I 2022-12-10 23:10:32,548][0m Trial 177 finished with value: 0.4371020876534469 and parameters: {'optimizer__lr': 4.383062147909276e-05, 'module__dropout': 0.030287803572900614, 'd_model_multiplier': 64, 'module__num_layers': 8, 'module__n_heads': 4, 'module__dim_feedforward': 323, 'iterator_train__batch_size': 40}. Best is trial 150 with value: 0.456284322182146.[0m
[FileBasedDataset] Initializing dataset...
	Examples: 28559
	Features: 621
	Max length: 120
[FileBasedDataset] Dataset initialization complete
  epoch    auprc    auroc    train_loss    valid_acc    valid_loss    cp      dur
-------  -------  -------  ------------  -----------  ------------  ----  -------
      1   [36m0.3187[0m   [32m0.7830[0m        [35m0.2556[0m       [31m0.9342[0m        [94m0.2070[0m     +  23.4765
      2   [36m0.3332[0m   [32m0.8063[0m        [35m0.2247[0m       0.9338        [94m0.2035[0m     +  23.9812
      3   [36m0.3418[0m   [32m0.8146[0m        [35m0.2184[0m       [31m0.9352[0m        [94m0.1997[0m     +  23.8281
      4   [36m0.3447[0m   [32m0.8192[0m        [35m0.2124[0m       0.9345        [94m0.1990[0m     +  24.3067
      5   0.3442   [32m0.8200[0m        [35m0.2071[0m       0.9342        0.1996        23.9266
      6   0.3321   [32m0.8201[0m        [35m0.2024[0m       0.9328        0.2011        24.4250
Stopping since valid_loss has not improved in the last 3 epochs.
[32m[I 2022-12-10 23:13:21,764][0m Trial 178 finished with value: 0.34469563164793654 and parameters: {'optimizer__lr': 3.4033167807406755e-05, 'module__dropout': 0.01047481781691067, 'd_model_multiplier': 64, 'module__num_layers': 8, 'module__n_heads': 4, 'module__dim_feedforward': 326, 'iterator_train__batch_size': 47}. Best is trial 150 with value: 0.456284322182146.[0m
[FileBasedDataset] Initializing dataset...
	Examples: 28559
	Features: 621
	Max length: 120
[FileBasedDataset] Dataset initialization complete
  epoch    auprc    auroc    train_loss    valid_acc    valid_loss    cp      dur
-------  -------  -------  ------------  -----------  ------------  ----  -------
      1   [36m0.3582[0m   [32m0.8100[0m        [35m0.2467[0m       [31m0.9317[0m        [94m0.2119[0m     +  23.7376
      2   [36m0.3709[0m   [32m0.8374[0m        [35m0.2247[0m       [31m0.9335[0m        [94m0.2047[0m     +  24.1846
      3   [36m0.3856[0m   [32m0.8447[0m        [35m0.2187[0m       0.9328        [94m0.2021[0m     +  24.1957
      4   [36m0.3974[0m   [32m0.8470[0m        [35m0.2124[0m       0.9310        0.2037        24.2055
      5   0.3964   0.8450        [35m0.2071[0m       0.9328        [94m0.2012[0m     +  24.1318
      6   [36m0.4039[0m   0.8461        [35m0.2018[0m       [31m0.9342[0m        [94m0.1992[0m     +  23.5271
      7   [36m0.4211[0m   [32m0.8500[0m        [35m0.1967[0m       [31m0.9356[0m        [94m0.1945[0m     +  23.8955
      8   0.3921   0.8396        [35m0.1926[0m       0.9342        0.2032        23.9729
      9   0.4044   0.8416        [35m0.1875[0m       0.9356        0.2005        24.2599
Stopping since valid_loss has not improved in the last 3 epochs.
[32m[I 2022-12-10 23:17:23,533][0m Trial 179 finished with value: 0.42113105266909673 and parameters: {'optimizer__lr': 4.964723341573127e-05, 'module__dropout': 0.029455187966265246, 'd_model_multiplier': 64, 'module__num_layers': 8, 'module__n_heads': 4, 'module__dim_feedforward': 282, 'iterator_train__batch_size': 42}. Best is trial 150 with value: 0.456284322182146.[0m
[FileBasedDataset] Initializing dataset...
	Examples: 28559
	Features: 621
	Max length: 120
[FileBasedDataset] Dataset initialization complete
  epoch    auprc    auroc    train_loss    valid_acc    valid_loss    cp       dur
-------  -------  -------  ------------  -----------  ------------  ----  --------
      1   [36m0.2708[0m   [32m0.7822[0m        [35m0.2542[0m       [31m0.9135[0m        [94m0.2502[0m     +  161.3409
      2   0.2623   0.7764        [35m0.2462[0m       0.9132        0.2531        161.4266
      3   0.2708   0.7780        [35m0.2446[0m       0.9118        0.2537        161.4603
Stopping since valid_loss has not improved in the last 3 epochs.
