[32m[I 2022-12-11 18:39:35,300][0m Trial 349 finished with value: 0.4354805943673261 and parameters: {'optimizer__lr': 0.00023527612452293282, 'module__dropout': 0.0896890976582169, 'd_model_multiplier': 4, 'module__num_layers': 6, 'module__n_heads': 16, 'module__dim_feedforward': 238, 'iterator_train__batch_size': 71}. Best is trial 231 with value: 0.4798892428044479.[0m
[FileBasedDataset] Initializing dataset...
	Examples: 28559
	Features: 621
	Max length: 120
[FileBasedDataset] Dataset initialization complete
  epoch    auprc    auroc    train_loss    valid_acc    valid_loss    cp      dur
-------  -------  -------  ------------  -----------  ------------  ----  -------
      1   [36m0.3291[0m   [32m0.7992[0m        [35m0.2410[0m       [31m0.9219[0m        [94m0.2304[0m     +  23.1918
      2   0.3281   [32m0.8037[0m        [35m0.2234[0m       0.9209        [94m0.2295[0m     +  23.8342
      3   [36m0.3512[0m   [32m0.8066[0m        [35m0.2221[0m       [31m0.9226[0m        0.2298        23.6337
      4   0.3222   0.7917        0.2431       0.9223        0.2324        23.5917
      5   0.3366   0.8029        0.2242       0.9216        [94m0.2293[0m     +  23.7144
      6   0.3304   0.7928        [35m0.2199[0m       0.9219        0.2327        23.5679
      7   0.3304   [32m0.8066[0m        [35m0.2187[0m       0.9219        [94m0.2293[0m     +  23.3303
Stopping since valid_loss has not improved in the last 3 epochs.
[32m[I 2022-12-11 18:42:44,529][0m Trial 350 finished with value: 0.35124483520912264 and parameters: {'optimizer__lr': 0.0006063163383076813, 'module__dropout': 0.04735077394401937, 'd_model_multiplier': 16, 'module__num_layers': 6, 'module__n_heads': 4, 'module__dim_feedforward': 343, 'iterator_train__batch_size': 66}. Best is trial 231 with value: 0.4798892428044479.[0m
[FileBasedDataset] Initializing dataset...
	Examples: 28559
	Features: 621
	Max length: 120
[FileBasedDataset] Dataset initialization complete
  epoch    auprc    auroc    train_loss    valid_acc    valid_loss    cp      dur
-------  -------  -------  ------------  -----------  ------------  ----  -------
      1   [36m0.0679[0m   [32m0.2947[0m        [35m0.5266[0m       [31m0.9121[0m        [94m0.4200[0m     +  24.0098
      2   [36m0.0965[0m   [32m0.4169[0m        [35m0.3673[0m       [31m0.9128[0m        [94m0.3474[0m     +  23.4476
      3   [36m0.1436[0m   [32m0.5184[0m        [35m0.3132[0m       0.9114        [94m0.3140[0m     +  23.3684
      4   [36m0.1772[0m   [32m0.5901[0m        [35m0.2863[0m       0.9114        [94m0.2964[0m     +  23.7451
      5   [36m0.2361[0m   [32m0.6877[0m        [35m0.2689[0m       0.9121        [94m0.2787[0m     +  23.7696
      6   [36m0.2893[0m   [32m0.7133[0m        [35m0.2536[0m       0.9125        [94m0.2666[0m     +  23.4980
      7   [36m0.3204[0m   [32m0.7294[0m        [35m0.2447[0m       [31m0.9142[0m        [94m0.2596[0m     +  23.3469
      8   [36m0.3354[0m   [32m0.7326[0m        [35m0.2394[0m       [31m0.9163[0m        [94m0.2557[0m     +  22.9477
      9   [36m0.3503[0m   [32m0.7447[0m        [35m0.2357[0m       [31m0.9181[0m        [94m0.2512[0m     +  22.8276
     10   [36m0.3571[0m   [32m0.7516[0m        [35m0.2336[0m       [31m0.9184[0m        [94m0.2490[0m     +  23.1444
     11   [36m0.3643[0m   [32m0.7576[0m        [35m0.2310[0m       [31m0.9191[0m        [94m0.2464[0m     +  22.8385
     12   [36m0.3733[0m   [32m0.7612[0m        [35m0.2297[0m       [31m0.9198[0m        [94m0.2449[0m     +  22.8991
     13   [36m0.3816[0m   [32m0.7706[0m        [35m0.2279[0m       [31m0.9202[0m        [94m0.2432[0m     +  23.1495
     14   [36m0.3892[0m   [32m0.7740[0m        [35m0.2269[0m       [31m0.9212[0m        [94m0.2420[0m     +  23.1196
     15   [36m0.3954[0m   [32m0.7757[0m        [35m0.2264[0m       0.9209        [94m0.2412[0m     +  22.6926
[32m[I 2022-12-11 18:48:34,315][0m Trial 351 finished with value: 0.3954157006842939 and parameters: {'optimizer__lr': 9.188653128764975e-05, 'module__dropout': 0.07268904156980259, 'd_model_multiplier': 2, 'module__num_layers': 5, 'module__n_heads': 4, 'module__dim_feedforward': 275, 'iterator_train__batch_size': 93}. Best is trial 231 with value: 0.4798892428044479.[0m
[FileBasedDataset] Initializing dataset...
	Examples: 28559
	Features: 621
	Max length: 120
[FileBasedDataset] Dataset initialization complete
  epoch    auprc    auroc    train_loss    valid_acc    valid_loss    cp      dur
-------  -------  -------  ------------  -----------  ------------  ----  -------
      1   [36m0.2256[0m   [32m0.7295[0m        [35m0.2584[0m       [31m0.8869[0m        [94m0.2744[0m     +  23.5447
      2   [36m0.2275[0m   [32m0.7299[0m        [35m0.2533[0m       [31m0.8939[0m        [94m0.2694[0m     +  23.6782
      3   [36m0.2316[0m   [32m0.7324[0m        [35m0.2513[0m       [31m0.8957[0m        [94m0.2623[0m     +  24.1938
      4   [36m0.2370[0m   [32m0.7348[0m        [35m0.2504[0m       [31m0.8960[0m        [94m0.2601[0m     +  23.7920
      5   0.2304   [32m0.7383[0m        0.2504       [31m0.9142[0m        [94m0.2566[0m     +  23.0552
      6   0.2364   0.7362        [35m0.2495[0m       [31m0.9153[0m        [94m0.2559[0m     +  23.2268
      7   0.2357   0.7382        0.2496       [31m0.9160[0m        [94m0.2556[0m     +  23.2017
      8   0.2367   0.7359        0.2497       0.9160        [94m0.2539[0m     +  23.7794
      9   0.2366   [32m0.7481[0m        [35m0.2489[0m       [31m0.9163[0m        [94m0.2539[0m     +  23.6828
     10   0.2354   0.7397        0.2489       0.9160        [94m0.2534[0m     +  23.5422
     11   [36m0.2399[0m   0.7430        [35m0.2487[0m       0.9163        [94m0.2534[0m     +  23.8528
     12   0.2348   0.7398        0.2491       0.9163        [94m0.2533[0m     +  23.7363
     13   0.2354   0.7399        0.2490       [31m0.9167[0m        [94m0.2531[0m     +  23.8462
     14   0.2299   0.7355        [35m0.2487[0m       0.9167        0.2533        23.4716
     15   0.2327   0.7391        0.2488       [31m0.9170[0m        0.2532        23.5340
[32m[I 2022-12-11 18:54:30,227][0m Trial 352 finished with value: 0.23992946282773375 and parameters: {'optimizer__lr': 0.0011055197768507082, 'module__dropout': 0.1139069771806102, 'd_model_multiplier': 16, 'module__num_layers': 6, 'module__n_heads': 8, 'module__dim_feedforward': 373, 'iterator_train__batch_size': 59}. Best is trial 231 with value: 0.4798892428044479.[0m
[FileBasedDataset] Initializing dataset...
	Examples: 28559
	Features: 621
	Max length: 120
[FileBasedDataset] Dataset initialization complete
  epoch    auprc    auroc    train_loss    valid_acc    valid_loss    cp      dur
-------  -------  -------  ------------  -----------  ------------  ----  -------
      1   [36m0.3224[0m   [32m0.7167[0m        [35m0.3648[0m       [31m0.9177[0m        [94m0.2601[0m     +  22.8303
      2   [36m0.3983[0m   [32m0.7828[0m        [35m0.2428[0m       [31m0.9251[0m        [94m0.2323[0m     +  23.2610
      3   [36m0.4214[0m   [32m0.8063[0m        [35m0.2290[0m       [31m0.9254[0m        [94m0.2264[0m     +  23.6317
      4   [36m0.4224[0m   [32m0.8180[0m        [35m0.2242[0m       0.9254        [94m0.2238[0m     +  23.7896
      5   [36m0.4324[0m   [32m0.8299[0m        [35m0.2197[0m       0.9240        [94m0.2197[0m     +  22.7393
      6   [36m0.4412[0m   [32m0.8363[0m        [35m0.2166[0m       0.9251        [94m0.2169[0m     +  23.5740
      7   [36m0.4428[0m   [32m0.8379[0m        [35m0.2145[0m       [31m0.9261[0m        0.2170        23.7349
      8   [36m0.4464[0m   [32m0.8454[0m        [35m0.2122[0m       [31m0.9265[0m        [94m0.2137[0m     +  23.1422
      9   [36m0.4519[0m   [32m0.8477[0m        [35m0.2100[0m       0.9261        [94m0.2127[0m     +  22.8686
     10   [36m0.4594[0m   [32m0.8495[0m        [35m0.2078[0m       0.9265        [94m0.2118[0m     +  23.8410
     11   [36m0.4713[0m   [32m0.8583[0m        [35m0.2067[0m       [31m0.9275[0m        [94m0.2095[0m     +  22.9157
     12   0.4713   [32m0.8586[0m        [35m0.2062[0m       0.9272        [94m0.2095[0m     +  22.7829
     13   [36m0.4773[0m   [32m0.8617[0m        [35m0.2050[0m       0.9268        [94m0.2071[0m     +  23.8084
     14   0.4721   0.8606        [35m0.2031[0m       [31m0.9279[0m        0.2085        23.7192
     15   0.4736   0.8612        [35m0.2025[0m       0.9279        0.2097        23.5166
[32m[I 2022-12-11 19:00:21,331][0m Trial 353 finished with value: 0.477339489109797 and parameters: {'optimizer__lr': 0.0001406543706906257, 'module__dropout': 0.03329907288219413, 'd_model_multiplier': 4, 'module__num_layers': 2, 'module__n_heads': 4, 'module__dim_feedforward': 505, 'iterator_train__batch_size': 53}. Best is trial 231 with value: 0.4798892428044479.[0m
[FileBasedDataset] Initializing dataset...
	Examples: 28559
	Features: 621
	Max length: 120
[FileBasedDataset] Dataset initialization complete
  epoch    auprc    auroc    train_loss    valid_acc    valid_loss    cp      dur
-------  -------  -------  ------------  -----------  ------------  ----  -------
      1   [36m0.2582[0m   [32m0.6868[0m        [35m0.3463[0m       [31m0.9286[0m        [94m0.2484[0m     +  22.4734
      2   [36m0.3151[0m   [32m0.7524[0m        [35m0.2431[0m       0.9279        [94m0.2254[0m     +  22.7961
      3   [36m0.3381[0m   [32m0.7862[0m        [35m0.2293[0m       0.9282        [94m0.2175[0m     +  22.7645
      4   [36m0.3449[0m   [32m0.8084[0m        [35m0.2239[0m       [31m0.9296[0m        [94m0.2119[0m     +  23.1789
      5   [36m0.3553[0m   [32m0.8195[0m        [35m0.2202[0m       [31m0.9307[0m        [94m0.2093[0m     +  22.9446
      6   [36m0.3656[0m   [32m0.8279[0m        [35m0.2182[0m       0.9296        [94m0.2065[0m     +  23.3737
      7   [36m0.3736[0m   [32m0.8316[0m        [35m0.2163[0m       0.9307        [94m0.2051[0m     +  23.2515
      8   [36m0.3822[0m   [32m0.8337[0m        [35m0.2145[0m       0.9307        [94m0.2037[0m     +  22.9429
      9   [36m0.3952[0m   [32m0.8367[0m        [35m0.2127[0m       0.9307        [94m0.2014[0m     +  23.4434
     10   0.3937   [32m0.8398[0m        [35m0.2114[0m       0.9286        [94m0.2003[0m     +  23.0054
     11   [36m0.3987[0m   [32m0.8432[0m        [35m0.2097[0m       0.9303        [94m0.1996[0m     +  23.2166
     12   [36m0.4058[0m   [32m0.8449[0m        [35m0.2080[0m       0.9307        [94m0.1983[0m     +  22.6093
     13   [36m0.4103[0m   [32m0.8458[0m        [35m0.2064[0m       [31m0.9310[0m        [94m0.1977[0m     +  23.2290
     14   [36m0.4157[0m   [32m0.8470[0m        [35m0.2058[0m       0.9310        [94m0.1971[0m     +  22.7291
     15   0.4105   [32m0.8493[0m        [35m0.2048[0m       [31m0.9317[0m        [94m0.1965[0m     +  23.2855
[32m[I 2022-12-11 19:06:07,617][0m Trial 354 finished with value: 0.415679821119312 and parameters: {'optimizer__lr': 0.0001509300723728899, 'module__dropout': 0.03407357645794637, 'd_model_multiplier': 4, 'module__num_layers': 2, 'module__n_heads': 4, 'module__dim_feedforward': 504, 'iterator_train__batch_size': 54}. Best is trial 231 with value: 0.4798892428044479.[0m
[FileBasedDataset] Initializing dataset...
	Examples: 28559
	Features: 621
	Max length: 120
[FileBasedDataset] Dataset initialization complete
  epoch    auprc    auroc    train_loss    valid_acc    valid_loss    cp      dur
-------  -------  -------  ------------  -----------  ------------  ----  -------
      1   [36m0.3809[0m   [32m0.8192[0m        [35m0.2451[0m       [31m0.9254[0m        [94m0.2256[0m     +  22.4875
      2   [36m0.3988[0m   [32m0.8463[0m        [35m0.2185[0m       [31m0.9258[0m        [94m0.2176[0m     +  23.0439
      3   [36m0.4107[0m   [32m0.8517[0m        [35m0.2110[0m       [31m0.9272[0m        [94m0.2127[0m     +  22.8617
      4   [36m0.4148[0m   [32m0.8579[0m        [35m0.2060[0m       0.9251        [94m0.2115[0m     +  22.9443
      5   0.4028   0.8489        [35m0.2013[0m       0.9240        0.2144        22.5958
      6   0.4046   0.8456        [35m0.1978[0m       0.9240        0.2142        23.0656
Stopping since valid_loss has not improved in the last 3 epochs.
[32m[I 2022-12-11 19:08:48,280][0m Trial 355 finished with value: 0.4148234297409153 and parameters: {'optimizer__lr': 0.0002994550329094544, 'module__dropout': 0.03391155288316337, 'd_model_multiplier': 16, 'module__num_layers': 3, 'module__n_heads': 4, 'module__dim_feedforward': 428, 'iterator_train__batch_size': 49}. Best is trial 231 with value: 0.4798892428044479.[0m
[FileBasedDataset] Initializing dataset...
	Examples: 28559
	Features: 621
	Max length: 120
[FileBasedDataset] Dataset initialization complete
  epoch    auprc    auroc    train_loss    valid_acc    valid_loss    cp      dur
-------  -------  -------  ------------  -----------  ------------  ----  -------
      1   [36m0.2445[0m   [32m0.7431[0m        [35m0.3235[0m       [31m0.9205[0m        [94m0.2446[0m     +  22.2821
      2   [36m0.3028[0m   [32m0.7801[0m        [35m0.2378[0m       [31m0.9216[0m        [94m0.2324[0m     +  22.7688
      3   [36m0.3153[0m   [32m0.7941[0m        [35m0.2288[0m       0.9216        [94m0.2294[0m     +  22.8611
      4   [36m0.3242[0m   [32m0.8032[0m        [35m0.2261[0m       [31m0.9226[0m        [94m0.2271[0m     +  23.6727
      5   [36m0.3281[0m   [32m0.8097[0m        [35m0.2250[0m       0.9226        [94m0.2248[0m     +  22.8664
      6   [36m0.3354[0m   [32m0.8154[0m        [35m0.2233[0m       [31m0.9230[0m        [94m0.2230[0m     +  23.7022
      7   [36m0.3395[0m   [32m0.8184[0m        [35m0.2191[0m       [31m0.9244[0m        [94m0.2222[0m     +  22.5610
      8   [36m0.3423[0m   [32m0.8211[0m        [35m0.2191[0m       [31m0.9247[0m        0.2227        23.2614
      9   [36m0.3501[0m   [32m0.8309[0m        [35m0.2171[0m       0.9240        [94m0.2179[0m     +  23.2700
     10   0.3475   0.8302        [35m0.2166[0m       0.9244        0.2194        23.1908
     11   0.3477   [32m0.8338[0m        [35m0.2153[0m       [31m0.9258[0m        0.2201        23.0016
Stopping since valid_loss has not improved in the last 3 epochs.
[32m[I 2022-12-11 19:13:24,965][0m Trial 356 finished with value: 0.3501049663474217 and parameters: {'optimizer__lr': 0.0001339511898006044, 'module__dropout': 0.21405455961042769, 'd_model_multiplier': 8, 'module__num_layers': 2, 'module__n_heads': 4, 'module__dim_feedforward': 511, 'iterator_train__batch_size': 61}. Best is trial 231 with value: 0.4798892428044479.[0m
[FileBasedDataset] Initializing dataset...
	Examples: 28559
	Features: 621
	Max length: 120
[FileBasedDataset] Dataset initialization complete
  epoch    auprc    auroc    train_loss    valid_acc    valid_loss    cp      dur
-------  -------  -------  ------------  -----------  ------------  ----  -------
      1   [36m0.2635[0m   [32m0.7271[0m        [35m0.3544[0m       [31m0.9237[0m        [94m0.2453[0m     +  22.9805
      2   [36m0.3698[0m   [32m0.7822[0m        [35m0.2506[0m       [31m0.9307[0m        [94m0.2219[0m     +  23.1517
      3   [36m0.3888[0m   [32m0.7972[0m        [35m0.2363[0m       0.9303        [94m0.2163[0m     +  23.5651
      4   [36m0.3923[0m   [32m0.8039[0m        [35m0.2344[0m       0.9303        [94m0.2154[0m     +  22.8612
      5   [36m0.3943[0m   [32m0.8082[0m        [35m0.2310[0m       0.9307        [94m0.2138[0m     +  22.8847
      6   [36m0.4044[0m   [32m0.8158[0m        [35m0.2268[0m       0.9289        [94m0.2121[0m     +  22.6890
      7   [36m0.4059[0m   [32m0.8182[0m        [35m0.2258[0m       0.9289        [94m0.2116[0m     +  22.9144
      8   [36m0.4139[0m   [32m0.8231[0m        [35m0.2233[0m       [31m0.9317[0m        [94m0.2087[0m     +  22.9607
      9   [36m0.4189[0m   [32m0.8237[0m        [35m0.2221[0m       0.9286        0.2091        23.4154
     10   [36m0.4220[0m   [32m0.8280[0m        0.2225       0.9289        [94m0.2081[0m     +  23.0225
     11   [36m0.4229[0m   [32m0.8299[0m        [35m0.2206[0m       0.9303        [94m0.2078[0m     +  23.4817
     12   0.4158   0.8271        [35m0.2201[0m       0.9300        0.2089        24.2947
     13   0.4161   0.8282        [35m0.2188[0m       0.9303        0.2092        24.3582
Stopping since valid_loss has not improved in the last 3 epochs.
[32m[I 2022-12-11 19:18:51,247][0m Trial 357 finished with value: 0.4228880361620306 and parameters: {'optimizer__lr': 0.00021075985171127841, 'module__dropout': 0.26341123602312705, 'd_model_multiplier': 4, 'module__num_layers': 1, 'module__n_heads': 4, 'module__dim_feedforward': 499, 'iterator_train__batch_size': 55}. Best is trial 231 with value: 0.4798892428044479.[0m
[FileBasedDataset] Initializing dataset...
	Examples: 28559
	Features: 621
	Max length: 120
[FileBasedDataset] Dataset initialization complete
  epoch    auprc    auroc    train_loss    valid_acc    valid_loss    cp      dur
-------  -------  -------  ------------  -----------  ------------  ----  -------
      1   [36m0.0909[0m   [32m0.4789[0m        [35m0.7186[0m       [31m0.2129[0m        [94m0.7213[0m     +  23.1743
      2   [36m0.0909[0m   0.4789        0.7187       [31m0.2132[0m        [94m0.7213[0m     +  22.6292
      3   [36m0.0910[0m   0.4789        [35m0.7185[0m       0.2132        [94m0.7212[0m     +  23.0412
      4   [36m0.0910[0m   0.4789        0.7187       [31m0.2136[0m        [94m0.7212[0m     +  23.2797
      5   0.0910   0.4789        0.7185       [31m0.2139[0m        [94m0.7212[0m     +  23.0325
      6   0.0910   0.4788        0.7189       0.2139        [94m0.7211[0m     +  23.8857
      7   0.0909   0.4788        0.7185       [31m0.2143[0m        [94m0.7211[0m     +  23.2955
      8   0.0909   0.4788        [35m0.7184[0m       0.2143        [94m0.7211[0m     +  23.4695
      9   0.0909   0.4788        0.7185       [31m0.2146[0m        [94m0.7211[0m     +  23.0668
     10   0.0909   0.4788        0.7185       0.2146        [94m0.7210[0m     +  22.9783
     11   0.0909   0.4787        0.7187       0.2146        [94m0.7210[0m     +  22.7589
     12   0.0909   0.4787        [35m0.7182[0m       [31m0.2150[0m        [94m0.7210[0m     +  23.0842
     13   0.0909   0.4787        0.7183       0.2150        [94m0.7210[0m     +  22.7123
     14   0.0909   0.4786        0.7183       0.2150        [94m0.7209[0m     +  22.4978
     15   0.0909   0.4786        0.7185       [31m0.2153[0m        [94m0.7209[0m     +  23.0424
[32m[I 2022-12-11 19:24:38,158][0m Trial 358 finished with value: 0.09097424421850409 and parameters: {'optimizer__lr': 2.6405305073982955e-09, 'module__dropout': 0.12825221553870428, 'd_model_multiplier': 4, 'module__num_layers': 2, 'module__n_heads': 4, 'module__dim_feedforward': 487, 'iterator_train__batch_size': 65}. Best is trial 231 with value: 0.4798892428044479.[0m
[FileBasedDataset] Initializing dataset...
	Examples: 28559
	Features: 621
	Max length: 120
[FileBasedDataset] Dataset initialization complete
  epoch    auprc    auroc    train_loss    valid_acc    valid_loss    cp      dur
-------  -------  -------  ------------  -----------  ------------  ----  -------
      1   [36m0.1749[0m   [32m0.5480[0m        [35m0.3789[0m       [31m0.9216[0m        [94m0.2862[0m     +  23.5122
      2   [36m0.3182[0m   [32m0.7339[0m        [35m0.2667[0m       [31m0.9261[0m        [94m0.2473[0m     +  23.4690
      3   [36m0.3281[0m   [32m0.7504[0m        [35m0.2380[0m       0.9233        [94m0.2361[0m     +  24.0180
      4   [36m0.3496[0m   [32m0.7698[0m        [35m0.2302[0m       0.9237        [94m0.2314[0m     +  23.7409
      5   [36m0.3521[0m   [32m0.7770[0m        [35m0.2263[0m       0.9240        [94m0.2285[0m     +  23.9626
      6   [36m0.3567[0m   [32m0.7841[0m        [35m0.2247[0m       0.9237        [94m0.2275[0m     +  23.5763
      7   [36m0.3629[0m   [32m0.7904[0m        [35m0.2216[0m       0.9244        [94m0.2266[0m     +  23.4613
      8   [36m0.3686[0m   [32m0.7932[0m        [35m0.2201[0m       0.9247        [94m0.2243[0m     +  23.7968
      9   0.3664   [32m0.7964[0m        [35m0.2175[0m       0.9233        [94m0.2243[0m     +  23.6740
     10   0.3677   [32m0.7987[0m        0.2179       0.9258        [94m0.2230[0m     +  23.6918
     11   0.3673   [32m0.8048[0m        [35m0.2161[0m       0.9254        [94m0.2218[0m     +  23.9663
     12   [36m0.3703[0m   [32m0.8055[0m        [35m0.2160[0m       0.9244        [94m0.2211[0m     +  23.6792
     13   [36m0.3782[0m   [32m0.8080[0m        [35m0.2141[0m       0.9233        0.2211        23.3713
     14   0.3749   [32m0.8124[0m        [35m0.2121[0m       0.9237        [94m0.2202[0m     +  23.7761
     15   0.3661   0.8113        [35m0.2119[0m       0.9240        0.2206        23.5407
