[32m[I 2022-12-12 03:35:05,585][0m Trial 473 finished with value: 0.4433063007963052 and parameters: {'optimizer__lr': 0.0006510904743118857, 'module__dropout': 0.06090030687131568, 'd_model_multiplier': 4, 'module__num_layers': 1, 'module__n_heads': 8, 'module__dim_feedforward': 259, 'iterator_train__batch_size': 88}. Best is trial 382 with value: 0.5110916005289956.[0m
[FileBasedDataset] Initializing dataset...
	Examples: 28559
	Features: 621
	Max length: 120
[FileBasedDataset] Dataset initialization complete
  epoch    auprc    auroc    train_loss    valid_acc    valid_loss    cp      dur
-------  -------  -------  ------------  -----------  ------------  ----  -------
      1   [36m0.3566[0m   [32m0.7866[0m        [35m0.2844[0m       [31m0.9230[0m        [94m0.2312[0m     +  22.3294
      2   [36m0.3696[0m   [32m0.8088[0m        [35m0.2239[0m       [31m0.9258[0m        [94m0.2262[0m     +  22.8258
      3   0.3682   [32m0.8165[0m        [35m0.2186[0m       0.9244        [94m0.2262[0m     +  23.4013
      4   [36m0.3847[0m   [32m0.8283[0m        [35m0.2149[0m       [31m0.9272[0m        [94m0.2196[0m     +  23.0690
      5   [36m0.3935[0m   [32m0.8322[0m        [35m0.2115[0m       0.9261        0.2203        23.0284
      6   0.3881   [32m0.8368[0m        [35m0.2092[0m       0.9244        0.2198        22.5756
      7   [36m0.4047[0m   [32m0.8453[0m        [35m0.2065[0m       0.9265        [94m0.2149[0m     +  23.1718
      8   0.3957   [32m0.8467[0m        [35m0.2043[0m       0.9261        0.2153        23.0769
      9   0.4018   [32m0.8519[0m        [35m0.2024[0m       0.9251        [94m0.2132[0m     +  22.8645
     10   0.4012   0.8506        [35m0.2014[0m       0.9272        [94m0.2128[0m     +  23.6621
     11   0.3948   0.8465        [35m0.2000[0m       0.9254        0.2144        22.9251
     12   0.4031   0.8514        [35m0.1980[0m       0.9268        0.2134        23.4191
     13   0.3961   0.8491        [35m0.1968[0m       0.9247        [94m0.2119[0m     +  23.5319
     14   0.3860   0.8463        [35m0.1957[0m       0.9233        0.2139        22.9295
     15   0.3882   0.8497        [35m0.1942[0m       0.9237        0.2138        22.7930
[32m[I 2022-12-12 03:40:51,723][0m Trial 474 finished with value: 0.4047266289496762 and parameters: {'optimizer__lr': 0.0003694276486166729, 'module__dropout': 0.04562365000255299, 'd_model_multiplier': 4, 'module__num_layers': 1, 'module__n_heads': 8, 'module__dim_feedforward': 243, 'iterator_train__batch_size': 84}. Best is trial 382 with value: 0.5110916005289956.[0m
[FileBasedDataset] Initializing dataset...
	Examples: 28559
	Features: 621
	Max length: 120
[FileBasedDataset] Dataset initialization complete
  epoch    auprc    auroc    train_loss    valid_acc    valid_loss    cp      dur
-------  -------  -------  ------------  -----------  ------------  ----  -------
      1   [36m0.4005[0m   [32m0.8256[0m        [35m0.2496[0m       [31m0.9275[0m        [94m0.2157[0m     +  22.1395
      2   [36m0.4014[0m   [32m0.8405[0m        [35m0.2179[0m       0.9268        [94m0.2122[0m     +  22.6745
      3   0.3928   0.8367        [35m0.2122[0m       0.9272        0.2135        22.9732
      4   0.3891   [32m0.8421[0m        [35m0.2089[0m       [31m0.9286[0m        0.2137        22.8140
Stopping since valid_loss has not improved in the last 3 epochs.
[32m[I 2022-12-12 03:42:45,803][0m Trial 475 finished with value: 0.4013971795982446 and parameters: {'optimizer__lr': 0.0011873519711633387, 'module__dropout': 0.03729734589078796, 'd_model_multiplier': 4, 'module__num_layers': 1, 'module__n_heads': 8, 'module__dim_feedforward': 263, 'iterator_train__batch_size': 89}. Best is trial 382 with value: 0.5110916005289956.[0m
[FileBasedDataset] Initializing dataset...
	Examples: 28559
	Features: 621
	Max length: 120
[FileBasedDataset] Dataset initialization complete
  epoch    auprc    auroc    train_loss    valid_acc    valid_loss    cp      dur
-------  -------  -------  ------------  -----------  ------------  ----  -------
      1   [36m0.3931[0m   [32m0.8033[0m        [35m0.2739[0m       [31m0.9195[0m        [94m0.2340[0m     +  23.6739
      2   0.3641   [32m0.8114[0m        [35m0.2299[0m       0.9167        0.2380        24.2449
      3   0.3052   0.7719        [35m0.2283[0m       0.9149        0.2500        24.1485
Stopping since valid_loss has not improved in the last 3 epochs.
[32m[I 2022-12-12 03:44:22,595][0m Trial 476 finished with value: 0.3931009161047196 and parameters: {'optimizer__lr': 0.00048061395325675713, 'module__dropout': 0.05883487864846552, 'd_model_multiplier': 4, 'module__num_layers': 13, 'module__n_heads': 8, 'module__dim_feedforward': 270, 'iterator_train__batch_size': 95}. Best is trial 382 with value: 0.5110916005289956.[0m
[FileBasedDataset] Initializing dataset...
	Examples: 28559
	Features: 621
	Max length: 120
[FileBasedDataset] Dataset initialization complete
  epoch    auprc    auroc    train_loss    valid_acc    valid_loss    cp      dur
-------  -------  -------  ------------  -----------  ------------  ----  -------
      1   [36m0.1200[0m   [32m0.5443[0m        [35m0.6848[0m       [31m0.6155[0m        [94m0.6856[0m     +  23.1344
      2   [36m0.1200[0m   [32m0.5443[0m        [35m0.6841[0m       0.6155        [94m0.6856[0m     +  22.8767
      3   0.1200   0.5443        0.6842       0.6155        [94m0.6856[0m     +  23.7987
Stopping since valid_loss has not improved in the last 3 epochs.
[32m[I 2022-12-12 03:45:56,432][0m Trial 477 finished with value: 0.11998480187391108 and parameters: {'optimizer__lr': 5.075133288287811e-10, 'module__dropout': 0.17238164817184826, 'd_model_multiplier': 4, 'module__num_layers': 1, 'module__n_heads': 8, 'module__dim_feedforward': 254, 'iterator_train__batch_size': 83}. Best is trial 382 with value: 0.5110916005289956.[0m
[FileBasedDataset] Initializing dataset...
	Examples: 28559
	Features: 621
	Max length: 120
[FileBasedDataset] Dataset initialization complete
  epoch    auprc    auroc    train_loss    valid_acc    valid_loss    cp      dur
-------  -------  -------  ------------  -----------  ------------  ----  -------
      1   [36m0.3199[0m   [32m0.7764[0m        [35m0.2906[0m       [31m0.9247[0m        [94m0.2328[0m     +  23.1001
      2   [36m0.3480[0m   [32m0.8031[0m        [35m0.2277[0m       [31m0.9251[0m        [94m0.2277[0m     +  23.3282
      3   [36m0.3558[0m   [32m0.8118[0m        [35m0.2224[0m       [31m0.9261[0m        [94m0.2262[0m     +  23.2858
      4   [36m0.3663[0m   [32m0.8195[0m        [35m0.2193[0m       0.9261        [94m0.2230[0m     +  23.9512
      5   [36m0.3677[0m   [32m0.8265[0m        [35m0.2158[0m       0.9261        [94m0.2217[0m     +  23.7514
      6   [36m0.3743[0m   [32m0.8351[0m        [35m0.2138[0m       [31m0.9265[0m        [94m0.2195[0m     +  23.4535
      7   [36m0.3861[0m   [32m0.8411[0m        [35m0.2116[0m       0.9254        [94m0.2157[0m     +  23.8054
      8   [36m0.3881[0m   [32m0.8444[0m        [35m0.2097[0m       [31m0.9272[0m        [94m0.2133[0m     +  22.9003
      9   [36m0.3894[0m   [32m0.8495[0m        [35m0.2087[0m       0.9261        [94m0.2126[0m     +  23.1825
     10   [36m0.3897[0m   [32m0.8505[0m        [35m0.2071[0m       0.9258        0.2138        23.0893
     11   [36m0.3901[0m   0.8471        [35m0.2059[0m       0.9254        0.2141        23.4300
Stopping since valid_loss has not improved in the last 3 epochs.
[32m[I 2022-12-12 03:50:37,023][0m Trial 478 finished with value: 0.39014447083658127 and parameters: {'optimizer__lr': 0.00033161087120578593, 'module__dropout': 0.11381531499224021, 'd_model_multiplier': 4, 'module__num_layers': 2, 'module__n_heads': 8, 'module__dim_feedforward': 280, 'iterator_train__batch_size': 80}. Best is trial 382 with value: 0.5110916005289956.[0m
[FileBasedDataset] Initializing dataset...
	Examples: 28559
	Features: 621
	Max length: 120
[FileBasedDataset] Dataset initialization complete
  epoch    auprc    auroc    train_loss    valid_acc    valid_loss    cp      dur
-------  -------  -------  ------------  -----------  ------------  ----  -------
      1   [36m0.3943[0m   [32m0.7946[0m        [35m0.2583[0m       [31m0.9163[0m        [94m0.2427[0m     +  22.5422
      2   [36m0.4170[0m   [32m0.8166[0m        [35m0.2223[0m       [31m0.9177[0m        [94m0.2352[0m     +  22.8204
      3   [36m0.4257[0m   [32m0.8210[0m        [35m0.2183[0m       [31m0.9188[0m        [94m0.2338[0m     +  22.8308
      4   [36m0.4301[0m   [32m0.8264[0m        [35m0.2154[0m       [31m0.9191[0m        [94m0.2322[0m     +  23.1572
      5   0.4257   [32m0.8343[0m        [35m0.2124[0m       0.9181        [94m0.2309[0m     +  22.9393
      6   0.4145   0.8308        [35m0.2118[0m       0.9184        0.2329        23.1748
      7   [36m0.4306[0m   [32m0.8362[0m        [35m0.2095[0m       [31m0.9195[0m        0.2316        23.0534
      8   [36m0.4343[0m   [32m0.8410[0m        [35m0.2085[0m       0.9177        [94m0.2291[0m     +  22.8352
      9   0.4252   0.8370        [35m0.2060[0m       0.9181        0.2310        22.8115
     10   0.4302   [32m0.8412[0m        [35m0.2058[0m       0.9184        0.2296        23.4215
     11   [36m0.4472[0m   [32m0.8451[0m        [35m0.2048[0m       [31m0.9205[0m        [94m0.2260[0m     +  22.9788
     12   0.4356   0.8442        [35m0.2035[0m       0.9195        0.2278        23.1298
     13   0.4445   0.8449        [35m0.2030[0m       0.9188        0.2270        23.5959
Stopping since valid_loss has not improved in the last 3 epochs.
[32m[I 2022-12-12 03:56:00,056][0m Trial 479 finished with value: 0.44722140280530576 and parameters: {'optimizer__lr': 0.000756854205846526, 'module__dropout': 0.14883149639668009, 'd_model_multiplier': 4, 'module__num_layers': 1, 'module__n_heads': 8, 'module__dim_feedforward': 345, 'iterator_train__batch_size': 76}. Best is trial 382 with value: 0.5110916005289956.[0m
[FileBasedDataset] Initializing dataset...
	Examples: 28559
	Features: 621
	Max length: 120
[FileBasedDataset] Dataset initialization complete
  epoch    auprc    auroc    train_loss    valid_acc    valid_loss    cp      dur
-------  -------  -------  ------------  -----------  ------------  ----  -------
      1   [36m0.3375[0m   [32m0.7886[0m        [35m0.3051[0m       [31m0.9342[0m        [94m0.2081[0m     +  22.2783
      2   [36m0.3629[0m   [32m0.8178[0m        [35m0.2294[0m       [31m0.9359[0m        [94m0.1995[0m     +  22.9524
      3   [36m0.3706[0m   [32m0.8245[0m        [35m0.2232[0m       0.9359        [94m0.1971[0m     +  23.1051
      4   [36m0.3896[0m   [32m0.8291[0m        [35m0.2182[0m       0.9356        [94m0.1944[0m     +  23.2273
      5   [36m0.3923[0m   [32m0.8338[0m        [35m0.2146[0m       [31m0.9366[0m        [94m0.1930[0m     +  23.0553
      6   [36m0.3957[0m   [32m0.8359[0m        [35m0.2119[0m       0.9349        [94m0.1919[0m     +  22.9884
      7   0.3928   [32m0.8378[0m        [35m0.2086[0m       0.9349        [94m0.1917[0m     +  22.9875
      8   [36m0.4039[0m   [32m0.8447[0m        [35m0.2067[0m       0.9363        [94m0.1902[0m     +  23.4926
      9   0.4005   [32m0.8501[0m        [35m0.2044[0m       0.9345        [94m0.1893[0m     +  23.4705
     10   0.4006   0.8500        [35m0.2023[0m       0.9349        0.1894        23.3253
     11   0.3949   [32m0.8549[0m        [35m0.2022[0m       0.9345        [94m0.1883[0m     +  23.2443
     12   0.3904   [32m0.8585[0m        [35m0.1989[0m       0.9342        0.1884        22.8473
     13   0.3855   0.8553        [35m0.1964[0m       0.9331        0.1897        23.1083
Stopping since valid_loss has not improved in the last 3 epochs.
[32m[I 2022-12-12 04:01:23,789][0m Trial 480 finished with value: 0.40390227348718133 and parameters: {'optimizer__lr': 0.00019266111142385683, 'module__dropout': 0.047734858378822784, 'd_model_multiplier': 8, 'module__num_layers': 1, 'module__n_heads': 8, 'module__dim_feedforward': 272, 'iterator_train__batch_size': 104}. Best is trial 382 with value: 0.5110916005289956.[0m
[FileBasedDataset] Initializing dataset...
	Examples: 28559
	Features: 621
	Max length: 120
[FileBasedDataset] Dataset initialization complete
  epoch    auprc    auroc    train_loss    valid_acc    valid_loss    cp      dur
-------  -------  -------  ------------  -----------  ------------  ----  -------
      1   [36m0.4310[0m   [32m0.8150[0m        [35m0.2471[0m       [31m0.9223[0m        [94m0.2304[0m     +  23.0292
      2   [36m0.4391[0m   [32m0.8217[0m        [35m0.2222[0m       [31m0.9230[0m        [94m0.2289[0m     +  23.3052
      3   [36m0.4518[0m   [32m0.8277[0m        [35m0.2166[0m       0.9230        [94m0.2265[0m     +  23.6975
      4   0.4281   0.8240        [35m0.2149[0m       0.9216        0.2298        23.3377
      5   0.4360   [32m0.8365[0m        [35m0.2141[0m       0.9195        0.2290        23.2982
      6   0.4466   [32m0.8450[0m        [35m0.2121[0m       [31m0.9247[0m        [94m0.2252[0m     +  23.7557
      7   0.4514   0.8442        [35m0.2107[0m       0.9237        [94m0.2206[0m     +  23.9317
      8   0.4417   [32m0.8467[0m        [35m0.2101[0m       0.9237        0.2260        23.5925
      9   0.4402   0.8461        [35m0.2091[0m       0.9247        0.2274        23.4084
Stopping since valid_loss has not improved in the last 3 epochs.
[32m[I 2022-12-12 04:05:19,287][0m Trial 481 finished with value: 0.45175039980254916 and parameters: {'optimizer__lr': 0.0014508738937652756, 'module__dropout': 0.06983353776223673, 'd_model_multiplier': 4, 'module__num_layers': 3, 'module__n_heads': 8, 'module__dim_feedforward': 466, 'iterator_train__batch_size': 112}. Best is trial 382 with value: 0.5110916005289956.[0m
[FileBasedDataset] Initializing dataset...
	Examples: 28559
	Features: 621
	Max length: 120
[FileBasedDataset] Dataset initialization complete
  epoch    auprc    auroc    train_loss    valid_acc    valid_loss    cp      dur
-------  -------  -------  ------------  -----------  ------------  ----  -------
      1   [36m0.3228[0m   [32m0.7903[0m        [35m0.2472[0m       [31m0.9212[0m        [94m0.2376[0m     +  22.7769
      2   [36m0.3426[0m   [32m0.8060[0m        [35m0.2241[0m       0.9202        [94m0.2327[0m     +  23.4415
      3   [36m0.3664[0m   [32m0.8195[0m        [35m0.2199[0m       [31m0.9219[0m        [94m0.2256[0m     +  22.8728
      4   0.3612   [32m0.8203[0m        [35m0.2172[0m       0.9216        0.2257        22.8746
      5   [36m0.3796[0m   [32m0.8232[0m        [35m0.2133[0m       [31m0.9223[0m        [94m0.2250[0m     +  23.7416
      6   [36m0.3838[0m   0.8228        [35m0.2133[0m       0.9223        [94m0.2181[0m     +  22.6169
      7   0.3746   0.8210        [35m0.2123[0m       [31m0.9226[0m        0.2244        23.5893
      8   0.3714   [32m0.8252[0m        [35m0.2112[0m       0.9226        0.2260        23.6069
Stopping since valid_loss has not improved in the last 3 epochs.
[32m[I 2022-12-12 04:08:48,802][0m Trial 482 finished with value: 0.3838317237615794 and parameters: {'optimizer__lr': 0.002029233535116544, 'module__dropout': 0.07069040764635716, 'd_model_multiplier': 4, 'module__num_layers': 3, 'module__n_heads': 8, 'module__dim_feedforward': 233, 'iterator_train__batch_size': 114}. Best is trial 382 with value: 0.5110916005289956.[0m
[FileBasedDataset] Initializing dataset...
	Examples: 28559
	Features: 621
	Max length: 120
[FileBasedDataset] Dataset initialization complete
  epoch    auprc    auroc    train_loss    valid_acc    valid_loss    cp      dur
-------  -------  -------  ------------  -----------  ------------  ----  -------
      1   [36m0.3737[0m   [32m0.8002[0m        [35m0.2483[0m       [31m0.9265[0m        [94m0.2235[0m     +  22.6544
      2   0.2609   0.7430        [35m0.2309[0m       0.9237        0.2481        22.9778
      3   0.2210   0.7261        0.2506       0.9226        0.2503        23.7973
Stopping since valid_loss has not improved in the last 3 epochs.
[32m[I 2022-12-12 04:10:21,916][0m Trial 483 finished with value: 0.3736699617412994 and parameters: {'optimizer__lr': 0.002918807146991255, 'module__dropout': 0.07212244289225855, 'd_model_multiplier': 4, 'module__num_layers': 3, 'module__n_heads': 8, 'module__dim_feedforward': 469, 'iterator_train__batch_size': 107}. Best is trial 382 with value: 0.5110916005289956.[0m
[FileBasedDataset] Initializing dataset...
	Examples: 28559
	Features: 621
	Max length: 120
[FileBasedDataset] Dataset initialization complete
  epoch    auprc    auroc    train_loss    valid_acc    valid_loss    cp      dur
-------  -------  -------  ------------  -----------  ------------  ----  -------
      1   [36m0.3748[0m   [32m0.7960[0m        [35m0.2488[0m       [31m0.9296[0m        [94m0.2167[0m     +  23.5835
      2   [36m0.3908[0m   [32m0.8156[0m        [35m0.2232[0m       [31m0.9314[0m        [94m0.2113[0m     +  23.7873
      3   [36m0.3911[0m   [32m0.8261[0m        [35m0.2197[0m       0.9296        [94m0.2105[0m     +  24.1098
      4   [36m0.3956[0m   [32m0.8271[0m        [35m0.2174[0m       0.9310        [94m0.2088[0m     +  24.2728
      5   [36m0.4079[0m   [32m0.8367[0m        [35m0.2153[0m       0.9303        [94m0.2056[0m     +  23.8930
      6   0.4015   [32m0.8410[0m        [35m0.2134[0m       [31m0.9321[0m        0.2059        23.9270
      7   0.3766   0.8312        [35m0.2133[0m       0.9282        0.2110        23.2235
Stopping since valid_loss has not improved in the last 3 epochs.
[32m[I 2022-12-12 04:13:32,324][0m Trial 484 finished with value: 0.407872236568212 and parameters: {'optimizer__lr': 0.001297472154342955, 'module__dropout': 0.05922978137163292, 'd_model_multiplier': 4, 'module__num_layers': 3, 'module__n_heads': 8, 'module__dim_feedforward': 463, 'iterator_train__batch_size': 111}. Best is trial 382 with value: 0.5110916005289956.[0m
[FileBasedDataset] Initializing dataset...
	Examples: 28559
	Features: 621
	Max length: 120
[FileBasedDataset] Dataset initialization complete
  epoch    auprc    auroc    train_loss    valid_acc    valid_loss    cp      dur
-------  -------  -------  ------------  -----------  ------------  ----  -------
      1   [36m0.3452[0m   [32m0.8154[0m        [35m0.2503[0m       [31m0.9237[0m        [94m0.2258[0m     +  23.1548
      2   [36m0.3497[0m   [32m0.8182[0m        [35m0.2286[0m       0.9226        0.2259        23.6872
      3   [36m0.3512[0m   [32m0.8223[0m        [35m0.2261[0m       0.9212        0.2283        23.6800
      4   [36m0.3580[0m   [32m0.8338[0m        [35m0.2239[0m       0.9237        [94m0.2213[0m     +  23.3625
      5   0.3561   [32m0.8364[0m        [35m0.2228[0m       0.9226        0.2219        23.3055
      6   [36m0.3650[0m   [32m0.8378[0m        [35m0.2199[0m       0.9219        0.2220        23.6731
      7   [36m0.3724[0m   [32m0.8458[0m        [35m0.2172[0m       0.9219        [94m0.2204[0m     +  22.8559
      8   0.3703   0.8410        0.2173       0.9233        [94m0.2196[0m     +  23.3917
      9   0.3715   [32m0.8491[0m        [35m0.2155[0m       0.9230        [94m0.2186[0m     +  23.3652
     10   0.3675   [32m0.8495[0m        [35m0.2138[0m       0.9223        [94m0.2181[0m     +  23.8470
     11   [36m0.3864[0m   0.8494        [35m0.2123[0m       0.9219        [94m0.2170[0m     +  23.4642
     12   0.3758   [32m0.8520[0m        0.2126       0.9209        0.2192        23.9985
     13   0.3778   0.8488        [35m0.2116[0m       0.9212        0.2194        23.9795
Stopping since valid_loss has not improved in the last 3 epochs.
