[32m[I 2022-12-12 01:21:49,521][0m Trial 435 finished with value: 0.2098161156197756 and parameters: {'optimizer__lr': 0.0009636893836919296, 'module__dropout': 0.017679017834924763, 'd_model_multiplier': 4, 'module__num_layers': 9, 'module__n_heads': 8, 'module__dim_feedforward': 288, 'iterator_train__batch_size': 73}. Best is trial 382 with value: 0.5110916005289956.[0m
[FileBasedDataset] Initializing dataset...
	Examples: 28559
	Features: 621
	Max length: 120
[FileBasedDataset] Dataset initialization complete
  epoch    auprc    auroc    train_loss    valid_acc    valid_loss    cp      dur
-------  -------  -------  ------------  -----------  ------------  ----  -------
      1   [36m0.3816[0m   [32m0.8241[0m        [35m0.2425[0m       [31m0.9254[0m        [94m0.2184[0m     +  22.7466
      2   0.3766   [32m0.8278[0m        [35m0.2252[0m       [31m0.9265[0m        [94m0.2149[0m     +  23.5736
      3   [36m0.3947[0m   [32m0.8312[0m        [35m0.2199[0m       [31m0.9282[0m        [94m0.2116[0m     +  23.3506
      4   [36m0.3980[0m   [32m0.8372[0m        [35m0.2166[0m       0.9272        0.2118        22.8214
      5   0.3912   0.8293        [35m0.2149[0m       0.9279        0.2144        23.5054
      6   [36m0.4033[0m   [32m0.8388[0m        [35m0.2146[0m       [31m0.9300[0m        [94m0.2064[0m     +  22.7826
      7   0.3924   [32m0.8412[0m        [35m0.2119[0m       0.9300        0.2080        23.5069
      8   0.3879   0.8359        [35m0.2103[0m       0.9293        0.2127        22.7723
Stopping since valid_loss has not improved in the last 3 epochs.
[32m[I 2022-12-12 01:25:18,273][0m Trial 436 finished with value: 0.4033188691594904 and parameters: {'optimizer__lr': 0.0030609419405011277, 'module__dropout': 0.12144026689980597, 'd_model_multiplier': 4, 'module__num_layers': 1, 'module__n_heads': 8, 'module__dim_feedforward': 364, 'iterator_train__batch_size': 63}. Best is trial 382 with value: 0.5110916005289956.[0m
[FileBasedDataset] Initializing dataset...
	Examples: 28559
	Features: 621
	Max length: 120
[FileBasedDataset] Dataset initialization complete
  epoch    auprc    auroc    train_loss    valid_acc    valid_loss    cp      dur
-------  -------  -------  ------------  -----------  ------------  ----  -------
      1   [36m0.3752[0m   [32m0.7906[0m        [35m0.2577[0m       [31m0.9258[0m        [94m0.2296[0m     +  22.9872
      2   [36m0.3961[0m   [32m0.8189[0m        [35m0.2237[0m       0.9251        [94m0.2212[0m     +  24.0712
      3   [36m0.4306[0m   [32m0.8266[0m        [35m0.2184[0m       [31m0.9296[0m        [94m0.2156[0m     +  23.5926
      4   0.4300   [32m0.8347[0m        [35m0.2145[0m       0.9279        [94m0.2147[0m     +  23.9215
      5   0.4297   [32m0.8361[0m        [35m0.2130[0m       0.9265        0.2155        23.9909
      6   0.4146   0.8343        [35m0.2107[0m       0.9286        [94m0.2144[0m     +  23.7872
      7   0.4302   [32m0.8439[0m        [35m0.2094[0m       0.9275        [94m0.2121[0m     +  24.2700
      8   0.4212   [32m0.8457[0m        [35m0.2077[0m       0.9254        [94m0.2100[0m     +  23.5821
      9   0.4113   0.8417        [35m0.2062[0m       0.9261        0.2116        24.2065
     10   0.3970   0.8410        [35m0.2038[0m       0.9254        0.2174        23.4867
Stopping since valid_loss has not improved in the last 3 epochs.
[32m[I 2022-12-12 01:29:40,780][0m Trial 437 finished with value: 0.43056586686081044 and parameters: {'optimizer__lr': 0.0003903447136924128, 'module__dropout': 0.0447047051045121, 'd_model_multiplier': 4, 'module__num_layers': 8, 'module__n_heads': 16, 'module__dim_feedforward': 261, 'iterator_train__batch_size': 104}. Best is trial 382 with value: 0.5110916005289956.[0m
[FileBasedDataset] Initializing dataset...
	Examples: 28559
	Features: 621
	Max length: 120
[FileBasedDataset] Dataset initialization complete
  epoch    auprc    auroc    train_loss    valid_acc    valid_loss    cp      dur
-------  -------  -------  ------------  -----------  ------------  ----  -------
      1   [36m0.2610[0m   [32m0.7626[0m        [35m0.2754[0m       [31m0.9188[0m        [94m0.2593[0m     +  23.3049
      2   [36m0.2812[0m   [32m0.7753[0m        [35m0.2434[0m       [31m0.9205[0m        0.2635        23.1476
      3   [36m0.2988[0m   [32m0.7846[0m        [35m0.2409[0m       0.9160        [94m0.2557[0m     +  23.3332
      4   [36m0.3062[0m   [32m0.7876[0m        [35m0.2378[0m       [31m0.9209[0m        0.2568        23.2326
      5   [36m0.3143[0m   [32m0.7970[0m        [35m0.2377[0m       [31m0.9233[0m        0.2558        22.8902
Stopping since valid_loss has not improved in the last 3 epochs.
[32m[I 2022-12-12 01:32:00,367][0m Trial 438 finished with value: 0.31427918923257353 and parameters: {'optimizer__lr': 0.00017986597802125423, 'module__dropout': 0.6664203617307728, 'd_model_multiplier': 4, 'module__num_layers': 1, 'module__n_heads': 64, 'module__dim_feedforward': 338, 'iterator_train__batch_size': 54}. Best is trial 382 with value: 0.5110916005289956.[0m
[FileBasedDataset] Initializing dataset...
	Examples: 28559
	Features: 621
	Max length: 120
[FileBasedDataset] Dataset initialization complete
  epoch    auprc    auroc    train_loss    valid_acc    valid_loss    cp      dur
-------  -------  -------  ------------  -----------  ------------  ----  -------
      1   [36m0.1956[0m   [32m0.7075[0m        [35m0.2735[0m       [31m0.9237[0m        [94m0.2454[0m     +  23.8080
      2   0.1946   [32m0.7080[0m        [35m0.2512[0m       0.9237        [94m0.2450[0m     +  24.1592
      3   [36m0.1965[0m   0.7062        [35m0.2508[0m       0.9237        0.2453        24.3302
      4   [36m0.2008[0m   [32m0.7183[0m        [35m0.2507[0m       0.9237        0.2453        23.8928
Stopping since valid_loss has not improved in the last 3 epochs.
[32m[I 2022-12-12 01:34:00,783][0m Trial 439 finished with value: 0.2007611117671414 and parameters: {'optimizer__lr': 0.0006291385096035025, 'module__dropout': 0.17550174715102357, 'd_model_multiplier': 4, 'module__num_layers': 14, 'module__n_heads': 8, 'module__dim_feedforward': 434, 'iterator_train__batch_size': 80}. Best is trial 382 with value: 0.5110916005289956.[0m
[FileBasedDataset] Initializing dataset...
	Examples: 28559
	Features: 621
	Max length: 120
[FileBasedDataset] Dataset initialization complete
  epoch    auprc    auroc    train_loss    valid_acc    valid_loss    cp      dur
-------  -------  -------  ------------  -----------  ------------  ----  -------
      1   [36m0.2824[0m   [32m0.7374[0m        [35m0.3069[0m       [31m0.9167[0m        [94m0.2486[0m     +  22.9983
      2   [36m0.3141[0m   [32m0.7835[0m        [35m0.2324[0m       [31m0.9177[0m        [94m0.2391[0m     +  23.5808
      3   [36m0.3295[0m   [32m0.7889[0m        [35m0.2299[0m       [31m0.9198[0m        [94m0.2356[0m     +  23.8653
      4   [36m0.3528[0m   [32m0.8112[0m        [35m0.2263[0m       [31m0.9202[0m        [94m0.2300[0m     +  23.3217
      5   [36m0.3574[0m   [32m0.8181[0m        [35m0.2231[0m       [31m0.9209[0m        [94m0.2276[0m     +  23.9101
      6   [36m0.3609[0m   [32m0.8195[0m        [35m0.2200[0m       [31m0.9212[0m        [94m0.2276[0m     +  23.4408
      7   [36m0.3680[0m   [32m0.8251[0m        [35m0.2190[0m       [31m0.9226[0m        [94m0.2258[0m     +  24.5004
      8   [36m0.3745[0m   [32m0.8256[0m        [35m0.2173[0m       [31m0.9233[0m        [94m0.2245[0m     +  23.7868
      9   [36m0.3767[0m   [32m0.8292[0m        [35m0.2148[0m       [31m0.9237[0m        [94m0.2235[0m     +  23.6220
     10   [36m0.3784[0m   0.8282        [35m0.2146[0m       0.9233        [94m0.2234[0m     +  23.4007
     11   [36m0.3830[0m   0.8285        [35m0.2130[0m       0.9237        0.2237        23.7498
     12   [36m0.3831[0m   [32m0.8355[0m        [35m0.2130[0m       0.9230        [94m0.2209[0m     +  24.2080
     13   [36m0.3877[0m   [32m0.8384[0m        [35m0.2121[0m       0.9226        0.2223        23.6938
     14   0.3859   0.8378        [35m0.2096[0m       0.9226        0.2235        23.9425
     15   [36m0.3909[0m   [32m0.8425[0m        [35m0.2088[0m       0.9230        [94m0.2208[0m     +  23.5614
[32m[I 2022-12-12 01:39:57,440][0m Trial 440 finished with value: 0.3909123708963241 and parameters: {'optimizer__lr': 0.00031448212958253404, 'module__dropout': 0.15173812379429147, 'd_model_multiplier': 4, 'module__num_layers': 9, 'module__n_heads': 8, 'module__dim_feedforward': 295, 'iterator_train__batch_size': 113}. Best is trial 382 with value: 0.5110916005289956.[0m
[FileBasedDataset] Initializing dataset...
	Examples: 28559
	Features: 621
	Max length: 120
[FileBasedDataset] Dataset initialization complete
  epoch    auprc    auroc    train_loss    valid_acc    valid_loss    cp      dur
-------  -------  -------  ------------  -----------  ------------  ----  -------
      1   [36m0.2596[0m   [32m0.7711[0m        [35m0.2530[0m       [31m0.9209[0m        [94m0.2374[0m     +  23.4821
      2   0.2465   0.7595        [35m0.2430[0m       0.9202        0.2393        23.4680
      3   [36m0.2617[0m   0.7636        [35m0.2408[0m       0.9191        0.2379        23.5529
Stopping since valid_loss has not improved in the last 3 epochs.
[32m[I 2022-12-12 01:41:32,181][0m Trial 441 finished with value: 0.26170569221047046 and parameters: {'optimizer__lr': 0.001661437046751765, 'module__dropout': 0.023756689261277587, 'd_model_multiplier': 4, 'module__num_layers': 8, 'module__n_heads': 8, 'module__dim_feedforward': 370, 'iterator_train__batch_size': 66}. Best is trial 382 with value: 0.5110916005289956.[0m
[FileBasedDataset] Initializing dataset...
	Examples: 28559
	Features: 621
	Max length: 120
[FileBasedDataset] Dataset initialization complete
  epoch    auprc    auroc    train_loss    valid_acc    valid_loss    cp      dur
-------  -------  -------  ------------  -----------  ------------  ----  -------
      1   [36m0.3563[0m   [32m0.8078[0m        [35m0.2407[0m       [31m0.9251[0m        [94m0.2235[0m     +  23.0252
      2   0.3556   [32m0.8140[0m        [35m0.2183[0m       0.9209        0.2246        23.4951
      3   [36m0.3627[0m   [32m0.8241[0m        [35m0.2103[0m       0.9209        0.2235        23.0180
      4   [36m0.3660[0m   [32m0.8280[0m        [35m0.2049[0m       0.9230        [94m0.2206[0m     +  23.4520
      5   [36m0.3779[0m   [32m0.8341[0m        [35m0.2003[0m       0.9244        [94m0.2162[0m     +  23.1913
      6   0.3740   0.8336        [35m0.1954[0m       0.9251        0.2208        23.1712
      7   0.3576   0.8334        [35m0.1900[0m       [31m0.9258[0m        0.2181        23.6912
Stopping since valid_loss has not improved in the last 3 epochs.
[32m[I 2022-12-12 01:44:39,262][0m Trial 442 finished with value: 0.3778902919907105 and parameters: {'optimizer__lr': 0.0005082201921407209, 'module__dropout': 0.03299365176257898, 'd_model_multiplier': 32, 'module__num_layers': 1, 'module__n_heads': 8, 'module__dim_feedforward': 211, 'iterator_train__batch_size': 120}. Best is trial 382 with value: 0.5110916005289956.[0m
[FileBasedDataset] Initializing dataset...
	Examples: 28559
	Features: 621
	Max length: 120
[FileBasedDataset] Dataset initialization complete
  epoch    auprc    auroc    train_loss    valid_acc    valid_loss    cp      dur
-------  -------  -------  ------------  -----------  ------------  ----  -------
      1   [36m0.1152[0m   [32m0.4322[0m        [35m0.4381[0m       [31m0.9181[0m        [94m0.3131[0m     +  23.9685
      2   [36m0.1876[0m   [32m0.5845[0m        [35m0.3073[0m       [31m0.9191[0m        [94m0.2743[0m     +  24.6371
      3   [36m0.2093[0m   [32m0.6440[0m        [35m0.2839[0m       0.9188        [94m0.2636[0m     +  24.5393
      4   [36m0.2277[0m   [32m0.6942[0m        [35m0.2765[0m       0.9188        [94m0.2595[0m     +  24.3157
      5   0.2276   [32m0.6962[0m        [35m0.2756[0m       [31m0.9195[0m        [94m0.2579[0m     +  24.6073
      6   [36m0.2322[0m   [32m0.7046[0m        [35m0.2735[0m       0.9188        [94m0.2569[0m     +  24.3542
      7   0.2318   [32m0.7063[0m        [35m0.2697[0m       0.9188        [94m0.2564[0m     +  24.7459
      8   0.2311   [32m0.7173[0m        [35m0.2692[0m       0.9188        [94m0.2558[0m     +  24.6392
      9   [36m0.2354[0m   [32m0.7260[0m        [35m0.2687[0m       0.9188        [94m0.2555[0m     +  24.3317
     10   0.2332   0.7159        0.2696       0.9188        0.2556        24.2826
     11   [36m0.2365[0m   [32m0.7275[0m        [35m0.2664[0m       0.9184        [94m0.2553[0m     +  24.1242
     12   [36m0.2368[0m   [32m0.7325[0m        [35m0.2662[0m       0.9195        0.2554        24.2822
     13   [36m0.2393[0m   [32m0.7343[0m        [35m0.2648[0m       0.9188        [94m0.2552[0m     +  24.1839
     14   0.2386   0.7339        [35m0.2637[0m       0.9188        0.2553        24.6725
     15   0.2369   0.7319        [35m0.2613[0m       0.9188        [94m0.2549[0m     +  24.0037
[32m[I 2022-12-12 01:50:46,225][0m Trial 443 finished with value: 0.239342278843098 and parameters: {'optimizer__lr': 0.00017658533904165005, 'module__dropout': 0.5921965497254387, 'd_model_multiplier': 1, 'module__num_layers': 10, 'module__n_heads': 8, 'module__dim_feedforward': 396, 'iterator_train__batch_size': 58}. Best is trial 382 with value: 0.5110916005289956.[0m
[FileBasedDataset] Initializing dataset...
	Examples: 28559
	Features: 621
	Max length: 120
[FileBasedDataset] Dataset initialization complete
  epoch    auprc    auroc    train_loss    valid_acc    valid_loss    cp      dur
-------  -------  -------  ------------  -----------  ------------  ----  -------
      1   [36m0.3133[0m   [32m0.8199[0m        [35m0.2400[0m       [31m0.9226[0m        [94m0.2269[0m     +  23.5018
      2   [36m0.3339[0m   [32m0.8291[0m        [35m0.2179[0m       0.9212        [94m0.2214[0m     +  24.1480
      3   0.3232   0.8280        [35m0.2108[0m       0.9174        0.2306        23.8391
      4   0.3259   [32m0.8310[0m        [35m0.2052[0m       0.9163        0.2328        23.9180
Stopping since valid_loss has not improved in the last 3 epochs.
[32m[I 2022-12-12 01:52:45,822][0m Trial 444 finished with value: 0.3338642915478714 and parameters: {'optimizer__lr': 0.0002915650284853481, 'module__dropout': 0.04789800032605426, 'd_model_multiplier': 8, 'module__num_layers': 2, 'module__n_heads': 32, 'module__dim_feedforward': 270, 'iterator_train__batch_size': 72}. Best is trial 382 with value: 0.5110916005289956.[0m
[FileBasedDataset] Initializing dataset...
	Examples: 28559
	Features: 621
	Max length: 120
[FileBasedDataset] Dataset initialization complete
  epoch    auprc    auroc    train_loss    valid_acc    valid_loss    cp      dur
-------  -------  -------  ------------  -----------  ------------  ----  -------
      1   [36m0.3526[0m   [32m0.8095[0m        [35m0.2545[0m       [31m0.9233[0m        [94m0.2250[0m     +  23.2460
      2   [36m0.3710[0m   [32m0.8240[0m        [35m0.2208[0m       [31m0.9247[0m        [94m0.2175[0m     +  23.0701
      3   [36m0.3791[0m   [32m0.8360[0m        [35m0.2162[0m       0.9240        [94m0.2154[0m     +  23.3957
      4   [36m0.4009[0m   0.8347        [35m0.2128[0m       0.9240        [94m0.2123[0m     +  23.6602
      5   [36m0.4180[0m   [32m0.8419[0m        [35m0.2097[0m       [31m0.9272[0m        [94m0.2085[0m     +  24.1686
      6   0.4104   [32m0.8485[0m        [35m0.2090[0m       0.9247        [94m0.2080[0m     +  23.2954
      7   [36m0.4235[0m   [32m0.8562[0m        [35m0.2062[0m       0.9247        [94m0.2055[0m     +  23.4492
      8   0.4093   0.8510        [35m0.2049[0m       0.9254        0.2089        23.3654
      9   0.3999   0.8556        [35m0.2033[0m       0.9258        0.2088        22.8987
Stopping since valid_loss has not improved in the last 3 epochs.
[32m[I 2022-12-12 01:56:40,296][0m Trial 445 finished with value: 0.4234866582042464 and parameters: {'optimizer__lr': 0.0008006989995256678, 'module__dropout': 0.010863583892513686, 'd_model_multiplier': 4, 'module__num_layers': 4, 'module__n_heads': 8, 'module__dim_feedforward': 280, 'iterator_train__batch_size': 86}. Best is trial 382 with value: 0.5110916005289956.[0m
[FileBasedDataset] Initializing dataset...
	Examples: 28559
	Features: 621
	Max length: 120
[FileBasedDataset] Dataset initialization complete
  epoch    auprc    auroc    train_loss    valid_acc    valid_loss    cp      dur
-------  -------  -------  ------------  -----------  ------------  ----  -------
      1   [36m0.2825[0m   [32m0.8039[0m        [35m0.2705[0m       [31m0.9282[0m        [94m0.2170[0m     +  23.3160
      2   0.2792   0.7937        [35m0.2327[0m       0.9272        0.2200        23.7401
      3   [36m0.2897[0m   0.7977        [35m0.2293[0m       [31m0.9289[0m        [94m0.2150[0m     +  23.7126
      4   [36m0.3055[0m   0.8035        [35m0.2292[0m       [31m0.9293[0m        [94m0.2130[0m     +  24.0219
      5   0.2496   0.7826        [35m0.2283[0m       0.9275        0.2265        23.9399
      6   0.1783   0.6896        0.2457       0.9272        0.2378        24.4047
Stopping since valid_loss has not improved in the last 3 epochs.
[32m[I 2022-12-12 01:59:28,189][0m Trial 446 finished with value: 0.3055226664495194 and parameters: {'optimizer__lr': 0.0004665939131333318, 'module__dropout': 0.19062275008238316, 'd_model_multiplier': 4, 'module__num_layers': 9, 'module__n_heads': 8, 'module__dim_feedforward': 420, 'iterator_train__batch_size': 64}. Best is trial 382 with value: 0.5110916005289956.[0m
[FileBasedDataset] Initializing dataset...
	Examples: 28559
	Features: 621
	Max length: 120
[FileBasedDataset] Dataset initialization complete
  epoch    auprc    auroc    train_loss    valid_acc    valid_loss    cp      dur
-------  -------  -------  ------------  -----------  ------------  ----  -------
      1   [36m0.4279[0m   [32m0.8363[0m        [35m0.2356[0m       [31m0.9244[0m        [94m0.2200[0m     +  22.5040
      2   [36m0.4327[0m   [32m0.8364[0m        [35m0.2200[0m       [31m0.9258[0m        [94m0.2178[0m     +  23.2615
      3   0.4321   0.8355        [35m0.2156[0m       0.9254        0.2184        23.4921
      4   0.4309   [32m0.8412[0m        [35m0.2121[0m       0.9240        0.2199        23.9224
Stopping since valid_loss has not improved in the last 3 epochs.
[32m[I 2022-12-12 02:01:24,876][0m Trial 447 finished with value: 0.4327480088843022 and parameters: {'optimizer__lr': 0.0001667802337019994, 'module__dropout': 0.16688802410646741, 'd_model_multiplier': 8, 'module__num_layers': 1, 'module__n_heads': 64, 'module__dim_feedforward': 288, 'iterator_train__batch_size': 52}. Best is trial 382 with value: 0.5110916005289956.[0m
[FileBasedDataset] Initializing dataset...
	Examples: 28559
	Features: 621
	Max length: 120
[FileBasedDataset] Dataset initialization complete
  epoch    auprc    auroc    train_loss    valid_acc    valid_loss    cp      dur
-------  -------  -------  ------------  -----------  ------------  ----  -------
      1   [36m0.4185[0m   [32m0.8306[0m        [35m0.2625[0m       [31m0.9181[0m        [94m0.2234[0m     +  23.2327
      2   [36m0.4323[0m   [32m0.8519[0m        [35m0.2205[0m       [31m0.9205[0m        [94m0.2168[0m     +  23.1514
      3   [36m0.4530[0m   [32m0.8526[0m        [35m0.2152[0m       [31m0.9230[0m        [94m0.2141[0m     +  23.6998
      4   0.4483   [32m0.8564[0m        [35m0.2115[0m       0.9223        [94m0.2139[0m     +  23.5360
      5   0.4507   0.8525        [35m0.2069[0m       [31m0.9233[0m        0.2145        23.2241
      6   0.4480   [32m0.8589[0m        [35m0.2039[0m       0.9233        [94m0.2134[0m     +  23.5532
      7   0.4471   [32m0.8589[0m        [35m0.2021[0m       [31m0.9240[0m        0.2144        24.0275
      8   0.4417   [32m0.8628[0m        [35m0.1999[0m       0.9230        [94m0.2118[0m     +  23.2801
      9   0.4413   0.8613        [35m0.1986[0m       [31m0.9244[0m        0.2135        24.2838
     10   0.4351   0.8596        [35m0.1961[0m       0.9237        0.2133        24.4756
Stopping since valid_loss has not improved in the last 3 epochs.
