[32m[I 2022-12-11 11:19:53,056][0m Trial 276 finished with value: 0.43977827089734184 and parameters: {'optimizer__lr': 2.6715583807343388e-05, 'module__dropout': 0.06365480541767372, 'd_model_multiplier': 64, 'module__num_layers': 6, 'module__n_heads': 4, 'module__dim_feedforward': 257, 'iterator_train__batch_size': 69}. Best is trial 231 with value: 0.4798892428044479.[0m
[FileBasedDataset] Initializing dataset...
	Examples: 28559
	Features: 621
	Max length: 120
[FileBasedDataset] Dataset initialization complete
  epoch    auprc    auroc    train_loss    valid_acc    valid_loss    cp      dur
-------  -------  -------  ------------  -----------  ------------  ----  -------
      1   [36m0.3243[0m   [32m0.7754[0m        [35m0.3013[0m       [31m0.9184[0m        [94m0.2398[0m     +  25.2180
      2   [36m0.3457[0m   [32m0.8011[0m        [35m0.2295[0m       [31m0.9188[0m        [94m0.2319[0m     +  24.1448
      3   [36m0.3485[0m   [32m0.8078[0m        [35m0.2238[0m       0.9181        [94m0.2302[0m     +  26.7700
      4   0.3388   [32m0.8133[0m        [35m0.2207[0m       [31m0.9205[0m        [94m0.2299[0m     +  26.0968
      5   0.3470   [32m0.8181[0m        [35m0.2183[0m       0.9202        [94m0.2293[0m     +  23.8347
      6   0.3394   [32m0.8205[0m        [35m0.2160[0m       0.9191        0.2302        23.2676
      7   0.3449   [32m0.8248[0m        [35m0.2134[0m       0.9198        [94m0.2285[0m     +  26.6334
      8   0.3484   [32m0.8281[0m        [35m0.2100[0m       0.9177        [94m0.2284[0m     +  26.3307
      9   0.3484   [32m0.8289[0m        [35m0.2077[0m       0.9174        [94m0.2271[0m     +  26.2210
     10   [36m0.3494[0m   [32m0.8319[0m        [35m0.2051[0m       0.9174        [94m0.2266[0m     +  25.9385
     11   [36m0.3551[0m   0.8317        [35m0.2037[0m       0.9170        [94m0.2255[0m     +  25.8261
     12   [36m0.3552[0m   [32m0.8364[0m        [35m0.2016[0m       0.9188        0.2262        23.0278
     13   0.3476   0.8348        [35m0.1996[0m       0.9170        0.2272        23.1625
     14   0.3495   [32m0.8366[0m        [35m0.1980[0m       0.9177        [94m0.2255[0m     +  23.8470
     15   [36m0.3609[0m   [32m0.8407[0m        [35m0.1962[0m       0.9170        [94m0.2244[0m     +  23.7420
[32m[I 2022-12-11 11:26:09,074][0m Trial 277 finished with value: 0.36090600879627205 and parameters: {'optimizer__lr': 2.4805668567212402e-05, 'module__dropout': 0.06073012240635915, 'd_model_multiplier': 64, 'module__num_layers': 6, 'module__n_heads': 4, 'module__dim_feedforward': 227, 'iterator_train__batch_size': 94}. Best is trial 231 with value: 0.4798892428044479.[0m
[FileBasedDataset] Initializing dataset...
	Examples: 28559
	Features: 621
	Max length: 120
[FileBasedDataset] Dataset initialization complete
  epoch    auprc    auroc    train_loss    valid_acc    valid_loss    cp      dur
-------  -------  -------  ------------  -----------  ------------  ----  -------
      1   [36m0.2846[0m   [32m0.7764[0m        [35m0.3245[0m       [31m0.9226[0m        [94m0.2286[0m     +  26.0367
      2   [36m0.3369[0m   [32m0.8020[0m        [35m0.2404[0m       [31m0.9254[0m        [94m0.2165[0m     +  25.1526
      3   [36m0.3473[0m   [32m0.8109[0m        [35m0.2340[0m       [31m0.9279[0m        [94m0.2147[0m     +  27.5003
      4   [36m0.3551[0m   [32m0.8136[0m        [35m0.2303[0m       0.9272        [94m0.2142[0m     +  26.5541
      5   [36m0.3574[0m   [32m0.8154[0m        [35m0.2289[0m       0.9279        [94m0.2139[0m     +  27.1962
      6   [36m0.3623[0m   [32m0.8174[0m        [35m0.2278[0m       [31m0.9282[0m        [94m0.2134[0m     +  26.8394
      7   [36m0.3633[0m   [32m0.8189[0m        [35m0.2260[0m       [31m0.9286[0m        0.2142        26.2862
      8   [36m0.3711[0m   [32m0.8201[0m        [35m0.2257[0m       [31m0.9293[0m        0.2136        27.7821
      9   [36m0.3740[0m   [32m0.8210[0m        [35m0.2250[0m       0.9293        [94m0.2130[0m     +  23.6911
     10   0.3738   [32m0.8214[0m        [35m0.2246[0m       [31m0.9296[0m        [94m0.2129[0m     +  25.2481
     11   [36m0.3792[0m   [32m0.8238[0m        [35m0.2230[0m       0.9289        0.2129        23.4731
     12   [36m0.3906[0m   [32m0.8263[0m        [35m0.2227[0m       [31m0.9317[0m        [94m0.2100[0m     +  23.5770
     13   0.3809   [32m0.8272[0m        0.2232       0.9296        0.2114        25.0498
     14   [36m0.3907[0m   [32m0.8298[0m        [35m0.2216[0m       0.9307        [94m0.2094[0m     +  25.6455
     15   [36m0.3913[0m   [32m0.8332[0m        [35m0.2212[0m       0.9310        [94m0.2086[0m     +  24.3031
[32m[I 2022-12-11 11:32:35,205][0m Trial 278 finished with value: 0.3913355001606779 and parameters: {'optimizer__lr': 1.8061982412077363e-05, 'module__dropout': 0.37178831681511576, 'd_model_multiplier': 64, 'module__num_layers': 6, 'module__n_heads': 4, 'module__dim_feedforward': 258, 'iterator_train__batch_size': 70}. Best is trial 231 with value: 0.4798892428044479.[0m
[FileBasedDataset] Initializing dataset...
	Examples: 28559
	Features: 621
	Max length: 120
[FileBasedDataset] Dataset initialization complete
  epoch    auprc    auroc    train_loss    valid_acc    valid_loss    cp      dur
-------  -------  -------  ------------  -----------  ------------  ----  -------
      1   [36m0.3304[0m   [32m0.8035[0m        [35m0.2640[0m       [31m0.9247[0m        [94m0.2184[0m     +  26.0701
      2   [36m0.3414[0m   [32m0.8173[0m        [35m0.2252[0m       [31m0.9254[0m        [94m0.2143[0m     +  26.4391
      3   [36m0.3475[0m   [32m0.8216[0m        [35m0.2203[0m       [31m0.9258[0m        [94m0.2135[0m     +  26.7990
      4   0.3472   [32m0.8238[0m        [35m0.2155[0m       [31m0.9272[0m        [94m0.2123[0m     +  26.2059
      5   [36m0.3652[0m   0.8235        [35m0.2117[0m       0.9272        [94m0.2112[0m     +  25.6263
      6   [36m0.3728[0m   0.8226        [35m0.2074[0m       0.9268        [94m0.2101[0m     +  26.7819
      7   0.3613   [32m0.8249[0m        [35m0.2036[0m       0.9261        0.2114        26.2302
      8   0.3725   [32m0.8283[0m        [35m0.1996[0m       0.9272        [94m0.2095[0m     +  26.9892
      9   0.3713   0.8282        [35m0.1975[0m       [31m0.9279[0m        0.2115        27.1914
     10   0.3690   0.8239        [35m0.1938[0m       0.9279        0.2125        23.8808
Stopping since valid_loss has not improved in the last 3 epochs.
[32m[I 2022-12-11 11:37:23,076][0m Trial 279 finished with value: 0.37275467478602786 and parameters: {'optimizer__lr': 4.349074316361893e-05, 'module__dropout': 0.06400401895298088, 'd_model_multiplier': 64, 'module__num_layers': 6, 'module__n_heads': 4, 'module__dim_feedforward': 247, 'iterator_train__batch_size': 80}. Best is trial 231 with value: 0.4798892428044479.[0m
[FileBasedDataset] Initializing dataset...
	Examples: 28559
	Features: 621
	Max length: 120
[FileBasedDataset] Dataset initialization complete
  epoch    auprc    auroc    train_loss    valid_acc    valid_loss    cp      dur
-------  -------  -------  ------------  -----------  ------------  ----  -------
      1   [36m0.3509[0m   [32m0.7881[0m        [35m0.2950[0m       [31m0.9149[0m        [94m0.2435[0m     +  22.9296
      2   [36m0.3583[0m   [32m0.8052[0m        [35m0.2290[0m       0.9149        [94m0.2381[0m     +  24.2502
      3   [36m0.3707[0m   [32m0.8127[0m        [35m0.2240[0m       [31m0.9160[0m        [94m0.2351[0m     +  25.4540
      4   [36m0.3711[0m   [32m0.8199[0m        [35m0.2211[0m       [31m0.9181[0m        [94m0.2337[0m     +  25.3632
      5   [36m0.3766[0m   [32m0.8263[0m        [35m0.2190[0m       0.9177        [94m0.2321[0m     +  25.7018
      6   [36m0.3931[0m   [32m0.8345[0m        [35m0.2169[0m       [31m0.9191[0m        [94m0.2283[0m     +  23.7006
      7   [36m0.3969[0m   [32m0.8364[0m        [35m0.2145[0m       [31m0.9205[0m        [94m0.2278[0m     +  26.4344
      8   [36m0.3976[0m   [32m0.8426[0m        [35m0.2124[0m       0.9202        [94m0.2268[0m     +  26.1979
      9   [36m0.4070[0m   [32m0.8464[0m        [35m0.2096[0m       [31m0.9216[0m        [94m0.2251[0m     +  26.1913
     10   [36m0.4111[0m   [32m0.8531[0m        [35m0.2076[0m       0.9205        [94m0.2228[0m     +  26.1114
     11   [36m0.4146[0m   [32m0.8555[0m        [35m0.2058[0m       0.9209        [94m0.2227[0m     +  26.7257
     12   [36m0.4176[0m   [32m0.8560[0m        [35m0.2029[0m       0.9202        0.2230        26.0219
     13   [36m0.4207[0m   [32m0.8573[0m        [35m0.2027[0m       0.9198        [94m0.2209[0m     +  23.7372
     14   [36m0.4268[0m   [32m0.8592[0m        [35m0.2017[0m       0.9205        [94m0.2189[0m     +  23.0954
     15   [36m0.4268[0m   [32m0.8597[0m        [35m0.1991[0m       0.9209        0.2194        26.2411
[32m[I 2022-12-11 11:43:43,245][0m Trial 280 finished with value: 0.42681153997070975 and parameters: {'optimizer__lr': 2.787116346563402e-05, 'module__dropout': 0.10830991248870013, 'd_model_multiplier': 64, 'module__num_layers': 6, 'module__n_heads': 4, 'module__dim_feedforward': 170, 'iterator_train__batch_size': 91}. Best is trial 231 with value: 0.4798892428044479.[0m
[FileBasedDataset] Initializing dataset...
	Examples: 28559
	Features: 621
	Max length: 120
[FileBasedDataset] Dataset initialization complete
  epoch    auprc    auroc    train_loss    valid_acc    valid_loss    cp      dur
-------  -------  -------  ------------  -----------  ------------  ----  -------
      1   [36m0.0592[0m   [32m0.3470[0m        [35m0.6406[0m       [31m0.9254[0m        [94m0.5619[0m     +  25.5572
      2   [36m0.0626[0m   [32m0.3607[0m        [35m0.5103[0m       [31m0.9261[0m        [94m0.4421[0m     +  27.4666
      3   [36m0.0657[0m   [32m0.3933[0m        [35m0.4166[0m       0.9261        [94m0.3674[0m     +  25.7264
      4   [36m0.0775[0m   [32m0.4558[0m        [35m0.3597[0m       0.9261        [94m0.3235[0m     +  24.8899
      5   [36m0.1120[0m   [32m0.5241[0m        [35m0.3255[0m       0.9261        [94m0.2968[0m     +  25.7401
      6   [36m0.1532[0m   [32m0.5855[0m        [35m0.3034[0m       0.9261        [94m0.2791[0m     +  27.4022
      7   [36m0.1933[0m   [32m0.6323[0m        [35m0.2885[0m       [31m0.9265[0m        [94m0.2666[0m     +  24.9741
      8   [36m0.2192[0m   [32m0.6595[0m        [35m0.2768[0m       0.9265        [94m0.2574[0m     +  27.2949
      9   [36m0.2366[0m   [32m0.6839[0m        [35m0.2686[0m       [31m0.9272[0m        [94m0.2506[0m     +  25.5836
     10   [36m0.2484[0m   [32m0.6998[0m        [35m0.2619[0m       [31m0.9279[0m        [94m0.2452[0m     +  26.1855
     11   [36m0.2567[0m   [32m0.7109[0m        [35m0.2566[0m       0.9275        [94m0.2411[0m     +  25.2671
     12   [36m0.2627[0m   [32m0.7217[0m        [35m0.2521[0m       0.9272        [94m0.2378[0m     +  25.3247
     13   [36m0.2684[0m   [32m0.7322[0m        [35m0.2486[0m       0.9268        [94m0.2351[0m     +  25.3125
     14   [36m0.2725[0m   [32m0.7403[0m        [35m0.2456[0m       0.9268        [94m0.2328[0m     +  25.8907
     15   [36m0.2754[0m   [32m0.7464[0m        [35m0.2432[0m       0.9268        [94m0.2310[0m     +  27.7230
[32m[I 2022-12-11 11:50:15,850][0m Trial 281 finished with value: 0.27542212464392213 and parameters: {'optimizer__lr': 8.836142552891485e-07, 'module__dropout': 0.08694261379177892, 'd_model_multiplier': 64, 'module__num_layers': 5, 'module__n_heads': 4, 'module__dim_feedforward': 253, 'iterator_train__batch_size': 65}. Best is trial 231 with value: 0.4798892428044479.[0m
[FileBasedDataset] Initializing dataset...
	Examples: 28559
	Features: 621
	Max length: 120
[FileBasedDataset] Dataset initialization complete
  epoch    auprc    auroc    train_loss    valid_acc    valid_loss    cp      dur
-------  -------  -------  ------------  -----------  ------------  ----  -------
      1   [36m0.2887[0m   [32m0.7626[0m        [35m0.2949[0m       [31m0.9146[0m        [94m0.2500[0m     +  25.3387
      2   [36m0.3277[0m   [32m0.7863[0m        [35m0.2257[0m       [31m0.9163[0m        [94m0.2421[0m     +  26.4033
      3   [36m0.3427[0m   [32m0.7994[0m        [35m0.2210[0m       [31m0.9170[0m        [94m0.2384[0m     +  26.1740
      4   [36m0.3567[0m   [32m0.8054[0m        [35m0.2176[0m       0.9167        [94m0.2354[0m     +  28.0374
      5   [36m0.3687[0m   [32m0.8135[0m        [35m0.2142[0m       0.9160        [94m0.2329[0m     +  27.2787
      6   [36m0.3834[0m   [32m0.8208[0m        [35m0.2113[0m       0.9160        [94m0.2302[0m     +  24.6568
      7   [36m0.3942[0m   [32m0.8259[0m        [35m0.2070[0m       0.9149        [94m0.2294[0m     +  27.0970
      8   [36m0.4005[0m   [32m0.8299[0m        [35m0.2043[0m       0.9153        [94m0.2270[0m     +  26.4643
      9   [36m0.4039[0m   [32m0.8310[0m        [35m0.2010[0m       0.9149        [94m0.2264[0m     +  26.5475
     10   [36m0.4070[0m   [32m0.8323[0m        [35m0.1969[0m       [31m0.9174[0m        0.2270        24.2320
     11   [36m0.4096[0m   [32m0.8339[0m        [35m0.1938[0m       [31m0.9195[0m        [94m0.2256[0m     +  25.6802
     12   0.4085   [32m0.8357[0m        [35m0.1906[0m       0.9177        [94m0.2245[0m     +  25.8518
     13   0.4033   0.8354        [35m0.1883[0m       0.9177        0.2264        26.4778
     14   0.3976   0.8345        [35m0.1853[0m       0.9174        0.2268        25.7929
Stopping since valid_loss has not improved in the last 3 epochs.
[32m[I 2022-12-11 11:56:49,699][0m Trial 282 finished with value: 0.4096468561812721 and parameters: {'optimizer__lr': 6.477582139330894e-05, 'module__dropout': 0.04370374718171084, 'd_model_multiplier': 64, 'module__num_layers': 6, 'module__n_heads': 4, 'module__dim_feedforward': 312, 'iterator_train__batch_size': 240}. Best is trial 231 with value: 0.4798892428044479.[0m
[FileBasedDataset] Initializing dataset...
	Examples: 28559
	Features: 621
	Max length: 120
[FileBasedDataset] Dataset initialization complete
  epoch    auprc    auroc    train_loss    valid_acc    valid_loss    cp      dur
-------  -------  -------  ------------  -----------  ------------  ----  -------
      1   [36m0.2846[0m   [32m0.7560[0m        [35m0.3335[0m       [31m0.9156[0m        [94m0.2499[0m     +  24.9681
      2   [36m0.3403[0m   [32m0.7897[0m        [35m0.2406[0m       [31m0.9191[0m        [94m0.2389[0m     +  25.5195
      3   [36m0.3640[0m   [32m0.8016[0m        [35m0.2344[0m       [31m0.9209[0m        [94m0.2338[0m     +  26.3431
      4   [36m0.3755[0m   [32m0.8076[0m        [35m0.2310[0m       [31m0.9212[0m        [94m0.2320[0m     +  23.5807
      5   [36m0.3827[0m   [32m0.8109[0m        [35m0.2302[0m       [31m0.9216[0m        [94m0.2306[0m     +  26.0729
      6   [36m0.3877[0m   [32m0.8134[0m        [35m0.2294[0m       0.9205        [94m0.2305[0m     +  25.8850
      7   [36m0.3933[0m   [32m0.8167[0m        [35m0.2287[0m       0.9212        [94m0.2301[0m     +  24.7680
      8   [36m0.3996[0m   [32m0.8196[0m        [35m0.2277[0m       0.9212        [94m0.2281[0m     +  25.9682
      9   [36m0.4050[0m   [32m0.8218[0m        [35m0.2265[0m       0.9209        [94m0.2269[0m     +  26.9991
     10   [36m0.4075[0m   [32m0.8226[0m        [35m0.2258[0m       0.9212        [94m0.2255[0m     +  25.0705
     11   [36m0.4118[0m   [32m0.8246[0m        [35m0.2251[0m       [31m0.9219[0m        0.2260        25.9142
     12   [36m0.4136[0m   [32m0.8253[0m        [35m0.2249[0m       0.9219        0.2256        24.8277
     13   [36m0.4187[0m   [32m0.8278[0m        [35m0.2244[0m       [31m0.9230[0m        [94m0.2248[0m     +  24.0798
     14   0.4150   [32m0.8299[0m        0.2247       0.9219        [94m0.2237[0m     +  23.2876
     15   [36m0.4199[0m   [32m0.8318[0m        [35m0.2233[0m       0.9223        0.2245        26.0330
[32m[I 2022-12-11 12:03:10,863][0m Trial 283 finished with value: 0.4198875896999805 and parameters: {'optimizer__lr': 2.4284573034540517e-05, 'module__dropout': 0.49985524912387086, 'd_model_multiplier': 64, 'module__num_layers': 5, 'module__n_heads': 4, 'module__dim_feedforward': 233, 'iterator_train__batch_size': 71}. Best is trial 231 with value: 0.4798892428044479.[0m
[FileBasedDataset] Initializing dataset...
	Examples: 28559
	Features: 621
	Max length: 120
[FileBasedDataset] Dataset initialization complete
  epoch    auprc    auroc    train_loss    valid_acc    valid_loss    cp      dur
-------  -------  -------  ------------  -----------  ------------  ----  -------
      1   [36m0.3126[0m   [32m0.8072[0m        [35m0.2488[0m       [31m0.9146[0m        [94m0.2406[0m     +  27.8085
      2   [36m0.3394[0m   [32m0.8258[0m        [35m0.2226[0m       [31m0.9156[0m        [94m0.2337[0m     +  27.3806
      3   [36m0.3692[0m   [32m0.8344[0m        [35m0.2173[0m       [31m0.9160[0m        [94m0.2298[0m     +  26.4990
      4   [36m0.3784[0m   [32m0.8415[0m        [35m0.2128[0m       [31m0.9163[0m        [94m0.2267[0m     +  26.3022
      5   [36m0.3824[0m   [32m0.8466[0m        [35m0.2086[0m       [31m0.9181[0m        [94m0.2244[0m     +  26.5757
      6   [36m0.3967[0m   [32m0.8493[0m        [35m0.2050[0m       0.9170        [94m0.2220[0m     +  25.2848
      7   0.3795   0.8449        [35m0.2016[0m       [31m0.9184[0m        0.2238        25.1918
      8   0.3806   0.8451        [35m0.1972[0m       0.9181        0.2235        25.7926
Stopping since valid_loss has not improved in the last 3 epochs.
[32m[I 2022-12-11 12:07:08,152][0m Trial 284 finished with value: 0.39672032124571543 and parameters: {'optimizer__lr': 8.187809174488331e-05, 'module__dropout': 0.07536021241213206, 'd_model_multiplier': 64, 'module__num_layers': 6, 'module__n_heads': 4, 'module__dim_feedforward': 264, 'iterator_train__batch_size': 81}. Best is trial 231 with value: 0.4798892428044479.[0m
[FileBasedDataset] Initializing dataset...
	Examples: 28559
	Features: 621
	Max length: 120
[FileBasedDataset] Dataset initialization complete
  epoch    auprc    auroc    train_loss    valid_acc    valid_loss    cp      dur
-------  -------  -------  ------------  -----------  ------------  ----  -------
      1   [36m0.3538[0m   [32m0.7652[0m        [35m0.3110[0m       [31m0.9342[0m        [94m0.2152[0m     +  25.2090
      2   [36m0.3692[0m   [32m0.7852[0m        [35m0.2369[0m       [31m0.9345[0m        [94m0.2120[0m     +  27.1801
      3   [36m0.3715[0m   [32m0.7924[0m        [35m0.2321[0m       0.9331        [94m0.2117[0m     +  26.3416
      4   0.3631   [32m0.7970[0m        [35m0.2295[0m       0.9331        0.2122        25.2246
      5   0.3644   [32m0.8007[0m        [35m0.2284[0m       0.9328        0.2125        27.1152
      6   0.3685   [32m0.8025[0m        [35m0.2270[0m       0.9331        [94m0.2113[0m     +  25.5032
      7   0.3663   [32m0.8062[0m        [35m0.2256[0m       0.9335        0.2116        25.0339
      8   0.3674   [32m0.8080[0m        [35m0.2241[0m       0.9328        0.2115        24.8654
      9   0.3700   [32m0.8100[0m        0.2243       0.9324        [94m0.2104[0m     +  26.2137
     10   0.3678   [32m0.8103[0m        [35m0.2229[0m       0.9328        [94m0.2098[0m     +  26.3562
     11   0.3660   [32m0.8127[0m        [35m0.2217[0m       0.9328        0.2102        25.0259
     12   [36m0.3756[0m   [32m0.8175[0m        [35m0.2208[0m       0.9324        [94m0.2082[0m     +  26.3400
     13   0.3663   [32m0.8185[0m        [35m0.2200[0m       0.9314        0.2090        23.7457
     14   0.3648   [32m0.8217[0m        [35m0.2187[0m       0.9314        [94m0.2075[0m     +  26.1461
     15   [36m0.3768[0m   [32m0.8250[0m        [35m0.2186[0m       0.9328        [94m0.2068[0m     +  27.1482
