## SLURM PROLOG ###############################################################
##    Job ID : 7233582
##  Job Name : tuneTst.sh
##  Nodelist : gpu2102
##      CPUs : 1
##  Mem/Node : 32768 MB
## Directory : /gpfs/home/isears1/Repos/tabnet-sepsis
##   Job Started : Wed Dec 28 11:08:11 EST 2022
###############################################################################
module: loading 'cuda/11.3.1'
module: cuda: To use: module load gcc/10.2
module: loading 'cudnn/8.2.0'
module: cudnn: To use: module load cuda/11.1.1 gcc/10.2
Wed Dec 28 11:08:11 2022       
+-----------------------------------------------------------------------------+
| NVIDIA-SMI 515.65.01    Driver Version: 515.65.01    CUDA Version: 11.7     |
|-------------------------------+----------------------+----------------------+
| GPU  Name        Persistence-M| Bus-Id        Disp.A | Volatile Uncorr. ECC |
| Fan  Temp  Perf  Pwr:Usage/Cap|         Memory-Usage | GPU-Util  Compute M. |
|                               |                      |               MIG M. |
|===============================+======================+======================|
|   0  NVIDIA GeForce ...  On   | 00000000:01:00.0 Off |                  N/A |
| 30%   29C    P8    27W / 350W |      7MiB / 24576MiB |      0%      Default |
|                               |                      |                  N/A |
+-------------------------------+----------------------+----------------------+
                                                                               
+-----------------------------------------------------------------------------+
| Processes:                                                                  |
|  GPU   GI   CI        PID   Type   Process name                  GPU Memory |
|        ID   ID                                                   Usage      |
|=============================================================================|
|    0   N/A  N/A     16280      G   X                                   5MiB |
+-----------------------------------------------------------------------------+
Python 3.10.4
[32m[I 2022-12-28 11:08:16,022][0m A new study created in memory with name: no-name-d955de3f-9e58-4782-8ffd-04e7bf990476[0m
[FileBasedDataset] Initializing dataset...
	Examples: 11988
	Features: 621
	Max length: 574
[FileBasedDataset] Dataset initialization complete
Warning, assumed runtime error: CUDA out of memory. Tried to allocate 3.10 GiB (GPU 0; 23.70 GiB total capacity; 19.54 GiB already allocated; 2.89 GiB free; 19.85 GiB reserved in total by PyTorch) If reserved memory is >> allocated memory try setting max_split_size_mb to avoid fragmentation.  See documentation for Memory Management and PYTORCH_CUDA_ALLOC_CONF
[32m[I 2022-12-28 11:08:23,672][0m Trial 0 finished with value: 0.0 and parameters: {'optimizer__lr': 2.1302228372420122e-06, 'module__dropout': 0.32417236051303666, 'd_model_multiplier': 16, 'module__num_layers': 5, 'module__n_heads': 32, 'module__dim_feedforward': 389, 'iterator_train__batch_size': 79}. Best is trial 0 with value: 0.0.[0m
[FileBasedDataset] Initializing dataset...
	Examples: 11988
	Features: 621
	Max length: 574
[FileBasedDataset] Dataset initialization complete
Warning, assumed runtime error: CUDA out of memory. Tried to allocate 3.38 GiB (GPU 0; 23.70 GiB total capacity; 19.04 GiB already allocated; 2.24 GiB free; 20.50 GiB reserved in total by PyTorch) If reserved memory is >> allocated memory try setting max_split_size_mb to avoid fragmentation.  See documentation for Memory Management and PYTORCH_CUDA_ALLOC_CONF
[32m[I 2022-12-28 11:08:26,212][0m Trial 1 finished with value: 0.0 and parameters: {'optimizer__lr': 8.743656873846795e-05, 'module__dropout': 0.6158052352858884, 'd_model_multiplier': 1, 'module__num_layers': 15, 'module__n_heads': 64, 'module__dim_feedforward': 491, 'iterator_train__batch_size': 43}. Best is trial 0 with value: 0.0.[0m
[FileBasedDataset] Initializing dataset...
	Examples: 11988
	Features: 621
	Max length: 574
[FileBasedDataset] Dataset initialization complete
Warning, assumed runtime error: CUDA out of memory. Tried to allocate 690.00 MiB (GPU 0; 23.70 GiB total capacity; 21.75 GiB already allocated; 193.31 MiB free; 22.54 GiB reserved in total by PyTorch) If reserved memory is >> allocated memory try setting max_split_size_mb to avoid fragmentation.  See documentation for Memory Management and PYTORCH_CUDA_ALLOC_CONF
[32m[I 2022-12-28 11:08:33,166][0m Trial 2 finished with value: 0.0 and parameters: {'optimizer__lr': 0.011717196142712969, 'module__dropout': 0.6730469342493075, 'd_model_multiplier': 2, 'module__num_layers': 13, 'module__n_heads': 4, 'module__dim_feedforward': 504, 'iterator_train__batch_size': 137}. Best is trial 0 with value: 0.0.[0m
[FileBasedDataset] Initializing dataset...
	Examples: 11988
	Features: 621
	Max length: 574
[FileBasedDataset] Dataset initialization complete
Warning, assumed runtime error: CUDA out of memory. Tried to allocate 4.89 GiB (GPU 0; 23.70 GiB total capacity; 15.32 GiB already allocated; 3.70 GiB free; 19.03 GiB reserved in total by PyTorch) If reserved memory is >> allocated memory try setting max_split_size_mb to avoid fragmentation.  See documentation for Memory Management and PYTORCH_CUDA_ALLOC_CONF
[32m[I 2022-12-28 11:08:44,779][0m Trial 3 finished with value: 0.0 and parameters: {'optimizer__lr': 1.5327356228520773e-05, 'module__dropout': 0.14560347288343672, 'd_model_multiplier': 64, 'module__num_layers': 1, 'module__n_heads': 16, 'module__dim_feedforward': 260, 'iterator_train__batch_size': 249}. Best is trial 0 with value: 0.0.[0m
[FileBasedDataset] Initializing dataset...
	Examples: 11988
	Features: 621
	Max length: 574
[FileBasedDataset] Dataset initialization complete
  epoch    auprc    auroc    train_loss    valid_acc    valid_loss    cp      dur
-------  -------  -------  ------------  -----------  ------------  ----  -------
      1   [36m0.2282[0m   [32m0.6304[0m        [35m0.7190[0m       [31m0.4262[0m        [94m0.7083[0m     +  69.8763
      2   0.2278   0.6281        [35m0.7169[0m       [31m0.4412[0m        [94m0.7065[0m     +  70.2132
      3   0.2262   0.6259        [35m0.7168[0m       [31m0.4537[0m        [94m0.7048[0m     +  70.0789
      4   0.2249   0.6234        [35m0.7131[0m       [31m0.4629[0m        [94m0.7030[0m     +  70.3069
      5   0.2238   0.6212        [35m0.7104[0m       [31m0.4762[0m        [94m0.7013[0m     +  70.2338
      6   0.2222   0.6188        [35m0.7103[0m       [31m0.4921[0m        [94m0.6997[0m     +  70.1181
      7   0.2204   0.6160        0.7106       [31m0.5088[0m        [94m0.6979[0m     +  70.2095
      8   0.2205   0.6131        [35m0.7067[0m       [31m0.5188[0m        [94m0.6961[0m     +  69.9674
      9   0.2197   0.6105        [35m0.7055[0m       [31m0.5338[0m        [94m0.6945[0m     +  70.0132
     10   0.2184   0.6076        0.7073       [31m0.5463[0m        [94m0.6928[0m     +  70.1297
     11   0.2166   0.6044        [35m0.7021[0m       [31m0.5680[0m        [94m0.6911[0m     +  70.0158
     12   0.2154   0.6014        [35m0.7015[0m       [31m0.5822[0m        [94m0.6895[0m     +  70.0733
     13   0.2135   0.5980        [35m0.6997[0m       [31m0.6013[0m        [94m0.6879[0m     +  70.1408
     14   0.2139   0.5943        [35m0.6986[0m       [31m0.6172[0m        [94m0.6862[0m     +  70.2094
     15   0.2121   0.5909        [35m0.6983[0m       [31m0.6272[0m        [94m0.6846[0m     +  70.1697
[32m[I 2022-12-28 11:26:18,141][0m Trial 4 finished with value: 0.228233961089489 and parameters: {'optimizer__lr': 2.9001625177075126e-08, 'module__dropout': 0.6827073177975183, 'd_model_multiplier': 2, 'module__num_layers': 8, 'module__n_heads': 16, 'module__dim_feedforward': 492, 'iterator_train__batch_size': 27}. Best is trial 4 with value: 0.228233961089489.[0m
[FileBasedDataset] Initializing dataset...
	Examples: 11988
	Features: 621
	Max length: 574
[FileBasedDataset] Dataset initialization complete
Warning, assumed runtime error: CUDA out of memory. Tried to allocate 1.42 GiB (GPU 0; 23.70 GiB total capacity; 21.38 GiB already allocated; 861.31 MiB free; 21.88 GiB reserved in total by PyTorch) If reserved memory is >> allocated memory try setting max_split_size_mb to avoid fragmentation.  See documentation for Memory Management and PYTORCH_CUDA_ALLOC_CONF
[32m[I 2022-12-28 11:26:24,692][0m Trial 5 finished with value: 0.0 and parameters: {'optimizer__lr': 0.00035945517787727016, 'module__dropout': 0.6855811710584743, 'd_model_multiplier': 32, 'module__num_layers': 11, 'module__n_heads': 8, 'module__dim_feedforward': 332, 'iterator_train__batch_size': 145}. Best is trial 4 with value: 0.228233961089489.[0m
[FileBasedDataset] Initializing dataset...
	Examples: 11988
	Features: 621
	Max length: 574
[FileBasedDataset] Dataset initialization complete
  epoch    auprc    auroc    train_loss    valid_acc    valid_loss    cp      dur
-------  -------  -------  ------------  -----------  ------------  ----  -------
      1   [36m0.2010[0m   [32m0.6625[0m        [35m0.4299[0m       [31m0.8849[0m        [94m0.3558[0m     +  53.2111
      2   0.1985   0.6555        [35m0.3040[0m       0.8832        0.3622        52.9925
      3   [36m0.2043[0m   0.6590        [35m0.3035[0m       [31m0.8866[0m        [94m0.3511[0m     +  53.1610
      4   [36m0.2055[0m   0.6517        [35m0.2999[0m       0.8857        [94m0.3469[0m     +  53.3307
      5   0.2042   0.6490        0.3017       0.8816        0.3548        53.3515
      6   0.2043   0.6487        0.3007       0.8832        0.3511        53.0104
      7   0.1997   0.6414        0.3002       0.8849        [94m0.3463[0m     +  53.3171
      8   0.2029   0.6421        [35m0.2992[0m       [31m0.8891[0m        [94m0.3396[0m     +  53.2284
      9   0.2000   0.6381        [35m0.2974[0m       0.8832        0.3403        53.4052
     10   [36m0.2150[0m   0.6538        0.2992       0.8857        0.3399        53.3459
     11   0.2094   0.6545        0.2989       0.8874        [94m0.3381[0m     +  53.1897
     12   0.2092   0.6474        0.2998       0.8816        0.3452        53.2054
     13   0.2075   0.6443        0.2988       0.8874        0.3400        53.3949
Stopping since valid_loss has not improved in the last 3 epochs.
[32m[I 2022-12-28 11:38:50,505][0m Trial 6 finished with value: 0.2150296803999363 and parameters: {'optimizer__lr': 0.00802116075478396, 'module__dropout': 0.16941765913695928, 'd_model_multiplier': 2, 'module__num_layers': 6, 'module__n_heads': 16, 'module__dim_feedforward': 495, 'iterator_train__batch_size': 44}. Best is trial 4 with value: 0.228233961089489.[0m
[FileBasedDataset] Initializing dataset...
	Examples: 11988
	Features: 621
	Max length: 574
[FileBasedDataset] Dataset initialization complete
Warning, assumed runtime error: CUDA out of memory. Tried to allocate 1.06 GiB (GPU 0; 23.70 GiB total capacity; 20.96 GiB already allocated; 867.31 MiB free; 21.87 GiB reserved in total by PyTorch) If reserved memory is >> allocated memory try setting max_split_size_mb to avoid fragmentation.  See documentation for Memory Management and PYTORCH_CUDA_ALLOC_CONF
[32m[I 2022-12-28 11:38:59,777][0m Trial 7 finished with value: 0.0 and parameters: {'optimizer__lr': 1.0107294456087942e-06, 'module__dropout': 0.44924106415519166, 'd_model_multiplier': 8, 'module__num_layers': 10, 'module__n_heads': 4, 'module__dim_feedforward': 227, 'iterator_train__batch_size': 216}. Best is trial 4 with value: 0.228233961089489.[0m
[FileBasedDataset] Initializing dataset...
	Examples: 11988
	Features: 621
	Max length: 574
[FileBasedDataset] Dataset initialization complete
Warning, assumed runtime error: CUDA out of memory. Tried to allocate 6.68 GiB (GPU 0; 23.70 GiB total capacity; 11.53 GiB already allocated; 4.64 GiB free; 18.08 GiB reserved in total by PyTorch) If reserved memory is >> allocated memory try setting max_split_size_mb to avoid fragmentation.  See documentation for Memory Management and PYTORCH_CUDA_ALLOC_CONF
[32m[I 2022-12-28 11:39:07,317][0m Trial 8 finished with value: 0.0 and parameters: {'optimizer__lr': 0.0039975720820093034, 'module__dropout': 0.23475859133038746, 'd_model_multiplier': 64, 'module__num_layers': 7, 'module__n_heads': 32, 'module__dim_feedforward': 273, 'iterator_train__batch_size': 170}. Best is trial 4 with value: 0.228233961089489.[0m
[FileBasedDataset] Initializing dataset...
	Examples: 11988
	Features: 621
	Max length: 574
[FileBasedDataset] Dataset initialization complete
  epoch    auprc    auroc    train_loss    valid_acc    valid_loss    cp      dur
-------  -------  -------  ------------  -----------  ------------  ----  -------
      1   [36m0.0792[0m   [32m0.4055[0m        [35m0.7045[0m       [31m0.4395[0m        [94m0.6996[0m     +  17.3789
      2   0.0786   0.4019        [35m0.7021[0m       [31m0.4520[0m        [94m0.6982[0m     +  17.7127
      3   0.0781   0.3984        [35m0.7004[0m       [31m0.4646[0m        [94m0.6967[0m     +  17.9610
      4   0.0777   0.3958        [35m0.6986[0m       [31m0.4779[0m        [94m0.6953[0m     +  17.8096
      5   0.0772   0.3918        [35m0.6982[0m       [31m0.4887[0m        [94m0.6938[0m     +  17.7039
      6   0.0768   0.3888        [35m0.6967[0m       [31m0.4979[0m        [94m0.6923[0m     +  17.7826
      7   0.0765   0.3859        [35m0.6941[0m       [31m0.5063[0m        [94m0.6908[0m     +  17.6958
      8   0.0763   0.3832        [35m0.6923[0m       [31m0.5138[0m        [94m0.6892[0m     +  17.7529
      9   0.0758   0.3802        0.6933       [31m0.5238[0m        [94m0.6877[0m     +  17.4167
     10   0.0755   0.3771        [35m0.6916[0m       [31m0.5413[0m        [94m0.6861[0m     +  17.5385
     11   0.0752   0.3750        [35m0.6883[0m       [31m0.5471[0m        [94m0.6845[0m     +  17.7355
     12   0.0750   0.3727        [35m0.6878[0m       [31m0.5513[0m        [94m0.6829[0m     +  17.3794
     13   0.0747   0.3699        [35m0.6866[0m       [31m0.5613[0m        [94m0.6815[0m     +  17.7492
     14   0.0745   0.3690        [35m0.6827[0m       [31m0.5671[0m        [94m0.6799[0m     +  17.7002
     15   0.0741   0.3664        [35m0.6821[0m       [31m0.5796[0m        [94m0.6784[0m     +  17.6953
[32m[I 2022-12-28 11:43:33,393][0m Trial 9 finished with value: 0.07924589494924118 and parameters: {'optimizer__lr': 1.77106560957812e-07, 'module__dropout': 0.6087705313502945, 'd_model_multiplier': 1, 'module__num_layers': 4, 'module__n_heads': 4, 'module__dim_feedforward': 290, 'iterator_train__batch_size': 24}. Best is trial 4 with value: 0.228233961089489.[0m
[FileBasedDataset] Initializing dataset...
	Examples: 11988
	Features: 621
	Max length: 574
[FileBasedDataset] Dataset initialization complete
Warning, assumed runtime error: CUDA out of memory. Tried to allocate 1.71 GiB (GPU 0; 23.70 GiB total capacity; 16.32 GiB already allocated; 953.31 MiB free; 21.78 GiB reserved in total by PyTorch) If reserved memory is >> allocated memory try setting max_split_size_mb to avoid fragmentation.  See documentation for Memory Management and PYTORCH_CUDA_ALLOC_CONF
[32m[I 2022-12-28 11:43:37,150][0m Trial 10 finished with value: 0.0 and parameters: {'optimizer__lr': 3.9809761276367805e-10, 'module__dropout': 0.4803089167193126, 'd_model_multiplier': 4, 'module__num_layers': 9, 'module__n_heads': 16, 'module__dim_feedforward': 138, 'iterator_train__batch_size': 87}. Best is trial 4 with value: 0.228233961089489.[0m
[FileBasedDataset] Initializing dataset...
	Examples: 11988
	Features: 621
	Max length: 574
[FileBasedDataset] Dataset initialization complete
  epoch    auprc    auroc    train_loss    valid_acc    valid_loss    cp      dur
-------  -------  -------  ------------  -----------  ------------  ----  -------
      1   [36m0.1122[0m   [32m0.5194[0m        [35m0.7286[0m       [31m0.3044[0m        [94m0.7232[0m     +  55.1941
      2   0.1112   0.5157        [35m0.7266[0m       [31m0.3111[0m        [94m0.7216[0m     +  54.9420
      3   0.1107   0.5127        [35m0.7252[0m       [31m0.3194[0m        [94m0.7201[0m     +  54.9477
      4   0.1098   0.5098        [35m0.7228[0m       [31m0.3236[0m        [94m0.7185[0m     +  55.1432
      5   0.1092   0.5066        [35m0.7212[0m       [31m0.3328[0m        [94m0.7170[0m     +  55.2225
      6   0.1085   0.5037        [35m0.7200[0m       [31m0.3386[0m        [94m0.7155[0m     +  54.9568
      7   0.1075   0.5003        [35m0.7189[0m       [31m0.3470[0m        [94m0.7139[0m     +  55.0812
      8   0.1068   0.4975        [35m0.7165[0m       [31m0.3595[0m        [94m0.7124[0m     +  55.0128
      9   0.1059   0.4945        [35m0.7152[0m       [31m0.3686[0m        [94m0.7109[0m     +  55.1116
     10   0.1052   0.4917        [35m0.7138[0m       [31m0.3728[0m        [94m0.7094[0m     +  54.8004
     11   0.1050   0.4887        [35m0.7120[0m       [31m0.3820[0m        [94m0.7079[0m     +  54.9861
     12   0.1040   0.4856        [35m0.7104[0m       [31m0.3903[0m        [94m0.7064[0m     +  54.9279
     13   0.1032   0.4832        [35m0.7091[0m       [31m0.3962[0m        [94m0.7050[0m     +  54.8698
     14   0.1024   0.4808        [35m0.7073[0m       [31m0.4053[0m        [94m0.7035[0m     +  54.9255
     15   0.1019   0.4785        [35m0.7056[0m       [31m0.4170[0m        [94m0.7021[0m     +  54.8522
[32m[I 2022-12-28 11:57:24,012][0m Trial 11 finished with value: 0.11221302012537372 and parameters: {'optimizer__lr': 6.227489980771754e-09, 'module__dropout': 0.04274047854374374, 'd_model_multiplier': 2, 'module__num_layers': 6, 'module__n_heads': 16, 'module__dim_feedforward': 426, 'iterator_train__batch_size': 12}. Best is trial 4 with value: 0.228233961089489.[0m
[FileBasedDataset] Initializing dataset...
	Examples: 11988
	Features: 621
	Max length: 574
[FileBasedDataset] Dataset initialization complete
  epoch    auprc    auroc    train_loss    valid_acc    valid_loss    cp      dur
-------  -------  -------  ------------  -----------  ------------  ----  -------
      1   [36m0.0882[0m   [32m0.4329[0m        [35m0.7135[0m       [31m0.3528[0m        [94m0.7126[0m     +  29.0899
      2   0.0876   0.4299        [35m0.7134[0m       [31m0.3578[0m        [94m0.7115[0m     +  29.3182
      3   0.0866   0.4277        [35m0.7113[0m       [31m0.3653[0m        [94m0.7105[0m     +  29.5296
      4   0.0859   0.4254        [35m0.7098[0m       [31m0.3728[0m        [94m0.7095[0m     +  29.3917
      5   0.0849   0.4231        [35m0.7094[0m       [31m0.3795[0m        [94m0.7085[0m     +  29.2248
      6   0.0840   0.4207        [35m0.7093[0m       [31m0.3845[0m        [94m0.7075[0m     +  29.3239
      7   0.0832   0.4182        [35m0.7079[0m       [31m0.3920[0m        [94m0.7065[0m     +  29.2642
      8   0.0823   0.4154        [35m0.7070[0m       [31m0.3937[0m        [94m0.7055[0m     +  29.5731
      9   0.0817   0.4128        [35m0.7046[0m       [31m0.3987[0m        [94m0.7045[0m     +  29.3476
     10   0.0808   0.4100        0.7049       [31m0.4087[0m        [94m0.7034[0m     +  29.2089
     11   0.0798   0.4076        [35m0.7027[0m       [31m0.4162[0m        [94m0.7024[0m     +  29.5793
     12   0.0792   0.4050        [35m0.7025[0m       [31m0.4229[0m        [94m0.7014[0m     +  29.3459
     13   0.0785   0.4028        [35m0.7016[0m       [31m0.4379[0m        [94m0.7004[0m     +  29.4095
     14   0.0776   0.4003        [35m0.7003[0m       [31m0.4487[0m        [94m0.6994[0m     +  29.5223
     15   0.0769   0.3981        0.7006       [31m0.4587[0m        [94m0.6985[0m     +  29.4963
[32m[I 2022-12-28 12:04:45,379][0m Trial 12 finished with value: 0.08819377494593944 and parameters: {'optimizer__lr': 2.4666836147769605e-08, 'module__dropout': 0.17378383378130233, 'd_model_multiplier': 2, 'module__num_layers': 3, 'module__n_heads': 16, 'module__dim_feedforward': 425, 'iterator_train__batch_size': 65}. Best is trial 4 with value: 0.228233961089489.[0m
[FileBasedDataset] Initializing dataset...
	Examples: 11988
	Features: 621
	Max length: 574
[FileBasedDataset] Dataset initialization complete
Warning, assumed runtime error: CUDA out of memory. Tried to allocate 2.04 GiB (GPU 0; 23.70 GiB total capacity; 19.97 GiB already allocated; 1.35 GiB free; 21.36 GiB reserved in total by PyTorch) If reserved memory is >> allocated memory try setting max_split_size_mb to avoid fragmentation.  See documentation for Memory Management and PYTORCH_CUDA_ALLOC_CONF
[32m[I 2022-12-28 12:04:49,975][0m Trial 13 finished with value: 0.0 and parameters: {'optimizer__lr': 0.033110805911696996, 'module__dropout': 0.3343970995870783, 'd_model_multiplier': 2, 'module__num_layers': 8, 'module__n_heads': 16, 'module__dim_feedforward': 511, 'iterator_train__batch_size': 104}. Best is trial 4 with value: 0.228233961089489.[0m
[FileBasedDataset] Initializing dataset...
	Examples: 11988
	Features: 621
	Max length: 574
[FileBasedDataset] Dataset initialization complete
Warning, assumed runtime error: CUDA out of memory. Tried to allocate 3.69 GiB (GPU 0; 23.70 GiB total capacity; 20.93 GiB already allocated; 697.31 MiB free; 22.03 GiB reserved in total by PyTorch) If reserved memory is >> allocated memory try setting max_split_size_mb to avoid fragmentation.  See documentation for Memory Management and PYTORCH_CUDA_ALLOC_CONF
