[32m[I 2022-12-10 14:20:50,427][0m Trial 58 finished with value: 0.11239667247934107 and parameters: {'optimizer__lr': 5.020927926662221e-05, 'module__dropout': 0.25378802467764794, 'd_model_multiplier': 1, 'module__num_layers': 6, 'module__n_heads': 4, 'module__dim_feedforward': 390, 'iterator_train__batch_size': 158}. Best is trial 42 with value: 0.4455682389151037.[0m
[FileBasedDataset] Initializing dataset...
	Examples: 28559
	Features: 621
	Max length: 120
[FileBasedDataset] Dataset initialization complete
  epoch    auprc    auroc    train_loss    valid_acc    valid_loss    cp      dur
-------  -------  -------  ------------  -----------  ------------  ----  -------
      1   [36m0.3650[0m   [32m0.8021[0m        [35m0.2479[0m       [31m0.9314[0m        [94m0.2183[0m     +  23.7567
      2   [36m0.3871[0m   [32m0.8196[0m        [35m0.2297[0m       0.9293        [94m0.2104[0m     +  25.2532
      3   [36m0.4002[0m   [32m0.8228[0m        [35m0.2255[0m       0.9286        [94m0.2088[0m     +  24.2759
      4   0.3792   0.8196        0.2255       0.9300        0.2130        24.8695
      5   0.3960   0.8201        [35m0.2234[0m       0.9300        0.2100        25.1720
      6   [36m0.4087[0m   [32m0.8280[0m        0.2240       0.9307        [94m0.2059[0m     +  24.5139
      7   0.3940   0.8196        [35m0.2231[0m       [31m0.9317[0m        0.2080        24.5213
      8   0.3950   [32m0.8285[0m        [35m0.2217[0m       0.9286        0.2093        24.7761
Stopping since valid_loss has not improved in the last 3 epochs.
[32m[I 2022-12-10 14:24:33,592][0m Trial 59 finished with value: 0.40867811599495296 and parameters: {'optimizer__lr': 0.00015504441103298016, 'module__dropout': 0.39334064839584465, 'd_model_multiplier': 32, 'module__num_layers': 5, 'module__n_heads': 16, 'module__dim_feedforward': 482, 'iterator_train__batch_size': 127}. Best is trial 42 with value: 0.4455682389151037.[0m
[FileBasedDataset] Initializing dataset...
	Examples: 28559
	Features: 621
	Max length: 120
[FileBasedDataset] Dataset initialization complete
  epoch    auprc    auroc    train_loss    valid_acc    valid_loss    cp      dur
-------  -------  -------  ------------  -----------  ------------  ----  -------
      1   [36m0.2679[0m   [32m0.7522[0m        [35m0.2636[0m       [31m0.9212[0m        [94m0.2605[0m     +  24.5400
      2   0.2224   0.7312        [35m0.2597[0m       [31m0.9230[0m        0.2761        25.1763
      3   0.2059   0.7295        [35m0.2548[0m       0.9230        0.2801        25.0327
Stopping since valid_loss has not improved in the last 3 epochs.
[32m[I 2022-12-10 14:26:13,353][0m Trial 60 finished with value: 0.2678594216057804 and parameters: {'optimizer__lr': 0.0007271331796048555, 'module__dropout': 0.67727577011765, 'd_model_multiplier': 8, 'module__num_layers': 7, 'module__n_heads': 32, 'module__dim_feedforward': 327, 'iterator_train__batch_size': 110}. Best is trial 42 with value: 0.4455682389151037.[0m
[FileBasedDataset] Initializing dataset...
	Examples: 28559
	Features: 621
	Max length: 120
[FileBasedDataset] Dataset initialization complete
  epoch    auprc    auroc    train_loss    valid_acc    valid_loss    cp      dur
-------  -------  -------  ------------  -----------  ------------  ----  -------
      1   [36m0.1247[0m   [32m0.4963[0m        [35m0.4103[0m       [31m0.9209[0m        [94m0.2986[0m     +  23.1103
      2   [36m0.2646[0m   [32m0.7086[0m        [35m0.2788[0m       [31m0.9216[0m        [94m0.2533[0m     +  23.0296
      3   [36m0.2989[0m   [32m0.7462[0m        [35m0.2479[0m       [31m0.9244[0m        [94m0.2385[0m     +  22.9270
      4   [36m0.3258[0m   [32m0.7754[0m        [35m0.2385[0m       0.9237        [94m0.2312[0m     +  22.9060
      5   [36m0.3358[0m   [32m0.7871[0m        [35m0.2325[0m       [31m0.9247[0m        [94m0.2275[0m     +  23.5959
      6   [36m0.3457[0m   [32m0.7936[0m        [35m0.2312[0m       [31m0.9258[0m        [94m0.2250[0m     +  23.2950
      7   [36m0.3500[0m   [32m0.8016[0m        [35m0.2288[0m       0.9254        [94m0.2238[0m     +  23.2334
      8   [36m0.3560[0m   [32m0.8111[0m        [35m0.2274[0m       [31m0.9261[0m        [94m0.2213[0m     +  24.0661
      9   [36m0.3701[0m   [32m0.8160[0m        [35m0.2262[0m       [31m0.9268[0m        [94m0.2188[0m     +  24.1423
     10   [36m0.3751[0m   [32m0.8192[0m        [35m0.2249[0m       [31m0.9275[0m        [94m0.2175[0m     +  23.3051
     11   [36m0.3782[0m   [32m0.8215[0m        [35m0.2247[0m       [31m0.9279[0m        [94m0.2170[0m     +  23.9574
     12   [36m0.3829[0m   [32m0.8242[0m        [35m0.2235[0m       [31m0.9282[0m        [94m0.2159[0m     +  23.3815
     13   0.3742   [32m0.8245[0m        [35m0.2219[0m       0.9282        0.2160        23.2603
     14   0.3750   [32m0.8250[0m        [35m0.2211[0m       0.9279        0.2161        23.6399
     15   0.3807   [32m0.8283[0m        [35m0.2191[0m       0.9282        [94m0.2145[0m     +  22.8186
[32m[I 2022-12-10 14:32:04,577][0m Trial 61 finished with value: 0.3828512501675733 and parameters: {'optimizer__lr': 0.00027448176652530355, 'module__dropout': 0.21581653741893883, 'd_model_multiplier': 4, 'module__num_layers': 2, 'module__n_heads': 4, 'module__dim_feedforward': 354, 'iterator_train__batch_size': 189}. Best is trial 42 with value: 0.4455682389151037.[0m
[FileBasedDataset] Initializing dataset...
	Examples: 28559
	Features: 621
	Max length: 120
[FileBasedDataset] Dataset initialization complete
  epoch    auprc    auroc    train_loss    valid_acc    valid_loss    cp      dur
-------  -------  -------  ------------  -----------  ------------  ----  -------
      1   [36m0.0961[0m   [32m0.3953[0m        [35m0.4671[0m       [31m0.9191[0m        [94m0.3563[0m     +  23.3858
      2   [36m0.1557[0m   [32m0.5481[0m        [35m0.3292[0m       0.9184        [94m0.2951[0m     +  23.9210
      3   [36m0.2048[0m   [32m0.6391[0m        [35m0.2887[0m       0.9188        [94m0.2719[0m     +  24.2028
      4   [36m0.2309[0m   [32m0.6955[0m        [35m0.2708[0m       0.9184        [94m0.2589[0m     +  24.4434
      5   [36m0.3308[0m   [32m0.7591[0m        [35m0.2564[0m       [31m0.9216[0m        [94m0.2396[0m     +  24.4694
      6   [36m0.3402[0m   [32m0.7738[0m        [35m0.2450[0m       [31m0.9226[0m        [94m0.2334[0m     +  23.8312
      7   [36m0.3435[0m   [32m0.7840[0m        [35m0.2406[0m       [31m0.9237[0m        [94m0.2305[0m     +  23.6514
      8   [36m0.3498[0m   [32m0.7930[0m        [35m0.2377[0m       0.9237        [94m0.2280[0m     +  24.2805
      9   [36m0.3563[0m   [32m0.7991[0m        [35m0.2357[0m       [31m0.9240[0m        [94m0.2266[0m     +  24.3332
     10   [36m0.3620[0m   [32m0.8040[0m        [35m0.2338[0m       0.9237        [94m0.2252[0m     +  24.4248
     11   0.3591   [32m0.8110[0m        [35m0.2318[0m       0.9226        [94m0.2243[0m     +  24.2959
     12   0.3606   [32m0.8167[0m        [35m0.2309[0m       0.9233        [94m0.2233[0m     +  24.1061
     13   [36m0.3646[0m   [32m0.8192[0m        [35m0.2305[0m       0.9240        [94m0.2223[0m     +  24.0556
     14   0.3645   [32m0.8219[0m        [35m0.2285[0m       0.9240        [94m0.2221[0m     +  23.5467
     15   [36m0.3651[0m   [32m0.8231[0m        [35m0.2283[0m       [31m0.9244[0m        [94m0.2214[0m     +  23.5523
[32m[I 2022-12-10 14:38:06,251][0m Trial 62 finished with value: 0.36510335289825147 and parameters: {'optimizer__lr': 5.2522480744234944e-05, 'module__dropout': 0.3047639362212632, 'd_model_multiplier': 4, 'module__num_layers': 8, 'module__n_heads': 8, 'module__dim_feedforward': 364, 'iterator_train__batch_size': 136}. Best is trial 42 with value: 0.4455682389151037.[0m
[FileBasedDataset] Initializing dataset...
	Examples: 28559
	Features: 621
	Max length: 120
[FileBasedDataset] Dataset initialization complete
  epoch    auprc    auroc    train_loss    valid_acc    valid_loss    cp      dur
-------  -------  -------  ------------  -----------  ------------  ----  -------
      1   [36m0.2937[0m   [32m0.7817[0m        [35m0.2705[0m       [31m0.9212[0m        [94m0.2352[0m     +  23.2599
      2   [36m0.3076[0m   [32m0.7898[0m        [35m0.2278[0m       [31m0.9219[0m        [94m0.2348[0m     +  23.8264
      3   [36m0.3327[0m   [32m0.8028[0m        [35m0.2229[0m       [31m0.9244[0m        [94m0.2283[0m     +  24.3648
      4   [36m0.3527[0m   [32m0.8058[0m        [35m0.2201[0m       [31m0.9247[0m        [94m0.2263[0m     +  24.1863
      5   [36m0.3617[0m   [32m0.8096[0m        [35m0.2182[0m       [31m0.9258[0m        [94m0.2242[0m     +  23.8894
      6   [36m0.3645[0m   [32m0.8139[0m        [35m0.2150[0m       [31m0.9261[0m        [94m0.2226[0m     +  23.9896
      7   0.3606   [32m0.8198[0m        [35m0.2142[0m       [31m0.9265[0m        [94m0.2221[0m     +  24.0419
      8   0.3614   [32m0.8211[0m        [35m0.2130[0m       0.9265        0.2260        23.8524
      9   [36m0.3712[0m   [32m0.8217[0m        [35m0.2109[0m       [31m0.9275[0m        0.2223        24.7497
     10   [36m0.3784[0m   [32m0.8283[0m        [35m0.2095[0m       0.9272        [94m0.2201[0m     +  24.4987
     11   0.3773   [32m0.8316[0m        [35m0.2086[0m       0.9272        0.2202        23.3231
     12   0.3653   0.8253        [35m0.2073[0m       0.9247        0.2218        24.3196
Stopping since valid_loss has not improved in the last 3 epochs.
[32m[I 2022-12-10 14:43:19,675][0m Trial 63 finished with value: 0.37838015099685435 and parameters: {'optimizer__lr': 0.00010702086414909844, 'module__dropout': 0.33282766174704026, 'd_model_multiplier': 64, 'module__num_layers': 4, 'module__n_heads': 4, 'module__dim_feedforward': 339, 'iterator_train__batch_size': 150}. Best is trial 42 with value: 0.4455682389151037.[0m
[FileBasedDataset] Initializing dataset...
	Examples: 28559
	Features: 621
	Max length: 120
[FileBasedDataset] Dataset initialization complete
  epoch    auprc    auroc    train_loss    valid_acc    valid_loss    cp      dur
-------  -------  -------  ------------  -----------  ------------  ----  -------
      1   [36m0.3635[0m   [32m0.7842[0m        [35m0.2606[0m       [31m0.9125[0m        [94m0.2543[0m     +  23.6738
      2   [36m0.3908[0m   [32m0.8070[0m        [35m0.2242[0m       [31m0.9128[0m        [94m0.2445[0m     +  23.4603
      3   [36m0.3993[0m   [32m0.8079[0m        [35m0.2187[0m       [31m0.9142[0m        0.2465        23.7225
      4   [36m0.4013[0m   [32m0.8172[0m        [35m0.2185[0m       0.9132        [94m0.2412[0m     +  23.5441
      5   [36m0.4022[0m   [32m0.8189[0m        [35m0.2169[0m       [31m0.9153[0m        [94m0.2408[0m     +  23.2255
      6   0.4015   [32m0.8204[0m        [35m0.2148[0m       0.9146        0.2434        23.2766
      7   [36m0.4052[0m   [32m0.8218[0m        [35m0.2123[0m       [31m0.9167[0m        [94m0.2394[0m     +  24.2576
      8   [36m0.4072[0m   [32m0.8275[0m        0.2127       0.9142        [94m0.2386[0m     +  23.1194
      9   0.4062   0.8270        [35m0.2109[0m       0.9142        0.2405        23.5583
     10   [36m0.4123[0m   [32m0.8306[0m        [35m0.2108[0m       0.9160        [94m0.2354[0m     +  24.2755
     11   [36m0.4215[0m   [32m0.8324[0m        [35m0.2090[0m       [31m0.9177[0m        [94m0.2354[0m     +  23.5092
     12   [36m0.4269[0m   [32m0.8337[0m        [35m0.2066[0m       [31m0.9188[0m        [94m0.2347[0m     +  24.2394
     13   0.4117   0.8296        0.2068       0.9160        0.2382        23.8051
     14   [36m0.4289[0m   [32m0.8351[0m        [35m0.2056[0m       [31m0.9205[0m        [94m0.2326[0m     +  24.2683
     15   0.4163   0.8299        0.2057       0.9181        0.2359        23.9432
[32m[I 2022-12-10 14:49:15,997][0m Trial 64 finished with value: 0.42885530435786384 and parameters: {'optimizer__lr': 0.002530620873682186, 'module__dropout': 0.1369090045497294, 'd_model_multiplier': 4, 'module__num_layers': 1, 'module__n_heads': 4, 'module__dim_feedforward': 436, 'iterator_train__batch_size': 165}. Best is trial 42 with value: 0.4455682389151037.[0m
[FileBasedDataset] Initializing dataset...
	Examples: 28559
	Features: 621
	Max length: 120
[FileBasedDataset] Dataset initialization complete
  epoch    auprc    auroc    train_loss    valid_acc    valid_loss    cp      dur
-------  -------  -------  ------------  -----------  ------------  ----  -------
      1   [36m0.3677[0m   [32m0.8256[0m        [35m0.2495[0m       [31m0.9289[0m        [94m0.2072[0m     +  22.4612
      2   [36m0.3704[0m   [32m0.8388[0m        [35m0.2258[0m       [31m0.9293[0m        [94m0.2013[0m     +  23.6590
      3   [36m0.3712[0m   0.8381        [35m0.2248[0m       [31m0.9314[0m        0.2038        23.4956
      4   [36m0.3867[0m   [32m0.8418[0m        [35m0.2226[0m       [31m0.9335[0m        [94m0.2011[0m     +  22.8399
      5   0.3783   0.8396        [35m0.2194[0m       0.9328        0.2015        23.2625
      6   0.3403   0.8335        0.2209       0.9286        0.2067        22.7572
Stopping since valid_loss has not improved in the last 3 epochs.
[32m[I 2022-12-10 14:51:57,600][0m Trial 65 finished with value: 0.3866985838254952 and parameters: {'optimizer__lr': 0.0070896367728230485, 'module__dropout': 0.09116741856313851, 'd_model_multiplier': 16, 'module__num_layers': 1, 'module__n_heads': 4, 'module__dim_feedforward': 422, 'iterator_train__batch_size': 208}. Best is trial 42 with value: 0.4455682389151037.[0m
[FileBasedDataset] Initializing dataset...
	Examples: 28559
	Features: 621
	Max length: 120
[FileBasedDataset] Dataset initialization complete
  epoch    auprc    auroc    train_loss    valid_acc    valid_loss    cp      dur
-------  -------  -------  ------------  -----------  ------------  ----  -------
      1   [36m0.3479[0m   [32m0.8242[0m        [35m0.2648[0m       [31m0.9254[0m        [94m0.2159[0m     +  23.8599
      2   [36m0.3592[0m   [32m0.8299[0m        [35m0.2250[0m       [31m0.9282[0m        [94m0.2128[0m     +  24.9905
      3   [36m0.3741[0m   [32m0.8408[0m        [35m0.2209[0m       [31m0.9296[0m        [94m0.2075[0m     +  24.5440
      4   0.3656   0.8401        [35m0.2174[0m       0.9275        0.2091        23.2833
      5   [36m0.3889[0m   [32m0.8448[0m        [35m0.2144[0m       [31m0.9317[0m        [94m0.2044[0m     +  24.0137
      6   0.3650   0.8413        [35m0.2129[0m       0.9279        0.2074        23.4618
      7   0.3711   0.8425        [35m0.2115[0m       0.9282        0.2084        23.5190
Stopping since valid_loss has not improved in the last 3 epochs.
[32m[I 2022-12-10 14:55:09,169][0m Trial 66 finished with value: 0.3889364506938501 and parameters: {'optimizer__lr': 0.002267665145067607, 'module__dropout': 0.061499657833631344, 'd_model_multiplier': 4, 'module__num_layers': 1, 'module__n_heads': 4, 'module__dim_feedforward': 439, 'iterator_train__batch_size': 164}. Best is trial 42 with value: 0.4455682389151037.[0m
[FileBasedDataset] Initializing dataset...
	Examples: 28559
	Features: 621
	Max length: 120
[FileBasedDataset] Dataset initialization complete
  epoch    auprc    auroc    train_loss    valid_acc    valid_loss    cp      dur
-------  -------  -------  ------------  -----------  ------------  ----  -------
      1   [36m0.1820[0m   [32m0.7244[0m        [35m0.3233[0m       [31m0.9251[0m        [94m0.2423[0m     +  22.7956
      2   [36m0.1876[0m   [32m0.7285[0m        [35m0.2558[0m       [31m0.9258[0m        [94m0.2373[0m     +  23.4834
      3   [36m0.1912[0m   [32m0.7307[0m        [35m0.2526[0m       0.9258        0.2406        23.7254
      4   [36m0.1918[0m   0.7285        [35m0.2522[0m       [31m0.9265[0m        0.2402        23.8985
Stopping since valid_loss has not improved in the last 3 epochs.
[32m[I 2022-12-10 14:57:06,464][0m Trial 67 finished with value: 0.19179394859712545 and parameters: {'optimizer__lr': 0.025108782894093996, 'module__dropout': 0.0385316147322592, 'd_model_multiplier': 32, 'module__num_layers': 3, 'module__n_heads': 4, 'module__dim_feedforward': 464, 'iterator_train__batch_size': 176}. Best is trial 42 with value: 0.4455682389151037.[0m
[FileBasedDataset] Initializing dataset...
	Examples: 28559
	Features: 621
	Max length: 120
[FileBasedDataset] Dataset initialization complete
  epoch    auprc    auroc    train_loss    valid_acc    valid_loss    cp      dur
-------  -------  -------  ------------  -----------  ------------  ----  -------
      1   [36m0.3198[0m   [32m0.7734[0m        [35m0.3077[0m       [31m0.9223[0m        [94m0.2315[0m     +  23.3811
      2   [36m0.3255[0m   [32m0.7876[0m        [35m0.2398[0m       [31m0.9251[0m        [94m0.2273[0m     +  24.0318
      3   [36m0.3310[0m   0.7870        [35m0.2341[0m       [31m0.9258[0m        0.2274        23.9101
      4   0.3295   [32m0.7933[0m        [35m0.2307[0m       [31m0.9268[0m        0.2276        23.5596
Stopping since valid_loss has not improved in the last 3 epochs.
[32m[I 2022-12-10 14:59:05,308][0m Trial 68 finished with value: 0.3310220624168482 and parameters: {'optimizer__lr': 0.004984036544762946, 'module__dropout': 0.13754285173751704, 'd_model_multiplier': 1, 'module__num_layers': 2, 'module__n_heads': 4, 'module__dim_feedforward': 390, 'iterator_train__batch_size': 198}. Best is trial 42 with value: 0.4455682389151037.[0m
[FileBasedDataset] Initializing dataset...
	Examples: 28559
	Features: 621
	Max length: 120
[FileBasedDataset] Dataset initialization complete
  epoch    auprc    auroc    train_loss    valid_acc    valid_loss    cp      dur
-------  -------  -------  ------------  -----------  ------------  ----  -------
      1   [36m0.0907[0m   [32m0.4733[0m        [35m0.6755[0m       [31m0.7111[0m        [94m0.6801[0m     +  22.2731
      2   0.0907   0.4733        0.6759       [31m0.7115[0m        [94m0.6801[0m     +  22.2277
      3   0.0907   0.4733        [35m0.6747[0m       [31m0.7118[0m        [94m0.6801[0m     +  22.2642
Stopping since valid_loss has not improved in the last 3 epochs.
[32m[I 2022-12-10 15:00:35,362][0m Trial 69 finished with value: 0.09074773945363923 and parameters: {'optimizer__lr': 4.203158349603937e-09, 'module__dropout': 0.514164249800042, 'd_model_multiplier': 4, 'module__num_layers': 4, 'module__n_heads': 4, 'module__dim_feedforward': 496, 'iterator_train__batch_size': 182}. Best is trial 42 with value: 0.4455682389151037.[0m
[FileBasedDataset] Initializing dataset...
	Examples: 28559
	Features: 621
	Max length: 120
[FileBasedDataset] Dataset initialization complete
  epoch    auprc    auroc    train_loss    valid_acc    valid_loss    cp      dur
-------  -------  -------  ------------  -----------  ------------  ----  -------
      1   [36m0.2899[0m   [32m0.7857[0m        [35m0.2427[0m       [31m0.9275[0m        [94m0.2232[0m     +  23.8491
      2   [36m0.3164[0m   [32m0.7967[0m        [35m0.2259[0m       [31m0.9303[0m        [94m0.2145[0m     +  23.7564
      3   0.3084   [32m0.8018[0m        [35m0.2211[0m       0.9300        [94m0.2123[0m     +  23.9890
      4   0.3047   [32m0.8024[0m        [35m0.2183[0m       0.9247        0.2163        23.3257
      5   0.2721   0.8014        [35m0.2154[0m       0.9153        0.2320        24.6322
Stopping since valid_loss has not improved in the last 3 epochs.
[32m[I 2022-12-10 15:02:59,556][0m Trial 70 finished with value: 0.3163785697967278 and parameters: {'optimizer__lr': 0.0010314512146614794, 'module__dropout': 0.09322669600678032, 'd_model_multiplier': 8, 'module__num_layers': 1, 'module__n_heads': 32, 'module__dim_feedforward': 460, 'iterator_train__batch_size': 144}. Best is trial 42 with value: 0.4455682389151037.[0m
[FileBasedDataset] Initializing dataset...
	Examples: 28559
	Features: 621
	Max length: 120
[FileBasedDataset] Dataset initialization complete
  epoch    auprc    auroc    train_loss    valid_acc    valid_loss    cp      dur
-------  -------  -------  ------------  -----------  ------------  ----  -------
      1   [36m0.3173[0m   [32m0.7984[0m        [35m0.2662[0m       [31m0.9237[0m        [94m0.2236[0m     +  24.7993
      2   0.2903   0.7815        [35m0.2302[0m       [31m0.9251[0m        0.2286        25.4778
      3   [36m0.3227[0m   0.7984        [35m0.2282[0m       [31m0.9254[0m        0.2271        25.3763
Stopping since valid_loss has not improved in the last 3 epochs.
