[32m[I 2022-12-10 18:25:31,981][0m Trial 114 finished with value: 0.4502715663620293 and parameters: {'optimizer__lr': 0.0003840192445198049, 'module__dropout': 0.16471531871781564, 'd_model_multiplier': 4, 'module__num_layers': 6, 'module__n_heads': 4, 'module__dim_feedforward': 424, 'iterator_train__batch_size': 185}. Best is trial 114 with value: 0.4502715663620293.[0m
[FileBasedDataset] Initializing dataset...
	Examples: 28559
	Features: 621
	Max length: 120
[FileBasedDataset] Dataset initialization complete
  epoch    auprc    auroc    train_loss    valid_acc    valid_loss    cp      dur
-------  -------  -------  ------------  -----------  ------------  ----  -------
      1   [36m0.1404[0m   [32m0.5557[0m        [35m0.4162[0m       [31m0.9163[0m        [94m0.3039[0m     +  23.1699
      2   [36m0.3054[0m   [32m0.7250[0m        [35m0.2708[0m       [31m0.9195[0m        [94m0.2515[0m     +  22.9910
      3   [36m0.3191[0m   [32m0.7345[0m        [35m0.2413[0m       [31m0.9219[0m        [94m0.2426[0m     +  23.1692
      4   [36m0.3304[0m   [32m0.7487[0m        [35m0.2327[0m       [31m0.9223[0m        [94m0.2387[0m     +  22.9346
      5   [36m0.3306[0m   [32m0.7511[0m        [35m0.2292[0m       [31m0.9230[0m        [94m0.2376[0m     +  23.3123
      6   [36m0.3308[0m   [32m0.7552[0m        [35m0.2259[0m       0.9209        [94m0.2372[0m     +  23.3735
      7   0.3243   [32m0.7631[0m        [35m0.2234[0m       0.9212        0.2374        23.7835
      8   [36m0.3327[0m   [32m0.7805[0m        [35m0.2215[0m       0.9226        [94m0.2350[0m     +  23.0336
      9   0.3318   [32m0.7857[0m        [35m0.2197[0m       0.9226        [94m0.2349[0m     +  23.4986
     10   [36m0.3349[0m   [32m0.7917[0m        [35m0.2172[0m       [31m0.9244[0m        [94m0.2343[0m     +  23.0591
     11   [36m0.3395[0m   [32m0.8070[0m        [35m0.2159[0m       0.9240        [94m0.2319[0m     +  23.5056
     12   [36m0.3504[0m   [32m0.8209[0m        [35m0.2156[0m       0.9230        [94m0.2275[0m     +  23.1529
     13   [36m0.3625[0m   0.8199        [35m0.2135[0m       0.9230        [94m0.2263[0m     +  23.3535
     14   0.3576   [32m0.8215[0m        [35m0.2113[0m       0.9233        [94m0.2260[0m     +  23.1996
     15   [36m0.3666[0m   0.8178        [35m0.2101[0m       0.9223        0.2278        22.7190
[32m[I 2022-12-10 18:31:21,054][0m Trial 115 finished with value: 0.3666196328284006 and parameters: {'optimizer__lr': 0.00035628597529607553, 'module__dropout': 0.07554163992723285, 'd_model_multiplier': 4, 'module__num_layers': 6, 'module__n_heads': 4, 'module__dim_feedforward': 435, 'iterator_train__batch_size': 187}. Best is trial 114 with value: 0.4502715663620293.[0m
[FileBasedDataset] Initializing dataset...
	Examples: 28559
	Features: 621
	Max length: 120
[FileBasedDataset] Dataset initialization complete
  epoch    auprc    auroc    train_loss    valid_acc    valid_loss    cp      dur
-------  -------  -------  ------------  -----------  ------------  ----  -------
      1   [36m0.2483[0m   [32m0.7625[0m        [35m0.2550[0m       [31m0.9195[0m        [94m0.2406[0m     +  23.2839
      2   0.2185   0.7357        [35m0.2469[0m       0.9177        0.2516        24.2593
      3   0.2148   0.7353        0.2469       0.9174        0.2497        24.3199
Stopping since valid_loss has not improved in the last 3 epochs.
[32m[I 2022-12-10 18:32:57,485][0m Trial 116 finished with value: 0.24831086186404241 and parameters: {'optimizer__lr': 0.000773250229758013, 'module__dropout': 0.12702873910162996, 'd_model_multiplier': 64, 'module__num_layers': 7, 'module__n_heads': 4, 'module__dim_feedforward': 423, 'iterator_train__batch_size': 178}. Best is trial 114 with value: 0.4502715663620293.[0m
[FileBasedDataset] Initializing dataset...
	Examples: 28559
	Features: 621
	Max length: 120
[FileBasedDataset] Dataset initialization complete
  epoch    auprc    auroc    train_loss    valid_acc    valid_loss    cp      dur
-------  -------  -------  ------------  -----------  ------------  ----  -------
      1   [36m0.2716[0m   [32m0.7333[0m        [35m0.3202[0m       [31m0.9223[0m        [94m0.2425[0m     +  22.4568
      2   [36m0.3355[0m   [32m0.7966[0m        [35m0.2497[0m       0.9219        [94m0.2276[0m     +  23.1534
      3   [36m0.3442[0m   [32m0.7980[0m        [35m0.2392[0m       [31m0.9254[0m        [94m0.2234[0m     +  23.6765
      4   [36m0.3579[0m   [32m0.8043[0m        [35m0.2365[0m       [31m0.9261[0m        [94m0.2205[0m     +  23.8876
      5   [36m0.3611[0m   [32m0.8162[0m        [35m0.2344[0m       0.9247        [94m0.2203[0m     +  23.2455
      6   0.3523   0.8023        0.2345       [31m0.9265[0m        0.2233        22.8659
      7   [36m0.3650[0m   0.8109        [35m0.2333[0m       0.9265        0.2205        23.4792
      8   [36m0.3704[0m   0.8112        0.2338       [31m0.9279[0m        [94m0.2192[0m     +  23.1409
      9   0.3645   0.8083        [35m0.2311[0m       0.9279        0.2199        23.0251
     10   0.3639   0.8158        0.2325       [31m0.9282[0m        0.2198        23.6980
Stopping since valid_loss has not improved in the last 3 epochs.
[32m[I 2022-12-10 18:37:13,805][0m Trial 117 finished with value: 0.3703863561200234 and parameters: {'optimizer__lr': 0.001277153703821778, 'module__dropout': 0.3510247137564415, 'd_model_multiplier': 4, 'module__num_layers': 6, 'module__n_heads': 4, 'module__dim_feedforward': 475, 'iterator_train__batch_size': 211}. Best is trial 114 with value: 0.4502715663620293.[0m
[FileBasedDataset] Initializing dataset...
	Examples: 28559
	Features: 621
	Max length: 120
[FileBasedDataset] Dataset initialization complete
  epoch    auprc    auroc    train_loss    valid_acc    valid_loss    cp      dur
-------  -------  -------  ------------  -----------  ------------  ----  -------
      1   [36m0.0952[0m   [32m0.4228[0m        [35m0.4544[0m       [31m0.9209[0m        [94m0.3418[0m     +  23.5269
      2   [36m0.1772[0m   [32m0.6054[0m        [35m0.3063[0m       0.9205        [94m0.2769[0m     +  24.9815
      3   [36m0.2002[0m   [32m0.6699[0m        [35m0.2707[0m       0.9205        [94m0.2576[0m     +  24.9778
      4   [36m0.2201[0m   [32m0.7060[0m        [35m0.2588[0m       0.9209        [94m0.2506[0m     +  24.8494
      5   [36m0.2215[0m   [32m0.7106[0m        [35m0.2545[0m       0.9205        [94m0.2478[0m     +  24.6236
      6   [36m0.2248[0m   [32m0.7116[0m        [35m0.2521[0m       0.9205        [94m0.2466[0m     +  24.7491
      7   0.2203   0.7102        [35m0.2512[0m       0.9205        [94m0.2460[0m     +  24.6223
      8   [36m0.2266[0m   [32m0.7203[0m        [35m0.2504[0m       0.9205        [94m0.2457[0m     +  24.3038
      9   [36m0.2269[0m   [32m0.7300[0m        [35m0.2498[0m       0.9205        [94m0.2456[0m     +  24.3365
     10   [36m0.3341[0m   [32m0.7876[0m        [35m0.2462[0m       [31m0.9212[0m        [94m0.2273[0m     +  24.2974
     11   [36m0.3487[0m   [32m0.7981[0m        [35m0.2333[0m       [31m0.9265[0m        [94m0.2225[0m     +  24.1229
     12   [36m0.3659[0m   [32m0.8004[0m        [35m0.2313[0m       0.9258        [94m0.2201[0m     +  23.9373
     13   [36m0.3721[0m   [32m0.8022[0m        [35m0.2296[0m       0.9261        [94m0.2193[0m     +  24.1797
     14   0.3412   0.7938        [35m0.2291[0m       0.9247        0.2241        24.5125
     15   [36m0.3750[0m   [32m0.8050[0m        [35m0.2280[0m       [31m0.9279[0m        [94m0.2189[0m     +  23.6052
[32m[I 2022-12-10 18:43:20,229][0m Trial 118 finished with value: 0.37499687548330646 and parameters: {'optimizer__lr': 0.0005702074320280821, 'module__dropout': 0.0237955326026969, 'd_model_multiplier': 1, 'module__num_layers': 5, 'module__n_heads': 4, 'module__dim_feedforward': 189, 'iterator_train__batch_size': 151}. Best is trial 114 with value: 0.4502715663620293.[0m
[FileBasedDataset] Initializing dataset...
	Examples: 28559
	Features: 621
	Max length: 120
[FileBasedDataset] Dataset initialization complete
  epoch    auprc    auroc    train_loss    valid_acc    valid_loss    cp      dur
-------  -------  -------  ------------  -----------  ------------  ----  -------
      1   [36m0.0699[0m   [32m0.3594[0m        [35m0.5219[0m       [31m0.9149[0m        [94m0.3695[0m     +  23.9018
      2   [36m0.0996[0m   [32m0.4488[0m        [35m0.3551[0m       0.9146        [94m0.3076[0m     +  23.8472
      3   [36m0.1333[0m   [32m0.5452[0m        [35m0.3073[0m       [31m0.9153[0m        [94m0.2916[0m     +  23.7263
      4   [36m0.1660[0m   [32m0.6134[0m        [35m0.2901[0m       0.9149        [94m0.2834[0m     +  23.6980
      5   [36m0.1806[0m   [32m0.6456[0m        [35m0.2815[0m       0.9146        [94m0.2803[0m     +  24.2631
      6   [36m0.1871[0m   [32m0.6674[0m        [35m0.2749[0m       0.9146        [94m0.2784[0m     +  24.9637
      7   [36m0.1926[0m   [32m0.6805[0m        [35m0.2730[0m       0.9149        [94m0.2767[0m     +  24.3777
      8   [36m0.2047[0m   [32m0.7093[0m        [35m0.2715[0m       0.9149        [94m0.2732[0m     +  24.9531
      9   [36m0.2210[0m   [32m0.7274[0m        [35m0.2707[0m       0.9149        [94m0.2675[0m     +  24.8215
     10   [36m0.2747[0m   [32m0.7533[0m        [35m0.2665[0m       0.9149        [94m0.2549[0m     +  23.9164
     11   [36m0.2841[0m   [32m0.7558[0m        [35m0.2630[0m       [31m0.9184[0m        [94m0.2542[0m     +  24.3130
     12   [36m0.2954[0m   [32m0.7591[0m        [35m0.2581[0m       0.9167        0.2549        23.2627
     13   [36m0.3053[0m   [32m0.7600[0m        [35m0.2566[0m       0.9160        0.2560        23.3724
     14   [36m0.3075[0m   [32m0.7637[0m        [35m0.2514[0m       0.9156        [94m0.2540[0m     +  23.3895
     15   [36m0.3100[0m   [32m0.7676[0m        0.2514       0.9167        0.2541        23.2415
[32m[I 2022-12-10 18:49:20,870][0m Trial 119 finished with value: 0.3099842017169909 and parameters: {'optimizer__lr': 0.00017459653707897275, 'module__dropout': 0.6132327701242986, 'd_model_multiplier': 4, 'module__num_layers': 3, 'module__n_heads': 4, 'module__dim_feedforward': 446, 'iterator_train__batch_size': 196}. Best is trial 114 with value: 0.4502715663620293.[0m
[FileBasedDataset] Initializing dataset...
	Examples: 28559
	Features: 621
	Max length: 120
[FileBasedDataset] Dataset initialization complete
  epoch    auprc    auroc    train_loss    valid_acc    valid_loss    cp      dur
-------  -------  -------  ------------  -----------  ------------  ----  -------
      1   [36m0.1997[0m   [32m0.7322[0m        [35m0.2655[0m       [31m0.9307[0m        [94m0.2315[0m     +  24.4893
      2   [36m0.2447[0m   [32m0.7515[0m        [35m0.2581[0m       0.9293        [94m0.2235[0m     +  24.7009
      3   0.2403   [32m0.7541[0m        [35m0.2552[0m       0.9293        0.2255        24.5064
      4   0.2376   0.7499        [35m0.2543[0m       0.9293        0.2238        24.3447
      5   0.2381   0.7508        [35m0.2539[0m       0.9293        [94m0.2222[0m     +  24.6582
      6   0.2360   0.7451        0.2539       0.9293        [94m0.2219[0m     +  24.3109
      7   0.2371   0.7462        [35m0.2533[0m       0.9300        [94m0.2218[0m     +  24.8694
      8   0.2390   0.7404        0.2534       0.9300        0.2220        24.7719
      9   0.2366   0.7426        [35m0.2529[0m       0.9303        [94m0.2218[0m     +  24.7696
     10   0.2388   0.7463        [35m0.2527[0m       0.9303        [94m0.2216[0m     +  25.1713
     11   0.2366   0.7490        0.2530       0.9303        [94m0.2212[0m     +  24.6291
     12   0.2390   0.7465        [35m0.2526[0m       0.9300        [94m0.2212[0m     +  25.0522
     13   0.2375   0.7469        0.2529       0.9300        0.2216        25.2186
     14   0.2396   0.7461        0.2526       0.9303        [94m0.2207[0m     +  24.6473
     15   0.2343   0.7459        0.2528       0.9300        0.2210        24.7235
[32m[I 2022-12-10 18:55:33,142][0m Trial 120 finished with value: 0.24470250003443436 and parameters: {'optimizer__lr': 0.002206199842859505, 'module__dropout': 0.1638512305959985, 'd_model_multiplier': 8, 'module__num_layers': 5, 'module__n_heads': 32, 'module__dim_feedforward': 239, 'iterator_train__batch_size': 141}. Best is trial 114 with value: 0.4502715663620293.[0m
[FileBasedDataset] Initializing dataset...
	Examples: 28559
	Features: 621
	Max length: 120
[FileBasedDataset] Dataset initialization complete
  epoch    auprc    auroc    train_loss    valid_acc    valid_loss    cp      dur
-------  -------  -------  ------------  -----------  ------------  ----  -------
      1   [36m0.1229[0m   [32m0.4593[0m        [35m0.4072[0m       [31m0.9139[0m        [94m0.3197[0m     +  24.0196
      2   [36m0.1986[0m   [32m0.6127[0m        [35m0.2824[0m       [31m0.9142[0m        [94m0.2815[0m     +  23.7261
      3   [36m0.2753[0m   [32m0.7056[0m        [35m0.2510[0m       [31m0.9153[0m        [94m0.2624[0m     +  24.3040
      4   [36m0.3076[0m   [32m0.7405[0m        [35m0.2373[0m       [31m0.9167[0m        [94m0.2528[0m     +  23.6517
      5   [36m0.3264[0m   [32m0.7649[0m        [35m0.2320[0m       [31m0.9170[0m        [94m0.2489[0m     +  23.6009
      6   [36m0.3335[0m   [32m0.7724[0m        [35m0.2294[0m       [31m0.9174[0m        [94m0.2458[0m     +  23.5528
      7   [36m0.3340[0m   [32m0.7742[0m        [35m0.2265[0m       [31m0.9177[0m        0.2472        24.0399
      8   [36m0.3471[0m   [32m0.7884[0m        [35m0.2255[0m       [31m0.9181[0m        [94m0.2421[0m     +  23.3150
      9   [36m0.3491[0m   [32m0.7934[0m        [35m0.2249[0m       [31m0.9184[0m        [94m0.2418[0m     +  23.9832
     10   [36m0.3510[0m   [32m0.7971[0m        [35m0.2227[0m       0.9177        0.2420        23.3518
     11   0.3487   [32m0.8014[0m        [35m0.2210[0m       [31m0.9188[0m        [94m0.2417[0m     +  24.0123
     12   [36m0.3594[0m   [32m0.8090[0m        0.2221       0.9181        [94m0.2396[0m     +  24.2468
     13   [36m0.3613[0m   [32m0.8091[0m        [35m0.2200[0m       [31m0.9191[0m        0.2404        24.0247
     14   [36m0.3691[0m   [32m0.8143[0m        [35m0.2189[0m       [31m0.9195[0m        [94m0.2376[0m     +  23.9353
     15   0.3632   0.8131        [35m0.2171[0m       0.9177        0.2392        24.5275
[32m[I 2022-12-10 19:01:32,064][0m Trial 121 finished with value: 0.3691343189838241 and parameters: {'optimizer__lr': 0.00023219364779975444, 'module__dropout': 0.2010084567602071, 'd_model_multiplier': 4, 'module__num_layers': 4, 'module__n_heads': 4, 'module__dim_feedforward': 396, 'iterator_train__batch_size': 161}. Best is trial 114 with value: 0.4502715663620293.[0m
[FileBasedDataset] Initializing dataset...
	Examples: 28559
	Features: 621
	Max length: 120
[FileBasedDataset] Dataset initialization complete
  epoch    auprc    auroc    train_loss    valid_acc    valid_loss    cp      dur
-------  -------  -------  ------------  -----------  ------------  ----  -------
      1   [36m0.0568[0m   [32m0.3079[0m        [35m0.5847[0m       [31m0.9181[0m        [94m0.5164[0m     +  24.2691
      2   [36m0.0571[0m   0.3004        [35m0.4882[0m       0.9181        [94m0.4544[0m     +  23.9014
      3   [36m0.0695[0m   [32m0.3208[0m        [35m0.4370[0m       0.9181        [94m0.4134[0m     +  24.1323
      4   [36m0.0795[0m   [32m0.3570[0m        [35m0.4006[0m       0.9181        [94m0.3831[0m     +  24.1547
      5   [36m0.0909[0m   [32m0.4216[0m        [35m0.3732[0m       [31m0.9188[0m        [94m0.3593[0m     +  23.4078
      6   [36m0.1152[0m   [32m0.5005[0m        [35m0.3499[0m       [31m0.9191[0m        [94m0.3393[0m     +  24.4929
      7   [36m0.1500[0m   [32m0.5483[0m        [35m0.3315[0m       0.9191        [94m0.3230[0m     +  23.5806
      8   [36m0.2018[0m   [32m0.5906[0m        [35m0.3156[0m       0.9188        [94m0.3084[0m     +  23.6128
      9   [36m0.2218[0m   [32m0.6020[0m        [35m0.3030[0m       0.9188        [94m0.2980[0m     +  23.8296
     10   [36m0.2448[0m   [32m0.6251[0m        [35m0.2938[0m       [31m0.9195[0m        [94m0.2887[0m     +  23.5363
     11   [36m0.2599[0m   [32m0.6446[0m        [35m0.2831[0m       0.9195        [94m0.2808[0m     +  23.3483
     12   [36m0.2672[0m   [32m0.6528[0m        [35m0.2772[0m       0.9195        [94m0.2745[0m     +  24.3769
     13   [36m0.2775[0m   [32m0.6704[0m        [35m0.2703[0m       0.9195        [94m0.2695[0m     +  23.7142
     14   [36m0.2889[0m   [32m0.6841[0m        [35m0.2644[0m       0.9188        [94m0.2646[0m     +  23.7724
     15   [36m0.2965[0m   [32m0.6915[0m        [35m0.2618[0m       0.9184        [94m0.2605[0m     +  24.3135
[32m[I 2022-12-10 19:07:31,754][0m Trial 122 finished with value: 0.2964600167670375 and parameters: {'optimizer__lr': 3.4237310564677454e-05, 'module__dropout': 0.18750244786339904, 'd_model_multiplier': 4, 'module__num_layers': 11, 'module__n_heads': 4, 'module__dim_feedforward': 369, 'iterator_train__batch_size': 202}. Best is trial 114 with value: 0.4502715663620293.[0m
[FileBasedDataset] Initializing dataset...
	Examples: 28559
	Features: 621
	Max length: 120
[FileBasedDataset] Dataset initialization complete
  epoch    auprc    auroc    train_loss    valid_acc    valid_loss    cp      dur
-------  -------  -------  ------------  -----------  ------------  ----  -------
      1   [36m0.1287[0m   [32m0.4761[0m        [35m0.6953[0m       [31m0.5172[0m        [94m0.6928[0m     +  23.8503
      2   0.1287   0.4761        [35m0.6952[0m       0.5172        [94m0.6928[0m     +  23.3372
      3   0.1287   0.4760        0.6954       0.5172        [94m0.6928[0m     +  23.8761
Stopping since valid_loss has not improved in the last 3 epochs.
[32m[I 2022-12-10 19:09:06,929][0m Trial 123 finished with value: 0.1287123539074801 and parameters: {'optimizer__lr': 8.58920761510212e-10, 'module__dropout': 0.2885587532283127, 'd_model_multiplier': 4, 'module__num_layers': 6, 'module__n_heads': 4, 'module__dim_feedforward': 147, 'iterator_train__batch_size': 170}. Best is trial 114 with value: 0.4502715663620293.[0m
[FileBasedDataset] Initializing dataset...
	Examples: 28559
	Features: 621
	Max length: 120
[FileBasedDataset] Dataset initialization complete
Warning, assumed runtime error: CUDA out of memory. Tried to allocate 440.00 MiB (GPU 0; 23.70 GiB total capacity; 21.04 GiB already allocated; 267.31 MiB free; 22.46 GiB reserved in total by PyTorch) If reserved memory is >> allocated memory try setting max_split_size_mb to avoid fragmentation.  See documentation for Memory Management and PYTORCH_CUDA_ALLOC_CONF
[32m[I 2022-12-10 19:09:11,543][0m Trial 124 finished with value: 0.0 and parameters: {'optimizer__lr': 0.00010610713556963948, 'module__dropout': 0.25803121986196625, 'd_model_multiplier': 32, 'module__num_layers': 13, 'module__n_heads': 64, 'module__dim_feedforward': 409, 'iterator_train__batch_size': 156}. Best is trial 114 with value: 0.4502715663620293.[0m
[FileBasedDataset] Initializing dataset...
	Examples: 28559
	Features: 621
	Max length: 120
[FileBasedDataset] Dataset initialization complete
  epoch    auprc    auroc    train_loss    valid_acc    valid_loss    cp      dur
-------  -------  -------  ------------  -----------  ------------  ----  -------
      1   [36m0.2097[0m   [32m0.7421[0m        [35m0.2571[0m       [31m0.9191[0m        [94m0.2653[0m     +  30.7210
      2   [36m0.2141[0m   [32m0.7506[0m        [35m0.2517[0m       0.9191        0.2692        31.1181
      3   [36m0.2242[0m   0.7500        [35m0.2513[0m       0.9191        0.2712        30.8377
Stopping since valid_loss has not improved in the last 3 epochs.
