[32m[I 2022-12-10 10:33:38,405][0m Trial 9 finished with value: 0.30938898341048243 and parameters: {'optimizer__lr': 0.00015955983470063428, 'module__dropout': 0.21722201376961808, 'd_model_multiplier': 32, 'module__num_layers': 4, 'module__n_heads': 64, 'module__dim_feedforward': 150, 'iterator_train__batch_size': 246}. Best is trial 1 with value: 0.40959388648967576.[0m
[FileBasedDataset] Initializing dataset...
	Examples: 28559
	Features: 621
	Max length: 120
[FileBasedDataset] Dataset initialization complete
  epoch    auprc    auroc    train_loss    valid_acc    valid_loss    cp      dur
-------  -------  -------  ------------  -----------  ------------  ----  -------
      1   [36m0.2286[0m   [32m0.7130[0m        [35m0.8703[0m       [31m0.8918[0m        [94m0.3075[0m     +  47.1029
      2   0.0882   0.4394        [35m0.3577[0m       [31m0.9167[0m        0.3746        47.1677
      3   0.1758   0.6293        0.3849       0.8943        0.3359        47.3351
Stopping since valid_loss has not improved in the last 3 epochs.
[32m[I 2022-12-10 10:36:47,923][0m Trial 10 finished with value: 0.22858495653675942 and parameters: {'optimizer__lr': 0.06052099110352398, 'module__dropout': 0.32727800743425517, 'd_model_multiplier': 4, 'module__num_layers': 10, 'module__n_heads': 64, 'module__dim_feedforward': 507, 'iterator_train__batch_size': 105}. Best is trial 1 with value: 0.40959388648967576.[0m
[FileBasedDataset] Initializing dataset...
	Examples: 28559
	Features: 621
	Max length: 120
[FileBasedDataset] Dataset initialization complete
Warning, assumed runtime error: CUDA out of memory. Tried to allocate 240.00 MiB (GPU 0; 23.70 GiB total capacity; 22.13 GiB already allocated; 209.31 MiB free; 22.52 GiB reserved in total by PyTorch) If reserved memory is >> allocated memory try setting max_split_size_mb to avoid fragmentation.  See documentation for Memory Management and PYTORCH_CUDA_ALLOC_CONF
[32m[I 2022-12-10 10:36:54,905][0m Trial 11 finished with value: 0.0 and parameters: {'optimizer__lr': 0.0001329922865470568, 'module__dropout': 0.23231411868851912, 'd_model_multiplier': 32, 'module__num_layers': 8, 'module__n_heads': 64, 'module__dim_feedforward': 161, 'iterator_train__batch_size': 255}. Best is trial 1 with value: 0.40959388648967576.[0m
[FileBasedDataset] Initializing dataset...
	Examples: 28559
	Features: 621
	Max length: 120
[FileBasedDataset] Dataset initialization complete
  epoch    auprc    auroc    train_loss    valid_acc    valid_loss    cp      dur
-------  -------  -------  ------------  -----------  ------------  ----  -------
      1   [36m0.3116[0m   [32m0.7649[0m        [35m0.2693[0m       [31m0.9268[0m        [94m0.2312[0m     +  38.3634
      2   [36m0.3220[0m   [32m0.7792[0m        [35m0.2266[0m       0.9254        [94m0.2282[0m     +  38.2257
      3   [36m0.3315[0m   [32m0.7834[0m        [35m0.2222[0m       0.9244        0.2288        38.2081
      4   [36m0.3367[0m   [32m0.7955[0m        [35m0.2181[0m       0.9268        [94m0.2251[0m     +  38.0876
      5   [36m0.3569[0m   [32m0.8067[0m        [35m0.2152[0m       [31m0.9303[0m        [94m0.2190[0m     +  38.2229
      6   0.3516   [32m0.8107[0m        [35m0.2104[0m       0.9282        0.2194        37.7691
      7   [36m0.3592[0m   [32m0.8153[0m        [35m0.2077[0m       0.9268        0.2192        38.3280
      8   [36m0.3616[0m   [32m0.8171[0m        [35m0.2046[0m       0.9286        [94m0.2185[0m     +  38.3882
      9   [36m0.3686[0m   [32m0.8228[0m        [35m0.2020[0m       0.9258        [94m0.2147[0m     +  38.2583
     10   [36m0.3707[0m   0.8164        [35m0.1989[0m       0.9286        0.2180        37.9877
     11   [36m0.3729[0m   0.8220        [35m0.1974[0m       0.9293        0.2153        38.3333
Stopping since valid_loss has not improved in the last 3 epochs.
[32m[I 2022-12-10 10:44:34,467][0m Trial 12 finished with value: 0.372874955077969 and parameters: {'optimizer__lr': 0.00010925259003522172, 'module__dropout': 0.06441590896513039, 'd_model_multiplier': 4, 'module__num_layers': 8, 'module__n_heads': 64, 'module__dim_feedforward': 150, 'iterator_train__batch_size': 205}. Best is trial 1 with value: 0.40959388648967576.[0m
[FileBasedDataset] Initializing dataset...
	Examples: 28559
	Features: 621
	Max length: 120
[FileBasedDataset] Dataset initialization complete
  epoch    auprc    auroc    train_loss    valid_acc    valid_loss    cp      dur
-------  -------  -------  ------------  -----------  ------------  ----  -------
      1   [36m0.2921[0m   [32m0.6847[0m        [35m0.3698[0m       [31m0.9233[0m        [94m0.2598[0m     +  42.4560
      2   [36m0.3427[0m   [32m0.7348[0m        [35m0.2455[0m       [31m0.9268[0m        [94m0.2350[0m     +  42.5473
      3   [36m0.3599[0m   [32m0.7626[0m        [35m0.2321[0m       [31m0.9272[0m        [94m0.2296[0m     +  42.7859
      4   [36m0.3652[0m   [32m0.7736[0m        [35m0.2273[0m       [31m0.9279[0m        [94m0.2271[0m     +  42.6914
      5   [36m0.3687[0m   [32m0.7794[0m        [35m0.2249[0m       0.9275        [94m0.2256[0m     +  42.5890
      6   [36m0.3754[0m   [32m0.7925[0m        [35m0.2226[0m       0.9265        [94m0.2247[0m     +  42.4581
      7   [36m0.3823[0m   [32m0.7951[0m        [35m0.2213[0m       0.9275        0.2250        42.5754
      8   0.3751   0.7933        [35m0.2192[0m       0.9275        [94m0.2233[0m     +  42.6050
      9   [36m0.3862[0m   [32m0.8003[0m        [35m0.2179[0m       [31m0.9282[0m        [94m0.2228[0m     +  43.1382
     10   0.3848   [32m0.8038[0m        [35m0.2159[0m       0.9268        0.2228        42.4175
     11   0.3817   [32m0.8045[0m        [35m0.2152[0m       [31m0.9286[0m        [94m0.2214[0m     +  42.4869
     12   [36m0.3865[0m   [32m0.8108[0m        [35m0.2130[0m       0.9279        [94m0.2199[0m     +  42.7892
     13   0.3850   0.8100        [35m0.2120[0m       [31m0.9293[0m        0.2203        42.3622
     14   0.3785   [32m0.8122[0m        [35m0.2101[0m       0.9268        0.2215        42.8344
     15   0.3814   [32m0.8158[0m        [35m0.2080[0m       0.9268        [94m0.2187[0m     +  42.7193
[32m[I 2022-12-10 10:55:16,035][0m Trial 13 finished with value: 0.3865201808170977 and parameters: {'optimizer__lr': 1.9244173744137266e-05, 'module__dropout': 0.031678828530045645, 'd_model_multiplier': 4, 'module__num_layers': 9, 'module__n_heads': 64, 'module__dim_feedforward': 233, 'iterator_train__batch_size': 199}. Best is trial 1 with value: 0.40959388648967576.[0m
[FileBasedDataset] Initializing dataset...
	Examples: 28559
	Features: 621
	Max length: 120
[FileBasedDataset] Dataset initialization complete
  epoch    auprc    auroc    train_loss    valid_acc    valid_loss    cp      dur
-------  -------  -------  ------------  -----------  ------------  ----  -------
      1   [36m0.2095[0m   [32m0.6557[0m        [35m0.3937[0m       [31m0.9237[0m        [94m0.2740[0m     +  30.8809
      2   [36m0.2992[0m   [32m0.7296[0m        [35m0.2622[0m       [31m0.9275[0m        [94m0.2400[0m     +  30.8211
      3   [36m0.3273[0m   [32m0.7605[0m        [35m0.2421[0m       0.9272        [94m0.2285[0m     +  30.8015
      4   [36m0.3410[0m   [32m0.7766[0m        [35m0.2349[0m       0.9268        [94m0.2241[0m     +  30.8207
      5   [36m0.3456[0m   [32m0.7885[0m        [35m0.2314[0m       0.9272        [94m0.2218[0m     +  30.7576
      6   [36m0.3475[0m   [32m0.7964[0m        [35m0.2289[0m       0.9265        [94m0.2204[0m     +  30.8087
      7   [36m0.3530[0m   [32m0.8019[0m        [35m0.2267[0m       0.9265        [94m0.2186[0m     +  30.7618
      8   [36m0.3534[0m   [32m0.8044[0m        [35m0.2256[0m       0.9265        [94m0.2184[0m     +  30.9975
      9   [36m0.3558[0m   [32m0.8064[0m        [35m0.2245[0m       0.9272        [94m0.2181[0m     +  31.0053
     10   [36m0.3616[0m   [32m0.8099[0m        [35m0.2236[0m       0.9268        [94m0.2169[0m     +  31.0820
     11   0.3611   [32m0.8129[0m        [35m0.2235[0m       0.9268        [94m0.2159[0m     +  31.0361
     12   0.3564   [32m0.8131[0m        [35m0.2226[0m       0.9265        0.2161        30.7066
     13   [36m0.3619[0m   [32m0.8134[0m        [35m0.2221[0m       0.9272        [94m0.2154[0m     +  30.4730
     14   [36m0.3647[0m   [32m0.8154[0m        [35m0.2205[0m       [31m0.9279[0m        [94m0.2149[0m     +  31.1661
     15   [36m0.3680[0m   0.8152        [35m0.2201[0m       0.9279        0.2151        30.9748
[32m[I 2022-12-10 11:03:01,940][0m Trial 14 finished with value: 0.3679901180723347 and parameters: {'optimizer__lr': 9.03496312233262e-06, 'module__dropout': 0.11683322390576784, 'd_model_multiplier': 8, 'module__num_layers': 10, 'module__n_heads': 32, 'module__dim_feedforward': 237, 'iterator_train__batch_size': 132}. Best is trial 1 with value: 0.40959388648967576.[0m
[FileBasedDataset] Initializing dataset...
	Examples: 28559
	Features: 621
	Max length: 120
[FileBasedDataset] Dataset initialization complete
  epoch    auprc    auroc    train_loss    valid_acc    valid_loss    cp      dur
-------  -------  -------  ------------  -----------  ------------  ----  -------
      1   [36m0.2079[0m   [32m0.7210[0m        [35m0.2848[0m       [31m0.9223[0m        [94m0.2471[0m     +  23.9608
      2   [36m0.2223[0m   0.7208        [35m0.2590[0m       0.9223        [94m0.2441[0m     +  23.8204
      3   0.2191   0.7203        [35m0.2566[0m       0.9223        0.2454        24.0546
      4   0.2189   [32m0.7256[0m        [35m0.2557[0m       0.9219        [94m0.2440[0m     +  23.6702
      5   0.2199   0.7246        [35m0.2542[0m       0.9223        0.2441        23.6194
      6   0.2166   0.7220        [35m0.2533[0m       0.9223        0.2444        23.6013
Stopping since valid_loss has not improved in the last 3 epochs.
[32m[I 2022-12-10 11:05:48,076][0m Trial 15 finished with value: 0.22231638679049512 and parameters: {'optimizer__lr': 0.003506758118201946, 'module__dropout': 0.32305842067594887, 'd_model_multiplier': 4, 'module__num_layers': 11, 'module__n_heads': 4, 'module__dim_feedforward': 251, 'iterator_train__batch_size': 203}. Best is trial 1 with value: 0.40959388648967576.[0m
[FileBasedDataset] Initializing dataset...
	Examples: 28559
	Features: 621
	Max length: 120
[FileBasedDataset] Dataset initialization complete
Warning, assumed runtime error: CUDA out of memory. Tried to allocate 538.00 MiB (GPU 0; 23.70 GiB total capacity; 19.90 GiB already allocated; 213.31 MiB free; 22.52 GiB reserved in total by PyTorch) If reserved memory is >> allocated memory try setting max_split_size_mb to avoid fragmentation.  See documentation for Memory Management and PYTORCH_CUDA_ALLOC_CONF
[32m[I 2022-12-10 11:05:51,879][0m Trial 16 finished with value: 0.0 and parameters: {'optimizer__lr': 1.6970384530239647e-07, 'module__dropout': 0.012365341059646578, 'd_model_multiplier': 4, 'module__num_layers': 15, 'module__n_heads': 64, 'module__dim_feedforward': 246, 'iterator_train__batch_size': 153}. Best is trial 1 with value: 0.40959388648967576.[0m
[FileBasedDataset] Initializing dataset...
	Examples: 28559
	Features: 621
	Max length: 120
[FileBasedDataset] Dataset initialization complete
  epoch    auprc    auroc    train_loss    valid_acc    valid_loss    cp      dur
-------  -------  -------  ------------  -----------  ------------  ----  -------
      1   [36m0.2615[0m   [32m0.7279[0m        [35m0.3947[0m       [31m0.9261[0m        [94m0.2597[0m     +  33.5237
      2   [36m0.3147[0m   [32m0.7857[0m        [35m0.2564[0m       [31m0.9268[0m        [94m0.2274[0m     +  33.5579
      3   [36m0.3313[0m   [32m0.7989[0m        [35m0.2387[0m       [31m0.9289[0m        [94m0.2187[0m     +  33.4039
      4   0.3288   [32m0.8055[0m        [35m0.2333[0m       0.9272        [94m0.2165[0m     +  33.6140
      5   0.3284   [32m0.8081[0m        [35m0.2296[0m       0.9279        [94m0.2151[0m     +  33.5162
      6   0.3287   [32m0.8095[0m        [35m0.2277[0m       0.9282        [94m0.2134[0m     +  33.4352
      7   [36m0.3388[0m   [32m0.8096[0m        [35m0.2265[0m       0.9279        [94m0.2120[0m     +  33.5621
      8   0.3284   [32m0.8125[0m        [35m0.2250[0m       0.9275        0.2126        33.5424
      9   0.3347   [32m0.8160[0m        [35m0.2248[0m       0.9275        0.2121        33.4616
     10   0.3364   0.8154        [35m0.2237[0m       0.9275        [94m0.2113[0m     +  33.4410
     11   [36m0.3410[0m   [32m0.8176[0m        [35m0.2229[0m       0.9282        [94m0.2109[0m     +  33.6088
     12   [36m0.3458[0m   [32m0.8229[0m        [35m0.2219[0m       0.9275        [94m0.2100[0m     +  33.5317
     13   [36m0.3483[0m   0.8227        [35m0.2211[0m       0.9268        [94m0.2096[0m     +  33.6142
     14   [36m0.3524[0m   [32m0.8249[0m        [35m0.2203[0m       0.9279        [94m0.2084[0m     +  33.5768
     15   [36m0.3548[0m   [32m0.8264[0m        [35m0.2197[0m       0.9279        [94m0.2082[0m     +  33.3736
[32m[I 2022-12-10 11:14:16,817][0m Trial 17 finished with value: 0.35476800027796146 and parameters: {'optimizer__lr': 1.0588390847414476e-05, 'module__dropout': 0.11056324946944035, 'd_model_multiplier': 4, 'module__num_layers': 7, 'module__n_heads': 64, 'module__dim_feedforward': 211, 'iterator_train__batch_size': 106}. Best is trial 1 with value: 0.40959388648967576.[0m
[FileBasedDataset] Initializing dataset...
	Examples: 28559
	Features: 621
	Max length: 120
[FileBasedDataset] Dataset initialization complete
Warning, assumed runtime error: CUDA out of memory. Tried to allocate 774.00 MiB (GPU 0; 23.70 GiB total capacity; 21.82 GiB already allocated; 143.31 MiB free; 22.58 GiB reserved in total by PyTorch) If reserved memory is >> allocated memory try setting max_split_size_mb to avoid fragmentation.  See documentation for Memory Management and PYTORCH_CUDA_ALLOC_CONF
[32m[I 2022-12-10 11:14:22,591][0m Trial 18 finished with value: 0.0 and parameters: {'optimizer__lr': 8.534706249368983e-06, 'module__dropout': 0.2710420454246428, 'd_model_multiplier': 16, 'module__num_layers': 10, 'module__n_heads': 64, 'module__dim_feedforward': 287, 'iterator_train__batch_size': 220}. Best is trial 1 with value: 0.40959388648967576.[0m
[FileBasedDataset] Initializing dataset...
	Examples: 28559
	Features: 621
	Max length: 120
[FileBasedDataset] Dataset initialization complete
  epoch    auprc    auroc    train_loss    valid_acc    valid_loss    cp      dur
-------  -------  -------  ------------  -----------  ------------  ----  -------
      1   [36m0.2169[0m   [32m0.7191[0m        [35m0.2765[0m       [31m0.9296[0m        [94m0.2323[0m     +  22.9959
      2   0.2155   [32m0.7204[0m        [35m0.2576[0m       [31m0.9303[0m        0.2331        23.7865
      3   0.2066   0.7017        0.2591       0.9293        0.2331        23.7593
Stopping since valid_loss has not improved in the last 3 epochs.
[32m[I 2022-12-10 11:15:57,020][0m Trial 19 finished with value: 0.21688186902659917 and parameters: {'optimizer__lr': 0.0012784424995784874, 'module__dropout': 0.4696820365065406, 'd_model_multiplier': 8, 'module__num_layers': 9, 'module__n_heads': 4, 'module__dim_feedforward': 187, 'iterator_train__batch_size': 102}. Best is trial 1 with value: 0.40959388648967576.[0m
[FileBasedDataset] Initializing dataset...
	Examples: 28559
	Features: 621
	Max length: 120
[FileBasedDataset] Dataset initialization complete
  epoch    auprc    auroc    train_loss    valid_acc    valid_loss    cp      dur
-------  -------  -------  ------------  -----------  ------------  ----  -------
      1   [36m0.0739[0m   [32m0.3937[0m        [35m0.4918[0m       [31m0.9251[0m        [94m0.3668[0m     +  24.8717
      2   [36m0.1518[0m   [32m0.5232[0m        [35m0.3421[0m       [31m0.9258[0m        [94m0.2997[0m     +  26.2450
      3   [36m0.2001[0m   [32m0.6227[0m        [35m0.2974[0m       0.9251        [94m0.2717[0m     +  26.0114
      4   [36m0.2606[0m   [32m0.6838[0m        [35m0.2712[0m       0.9244        [94m0.2526[0m     +  26.2502
      5   [36m0.2722[0m   [32m0.6944[0m        [35m0.2568[0m       0.9247        [94m0.2433[0m     +  26.0587
      6   [36m0.2817[0m   [32m0.7110[0m        [35m0.2492[0m       0.9258        [94m0.2375[0m     +  26.5242
      7   [36m0.2846[0m   [32m0.7219[0m        [35m0.2426[0m       [31m0.9268[0m        [94m0.2336[0m     +  26.5695
      8   [36m0.2963[0m   [32m0.7358[0m        [35m0.2395[0m       0.9261        [94m0.2305[0m     +  26.0313
      9   0.2928   [32m0.7420[0m        [35m0.2371[0m       0.9254        [94m0.2290[0m     +  26.1580
     10   [36m0.3016[0m   [32m0.7500[0m        [35m0.2348[0m       [31m0.9272[0m        [94m0.2270[0m     +  26.4498
     11   [36m0.3022[0m   [32m0.7519[0m        [35m0.2337[0m       0.9254        [94m0.2267[0m     +  26.5253
     12   [36m0.3048[0m   [32m0.7575[0m        [35m0.2318[0m       0.9265        [94m0.2256[0m     +  25.5344
     13   [36m0.3087[0m   0.7559        [35m0.2310[0m       0.9265        0.2257        26.3141
     14   [36m0.3115[0m   [32m0.7638[0m        [35m0.2301[0m       0.9258        [94m0.2246[0m     +  25.8298
     15   [36m0.3163[0m   [32m0.7705[0m        [35m0.2286[0m       0.9254        [94m0.2231[0m     +  26.0996
[32m[I 2022-12-10 11:22:29,971][0m Trial 20 finished with value: 0.31625743137699297 and parameters: {'optimizer__lr': 4.902908923146179e-05, 'module__dropout': 0.15853527979689042, 'd_model_multiplier': 1, 'module__num_layers': 12, 'module__n_heads': 32, 'module__dim_feedforward': 285, 'iterator_train__batch_size': 171}. Best is trial 1 with value: 0.40959388648967576.[0m
[FileBasedDataset] Initializing dataset...
	Examples: 28559
	Features: 621
	Max length: 120
[FileBasedDataset] Dataset initialization complete
  epoch    auprc    auroc    train_loss    valid_acc    valid_loss    cp      dur
-------  -------  -------  ------------  -----------  ------------  ----  -------
      1   [36m0.3162[0m   [32m0.7485[0m        [35m0.2973[0m       [31m0.9149[0m        [94m0.2530[0m     +  38.2268
      2   [36m0.3431[0m   [32m0.7727[0m        [35m0.2269[0m       [31m0.9156[0m        [94m0.2502[0m     +  38.3471
      3   [36m0.3561[0m   [32m0.7865[0m        [35m0.2222[0m       [31m0.9170[0m        [94m0.2455[0m     +  38.4681
      4   [36m0.3598[0m   [32m0.7896[0m        [35m0.2191[0m       0.9167        0.2465        38.6228
      5   [36m0.3730[0m   [32m0.8009[0m        [35m0.2166[0m       [31m0.9181[0m        [94m0.2430[0m     +  38.5689
      6   0.3635   0.7922        [35m0.2136[0m       0.9163        0.2485        38.0650
      7   0.3693   0.7980        [35m0.2120[0m       0.9167        0.2481        38.5163
Stopping since valid_loss has not improved in the last 3 epochs.
[32m[I 2022-12-10 11:27:37,885][0m Trial 21 finished with value: 0.3730281288581765 and parameters: {'optimizer__lr': 5.466348882567399e-05, 'module__dropout': 0.06797753618098668, 'd_model_multiplier': 4, 'module__num_layers': 8, 'module__n_heads': 64, 'module__dim_feedforward': 129, 'iterator_train__batch_size': 215}. Best is trial 1 with value: 0.40959388648967576.[0m
[FileBasedDataset] Initializing dataset...
	Examples: 28559
	Features: 621
	Max length: 120
[FileBasedDataset] Dataset initialization complete
  epoch    auprc    auroc    train_loss    valid_acc    valid_loss    cp      dur
-------  -------  -------  ------------  -----------  ------------  ----  -------
      1   [36m0.2209[0m   [32m0.6476[0m        [35m0.4213[0m       [31m0.9216[0m        [94m0.2859[0m     +  34.5172
      2   [36m0.3148[0m   [32m0.7609[0m        [35m0.2654[0m       [31m0.9223[0m        [94m0.2435[0m     +  35.1056
      3   [36m0.3426[0m   [32m0.7884[0m        [35m0.2427[0m       [31m0.9251[0m        [94m0.2314[0m     +  34.8037
      4   [36m0.3474[0m   [32m0.7946[0m        [35m0.2342[0m       [31m0.9258[0m        [94m0.2257[0m     +  35.0091
      5   [36m0.3564[0m   [32m0.8014[0m        [35m0.2298[0m       0.9247        [94m0.2234[0m     +  34.5069
      6   [36m0.3573[0m   [32m0.8050[0m        [35m0.2275[0m       0.9258        [94m0.2219[0m     +  35.1323
      7   [36m0.3638[0m   [32m0.8069[0m        [35m0.2257[0m       0.9240        [94m0.2211[0m     +  34.7895
      8   0.3628   [32m0.8099[0m        [35m0.2246[0m       0.9251        [94m0.2207[0m     +  35.0259
      9   [36m0.3652[0m   [32m0.8126[0m        [35m0.2230[0m       0.9240        [94m0.2204[0m     +  34.9520
     10   [36m0.3682[0m   [32m0.8149[0m        [35m0.2221[0m       0.9237        [94m0.2200[0m     +  34.7555
     11   0.3638   [32m0.8149[0m        [35m0.2207[0m       0.9233        0.2204        34.4615
     12   0.3639   [32m0.8157[0m        [35m0.2196[0m       0.9237        0.2212        34.8006
     13   [36m0.3713[0m   [32m0.8168[0m        [35m0.2189[0m       0.9251        [94m0.2199[0m     +  34.3732
     14   0.3697   [32m0.8189[0m        [35m0.2176[0m       0.9230        0.2203        34.3053
     15   [36m0.3754[0m   [32m0.8194[0m        0.2176       0.9251        [94m0.2191[0m     +  35.0224
