[32m[I 2022-12-11 15:50:43,248][0m Trial 318 finished with value: 0.3503555377960699 and parameters: {'optimizer__lr': 0.0001361375186498457, 'module__dropout': 0.35380881406329445, 'd_model_multiplier': 64, 'module__num_layers': 7, 'module__n_heads': 4, 'module__dim_feedforward': 319, 'iterator_train__batch_size': 45}. Best is trial 231 with value: 0.4798892428044479.[0m
[FileBasedDataset] Initializing dataset...
	Examples: 28559
	Features: 621
	Max length: 120
[FileBasedDataset] Dataset initialization complete
  epoch    auprc    auroc    train_loss    valid_acc    valid_loss    cp      dur
-------  -------  -------  ------------  -----------  ------------  ----  -------
      1   [36m0.1544[0m   [32m0.5664[0m        [35m0.4390[0m       [31m0.9202[0m        [94m0.3040[0m     +  23.7854
      2   [36m0.2995[0m   [32m0.7363[0m        [35m0.2770[0m       [31m0.9219[0m        [94m0.2528[0m     +  22.3370
      3   [36m0.3272[0m   [32m0.7640[0m        [35m0.2476[0m       0.9219        [94m0.2392[0m     +  23.2361
      4   [36m0.3365[0m   [32m0.7770[0m        [35m0.2369[0m       [31m0.9226[0m        [94m0.2342[0m     +  23.5242
      5   [36m0.3428[0m   [32m0.7819[0m        [35m0.2317[0m       [31m0.9244[0m        [94m0.2320[0m     +  24.2069
      6   [36m0.3452[0m   [32m0.7865[0m        [35m0.2290[0m       0.9233        [94m0.2309[0m     +  23.6714
      7   0.3437   [32m0.7920[0m        [35m0.2267[0m       [31m0.9254[0m        [94m0.2303[0m     +  23.8155
      8   0.3438   [32m0.7958[0m        [35m0.2252[0m       [31m0.9258[0m        [94m0.2296[0m     +  23.5941
      9   [36m0.3487[0m   [32m0.7996[0m        [35m0.2239[0m       0.9251        [94m0.2287[0m     +  24.0156
     10   [36m0.3540[0m   [32m0.8032[0m        [35m0.2235[0m       0.9251        [94m0.2277[0m     +  23.9418
     11   [36m0.3581[0m   [32m0.8065[0m        [35m0.2215[0m       0.9247        [94m0.2264[0m     +  23.8426
     12   [36m0.3655[0m   [32m0.8118[0m        [35m0.2210[0m       0.9244        [94m0.2248[0m     +  23.8651
     13   [36m0.3698[0m   [32m0.8162[0m        [35m0.2189[0m       0.9240        [94m0.2234[0m     +  23.6068
     14   [36m0.3714[0m   [32m0.8176[0m        0.2190       0.9244        0.2239        24.1889
     15   [36m0.3763[0m   [32m0.8235[0m        [35m0.2182[0m       0.9247        [94m0.2212[0m     +  24.0807
[32m[I 2022-12-11 15:56:40,802][0m Trial 319 finished with value: 0.37626089469901564 and parameters: {'optimizer__lr': 1.2752458076926252e-05, 'module__dropout': 0.10118980602853123, 'd_model_multiplier': 16, 'module__num_layers': 5, 'module__n_heads': 16, 'module__dim_feedforward': 272, 'iterator_train__batch_size': 209}. Best is trial 231 with value: 0.4798892428044479.[0m
[FileBasedDataset] Initializing dataset...
	Examples: 28559
	Features: 621
	Max length: 120
[FileBasedDataset] Dataset initialization complete
  epoch    auprc    auroc    train_loss    valid_acc    valid_loss    cp      dur
-------  -------  -------  ------------  -----------  ------------  ----  -------
      1   [36m0.1889[0m   [32m0.5896[0m        [35m0.6994[0m       [31m0.4587[0m        [94m0.6975[0m     +  23.0020
      2   0.1866   0.5870        [35m0.6972[0m       [31m0.4846[0m        [94m0.6950[0m     +  22.9252
      3   0.1843   0.5849        [35m0.6947[0m       [31m0.5084[0m        [94m0.6925[0m     +  23.8682
      4   0.1809   0.5817        [35m0.6924[0m       [31m0.5347[0m        [94m0.6900[0m     +  23.4999
      5   0.1769   0.5793        [35m0.6900[0m       [31m0.5602[0m        [94m0.6876[0m     +  23.1624
      6   0.1742   0.5765        [35m0.6875[0m       [31m0.5784[0m        [94m0.6852[0m     +  23.3713
      7   0.1715   0.5737        [35m0.6852[0m       [31m0.5980[0m        [94m0.6827[0m     +  23.6595
      8   0.1682   0.5703        [35m0.6826[0m       [31m0.6201[0m        [94m0.6801[0m     +  23.8225
      9   0.1654   0.5659        [35m0.6803[0m       [31m0.6345[0m        [94m0.6776[0m     +  23.8707
     10   0.1621   0.5623        [35m0.6781[0m       [31m0.6590[0m        [94m0.6751[0m     +  23.5351
     11   0.1576   0.5589        [35m0.6752[0m       [31m0.6793[0m        [94m0.6726[0m     +  23.3253
     12   0.1552   0.5553        [35m0.6729[0m       [31m0.6992[0m        [94m0.6700[0m     +  23.7488
     13   0.1526   0.5520        [35m0.6706[0m       [31m0.7146[0m        [94m0.6675[0m     +  23.8946
     14   0.1483   0.5478        [35m0.6683[0m       [31m0.7353[0m        [94m0.6651[0m     +  24.0244
     15   0.1446   0.5440        [35m0.6656[0m       [31m0.7472[0m        [94m0.6626[0m     +  23.3258
[32m[I 2022-12-11 16:02:34,798][0m Trial 320 finished with value: 0.18888527833988256 and parameters: {'optimizer__lr': 3.8693374261482247e-07, 'module__dropout': 0.0862512458328909, 'd_model_multiplier': 4, 'module__num_layers': 6, 'module__n_heads': 4, 'module__dim_feedforward': 265, 'iterator_train__batch_size': 217}. Best is trial 231 with value: 0.4798892428044479.[0m
[FileBasedDataset] Initializing dataset...
	Examples: 28559
	Features: 621
	Max length: 120
[FileBasedDataset] Dataset initialization complete
  epoch    auprc    auroc    train_loss    valid_acc    valid_loss    cp      dur
-------  -------  -------  ------------  -----------  ------------  ----  -------
      1   [36m0.3561[0m   [32m0.7981[0m        [35m0.2480[0m       [31m0.9219[0m        [94m0.2332[0m     +  23.5351
      2   [36m0.3770[0m   [32m0.8075[0m        [35m0.2249[0m       0.9219        [94m0.2279[0m     +  23.3546
      3   [36m0.3856[0m   [32m0.8076[0m        [35m0.2200[0m       [31m0.9233[0m        [94m0.2262[0m     +  24.6851
      4   [36m0.4009[0m   [32m0.8184[0m        [35m0.2155[0m       0.9212        [94m0.2249[0m     +  24.9967
      5   [36m0.4031[0m   [32m0.8242[0m        [35m0.2116[0m       [31m0.9251[0m        [94m0.2249[0m     +  24.7566
      6   [36m0.4193[0m   [32m0.8349[0m        [35m0.2090[0m       0.9230        [94m0.2183[0m     +  23.9010
      7   0.4118   0.8336        [35m0.2058[0m       0.9226        0.2191        24.0559
      8   0.4099   0.8317        [35m0.2029[0m       0.9233        0.2195        24.9915
Stopping since valid_loss has not improved in the last 3 epochs.
[32m[I 2022-12-11 16:06:14,925][0m Trial 321 finished with value: 0.41925411946590807 and parameters: {'optimizer__lr': 8.505838598038205e-05, 'module__dropout': 0.12910042944862757, 'd_model_multiplier': 64, 'module__num_layers': 7, 'module__n_heads': 4, 'module__dim_feedforward': 304, 'iterator_train__batch_size': 68}. Best is trial 231 with value: 0.4798892428044479.[0m
[FileBasedDataset] Initializing dataset...
	Examples: 28559
	Features: 621
	Max length: 120
[FileBasedDataset] Dataset initialization complete
  epoch    auprc    auroc    train_loss    valid_acc    valid_loss    cp      dur
-------  -------  -------  ------------  -----------  ------------  ----  -------
      1   [36m0.2447[0m   [32m0.7642[0m        [35m0.2625[0m       [31m0.9142[0m        [94m0.2538[0m     +  69.0131
      2   [36m0.2554[0m   [32m0.7642[0m        [35m0.2558[0m       [31m0.9170[0m        [94m0.2518[0m     +  69.1149
      3   0.2462   0.7594        [35m0.2542[0m       [31m0.9174[0m        0.2559        68.9513
      4   0.2530   0.7642        [35m0.2535[0m       0.9174        0.2550        69.1500
      5   [36m0.3082[0m   [32m0.7950[0m        0.2544       0.9146        [94m0.2472[0m     +  69.3799
      6   0.2405   0.7606        0.2557       [31m0.9177[0m        0.2548        68.9062
      7   0.2373   0.7479        [35m0.2528[0m       0.9170        0.2568        68.9168
Stopping since valid_loss has not improved in the last 3 epochs.
[32m[I 2022-12-11 16:15:30,685][0m Trial 322 finished with value: 0.30820790959969147 and parameters: {'optimizer__lr': 0.0003035122353953894, 'module__dropout': 0.22282821132078803, 'd_model_multiplier': 16, 'module__num_layers': 7, 'module__n_heads': 64, 'module__dim_feedforward': 254, 'iterator_train__batch_size': 105}. Best is trial 231 with value: 0.4798892428044479.[0m
[FileBasedDataset] Initializing dataset...
	Examples: 28559
	Features: 621
	Max length: 120
[FileBasedDataset] Dataset initialization complete
  epoch    auprc    auroc    train_loss    valid_acc    valid_loss    cp      dur
-------  -------  -------  ------------  -----------  ------------  ----  -------
      1   [36m0.0670[0m   [32m0.4614[0m        [35m0.4592[0m       [31m0.9317[0m        [94m0.3115[0m     +  23.9646
      2   [36m0.2076[0m   [32m0.6475[0m        [35m0.2975[0m       [31m0.9331[0m        [94m0.2541[0m     +  23.7333
      3   [36m0.2441[0m   [32m0.6946[0m        [35m0.2615[0m       0.9331        [94m0.2341[0m     +  23.7914
      4   [36m0.2604[0m   [32m0.7227[0m        [35m0.2476[0m       0.9324        [94m0.2256[0m     +  23.0467
      5   [36m0.2696[0m   [32m0.7391[0m        [35m0.2400[0m       0.9324        [94m0.2207[0m     +  23.5803
      6   [36m0.2720[0m   [32m0.7507[0m        [35m0.2358[0m       0.9328        [94m0.2177[0m     +  23.2189
      7   [36m0.2732[0m   [32m0.7587[0m        [35m0.2325[0m       0.9314        [94m0.2156[0m     +  23.7348
      8   [36m0.2748[0m   [32m0.7644[0m        [35m0.2309[0m       0.9328        [94m0.2141[0m     +  23.7921
      9   0.2746   [32m0.7692[0m        [35m0.2294[0m       0.9324        [94m0.2126[0m     +  23.7201
     10   [36m0.2784[0m   [32m0.7739[0m        [35m0.2280[0m       0.9324        [94m0.2112[0m     +  23.5215
     11   0.2773   [32m0.7780[0m        [35m0.2263[0m       0.9324        [94m0.2106[0m     +  23.8076
     12   [36m0.2794[0m   [32m0.7838[0m        [35m0.2259[0m       0.9331        [94m0.2098[0m     +  23.6632
     13   [36m0.2837[0m   [32m0.7885[0m        [35m0.2246[0m       0.9331        [94m0.2088[0m     +  23.9512
     14   [36m0.2852[0m   [32m0.7912[0m        [35m0.2235[0m       0.9331        [94m0.2082[0m     +  23.5402
     15   [36m0.2853[0m   [32m0.7949[0m        [35m0.2232[0m       0.9328        [94m0.2076[0m     +  23.3574
[32m[I 2022-12-11 16:21:27,728][0m Trial 323 finished with value: 0.2853206088704818 and parameters: {'optimizer__lr': 2.7666051178655115e-06, 'module__dropout': 0.06706177278509169, 'd_model_multiplier': 64, 'module__num_layers': 6, 'module__n_heads': 4, 'module__dim_feedforward': 291, 'iterator_train__batch_size': 60}. Best is trial 231 with value: 0.4798892428044479.[0m
[FileBasedDataset] Initializing dataset...
	Examples: 28559
	Features: 621
	Max length: 120
[FileBasedDataset] Dataset initialization complete
  epoch    auprc    auroc    train_loss    valid_acc    valid_loss    cp      dur
-------  -------  -------  ------------  -----------  ------------  ----  -------
      1   [36m0.3644[0m   [32m0.8121[0m        [35m0.2470[0m       [31m0.9226[0m        [94m0.2293[0m     +  25.1276
      2   [36m0.3860[0m   [32m0.8189[0m        [35m0.2262[0m       [31m0.9230[0m        [94m0.2254[0m     +  25.8781
      3   0.3843   [32m0.8239[0m        [35m0.2211[0m       [31m0.9237[0m        0.2264        25.2293
      4   [36m0.3912[0m   [32m0.8389[0m        [35m0.2186[0m       0.9198        [94m0.2205[0m     +  24.4328
      5   0.3742   0.8361        [35m0.2141[0m       0.9237        0.2243        24.8861
      6   0.3830   0.8324        [35m0.2120[0m       0.9233        0.2229        25.0988
Stopping since valid_loss has not improved in the last 3 epochs.
[32m[I 2022-12-11 16:24:24,298][0m Trial 324 finished with value: 0.3912387719830095 and parameters: {'optimizer__lr': 0.00018877276842541962, 'module__dropout': 0.040290575151958954, 'd_model_multiplier': 64, 'module__num_layers': 6, 'module__n_heads': 8, 'module__dim_feedforward': 244, 'iterator_train__batch_size': 205}. Best is trial 231 with value: 0.4798892428044479.[0m
[FileBasedDataset] Initializing dataset...
	Examples: 28559
	Features: 621
	Max length: 120
[FileBasedDataset] Dataset initialization complete
  epoch    auprc    auroc    train_loss    valid_acc    valid_loss    cp      dur
-------  -------  -------  ------------  -----------  ------------  ----  -------
      1   [36m0.0538[0m   [32m0.3146[0m        [35m0.5132[0m       [31m0.9205[0m        [94m0.4112[0m     +  23.6032
      2   [36m0.0989[0m   [32m0.4006[0m        [35m0.3700[0m       0.9205        [94m0.3375[0m     +  23.6349
      3   [36m0.1289[0m   [32m0.4862[0m        [35m0.3163[0m       [31m0.9212[0m        [94m0.3037[0m     +  23.7296
      4   [36m0.1587[0m   [32m0.5494[0m        [35m0.2892[0m       0.9212        [94m0.2851[0m     +  24.6643
      5   [36m0.2176[0m   [32m0.6458[0m        [35m0.2701[0m       [31m0.9223[0m        [94m0.2662[0m     +  24.1991
      6   [36m0.2634[0m   [32m0.6739[0m        [35m0.2536[0m       0.9209        [94m0.2542[0m     +  24.3986
      7   [36m0.2794[0m   [32m0.6924[0m        [35m0.2443[0m       0.9216        [94m0.2481[0m     +  23.9248
      8   [36m0.2904[0m   [32m0.7051[0m        [35m0.2378[0m       [31m0.9226[0m        [94m0.2444[0m     +  24.1553
      9   [36m0.2962[0m   [32m0.7182[0m        [35m0.2347[0m       0.9226        [94m0.2429[0m     +  23.2161
     10   [36m0.3079[0m   [32m0.7270[0m        [35m0.2316[0m       [31m0.9230[0m        [94m0.2405[0m     +  23.6117
     11   [36m0.3163[0m   [32m0.7352[0m        [35m0.2308[0m       [31m0.9240[0m        [94m0.2388[0m     +  23.4017
     12   [36m0.3203[0m   [32m0.7447[0m        [35m0.2286[0m       0.9230        [94m0.2372[0m     +  23.1386
     13   [36m0.3247[0m   [32m0.7492[0m        [35m0.2268[0m       0.9226        [94m0.2360[0m     +  23.3083
     14   [36m0.3282[0m   [32m0.7549[0m        [35m0.2265[0m       0.9237        [94m0.2351[0m     +  23.4418
     15   [36m0.3303[0m   [32m0.7620[0m        [35m0.2243[0m       0.9240        [94m0.2340[0m     +  23.5761
[32m[I 2022-12-11 16:30:21,621][0m Trial 325 finished with value: 0.3302543521724589 and parameters: {'optimizer__lr': 5.305257479958132e-05, 'module__dropout': 0.05804876295033528, 'd_model_multiplier': 2, 'module__num_layers': 5, 'module__n_heads': 4, 'module__dim_feedforward': 225, 'iterator_train__batch_size': 52}. Best is trial 231 with value: 0.4798892428044479.[0m
[FileBasedDataset] Initializing dataset...
	Examples: 28559
	Features: 621
	Max length: 120
[FileBasedDataset] Dataset initialization complete
  epoch    auprc    auroc    train_loss    valid_acc    valid_loss    cp      dur
-------  -------  -------  ------------  -----------  ------------  ----  -------
      1   [36m0.0623[0m   [32m0.3266[0m        [35m0.5829[0m       [31m0.9174[0m        [94m0.4492[0m     +  23.1851
      2   [36m0.0640[0m   0.3258        [35m0.4297[0m       0.9174        [94m0.3439[0m     +  23.7880
      3   [36m0.1152[0m   [32m0.4421[0m        [35m0.3511[0m       [31m0.9177[0m        [94m0.3036[0m     +  23.7516
      4   [36m0.1716[0m   [32m0.5359[0m        [35m0.3131[0m       0.9177        [94m0.2847[0m     +  23.2642
      5   [36m0.2005[0m   [32m0.5879[0m        [35m0.2938[0m       [31m0.9181[0m        [94m0.2757[0m     +  23.7455
      6   [36m0.2167[0m   [32m0.6232[0m        [35m0.2806[0m       0.9181        [94m0.2709[0m     +  23.0890
      7   [36m0.2292[0m   [32m0.6483[0m        [35m0.2728[0m       0.9177        [94m0.2681[0m     +  23.0271
      8   [36m0.2329[0m   [32m0.6555[0m        [35m0.2680[0m       0.9177        [94m0.2666[0m     +  23.4663
      9   [36m0.2402[0m   [32m0.6737[0m        [35m0.2636[0m       0.9177        [94m0.2649[0m     +  23.9833
     10   [36m0.2576[0m   [32m0.7029[0m        [35m0.2611[0m       0.9177        [94m0.2616[0m     +  23.4206
     11   [36m0.2966[0m   [32m0.7582[0m        [35m0.2591[0m       0.9177        [94m0.2458[0m     +  24.3396
     12   [36m0.3324[0m   [32m0.7749[0m        [35m0.2555[0m       [31m0.9195[0m        [94m0.2365[0m     +  23.7796
     13   [36m0.3494[0m   0.7732        [35m0.2496[0m       [31m0.9209[0m        0.2369        23.4492
     14   [36m0.3648[0m   0.7726        [35m0.2481[0m       0.9209        [94m0.2357[0m     +  22.9589
     15   [36m0.3719[0m   [32m0.7759[0m        [35m0.2452[0m       0.9209        [94m0.2356[0m     +  23.7349
[32m[I 2022-12-11 16:36:15,775][0m Trial 326 finished with value: 0.3718725279981691 and parameters: {'optimizer__lr': 2.8495277356190814e-05, 'module__dropout': 0.6072409190663688, 'd_model_multiplier': 16, 'module__num_layers': 7, 'module__n_heads': 4, 'module__dim_feedforward': 151, 'iterator_train__batch_size': 177}. Best is trial 231 with value: 0.4798892428044479.[0m
[FileBasedDataset] Initializing dataset...
	Examples: 28559
	Features: 621
	Max length: 120
[FileBasedDataset] Dataset initialization complete
  epoch    auprc    auroc    train_loss    valid_acc    valid_loss    cp      dur
-------  -------  -------  ------------  -----------  ------------  ----  -------
      1   [36m0.3520[0m   [32m0.8251[0m        [35m0.2406[0m       [31m0.9247[0m        [94m0.2172[0m     +  23.4618
      2   [36m0.3688[0m   [32m0.8375[0m        [35m0.2231[0m       [31m0.9265[0m        [94m0.2113[0m     +  24.0389
      3   [36m0.3974[0m   [32m0.8493[0m        [35m0.2177[0m       [31m0.9272[0m        [94m0.2052[0m     +  24.2687
      4   0.3951   [32m0.8569[0m        [35m0.2125[0m       0.9261        [94m0.2023[0m     +  23.7052
      5   [36m0.4057[0m   [32m0.8629[0m        [35m0.2076[0m       [31m0.9289[0m        [94m0.1996[0m     +  23.7437
      6   [36m0.4204[0m   [32m0.8682[0m        [35m0.2022[0m       0.9282        [94m0.1984[0m     +  23.6676
      7   0.4027   0.8647        [35m0.1979[0m       [31m0.9314[0m        [94m0.1980[0m     +  24.1380
      8   0.3923   0.8620        [35m0.1912[0m       0.9265        0.2000        23.9685
      9   0.3960   0.8592        [35m0.1878[0m       0.9293        0.2023        23.6642
Stopping since valid_loss has not improved in the last 3 epochs.
[32m[I 2022-12-11 16:40:15,743][0m Trial 327 finished with value: 0.4204272547788322 and parameters: {'optimizer__lr': 0.00010847435658026857, 'module__dropout': 0.07367517263006736, 'd_model_multiplier': 64, 'module__num_layers': 6, 'module__n_heads': 4, 'module__dim_feedforward': 280, 'iterator_train__batch_size': 45}. Best is trial 231 with value: 0.4798892428044479.[0m
[FileBasedDataset] Initializing dataset...
	Examples: 28559
	Features: 621
	Max length: 120
[FileBasedDataset] Dataset initialization complete
  epoch    auprc    auroc    train_loss    valid_acc    valid_loss    cp      dur
-------  -------  -------  ------------  -----------  ------------  ----  -------
      1   [36m0.1074[0m   [32m0.5228[0m        [35m0.6689[0m       [31m0.7468[0m        [94m0.6662[0m     +  22.1949
      2   0.1074   0.5228        0.6691       0.7468        [94m0.6662[0m     +  22.9228
      3   0.1074   0.5228        0.6691       0.7468        [94m0.6662[0m     +  22.8850
Stopping since valid_loss has not improved in the last 3 epochs.
[32m[I 2022-12-11 16:41:46,755][0m Trial 328 finished with value: 0.10742685076905653 and parameters: {'optimizer__lr': 1.6464676559090855e-10, 'module__dropout': 0.09270910938667641, 'd_model_multiplier': 4, 'module__num_layers': 2, 'module__n_heads': 4, 'module__dim_feedforward': 273, 'iterator_train__batch_size': 125}. Best is trial 231 with value: 0.4798892428044479.[0m
[FileBasedDataset] Initializing dataset...
	Examples: 28559
	Features: 621
	Max length: 120
[FileBasedDataset] Dataset initialization complete
  epoch    auprc    auroc    train_loss    valid_acc    valid_loss    cp      dur
-------  -------  -------  ------------  -----------  ------------  ----  -------
      1   [36m0.2895[0m   [32m0.7888[0m        [35m0.2500[0m       [31m0.9303[0m        [94m0.2138[0m     +  23.9745
      2   [36m0.3021[0m   [32m0.7904[0m        [35m0.2359[0m       [31m0.9307[0m        [94m0.2128[0m     +  25.0116
      3   0.2986   [32m0.8005[0m        [35m0.2326[0m       0.9307        [94m0.2096[0m     +  25.2142
      4   [36m0.3168[0m   [32m0.8050[0m        [35m0.2278[0m       [31m0.9331[0m        [94m0.2074[0m     +  25.2014
      5   0.2830   0.7914        0.2294       0.9314        0.2144        25.8368
      6   0.2634   0.7891        0.2337       0.9251        0.2149        25.5559
Stopping since valid_loss has not improved in the last 3 epochs.
