[32m[I 2022-12-11 19:30:34,775][0m Trial 359 finished with value: 0.3781863529080419 and parameters: {'optimizer__lr': 9.885840804608026e-05, 'module__dropout': 0.10322988388006533, 'd_model_multiplier': 4, 'module__num_layers': 8, 'module__n_heads': 4, 'module__dim_feedforward': 504, 'iterator_train__batch_size': 47}. Best is trial 231 with value: 0.4798892428044479.[0m
[FileBasedDataset] Initializing dataset...
	Examples: 28559
	Features: 621
	Max length: 120
[FileBasedDataset] Dataset initialization complete
  epoch    auprc    auroc    train_loss    valid_acc    valid_loss    cp      dur
-------  -------  -------  ------------  -----------  ------------  ----  -------
      1   [36m0.1320[0m   [32m0.5283[0m        [35m0.3876[0m       [31m0.9226[0m        [94m0.2787[0m     +  22.3681
      2   [36m0.1784[0m   [32m0.6429[0m        [35m0.2769[0m       [31m0.9230[0m        [94m0.2573[0m     +  22.8532
      3   [36m0.1831[0m   [32m0.6537[0m        [35m0.2684[0m       0.9230        [94m0.2538[0m     +  22.9213
      4   [36m0.1843[0m   [32m0.6660[0m        [35m0.2663[0m       0.9230        [94m0.2525[0m     +  23.1138
      5   [36m0.2254[0m   [32m0.7242[0m        [35m0.2627[0m       0.9230        [94m0.2462[0m     +  22.5261
      6   [36m0.2965[0m   [32m0.7511[0m        [35m0.2540[0m       [31m0.9244[0m        [94m0.2345[0m     +  22.8250
      7   0.2897   0.7487        [35m0.2458[0m       [31m0.9251[0m        [94m0.2338[0m     +  23.1734
      8   [36m0.2977[0m   [32m0.7531[0m        [35m0.2428[0m       0.9251        [94m0.2329[0m     +  22.4906
      9   0.2930   [32m0.7573[0m        [35m0.2411[0m       0.9251        0.2331        23.1654
     10   [36m0.2984[0m   [32m0.7600[0m        [35m0.2383[0m       0.9247        [94m0.2329[0m     +  22.8483
     11   [36m0.3069[0m   [32m0.7767[0m        [35m0.2367[0m       [31m0.9258[0m        [94m0.2292[0m     +  22.5820
     12   0.3049   0.7755        [35m0.2345[0m       0.9258        [94m0.2290[0m     +  22.7120
     13   [36m0.3073[0m   [32m0.7833[0m        [35m0.2334[0m       0.9254        [94m0.2277[0m     +  23.0738
     14   [36m0.3077[0m   [32m0.7840[0m        [35m0.2305[0m       0.9244        0.2277        23.5253
     15   0.3029   0.7820        [35m0.2298[0m       0.9237        0.2293        22.8260
[32m[I 2022-12-11 19:36:18,655][0m Trial 360 finished with value: 0.30771680391278955 and parameters: {'optimizer__lr': 0.0004104362432198413, 'module__dropout': 0.23429811045293242, 'd_model_multiplier': 1, 'module__num_layers': 2, 'module__n_heads': 4, 'module__dim_feedforward': 505, 'iterator_train__batch_size': 52}. Best is trial 231 with value: 0.4798892428044479.[0m
[FileBasedDataset] Initializing dataset...
	Examples: 28559
	Features: 621
	Max length: 120
[FileBasedDataset] Dataset initialization complete
  epoch    auprc    auroc    train_loss    valid_acc    valid_loss    cp      dur
-------  -------  -------  ------------  -----------  ------------  ----  -------
      1   [36m0.0566[0m   [32m0.3490[0m        [35m0.5079[0m       [31m0.9247[0m        [94m0.3655[0m     +  22.9202
      2   [36m0.1249[0m   [32m0.5014[0m        [35m0.3493[0m       0.9247        [94m0.2916[0m     +  23.8889
      3   [36m0.1699[0m   [32m0.6008[0m        [35m0.2993[0m       [31m0.9258[0m        [94m0.2666[0m     +  24.5100
      4   [36m0.2370[0m   [32m0.6888[0m        [35m0.2788[0m       0.9254        [94m0.2485[0m     +  23.6223
      5   [36m0.2863[0m   [32m0.7259[0m        [35m0.2626[0m       [31m0.9265[0m        [94m0.2364[0m     +  23.5707
      6   [36m0.3130[0m   [32m0.7381[0m        [35m0.2550[0m       [31m0.9289[0m        [94m0.2302[0m     +  22.7628
      7   [36m0.3322[0m   [32m0.7490[0m        [35m0.2496[0m       0.9282        [94m0.2253[0m     +  23.0994
      8   [36m0.3456[0m   [32m0.7586[0m        [35m0.2465[0m       [31m0.9296[0m        [94m0.2225[0m     +  23.9055
      9   [36m0.3466[0m   [32m0.7597[0m        [35m0.2440[0m       [31m0.9310[0m        [94m0.2212[0m     +  24.3523
     10   [36m0.3501[0m   [32m0.7678[0m        [35m0.2419[0m       0.9296        [94m0.2200[0m     +  23.8590
     11   [36m0.3506[0m   [32m0.7683[0m        [35m0.2401[0m       0.9307        [94m0.2194[0m     +  23.2387
     12   [36m0.3516[0m   [32m0.7688[0m        [35m0.2380[0m       0.9310        [94m0.2187[0m     +  23.4253
     13   0.3507   [32m0.7707[0m        0.2381       0.9310        [94m0.2186[0m     +  24.0539
     14   0.3507   [32m0.7716[0m        [35m0.2374[0m       0.9307        [94m0.2184[0m     +  23.6454
     15   [36m0.3541[0m   [32m0.7750[0m        [35m0.2349[0m       0.9310        [94m0.2182[0m     +  23.6079
[32m[I 2022-12-11 19:42:13,844][0m Trial 361 finished with value: 0.3540510181544267 and parameters: {'optimizer__lr': 0.00014302783282559202, 'module__dropout': 0.38849216872363534, 'd_model_multiplier': 4, 'module__num_layers': 3, 'module__n_heads': 4, 'module__dim_feedforward': 494, 'iterator_train__batch_size': 199}. Best is trial 231 with value: 0.4798892428044479.[0m
[FileBasedDataset] Initializing dataset...
	Examples: 28559
	Features: 621
	Max length: 120
[FileBasedDataset] Dataset initialization complete
  epoch    auprc    auroc    train_loss    valid_acc    valid_loss    cp      dur
-------  -------  -------  ------------  -----------  ------------  ----  -------
      1   [36m0.0547[0m   [32m0.2775[0m        [35m0.5782[0m       [31m0.9167[0m        [94m0.4803[0m     +  24.1313
      2   [36m0.0990[0m   [32m0.3550[0m        [35m0.4230[0m       [31m0.9174[0m        [94m0.3850[0m     +  24.2330
      3   [36m0.1334[0m   [32m0.4334[0m        [35m0.3562[0m       [31m0.9184[0m        [94m0.3404[0m     +  24.2132
      4   [36m0.1958[0m   [32m0.5459[0m        [35m0.3190[0m       [31m0.9191[0m        [94m0.3094[0m     +  24.1283
      5   [36m0.2707[0m   [32m0.6067[0m        [35m0.2936[0m       [31m0.9209[0m        [94m0.2871[0m     +  24.5006
      6   [36m0.3120[0m   [32m0.6495[0m        [35m0.2771[0m       0.9209        [94m0.2727[0m     +  23.9369
      7   [36m0.3249[0m   [32m0.6713[0m        [35m0.2654[0m       0.9209        [94m0.2640[0m     +  24.2279
      8   [36m0.3380[0m   [32m0.6912[0m        [35m0.2577[0m       [31m0.9223[0m        [94m0.2567[0m     +  24.6536
      9   [36m0.3414[0m   [32m0.6954[0m        [35m0.2514[0m       [31m0.9226[0m        [94m0.2524[0m     +  23.8165
     10   [36m0.3475[0m   [32m0.7154[0m        [35m0.2465[0m       0.9223        [94m0.2486[0m     +  24.2219
     11   [36m0.3490[0m   [32m0.7211[0m        [35m0.2430[0m       0.9223        [94m0.2460[0m     +  23.5809
     12   [36m0.3546[0m   [32m0.7281[0m        [35m0.2398[0m       [31m0.9230[0m        [94m0.2435[0m     +  24.0017
     13   [36m0.3605[0m   [32m0.7374[0m        [35m0.2370[0m       0.9226        [94m0.2407[0m     +  23.8080
     14   [36m0.3631[0m   [32m0.7478[0m        [35m0.2347[0m       0.9226        [94m0.2390[0m     +  24.0463
     15   [36m0.3648[0m   [32m0.7526[0m        [35m0.2330[0m       [31m0.9240[0m        [94m0.2373[0m     +  23.9219
[32m[I 2022-12-11 19:48:16,349][0m Trial 362 finished with value: 0.3647675533822355 and parameters: {'optimizer__lr': 7.315003282155079e-05, 'module__dropout': 0.05974912550719957, 'd_model_multiplier': 4, 'module__num_layers': 9, 'module__n_heads': 4, 'module__dim_feedforward': 160, 'iterator_train__batch_size': 224}. Best is trial 231 with value: 0.4798892428044479.[0m
[FileBasedDataset] Initializing dataset...
	Examples: 28559
	Features: 621
	Max length: 120
[FileBasedDataset] Dataset initialization complete
  epoch    auprc    auroc    train_loss    valid_acc    valid_loss    cp      dur
-------  -------  -------  ------------  -----------  ------------  ----  -------
      1   [36m0.3243[0m   [32m0.7384[0m        [35m0.3112[0m       [31m0.9275[0m        [94m0.2334[0m     +  23.2266
      2   [36m0.3383[0m   [32m0.7651[0m        [35m0.2317[0m       0.9272        [94m0.2268[0m     +  23.6054
      3   [36m0.3534[0m   [32m0.7759[0m        [35m0.2260[0m       0.9275        [94m0.2228[0m     +  23.7198
      4   [36m0.3816[0m   [32m0.7949[0m        [35m0.2219[0m       [31m0.9296[0m        [94m0.2171[0m     +  23.8304
      5   0.3748   [32m0.8022[0m        [35m0.2184[0m       [31m0.9310[0m        [94m0.2157[0m     +  24.2924
      6   0.3720   [32m0.8113[0m        [35m0.2176[0m       0.9296        [94m0.2144[0m     +  23.9009
      7   [36m0.3868[0m   [32m0.8142[0m        [35m0.2170[0m       0.9293        [94m0.2123[0m     +  23.9617
      8   [36m0.3966[0m   0.8136        [35m0.2152[0m       0.9289        [94m0.2102[0m     +  23.6324
      9   [36m0.4102[0m   [32m0.8246[0m        [35m0.2145[0m       0.9293        [94m0.2079[0m     +  24.0346
     10   [36m0.4144[0m   [32m0.8291[0m        [35m0.2125[0m       0.9282        [94m0.2069[0m     +  23.7190
     11   0.4015   0.8267        [35m0.2093[0m       0.9286        0.2079        23.6625
     12   0.4102   [32m0.8365[0m        0.2104       0.9303        [94m0.2058[0m     +  24.1437
     13   [36m0.4182[0m   [32m0.8369[0m        0.2106       0.9289        [94m0.2052[0m     +  23.7749
     14   [36m0.4230[0m   [32m0.8389[0m        0.2095       0.9300        [94m0.2036[0m     +  24.8602
     15   0.4227   [32m0.8394[0m        [35m0.2090[0m       0.9289        [94m0.2035[0m     +  24.7238
[32m[I 2022-12-11 19:54:16,820][0m Trial 363 finished with value: 0.42295387221605124 and parameters: {'optimizer__lr': 0.00028690164306539916, 'module__dropout': 0.08741854675572831, 'd_model_multiplier': 4, 'module__num_layers': 8, 'module__n_heads': 4, 'module__dim_feedforward': 511, 'iterator_train__batch_size': 58}. Best is trial 231 with value: 0.4798892428044479.[0m
[FileBasedDataset] Initializing dataset...
	Examples: 28559
	Features: 621
	Max length: 120
[FileBasedDataset] Dataset initialization complete
  epoch    auprc    auroc    train_loss    valid_acc    valid_loss    cp      dur
-------  -------  -------  ------------  -----------  ------------  ----  -------
      1   [36m0.3895[0m   [32m0.8218[0m        [35m0.2389[0m       [31m0.9314[0m        [94m0.2108[0m     +  22.5543
      2   [36m0.3978[0m   [32m0.8409[0m        [35m0.2166[0m       [31m0.9324[0m        [94m0.2050[0m     +  23.4156
      3   0.3968   [32m0.8452[0m        [35m0.2113[0m       0.9286        0.2060        22.8449
      4   [36m0.4079[0m   [32m0.8519[0m        [35m0.2076[0m       0.9300        [94m0.2031[0m     +  22.8322
      5   0.4079   [32m0.8555[0m        [35m0.2038[0m       0.9317        0.2059        23.3525
      6   0.4057   [32m0.8556[0m        [35m0.2001[0m       0.9300        0.2054        22.9143
Stopping since valid_loss has not improved in the last 3 epochs.
[32m[I 2022-12-11 19:56:57,639][0m Trial 364 finished with value: 0.4079060885374355 and parameters: {'optimizer__lr': 0.0007401618437189234, 'module__dropout': 0.042484678815313724, 'd_model_multiplier': 16, 'module__num_layers': 1, 'module__n_heads': 4, 'module__dim_feedforward': 462, 'iterator_train__batch_size': 73}. Best is trial 231 with value: 0.4798892428044479.[0m
[FileBasedDataset] Initializing dataset...
	Examples: 28559
	Features: 621
	Max length: 120
[FileBasedDataset] Dataset initialization complete
  epoch    auprc    auroc    train_loss    valid_acc    valid_loss    cp      dur
-------  -------  -------  ------------  -----------  ------------  ----  -------
      1   [36m0.3279[0m   [32m0.7515[0m        [35m0.3070[0m       [31m0.9195[0m        [94m0.2498[0m     +  26.3847
      2   [36m0.3405[0m   [32m0.7653[0m        [35m0.2384[0m       [31m0.9216[0m        [94m0.2485[0m     +  25.9519
      3   [36m0.3645[0m   [32m0.7867[0m        [35m0.2345[0m       0.9209        [94m0.2465[0m     +  26.4446
      4   [36m0.3819[0m   [32m0.7908[0m        [35m0.2320[0m       0.9212        0.2466        26.3744
      5   [36m0.3828[0m   [32m0.7926[0m        [35m0.2289[0m       [31m0.9233[0m        [94m0.2395[0m     +  25.9914
      6   0.3687   0.7812        [35m0.2277[0m       0.9233        0.2425        26.5421
      7   [36m0.3871[0m   0.7881        [35m0.2265[0m       [31m0.9240[0m        0.2402        26.2764
Stopping since valid_loss has not improved in the last 3 epochs.
[32m[I 2022-12-11 20:00:28,555][0m Trial 365 finished with value: 0.38709549347352323 and parameters: {'optimizer__lr': 0.0001834843597364668, 'module__dropout': 0.3639241704812354, 'd_model_multiplier': 8, 'module__num_layers': 15, 'module__n_heads': 4, 'module__dim_feedforward': 284, 'iterator_train__batch_size': 54}. Best is trial 231 with value: 0.4798892428044479.[0m
[FileBasedDataset] Initializing dataset...
	Examples: 28559
	Features: 621
	Max length: 120
[FileBasedDataset] Dataset initialization complete
  epoch    auprc    auroc    train_loss    valid_acc    valid_loss    cp      dur
-------  -------  -------  ------------  -----------  ------------  ----  -------
      1   [36m0.2952[0m   [32m0.7555[0m        [35m0.2976[0m       [31m0.9240[0m        [94m0.2286[0m     +  23.5460
      2   [36m0.3096[0m   [32m0.7736[0m        [35m0.2314[0m       [31m0.9254[0m        [94m0.2219[0m     +  24.4066
      3   [36m0.3353[0m   [32m0.7830[0m        [35m0.2269[0m       [31m0.9272[0m        [94m0.2181[0m     +  24.0403
      4   [36m0.3410[0m   [32m0.7981[0m        [35m0.2234[0m       0.9272        [94m0.2148[0m     +  23.7514
      5   [36m0.3535[0m   [32m0.8061[0m        [35m0.2203[0m       [31m0.9282[0m        [94m0.2117[0m     +  23.4964
      6   [36m0.3618[0m   [32m0.8127[0m        [35m0.2178[0m       [31m0.9293[0m        [94m0.2088[0m     +  23.4596
      7   [36m0.3797[0m   [32m0.8209[0m        [35m0.2170[0m       [31m0.9300[0m        [94m0.2065[0m     +  23.5043
      8   [36m0.3872[0m   0.8197        [35m0.2136[0m       0.9293        0.2069        23.4560
      9   [36m0.3936[0m   [32m0.8321[0m        [35m0.2131[0m       0.9293        [94m0.2028[0m     +  23.5308
     10   [36m0.3967[0m   [32m0.8348[0m        [35m0.2107[0m       0.9300        [94m0.2025[0m     +  23.5043
     11   [36m0.4004[0m   [32m0.8438[0m        [35m0.2100[0m       0.9296        [94m0.2014[0m     +  23.9804
     12   [36m0.4118[0m   [32m0.8455[0m        [35m0.2095[0m       0.9282        [94m0.1990[0m     +  23.3073
     13   0.4113   [32m0.8482[0m        [35m0.2078[0m       0.9289        0.2000        23.3272
     14   0.4097   [32m0.8501[0m        [35m0.2075[0m       0.9286        [94m0.1987[0m     +  23.4184
     15   0.4068   0.8477        [35m0.2066[0m       0.9289        0.1997        23.4645
[32m[I 2022-12-11 20:06:24,194][0m Trial 366 finished with value: 0.41183583443409555 and parameters: {'optimizer__lr': 9.815458223059492e-05, 'module__dropout': 0.16627314700507684, 'd_model_multiplier': 16, 'module__num_layers': 7, 'module__n_heads': 4, 'module__dim_feedforward': 397, 'iterator_train__batch_size': 66}. Best is trial 231 with value: 0.4798892428044479.[0m
[FileBasedDataset] Initializing dataset...
	Examples: 28559
	Features: 621
	Max length: 120
[FileBasedDataset] Dataset initialization complete
  epoch    auprc    auroc    train_loss    valid_acc    valid_loss    cp      dur
-------  -------  -------  ------------  -----------  ------------  ----  -------
      1   [36m0.3047[0m   [32m0.7685[0m        [35m0.2475[0m       [31m0.9226[0m        [94m0.2356[0m     +  26.9495
      2   [36m0.3216[0m   [32m0.7712[0m        [35m0.2274[0m       0.9226        [94m0.2353[0m     +  26.7646
      3   [36m0.3226[0m   [32m0.7739[0m        [35m0.2241[0m       [31m0.9258[0m        0.2360        26.8184
      4   [36m0.3453[0m   [32m0.7783[0m        [35m0.2191[0m       0.9240        [94m0.2331[0m     +  26.6423
      5   [36m0.3521[0m   [32m0.7947[0m        [35m0.2160[0m       0.9254        [94m0.2305[0m     +  26.9610
      6   [36m0.3686[0m   [32m0.8028[0m        [35m0.2128[0m       [31m0.9272[0m        [94m0.2285[0m     +  26.8053
      7   0.3684   [32m0.8207[0m        [35m0.2114[0m       0.9268        [94m0.2246[0m     +  26.8526
      8   0.3667   0.8130        [35m0.2088[0m       0.9254        0.2273        26.5553
      9   [36m0.3744[0m   [32m0.8210[0m        [35m0.2075[0m       0.9247        0.2247        26.6154
Stopping since valid_loss has not improved in the last 3 epochs.
[32m[I 2022-12-11 20:10:53,221][0m Trial 367 finished with value: 0.3744403483983232 and parameters: {'optimizer__lr': 7.106187822717183e-05, 'module__dropout': 0.19423295394731507, 'd_model_multiplier': 8, 'module__num_layers': 8, 'module__n_heads': 32, 'module__dim_feedforward': 176, 'iterator_train__batch_size': 47}. Best is trial 231 with value: 0.4798892428044479.[0m
[FileBasedDataset] Initializing dataset...
	Examples: 28559
	Features: 621
	Max length: 120
[FileBasedDataset] Dataset initialization complete
  epoch    auprc    auroc    train_loss    valid_acc    valid_loss    cp      dur
-------  -------  -------  ------------  -----------  ------------  ----  -------
      1   [36m0.0814[0m   [32m0.4304[0m        [35m0.4989[0m       [31m0.9247[0m        [94m0.3764[0m     +  23.1410
      2   [36m0.1611[0m   [32m0.5800[0m        [35m0.3456[0m       0.9244        [94m0.2948[0m     +  23.7020
      3   [36m0.1898[0m   [32m0.6535[0m        [35m0.2939[0m       0.9247        [94m0.2645[0m     +  22.8333
      4   [36m0.2089[0m   [32m0.6828[0m        [35m0.2727[0m       0.9247        [94m0.2523[0m     +  23.2259
      5   [36m0.2118[0m   [32m0.6936[0m        [35m0.2628[0m       0.9247        [94m0.2473[0m     +  23.0619
      6   [36m0.2137[0m   [32m0.7003[0m        [35m0.2574[0m       0.9247        [94m0.2451[0m     +  23.5572
      7   [36m0.2306[0m   [32m0.7136[0m        [35m0.2553[0m       [31m0.9251[0m        [94m0.2427[0m     +  23.1000
      8   [36m0.3359[0m   [32m0.7791[0m        [35m0.2469[0m       [31m0.9282[0m        [94m0.2245[0m     +  23.4844
      9   [36m0.3614[0m   [32m0.7942[0m        [35m0.2377[0m       [31m0.9317[0m        [94m0.2158[0m     +  23.4633
     10   [36m0.3735[0m   [32m0.7969[0m        [35m0.2329[0m       [31m0.9331[0m        [94m0.2137[0m     +  23.5970
     11   0.3188   0.7819        0.2335       0.9293        0.2207        23.7561
     12   0.3614   [32m0.7985[0m        [35m0.2295[0m       0.9324        [94m0.2135[0m     +  23.7981
     13   0.3469   0.7930        [35m0.2281[0m       0.9303        0.2166        23.9790
     14   0.3577   [32m0.8038[0m        [35m0.2275[0m       0.9324        [94m0.2133[0m     +  24.1863
     15   [36m0.3804[0m   [32m0.8092[0m        [35m0.2257[0m       [31m0.9349[0m        [94m0.2092[0m     +  23.5023
[32m[I 2022-12-11 20:16:46,684][0m Trial 368 finished with value: 0.38040704549280346 and parameters: {'optimizer__lr': 0.0003883900397372957, 'module__dropout': 0.025671169640239425, 'd_model_multiplier': 2, 'module__num_layers': 11, 'module__n_heads': 4, 'module__dim_feedforward': 267, 'iterator_train__batch_size': 209}. Best is trial 231 with value: 0.4798892428044479.[0m
[FileBasedDataset] Initializing dataset...
	Examples: 28559
	Features: 621
	Max length: 120
[FileBasedDataset] Dataset initialization complete
  epoch    auprc    auroc    train_loss    valid_acc    valid_loss    cp      dur
-------  -------  -------  ------------  -----------  ------------  ----  -------
      1   [36m0.3064[0m   [32m0.7758[0m        [35m0.2767[0m       [31m0.9230[0m        [94m0.2304[0m     +  23.1213
      2   [36m0.3262[0m   [32m0.8012[0m        [35m0.2277[0m       0.9226        [94m0.2244[0m     +  22.9634
      3   [36m0.3344[0m   [32m0.8177[0m        [35m0.2226[0m       [31m0.9233[0m        [94m0.2210[0m     +  22.8953
      4   [36m0.3477[0m   [32m0.8354[0m        [35m0.2188[0m       0.9223        [94m0.2169[0m     +  23.3033
      5   [36m0.3610[0m   [32m0.8440[0m        [35m0.2156[0m       0.9233        [94m0.2158[0m     +  23.7448
      6   [36m0.3640[0m   [32m0.8475[0m        [35m0.2117[0m       0.9233        [94m0.2150[0m     +  23.1421
      7   [36m0.3647[0m   [32m0.8502[0m        [35m0.2088[0m       0.9223        [94m0.2131[0m     +  23.3342
      8   [36m0.3772[0m   [32m0.8524[0m        [35m0.2062[0m       0.9223        0.2133        23.2110
      9   0.3738   0.8507        [35m0.2023[0m       [31m0.9237[0m        [94m0.2122[0m     +  25.2839
     10   0.3710   0.8501        [35m0.2009[0m       0.9226        0.2139        23.5814
     11   0.3614   0.8456        [35m0.1992[0m       0.9219        0.2185        23.0015
Stopping since valid_loss has not improved in the last 3 epochs.
