[32m[I 2022-12-10 21:43:44,879][0m Trial 158 finished with value: 0.3988222057823462 and parameters: {'optimizer__lr': 0.00011556681297315735, 'module__dropout': 0.04680203532346443, 'd_model_multiplier': 16, 'module__num_layers': 6, 'module__n_heads': 4, 'module__dim_feedforward': 193, 'iterator_train__batch_size': 45}. Best is trial 150 with value: 0.456284322182146.[0m
[FileBasedDataset] Initializing dataset...
	Examples: 28559
	Features: 621
	Max length: 120
[FileBasedDataset] Dataset initialization complete
  epoch    auprc    auroc    train_loss    valid_acc    valid_loss    cp      dur
-------  -------  -------  ------------  -----------  ------------  ----  -------
      1   [36m0.3161[0m   [32m0.7997[0m        [35m0.2447[0m       [31m0.9314[0m        [94m0.2120[0m     +  31.8282
      2   [36m0.3359[0m   [32m0.8092[0m        [35m0.2233[0m       [31m0.9317[0m        [94m0.2086[0m     +  31.5738
      3   [36m0.3420[0m   [32m0.8242[0m        [35m0.2174[0m       0.9317        [94m0.2070[0m     +  32.4390
      4   [36m0.3434[0m   [32m0.8257[0m        [35m0.2134[0m       0.9307        [94m0.2034[0m     +  30.5147
      5   [36m0.3508[0m   [32m0.8345[0m        [35m0.2110[0m       0.9317        [94m0.2033[0m     +  30.5747
      6   [36m0.3541[0m   [32m0.8356[0m        [35m0.2080[0m       0.9303        [94m0.2025[0m     +  31.6742
      7   0.3419   0.8302        [35m0.2048[0m       0.9296        0.2072        31.4782
      8   [36m0.3589[0m   0.8351        [35m0.2025[0m       0.9310        0.2041        32.1582
Stopping since valid_loss has not improved in the last 3 epochs.
[32m[I 2022-12-10 21:48:29,306][0m Trial 159 finished with value: 0.35891264270643247 and parameters: {'optimizer__lr': 0.00022726816276437861, 'module__dropout': 0.03923183419295162, 'd_model_multiplier': 16, 'module__num_layers': 8, 'module__n_heads': 4, 'module__dim_feedforward': 181, 'iterator_train__batch_size': 23}. Best is trial 150 with value: 0.456284322182146.[0m
[FileBasedDataset] Initializing dataset...
	Examples: 28559
	Features: 621
	Max length: 120
[FileBasedDataset] Dataset initialization complete
  epoch    auprc    auroc    train_loss    valid_acc    valid_loss    cp      dur
-------  -------  -------  ------------  -----------  ------------  ----  -------
      1   [36m0.3929[0m   [32m0.8357[0m        [35m0.2428[0m       [31m0.9275[0m        [94m0.2125[0m     +  23.2885
      2   0.3871   [32m0.8429[0m        [35m0.2228[0m       0.9268        [94m0.2084[0m     +  23.6246
      3   0.3841   [32m0.8442[0m        [35m0.2164[0m       0.9265        0.2088        23.7704
      4   [36m0.3933[0m   [32m0.8481[0m        [35m0.2153[0m       0.9261        0.2097        23.6525
Stopping since valid_loss has not improved in the last 3 epochs.
[32m[I 2022-12-10 21:50:27,776][0m Trial 160 finished with value: 0.3932686871703427 and parameters: {'optimizer__lr': 0.0006724780522070444, 'module__dropout': 0.036720454036555675, 'd_model_multiplier': 16, 'module__num_layers': 6, 'module__n_heads': 4, 'module__dim_feedforward': 138, 'iterator_train__batch_size': 59}. Best is trial 150 with value: 0.456284322182146.[0m
[FileBasedDataset] Initializing dataset...
	Examples: 28559
	Features: 621
	Max length: 120
[FileBasedDataset] Dataset initialization complete
  epoch    auprc    auroc    train_loss    valid_acc    valid_loss    cp      dur
-------  -------  -------  ------------  -----------  ------------  ----  -------
      1   [36m0.3783[0m   [32m0.8100[0m        [35m0.2533[0m       [31m0.9282[0m        [94m0.2263[0m     +  23.0364
      2   [36m0.4014[0m   [32m0.8386[0m        [35m0.2231[0m       0.9275        [94m0.2189[0m     +  23.6056
      3   [36m0.4096[0m   [32m0.8463[0m        [35m0.2166[0m       0.9258        [94m0.2150[0m     +  23.0618
      4   [36m0.4113[0m   [32m0.8527[0m        [35m0.2139[0m       0.9244        [94m0.2139[0m     +  23.2719
      5   [36m0.4240[0m   [32m0.8571[0m        [35m0.2088[0m       0.9254        [94m0.2101[0m     +  23.3577
      6   0.4049   0.8536        [35m0.2073[0m       0.9212        0.2128        23.5251
      7   0.4138   0.8556        [35m0.2041[0m       0.9226        0.2111        23.5239
Stopping since valid_loss has not improved in the last 3 epochs.
[32m[I 2022-12-10 21:53:34,876][0m Trial 161 finished with value: 0.42403747476933507 and parameters: {'optimizer__lr': 0.00034320407031256523, 'module__dropout': 0.06597491028589134, 'd_model_multiplier': 16, 'module__num_layers': 5, 'module__n_heads': 4, 'module__dim_feedforward': 296, 'iterator_train__batch_size': 72}. Best is trial 150 with value: 0.456284322182146.[0m
[FileBasedDataset] Initializing dataset...
	Examples: 28559
	Features: 621
	Max length: 120
[FileBasedDataset] Dataset initialization complete
  epoch    auprc    auroc    train_loss    valid_acc    valid_loss    cp      dur
-------  -------  -------  ------------  -----------  ------------  ----  -------
      1   [36m0.3158[0m   [32m0.8039[0m        [35m0.2497[0m       [31m0.9275[0m        [94m0.2114[0m     +  22.8077
      2   [36m0.3503[0m   [32m0.8296[0m        [35m0.2241[0m       [31m0.9307[0m        [94m0.2037[0m     +  24.1259
      3   [36m0.3609[0m   [32m0.8301[0m        [35m0.2199[0m       0.9307        [94m0.2018[0m     +  24.0916
      4   [36m0.3635[0m   [32m0.8374[0m        [35m0.2165[0m       0.9300        [94m0.2002[0m     +  24.0573
      5   [36m0.3752[0m   [32m0.8427[0m        [35m0.2116[0m       [31m0.9310[0m        [94m0.1972[0m     +  23.9508
      6   [36m0.3847[0m   0.8410        [35m0.2080[0m       [31m0.9328[0m        [94m0.1971[0m     +  23.6989
      7   0.3834   [32m0.8480[0m        [35m0.2063[0m       0.9314        [94m0.1951[0m     +  23.9044
      8   0.3807   [32m0.8526[0m        [35m0.2032[0m       [31m0.9331[0m        [94m0.1944[0m     +  24.0026
      9   0.3732   0.8515        [35m0.1983[0m       0.9303        0.1962        23.7624
     10   0.3789   [32m0.8587[0m        [35m0.1963[0m       0.9303        [94m0.1935[0m     +  23.6199
     11   0.3747   0.8579        [35m0.1936[0m       0.9293        0.1941        24.1920
     12   0.3822   0.8531        [35m0.1898[0m       0.9307        0.1947        23.7838
Stopping since valid_loss has not improved in the last 3 epochs.
[32m[I 2022-12-10 21:58:45,208][0m Trial 162 finished with value: 0.38472333757182736 and parameters: {'optimizer__lr': 0.0002912450255746992, 'module__dropout': 0.04340086640634744, 'd_model_multiplier': 16, 'module__num_layers': 6, 'module__n_heads': 4, 'module__dim_feedforward': 304, 'iterator_train__batch_size': 56}. Best is trial 150 with value: 0.456284322182146.[0m
[FileBasedDataset] Initializing dataset...
	Examples: 28559
	Features: 621
	Max length: 120
[FileBasedDataset] Dataset initialization complete
  epoch    auprc    auroc    train_loss    valid_acc    valid_loss    cp      dur
-------  -------  -------  ------------  -----------  ------------  ----  -------
      1   [36m0.3404[0m   [32m0.7843[0m        [35m0.2462[0m       [31m0.9230[0m        [94m0.2328[0m     +  23.2358
      2   [36m0.3651[0m   [32m0.7924[0m        [35m0.2261[0m       [31m0.9268[0m        [94m0.2284[0m     +  23.9703
      3   [36m0.3686[0m   [32m0.7959[0m        [35m0.2258[0m       0.9237        [94m0.2281[0m     +  24.0574
      4   [36m0.3687[0m   [32m0.7966[0m        0.2263       0.9244        [94m0.2280[0m     +  23.2997
      5   0.3583   [32m0.8014[0m        [35m0.2251[0m       0.9247        0.2281        23.7477
      6   0.3664   0.7905        [35m0.2247[0m       0.9233        0.2292        23.4823
Stopping since valid_loss has not improved in the last 3 epochs.
[32m[I 2022-12-10 22:01:30,763][0m Trial 163 finished with value: 0.3686943633786268 and parameters: {'optimizer__lr': 0.0003440646918181608, 'module__dropout': 0.06562135688845061, 'd_model_multiplier': 16, 'module__num_layers': 8, 'module__n_heads': 4, 'module__dim_feedforward': 295, 'iterator_train__batch_size': 50}. Best is trial 150 with value: 0.456284322182146.[0m
[FileBasedDataset] Initializing dataset...
	Examples: 28559
	Features: 621
	Max length: 120
[FileBasedDataset] Dataset initialization complete
  epoch    auprc    auroc    train_loss    valid_acc    valid_loss    cp      dur
-------  -------  -------  ------------  -----------  ------------  ----  -------
      1   [36m0.2517[0m   [32m0.7589[0m        [35m0.2501[0m       [31m0.8978[0m        [94m0.2669[0m     +  23.9247
      2   [36m0.2556[0m   [32m0.7600[0m        [35m0.2492[0m       [31m0.9097[0m        [94m0.2549[0m     +  24.1463
      3   0.2461   [32m0.7601[0m        [35m0.2491[0m       [31m0.9184[0m        0.2589        23.3261
      4   0.2409   0.7499        0.2508       0.9181        0.2576        23.9130
Stopping since valid_loss has not improved in the last 3 epochs.
[32m[I 2022-12-10 22:03:29,910][0m Trial 164 finished with value: 0.2556119927957864 and parameters: {'optimizer__lr': 0.0006263346338502608, 'module__dropout': 0.054643993944534675, 'd_model_multiplier': 16, 'module__num_layers': 6, 'module__n_heads': 4, 'module__dim_feedforward': 276, 'iterator_train__batch_size': 29}. Best is trial 150 with value: 0.456284322182146.[0m
[FileBasedDataset] Initializing dataset...
	Examples: 28559
	Features: 621
	Max length: 120
[FileBasedDataset] Dataset initialization complete
  epoch    auprc    auroc    train_loss    valid_acc    valid_loss    cp      dur
-------  -------  -------  ------------  -----------  ------------  ----  -------
      1   [36m0.3481[0m   [32m0.7737[0m        [35m0.2901[0m       [31m0.9247[0m        [94m0.2266[0m     +  23.0789
      2   [36m0.3670[0m   [32m0.7948[0m        [35m0.2299[0m       [31m0.9272[0m        [94m0.2194[0m     +  23.2557
      3   [36m0.3700[0m   [32m0.8027[0m        [35m0.2240[0m       0.9268        [94m0.2172[0m     +  23.5577
      4   0.3656   [32m0.8064[0m        [35m0.2200[0m       [31m0.9282[0m        0.2178        23.6302
      5   [36m0.3702[0m   [32m0.8133[0m        [35m0.2167[0m       0.9279        [94m0.2163[0m     +  23.7990
      6   [36m0.3819[0m   [32m0.8229[0m        [35m0.2132[0m       0.9279        [94m0.2136[0m     +  24.2199
      7   [36m0.3857[0m   [32m0.8286[0m        [35m0.2100[0m       0.9275        [94m0.2116[0m     +  23.4639
      8   [36m0.3997[0m   [32m0.8335[0m        [35m0.2082[0m       0.9265        [94m0.2100[0m     +  23.8184
      9   [36m0.4138[0m   [32m0.8445[0m        [35m0.2049[0m       0.9279        [94m0.2057[0m     +  24.2519
     10   [36m0.4158[0m   [32m0.8467[0m        [35m0.2034[0m       0.9282        [94m0.2052[0m     +  24.2060
     11   [36m0.4210[0m   [32m0.8471[0m        [35m0.2008[0m       0.9272        [94m0.2046[0m     +  23.7347
     12   [36m0.4269[0m   [32m0.8492[0m        [35m0.2000[0m       [31m0.9286[0m        [94m0.2032[0m     +  23.3655
     13   0.4178   0.8483        [35m0.1974[0m       0.9282        0.2049        23.3083
     14   0.4248   [32m0.8492[0m        [35m0.1967[0m       [31m0.9300[0m        0.2043        24.5514
Stopping since valid_loss has not improved in the last 3 epochs.
[32m[I 2022-12-10 22:09:27,205][0m Trial 165 finished with value: 0.4269480778240353 and parameters: {'optimizer__lr': 7.99301058559871e-05, 'module__dropout': 0.07219113822501938, 'd_model_multiplier': 16, 'module__num_layers': 7, 'module__n_heads': 4, 'module__dim_feedforward': 315, 'iterator_train__batch_size': 58}. Best is trial 150 with value: 0.456284322182146.[0m
[FileBasedDataset] Initializing dataset...
	Examples: 28559
	Features: 621
	Max length: 120
[FileBasedDataset] Dataset initialization complete
  epoch    auprc    auroc    train_loss    valid_acc    valid_loss    cp      dur
-------  -------  -------  ------------  -----------  ------------  ----  -------
      1   [36m0.3167[0m   [32m0.7868[0m        [35m0.2772[0m       [31m0.9321[0m        [94m0.2080[0m     +  22.7814
      2   [36m0.3243[0m   [32m0.7944[0m        [35m0.2290[0m       [31m0.9349[0m        [94m0.2044[0m     +  23.8507
      3   [36m0.3425[0m   [32m0.8104[0m        [35m0.2250[0m       0.9335        [94m0.1997[0m     +  24.4465
      4   [36m0.3490[0m   [32m0.8205[0m        [35m0.2209[0m       0.9349        [94m0.1965[0m     +  23.9213
      5   [36m0.3536[0m   [32m0.8400[0m        [35m0.2176[0m       0.9331        [94m0.1936[0m     +  23.2470
      6   [36m0.3652[0m   [32m0.8421[0m        [35m0.2142[0m       0.9321        [94m0.1909[0m     +  23.7670
      7   [36m0.3661[0m   [32m0.8453[0m        [35m0.2123[0m       0.9317        0.1912        24.0067
      8   [36m0.3753[0m   [32m0.8502[0m        [35m0.2101[0m       0.9328        [94m0.1886[0m     +  23.9036
      9   [36m0.3869[0m   [32m0.8529[0m        [35m0.2064[0m       0.9335        [94m0.1870[0m     +  23.5600
     10   0.3748   [32m0.8544[0m        [35m0.2047[0m       0.9328        0.1885        23.8746
     11   0.3770   0.8506        [35m0.2029[0m       0.9324        0.1881        23.2603
     12   [36m0.4023[0m   [32m0.8576[0m        [35m0.2015[0m       0.9342        [94m0.1836[0m     +  23.3915
     13   0.3995   0.8568        [35m0.1987[0m       0.9310        [94m0.1835[0m     +  24.4951
     14   [36m0.4083[0m   [32m0.8580[0m        [35m0.1962[0m       0.9314        [94m0.1833[0m     +  23.6633
     15   0.3875   0.8566        [35m0.1945[0m       0.9300        0.1857        23.5399
[32m[I 2022-12-10 22:15:24,092][0m Trial 166 finished with value: 0.4082959855806182 and parameters: {'optimizer__lr': 0.000153028000186572, 'module__dropout': 0.08190545185443596, 'd_model_multiplier': 16, 'module__num_layers': 7, 'module__n_heads': 4, 'module__dim_feedforward': 316, 'iterator_train__batch_size': 74}. Best is trial 150 with value: 0.456284322182146.[0m
[FileBasedDataset] Initializing dataset...
	Examples: 28559
	Features: 621
	Max length: 120
[FileBasedDataset] Dataset initialization complete
  epoch    auprc    auroc    train_loss    valid_acc    valid_loss    cp      dur
-------  -------  -------  ------------  -----------  ------------  ----  -------
      1   [36m0.3528[0m   [32m0.7538[0m        [35m0.3045[0m       [31m0.9209[0m        [94m0.2393[0m     +  22.4224
      2   [36m0.3942[0m   [32m0.7888[0m        [35m0.2322[0m       [31m0.9230[0m        [94m0.2277[0m     +  23.1467
      3   [36m0.4070[0m   [32m0.8098[0m        [35m0.2245[0m       [31m0.9240[0m        [94m0.2262[0m     +  23.1846
      4   [36m0.4152[0m   [32m0.8209[0m        [35m0.2201[0m       0.9240        [94m0.2234[0m     +  22.9860
      5   [36m0.4302[0m   [32m0.8274[0m        [35m0.2176[0m       [31m0.9258[0m        [94m0.2206[0m     +  23.2628
      6   [36m0.4440[0m   [32m0.8373[0m        [35m0.2143[0m       [31m0.9265[0m        [94m0.2179[0m     +  23.5455
      7   [36m0.4463[0m   [32m0.8401[0m        [35m0.2109[0m       [31m0.9286[0m        [94m0.2176[0m     +  23.3756
      8   [36m0.4489[0m   0.8401        [35m0.2079[0m       0.9272        0.2198        23.2915
      9   [36m0.4521[0m   [32m0.8410[0m        [35m0.2046[0m       0.9265        [94m0.2173[0m     +  22.8246
     10   [36m0.4559[0m   [32m0.8411[0m        [35m0.2027[0m       0.9265        [94m0.2150[0m     +  23.3852
     11   0.4525   [32m0.8504[0m        [35m0.1999[0m       0.9265        [94m0.2112[0m     +  24.0469
     12   0.4515   0.8435        [35m0.1973[0m       0.9268        0.2128        23.2221
     13   0.4450   0.8396        [35m0.1947[0m       0.9258        0.2132        23.1392
Stopping since valid_loss has not improved in the last 3 epochs.
[32m[I 2022-12-10 22:20:50,441][0m Trial 167 finished with value: 0.4559263775041159 and parameters: {'optimizer__lr': 7.487572041748663e-05, 'module__dropout': 0.031974722764469124, 'd_model_multiplier': 16, 'module__num_layers': 7, 'module__n_heads': 4, 'module__dim_feedforward': 290, 'iterator_train__batch_size': 71}. Best is trial 150 with value: 0.456284322182146.[0m
[FileBasedDataset] Initializing dataset...
	Examples: 28559
	Features: 621
	Max length: 120
[FileBasedDataset] Dataset initialization complete
  epoch    auprc    auroc    train_loss    valid_acc    valid_loss    cp      dur
-------  -------  -------  ------------  -----------  ------------  ----  -------
      1   [36m0.3968[0m   [32m0.7726[0m        [35m0.3052[0m       [31m0.9244[0m        [94m0.2357[0m     +  23.2703
      2   [36m0.4174[0m   [32m0.8088[0m        [35m0.2315[0m       [31m0.9258[0m        [94m0.2244[0m     +  23.6587
      3   0.4171   [32m0.8215[0m        [35m0.2248[0m       0.9240        [94m0.2209[0m     +  23.2224
      4   0.4124   [32m0.8303[0m        [35m0.2206[0m       0.9247        [94m0.2190[0m     +  24.1675
      5   0.4081   [32m0.8419[0m        [35m0.2171[0m       0.9247        [94m0.2172[0m     +  23.1516
      6   0.4040   [32m0.8459[0m        [35m0.2137[0m       0.9226        [94m0.2171[0m     +  23.9111
      7   0.4134   [32m0.8508[0m        [35m0.2107[0m       0.9226        [94m0.2147[0m     +  24.2849
      8   0.4154   [32m0.8548[0m        [35m0.2070[0m       0.9226        [94m0.2127[0m     +  25.0706
      9   [36m0.4260[0m   [32m0.8620[0m        [35m0.2045[0m       0.9223        [94m0.2095[0m     +  24.0992
     10   [36m0.4271[0m   0.8587        [35m0.2028[0m       0.9240        0.2112        23.9441
     11   0.4259   0.8564        [35m0.2005[0m       0.9237        0.2128        23.4633
Stopping since valid_loss has not improved in the last 3 epochs.
[32m[I 2022-12-10 22:25:37,305][0m Trial 168 finished with value: 0.42708200163604937 and parameters: {'optimizer__lr': 7.034613744814737e-05, 'module__dropout': 0.03385404724600647, 'd_model_multiplier': 16, 'module__num_layers': 7, 'module__n_heads': 4, 'module__dim_feedforward': 293, 'iterator_train__batch_size': 66}. Best is trial 150 with value: 0.456284322182146.[0m
[FileBasedDataset] Initializing dataset...
	Examples: 28559
	Features: 621
	Max length: 120
[FileBasedDataset] Dataset initialization complete
  epoch    auprc    auroc    train_loss    valid_acc    valid_loss    cp      dur
-------  -------  -------  ------------  -----------  ------------  ----  -------
      1   [36m0.3264[0m   [32m0.7862[0m        [35m0.3006[0m       [31m0.9174[0m        [94m0.2367[0m     +  23.3966
      2   [36m0.3584[0m   [32m0.8116[0m        [35m0.2315[0m       0.9167        [94m0.2257[0m     +  23.6705
      3   [36m0.3626[0m   [32m0.8226[0m        [35m0.2254[0m       [31m0.9181[0m        [94m0.2230[0m     +  23.3458
      4   [36m0.3688[0m   [32m0.8331[0m        [35m0.2211[0m       [31m0.9205[0m        [94m0.2199[0m     +  22.8517
      5   [36m0.3824[0m   [32m0.8403[0m        [35m0.2182[0m       [31m0.9230[0m        [94m0.2173[0m     +  23.4790
      6   0.3800   0.8381        [35m0.2147[0m       0.9212        0.2185        23.6824
      7   [36m0.3960[0m   [32m0.8499[0m        [35m0.2114[0m       [31m0.9240[0m        [94m0.2134[0m     +  23.4990
      8   0.3942   [32m0.8511[0m        [35m0.2082[0m       0.9240        0.2137        23.2352
      9   [36m0.3992[0m   [32m0.8511[0m        [35m0.2049[0m       [31m0.9251[0m        [94m0.2134[0m     +  23.8205
     10   [36m0.4020[0m   [32m0.8515[0m        [35m0.2020[0m       0.9244        [94m0.2123[0m     +  23.4857
     11   [36m0.4076[0m   [32m0.8529[0m        [35m0.1996[0m       0.9244        [94m0.2116[0m     +  23.2102
     12   [36m0.4101[0m   [32m0.8533[0m        [35m0.1965[0m       0.9237        0.2118        24.0748
     13   [36m0.4157[0m   [32m0.8568[0m        [35m0.1941[0m       0.9230        [94m0.2104[0m     +  23.5862
     14   0.4110   0.8555        [35m0.1921[0m       0.9237        0.2114        23.4962
     15   [36m0.4177[0m   0.8553        [35m0.1903[0m       0.9223        0.2114        23.4727
