[32m[I 2022-12-10 20:54:50,340][0m Trial 147 finished with value: 0.253518365841618 and parameters: {'optimizer__lr': 0.0005252548689918201, 'module__dropout': 0.3818036420995885, 'd_model_multiplier': 32, 'module__num_layers': 3, 'module__n_heads': 32, 'module__dim_feedforward': 492, 'iterator_train__batch_size': 43}. Best is trial 114 with value: 0.4502715663620293.[0m
[FileBasedDataset] Initializing dataset...
	Examples: 28559
	Features: 621
	Max length: 120
[FileBasedDataset] Dataset initialization complete
  epoch    auprc    auroc    train_loss    valid_acc    valid_loss    cp      dur
-------  -------  -------  ------------  -----------  ------------  ----  -------
      1   [36m0.3923[0m   [32m0.8188[0m        [35m0.2413[0m       [31m0.9275[0m        [94m0.2183[0m     +  24.1592
      2   [36m0.4095[0m   [32m0.8205[0m        [35m0.2297[0m       [31m0.9296[0m        [94m0.2123[0m     +  23.7614
      3   [36m0.4202[0m   [32m0.8219[0m        [35m0.2246[0m       [31m0.9307[0m        [94m0.2114[0m     +  23.7390
      4   [36m0.4245[0m   [32m0.8254[0m        [35m0.2243[0m       0.9300        0.2116        23.7589
      5   [36m0.4321[0m   [32m0.8328[0m        [35m0.2208[0m       0.9307        [94m0.2086[0m     +  23.7134
      6   [36m0.4340[0m   0.8317        0.2215       [31m0.9328[0m        0.2100        23.5884
      7   [36m0.4393[0m   [32m0.8362[0m        [35m0.2168[0m       0.9296        [94m0.2061[0m     +  24.3814
      8   0.4334   [32m0.8387[0m        [35m0.2156[0m       0.9286        0.2074        24.2282
      9   0.4173   0.8382        [35m0.2143[0m       0.9310        0.2075        24.1721
Stopping since valid_loss has not improved in the last 3 epochs.
[32m[I 2022-12-10 20:58:50,372][0m Trial 148 finished with value: 0.43931903279113427 and parameters: {'optimizer__lr': 0.00021701320021432855, 'module__dropout': 0.061087697563557794, 'd_model_multiplier': 64, 'module__num_layers': 6, 'module__n_heads': 4, 'module__dim_feedforward': 177, 'iterator_train__batch_size': 49}. Best is trial 114 with value: 0.4502715663620293.[0m
[FileBasedDataset] Initializing dataset...
	Examples: 28559
	Features: 621
	Max length: 120
[FileBasedDataset] Dataset initialization complete
  epoch    auprc    auroc    train_loss    valid_acc    valid_loss    cp      dur
-------  -------  -------  ------------  -----------  ------------  ----  -------
      1   [36m0.2357[0m   [32m0.7279[0m        [35m0.2654[0m       [31m0.9104[0m        [94m0.2807[0m     +  23.0355
      2   [36m0.2597[0m   [32m0.7385[0m        [35m0.2512[0m       [31m0.9111[0m        [94m0.2758[0m     +  23.8200
      3   [36m0.2629[0m   [32m0.7412[0m        [35m0.2490[0m       0.9111        [94m0.2758[0m     +  23.8569
      4   0.2601   0.7369        [35m0.2488[0m       0.9111        [94m0.2757[0m     +  23.7666
      5   0.2581   0.7333        [35m0.2482[0m       0.9104        [94m0.2741[0m     +  24.0487
      6   0.2571   0.7373        0.2491       0.9104        [94m0.2740[0m     +  24.2606
      7   0.2604   0.7408        [35m0.2478[0m       0.9104        0.2740        24.3119
      8   0.2610   0.7362        [35m0.2477[0m       0.9104        0.2746        24.4396
      9   0.2578   0.7351        0.2479       0.9104        [94m0.2736[0m     +  23.7698
     10   0.2581   0.7370        [35m0.2475[0m       0.9104        [94m0.2728[0m     +  23.0782
     11   0.2589   0.7379        [35m0.2473[0m       0.9104        [94m0.2726[0m     +  23.5388
     12   0.2554   0.7398        [35m0.2473[0m       0.9104        [94m0.2723[0m     +  23.7524
     13   0.2580   0.7389        [35m0.2471[0m       0.9104        [94m0.2713[0m     +  23.8466
     14   0.2587   0.7346        0.2474       0.9104        [94m0.2712[0m     +  23.7881
     15   0.2574   0.7353        0.2473       0.9104        [94m0.2711[0m     +  23.1686
[32m[I 2022-12-10 21:04:49,223][0m Trial 149 finished with value: 0.26292383774752365 and parameters: {'optimizer__lr': 0.0014176817760514118, 'module__dropout': 0.061079160769664034, 'd_model_multiplier': 64, 'module__num_layers': 6, 'module__n_heads': 4, 'module__dim_feedforward': 163, 'iterator_train__batch_size': 39}. Best is trial 114 with value: 0.4502715663620293.[0m
[FileBasedDataset] Initializing dataset...
	Examples: 28559
	Features: 621
	Max length: 120
[FileBasedDataset] Dataset initialization complete
  epoch    auprc    auroc    train_loss    valid_acc    valid_loss    cp      dur
-------  -------  -------  ------------  -----------  ------------  ----  -------
      1   [36m0.3995[0m   [32m0.8229[0m        [35m0.2470[0m       [31m0.9296[0m        [94m0.2107[0m     +  23.1772
      2   [36m0.4049[0m   [32m0.8402[0m        [35m0.2233[0m       0.9296        [94m0.2078[0m     +  24.9165
      3   [36m0.4198[0m   [32m0.8406[0m        [35m0.2191[0m       [31m0.9307[0m        [94m0.2047[0m     +  24.4851
      4   0.4120   [32m0.8434[0m        [35m0.2162[0m       0.9300        0.2065        23.8297
      5   [36m0.4205[0m   [32m0.8540[0m        [35m0.2143[0m       0.9303        [94m0.2016[0m     +  23.8091
      6   [36m0.4375[0m   0.8532        [35m0.2102[0m       0.9307        0.2031        23.7192
      7   [36m0.4497[0m   0.8534        [35m0.2088[0m       [31m0.9314[0m        0.2032        23.7804
      8   [36m0.4563[0m   [32m0.8568[0m        [35m0.2069[0m       [31m0.9324[0m        [94m0.2004[0m     +  23.7417
      9   0.4417   [32m0.8568[0m        [35m0.2054[0m       0.9300        0.2010        23.7494
     10   0.4465   0.8559        [35m0.2034[0m       [31m0.9331[0m        0.2018        23.8435
Stopping since valid_loss has not improved in the last 3 epochs.
[32m[I 2022-12-10 21:09:12,851][0m Trial 150 finished with value: 0.456284322182146 and parameters: {'optimizer__lr': 0.00035319415202806834, 'module__dropout': 0.08276172639625862, 'd_model_multiplier': 16, 'module__num_layers': 6, 'module__n_heads': 4, 'module__dim_feedforward': 302, 'iterator_train__batch_size': 46}. Best is trial 150 with value: 0.456284322182146.[0m
[FileBasedDataset] Initializing dataset...
	Examples: 28559
	Features: 621
	Max length: 120
[FileBasedDataset] Dataset initialization complete
  epoch    auprc    auroc    train_loss    valid_acc    valid_loss    cp      dur
-------  -------  -------  ------------  -----------  ------------  ----  -------
      1   [36m0.3908[0m   [32m0.8211[0m        [35m0.2462[0m       [31m0.9170[0m        [94m0.2317[0m     +  23.2383
      2   [36m0.4142[0m   [32m0.8312[0m        [35m0.2203[0m       [31m0.9195[0m        [94m0.2272[0m     +  23.7456
      3   [36m0.4312[0m   [32m0.8486[0m        [35m0.2152[0m       [31m0.9198[0m        [94m0.2210[0m     +  23.8249
      4   0.4241   0.8402        [35m0.2114[0m       [31m0.9209[0m        0.2240        24.1109
      5   [36m0.4461[0m   0.8428        [35m0.2074[0m       0.9205        [94m0.2200[0m     +  23.8103
      6   0.4377   0.8486        [35m0.2037[0m       0.9184        0.2204        23.5413
      7   [36m0.4494[0m   0.8458        [35m0.2016[0m       0.9195        0.2203        23.8901
Stopping since valid_loss has not improved in the last 3 epochs.
[32m[I 2022-12-10 21:12:23,704][0m Trial 151 finished with value: 0.4494487662688688 and parameters: {'optimizer__lr': 0.0003118372980582979, 'module__dropout': 0.0322771480063193, 'd_model_multiplier': 16, 'module__num_layers': 6, 'module__n_heads': 4, 'module__dim_feedforward': 177, 'iterator_train__batch_size': 50}. Best is trial 150 with value: 0.456284322182146.[0m
[FileBasedDataset] Initializing dataset...
	Examples: 28559
	Features: 621
	Max length: 120
[FileBasedDataset] Dataset initialization complete
  epoch    auprc    auroc    train_loss    valid_acc    valid_loss    cp      dur
-------  -------  -------  ------------  -----------  ------------  ----  -------
      1   [36m0.3552[0m   [32m0.8060[0m        [35m0.2540[0m       [31m0.9247[0m        [94m0.2245[0m     +  23.8733
      2   [36m0.3732[0m   [32m0.8194[0m        [35m0.2221[0m       [31m0.9254[0m        [94m0.2204[0m     +  23.8486
      3   [36m0.3926[0m   [32m0.8262[0m        [35m0.2159[0m       [31m0.9268[0m        [94m0.2177[0m     +  24.0789
      4   0.3923   [32m0.8301[0m        [35m0.2102[0m       0.9261        [94m0.2167[0m     +  23.9949
      5   [36m0.4179[0m   [32m0.8478[0m        [35m0.2066[0m       0.9268        [94m0.2111[0m     +  24.0579
      6   [36m0.4220[0m   0.8428        [35m0.2027[0m       [31m0.9272[0m        0.2115        23.7462
      7   0.4210   0.8421        [35m0.2001[0m       [31m0.9286[0m        [94m0.2106[0m     +  24.5651
      8   0.4162   0.8411        [35m0.1980[0m       0.9275        0.2118        24.3399
      9   [36m0.4275[0m   0.8411        [35m0.1944[0m       0.9265        0.2126        24.3284
     10   [36m0.4324[0m   0.8470        [35m0.1908[0m       [31m0.9300[0m        [94m0.2095[0m     +  23.9361
     11   0.4003   0.8407        [35m0.1864[0m       0.9233        0.2150        23.9172
     12   0.3980   0.8404        [35m0.1826[0m       0.9247        0.2141        24.3582
Stopping since valid_loss has not improved in the last 3 epochs.
[32m[I 2022-12-10 21:17:37,541][0m Trial 152 finished with value: 0.4323641971959129 and parameters: {'optimizer__lr': 0.0002106599089940527, 'module__dropout': 0.010772087481772871, 'd_model_multiplier': 16, 'module__num_layers': 7, 'module__n_heads': 4, 'module__dim_feedforward': 176, 'iterator_train__batch_size': 49}. Best is trial 150 with value: 0.456284322182146.[0m
[FileBasedDataset] Initializing dataset...
	Examples: 28559
	Features: 621
	Max length: 120
[FileBasedDataset] Dataset initialization complete
  epoch    auprc    auroc    train_loss    valid_acc    valid_loss    cp      dur
-------  -------  -------  ------------  -----------  ------------  ----  -------
      1   [36m0.4041[0m   [32m0.7966[0m        [35m0.2591[0m       [31m0.9286[0m        [94m0.2184[0m     +  23.5603
      2   [36m0.4253[0m   [32m0.8139[0m        [35m0.2234[0m       [31m0.9314[0m        [94m0.2160[0m     +  24.1804
      3   [36m0.4358[0m   [32m0.8263[0m        [35m0.2164[0m       0.9303        [94m0.2101[0m     +  23.8650
      4   [36m0.4429[0m   [32m0.8375[0m        [35m0.2101[0m       0.9279        [94m0.2054[0m     +  24.2215
      5   0.4357   [32m0.8414[0m        [35m0.2048[0m       0.9282        0.2056        23.6495
      6   0.4329   [32m0.8418[0m        [35m0.2011[0m       0.9293        [94m0.2050[0m     +  24.1865
      7   [36m0.4472[0m   [32m0.8477[0m        [35m0.1972[0m       0.9310        [94m0.2023[0m     +  23.6099
      8   0.4402   [32m0.8480[0m        [35m0.1929[0m       0.9293        [94m0.2023[0m     +  24.7528
      9   0.4266   [32m0.8497[0m        [35m0.1886[0m       0.9254        0.2052        23.4409
     10   0.4269   0.8478        [35m0.1842[0m       0.9272        0.2072        23.9133
Stopping since valid_loss has not improved in the last 3 epochs.
[32m[I 2022-12-10 21:22:01,702][0m Trial 153 finished with value: 0.44719807869368067 and parameters: {'optimizer__lr': 0.00021411701517683442, 'module__dropout': 0.010442601151209523, 'd_model_multiplier': 16, 'module__num_layers': 7, 'module__n_heads': 4, 'module__dim_feedforward': 171, 'iterator_train__batch_size': 50}. Best is trial 150 with value: 0.456284322182146.[0m
[FileBasedDataset] Initializing dataset...
	Examples: 28559
	Features: 621
	Max length: 120
[FileBasedDataset] Dataset initialization complete
  epoch    auprc    auroc    train_loss    valid_acc    valid_loss    cp      dur
-------  -------  -------  ------------  -----------  ------------  ----  -------
      1   [36m0.3349[0m   [32m0.7750[0m        [35m0.2745[0m       [31m0.9261[0m        [94m0.2231[0m     +  23.1821
      2   [36m0.3606[0m   [32m0.8060[0m        [35m0.2277[0m       [31m0.9282[0m        [94m0.2156[0m     +  23.9354
      3   [36m0.3726[0m   [32m0.8194[0m        [35m0.2215[0m       [31m0.9289[0m        [94m0.2108[0m     +  24.1015
      4   0.3649   [32m0.8271[0m        [35m0.2168[0m       0.9279        [94m0.2094[0m     +  23.3778
      5   0.3697   [32m0.8345[0m        [35m0.2124[0m       0.9282        [94m0.2075[0m     +  23.7127
      6   [36m0.3772[0m   [32m0.8448[0m        [35m0.2078[0m       [31m0.9310[0m        [94m0.2064[0m     +  23.5618
      7   [36m0.3806[0m   0.8396        [35m0.2039[0m       0.9289        0.2076        23.8552
      8   [36m0.3850[0m   0.8404        [35m0.2003[0m       0.9268        0.2072        23.3576
      9   0.3848   0.8427        [35m0.1968[0m       0.9261        [94m0.2058[0m     +  23.6465
     10   0.3800   [32m0.8470[0m        [35m0.1931[0m       0.9261        [94m0.2051[0m     +  24.0249
     11   [36m0.3862[0m   0.8460        [35m0.1904[0m       0.9265        0.2055        23.8280
     12   0.3707   0.8470        [35m0.1876[0m       0.9244        0.2080        23.8252
Stopping since valid_loss has not improved in the last 3 epochs.
[32m[I 2022-12-10 21:27:10,704][0m Trial 154 finished with value: 0.38618521899282154 and parameters: {'optimizer__lr': 9.610761376039801e-05, 'module__dropout': 0.01498737875972927, 'd_model_multiplier': 16, 'module__num_layers': 7, 'module__n_heads': 4, 'module__dim_feedforward': 174, 'iterator_train__batch_size': 50}. Best is trial 150 with value: 0.456284322182146.[0m
[FileBasedDataset] Initializing dataset...
	Examples: 28559
	Features: 621
	Max length: 120
[FileBasedDataset] Dataset initialization complete
  epoch    auprc    auroc    train_loss    valid_acc    valid_loss    cp      dur
-------  -------  -------  ------------  -----------  ------------  ----  -------
      1   [36m0.3520[0m   [32m0.7833[0m        [35m0.2595[0m       [31m0.9226[0m        [94m0.2356[0m     +  22.9038
      2   [36m0.3693[0m   [32m0.8117[0m        [35m0.2226[0m       0.9219        [94m0.2308[0m     +  23.8871
      3   [36m0.3794[0m   [32m0.8145[0m        [35m0.2164[0m       0.9226        [94m0.2268[0m     +  24.1379
      4   [36m0.3933[0m   [32m0.8192[0m        [35m0.2119[0m       [31m0.9230[0m        [94m0.2257[0m     +  23.8700
      5   0.3922   [32m0.8256[0m        [35m0.2075[0m       0.9230        [94m0.2236[0m     +  23.6413
      6   [36m0.3983[0m   [32m0.8324[0m        [35m0.2041[0m       0.9223        [94m0.2212[0m     +  23.8003
      7   [36m0.4089[0m   0.8322        [35m0.2006[0m       0.9219        [94m0.2199[0m     +  23.9193
      8   [36m0.4156[0m   [32m0.8383[0m        [35m0.1978[0m       [31m0.9237[0m        [94m0.2173[0m     +  23.1505
      9   [36m0.4164[0m   0.8383        [35m0.1938[0m       [31m0.9244[0m        [94m0.2161[0m     +  23.7873
     10   0.4085   0.8367        [35m0.1896[0m       [31m0.9254[0m        0.2174        23.8694
     11   0.4046   0.8332        [35m0.1874[0m       0.9251        0.2189        23.4780
Stopping since valid_loss has not improved in the last 3 epochs.
[32m[I 2022-12-10 21:31:55,651][0m Trial 155 finished with value: 0.41636247978845825 and parameters: {'optimizer__lr': 0.00020056307378529825, 'module__dropout': 0.02306731112131614, 'd_model_multiplier': 16, 'module__num_layers': 7, 'module__n_heads': 4, 'module__dim_feedforward': 179, 'iterator_train__batch_size': 62}. Best is trial 150 with value: 0.456284322182146.[0m
[FileBasedDataset] Initializing dataset...
	Examples: 28559
	Features: 621
	Max length: 120
[FileBasedDataset] Dataset initialization complete
  epoch    auprc    auroc    train_loss    valid_acc    valid_loss    cp      dur
-------  -------  -------  ------------  -----------  ------------  ----  -------
      1   [36m0.3670[0m   [32m0.8187[0m        [35m0.2500[0m       [31m0.9331[0m        [94m0.2085[0m     +  22.6847
      2   [36m0.3823[0m   [32m0.8481[0m        [35m0.2236[0m       0.9324        [94m0.2017[0m     +  23.4240
      3   [36m0.3842[0m   [32m0.8490[0m        [35m0.2170[0m       0.9324        [94m0.1999[0m     +  23.8889
      4   0.3808   [32m0.8509[0m        [35m0.2118[0m       0.9331        [94m0.1997[0m     +  24.0119
      5   [36m0.4033[0m   [32m0.8618[0m        [35m0.2086[0m       [31m0.9352[0m        [94m0.1962[0m     +  24.0846
      6   [36m0.4071[0m   0.8613        [35m0.2043[0m       0.9324        0.1972        24.0412
      7   0.3922   0.8534        [35m0.2006[0m       0.9314        0.2013        23.8197
      8   [36m0.4093[0m   0.8559        [35m0.1978[0m       0.9328        [94m0.1957[0m     +  23.4349
      9   0.4041   0.8483        [35m0.1946[0m       0.9328        0.1972        23.2470
     10   0.3942   0.8460        [35m0.1898[0m       0.9314        0.2021        23.7025
Stopping since valid_loss has not improved in the last 3 epochs.
[32m[I 2022-12-10 21:36:16,255][0m Trial 156 finished with value: 0.4093134026958539 and parameters: {'optimizer__lr': 0.00031191413463915133, 'module__dropout': 0.02438541033881803, 'd_model_multiplier': 16, 'module__num_layers': 6, 'module__n_heads': 4, 'module__dim_feedforward': 146, 'iterator_train__batch_size': 49}. Best is trial 150 with value: 0.456284322182146.[0m
[FileBasedDataset] Initializing dataset...
	Examples: 28559
	Features: 621
	Max length: 120
[FileBasedDataset] Dataset initialization complete
  epoch    auprc    auroc    train_loss    valid_acc    valid_loss    cp      dur
-------  -------  -------  ------------  -----------  ------------  ----  -------
      1   [36m0.3511[0m   [32m0.8023[0m        [35m0.2477[0m       [31m0.9275[0m        [94m0.2168[0m     +  23.5964
      2   [36m0.3806[0m   [32m0.8239[0m        [35m0.2236[0m       [31m0.9300[0m        [94m0.2103[0m     +  23.8117
      3   [36m0.3945[0m   [32m0.8391[0m        [35m0.2175[0m       0.9282        [94m0.2055[0m     +  23.7326
      4   [36m0.4096[0m   [32m0.8495[0m        [35m0.2114[0m       0.9300        [94m0.2024[0m     +  23.8332
      5   0.3855   0.8451        [35m0.2070[0m       0.9279        0.2081        23.9394
      6   [36m0.4100[0m   [32m0.8532[0m        [35m0.2017[0m       0.9268        [94m0.2018[0m     +  23.0948
      7   0.3918   0.8474        [35m0.1978[0m       0.9272        0.2065        23.5156
      8   0.3916   0.8485        [35m0.1940[0m       0.9244        0.2059        23.7813
Stopping since valid_loss has not improved in the last 3 epochs.
[32m[I 2022-12-10 21:39:50,743][0m Trial 157 finished with value: 0.40999441145037413 and parameters: {'optimizer__lr': 0.00017881924381470273, 'module__dropout': 0.016364150002796327, 'd_model_multiplier': 16, 'module__num_layers': 7, 'module__n_heads': 8, 'module__dim_feedforward': 155, 'iterator_train__batch_size': 52}. Best is trial 150 with value: 0.456284322182146.[0m
[FileBasedDataset] Initializing dataset...
	Examples: 28559
	Features: 621
	Max length: 120
[FileBasedDataset] Dataset initialization complete
  epoch    auprc    auroc    train_loss    valid_acc    valid_loss    cp      dur
-------  -------  -------  ------------  -----------  ------------  ----  -------
      1   [36m0.3534[0m   [32m0.7802[0m        [35m0.2657[0m       [31m0.9202[0m        [94m0.2414[0m     +  23.5136
      2   [36m0.3775[0m   [32m0.8082[0m        [35m0.2227[0m       [31m0.9209[0m        [94m0.2359[0m     +  23.5885
      3   [36m0.3794[0m   [32m0.8135[0m        [35m0.2168[0m       0.9202        [94m0.2331[0m     +  23.6360
      4   [36m0.3889[0m   [32m0.8215[0m        [35m0.2122[0m       [31m0.9219[0m        [94m0.2294[0m     +  23.6588
      5   0.3857   [32m0.8237[0m        [35m0.2078[0m       [31m0.9223[0m        0.2301        23.4357
      6   [36m0.3902[0m   [32m0.8288[0m        [35m0.2028[0m       0.9223        [94m0.2281[0m     +  23.2130
      7   [36m0.3988[0m   0.8283        [35m0.2002[0m       [31m0.9233[0m        [94m0.2270[0m     +  23.1648
      8   0.3898   0.8246        [35m0.1971[0m       0.9226        0.2301        23.0054
      9   0.3768   0.8253        [35m0.1954[0m       0.9212        0.2317        22.8493
Stopping since valid_loss has not improved in the last 3 epochs.
