[32m[I 2022-12-12 02:05:45,329][0m Trial 448 finished with value: 0.4529898234816856 and parameters: {'optimizer__lr': 0.0010635022264728776, 'module__dropout': 0.04965878989862365, 'd_model_multiplier': 4, 'module__num_layers': 1, 'module__n_heads': 16, 'module__dim_feedforward': 321, 'iterator_train__batch_size': 249}. Best is trial 382 with value: 0.5110916005289956.[0m
[FileBasedDataset] Initializing dataset...
	Examples: 28559
	Features: 621
	Max length: 120
[FileBasedDataset] Dataset initialization complete
  epoch    auprc    auroc    train_loss    valid_acc    valid_loss    cp      dur
-------  -------  -------  ------------  -----------  ------------  ----  -------
      1   [36m0.4170[0m   [32m0.8268[0m        [35m0.2418[0m       [31m0.9272[0m        [94m0.2215[0m     +  23.1956
      2   0.4140   [32m0.8281[0m        [35m0.2275[0m       0.9254        [94m0.2190[0m     +  23.6710
      3   [36m0.4351[0m   [32m0.8369[0m        [35m0.2239[0m       0.9272        [94m0.2147[0m     +  22.7804
      4   0.4251   [32m0.8370[0m        [35m0.2227[0m       0.9258        0.2167        22.9993
      5   [36m0.4433[0m   0.8351        [35m0.2207[0m       [31m0.9282[0m        0.2148        23.2767
Stopping since valid_loss has not improved in the last 3 epochs.
[32m[I 2022-12-12 02:08:04,639][0m Trial 449 finished with value: 0.44333690657979913 and parameters: {'optimizer__lr': 0.0022541477369518543, 'module__dropout': 0.22372752456689773, 'd_model_multiplier': 4, 'module__num_layers': 1, 'module__n_heads': 16, 'module__dim_feedforward': 299, 'iterator_train__batch_size': 77}. Best is trial 382 with value: 0.5110916005289956.[0m
[FileBasedDataset] Initializing dataset...
	Examples: 28559
	Features: 621
	Max length: 120
[FileBasedDataset] Dataset initialization complete
  epoch    auprc    auroc    train_loss    valid_acc    valid_loss    cp      dur
-------  -------  -------  ------------  -----------  ------------  ----  -------
      1   [36m0.3655[0m   [32m0.8240[0m        [35m0.2381[0m       [31m0.9195[0m        [94m0.2296[0m     +  22.5987
      2   0.3451   [32m0.8315[0m        [35m0.2175[0m       0.9195        [94m0.2275[0m     +  23.0764
      3   0.3428   [32m0.8319[0m        [35m0.2123[0m       [31m0.9202[0m        [94m0.2271[0m     +  22.9224
      4   0.3575   [32m0.8399[0m        [35m0.2095[0m       0.9198        [94m0.2249[0m     +  23.3941
      5   [36m0.3697[0m   [32m0.8456[0m        [35m0.2064[0m       0.9198        [94m0.2224[0m     +  23.1578
      6   [36m0.3825[0m   [32m0.8494[0m        [35m0.2036[0m       [31m0.9216[0m        [94m0.2212[0m     +  23.2547
      7   0.3634   0.8386        [35m0.1998[0m       0.9205        0.2226        22.9323
      8   0.3535   0.8323        [35m0.1979[0m       0.9205        0.2265        22.6435
Stopping since valid_loss has not improved in the last 3 epochs.
[32m[I 2022-12-12 02:11:32,087][0m Trial 450 finished with value: 0.3824524566588775 and parameters: {'optimizer__lr': 0.0013959997122561926, 'module__dropout': 0.03780024236585175, 'd_model_multiplier': 4, 'module__num_layers': 1, 'module__n_heads': 16, 'module__dim_feedforward': 322, 'iterator_train__batch_size': 91}. Best is trial 382 with value: 0.5110916005289956.[0m
[FileBasedDataset] Initializing dataset...
	Examples: 28559
	Features: 621
	Max length: 120
[FileBasedDataset] Dataset initialization complete
  epoch    auprc    auroc    train_loss    valid_acc    valid_loss    cp      dur
-------  -------  -------  ------------  -----------  ------------  ----  -------
      1   [36m0.3780[0m   [32m0.8157[0m        [35m0.2540[0m       [31m0.9198[0m        [94m0.2329[0m     +  23.5719
      2   [36m0.4196[0m   [32m0.8310[0m        [35m0.2198[0m       [31m0.9216[0m        [94m0.2252[0m     +  23.9099
      3   0.4077   [32m0.8361[0m        [35m0.2142[0m       0.9209        [94m0.2232[0m     +  23.8043
      4   [36m0.4198[0m   [32m0.8363[0m        [35m0.2101[0m       [31m0.9230[0m        [94m0.2210[0m     +  23.8841
      5   0.4129   [32m0.8401[0m        [35m0.2081[0m       [31m0.9233[0m        0.2221        24.0808
      6   0.4148   [32m0.8427[0m        [35m0.2064[0m       0.9212        [94m0.2207[0m     +  23.4824
      7   [36m0.4270[0m   0.8416        [35m0.2037[0m       0.9216        [94m0.2207[0m     +  24.2271
      8   0.4230   [32m0.8448[0m        [35m0.2004[0m       0.9230        [94m0.2201[0m     +  24.2301
      9   0.4204   0.8440        [35m0.1989[0m       0.9226        0.2217        25.0435
     10   0.4152   [32m0.8462[0m        [35m0.1971[0m       0.9219        0.2204        23.3249
Stopping since valid_loss has not improved in the last 3 epochs.
[32m[I 2022-12-12 02:15:55,704][0m Trial 451 finished with value: 0.42701763333405446 and parameters: {'optimizer__lr': 0.001215195265503816, 'module__dropout': 0.04778374769530065, 'd_model_multiplier': 4, 'module__num_layers': 1, 'module__n_heads': 16, 'module__dim_feedforward': 314, 'iterator_train__batch_size': 227}. Best is trial 382 with value: 0.5110916005289956.[0m
[FileBasedDataset] Initializing dataset...
	Examples: 28559
	Features: 621
	Max length: 120
[FileBasedDataset] Dataset initialization complete
  epoch    auprc    auroc    train_loss    valid_acc    valid_loss    cp      dur
-------  -------  -------  ------------  -----------  ------------  ----  -------
      1   [36m0.3154[0m   [32m0.7904[0m        [35m0.2569[0m       [31m0.9307[0m        [94m0.2164[0m     +  23.5837
      2   [36m0.3472[0m   [32m0.8115[0m        [35m0.2200[0m       0.9289        [94m0.2114[0m     +  23.7627
      3   [36m0.3490[0m   [32m0.8150[0m        [35m0.2136[0m       0.9261        0.2116        23.3910
      4   [36m0.3585[0m   [32m0.8286[0m        [35m0.2100[0m       0.9275        [94m0.2100[0m     +  24.2424
      5   0.3415   0.8274        [35m0.2055[0m       0.9286        [94m0.2099[0m     +  23.1288
      6   0.3453   [32m0.8340[0m        [35m0.2014[0m       0.9261        [94m0.2084[0m     +  23.4544
      7   0.3409   0.8250        [35m0.1984[0m       0.9258        0.2117        23.2706
      8   0.3276   0.8235        [35m0.1962[0m       0.9286        0.2125        23.3475
Stopping since valid_loss has not improved in the last 3 epochs.
[32m[I 2022-12-12 02:19:28,045][0m Trial 452 finished with value: 0.3584550210418294 and parameters: {'optimizer__lr': 0.0010143480600569822, 'module__dropout': 0.024364148240151897, 'd_model_multiplier': 4, 'module__num_layers': 1, 'module__n_heads': 16, 'module__dim_feedforward': 307, 'iterator_train__batch_size': 246}. Best is trial 382 with value: 0.5110916005289956.[0m
[FileBasedDataset] Initializing dataset...
	Examples: 28559
	Features: 621
	Max length: 120
[FileBasedDataset] Dataset initialization complete
  epoch    auprc    auroc    train_loss    valid_acc    valid_loss    cp      dur
-------  -------  -------  ------------  -----------  ------------  ----  -------
      1   [36m0.3340[0m   [32m0.8257[0m        [35m0.2514[0m       [31m0.9279[0m        [94m0.2103[0m     +  22.7608
      2   [36m0.3649[0m   [32m0.8298[0m        [35m0.2213[0m       [31m0.9296[0m        [94m0.2078[0m     +  23.4164
      3   0.3617   0.8256        [35m0.2182[0m       [31m0.9303[0m        [94m0.2056[0m     +  23.2366
      4   0.3580   0.8276        [35m0.2138[0m       0.9303        0.2077        23.4394
      5   [36m0.3702[0m   0.8245        [35m0.2119[0m       [31m0.9310[0m        0.2062        22.6517
Stopping since valid_loss has not improved in the last 3 epochs.
[32m[I 2022-12-12 02:21:46,441][0m Trial 453 finished with value: 0.37022970060584703 and parameters: {'optimizer__lr': 0.001804110362026072, 'module__dropout': 0.04972749304771401, 'd_model_multiplier': 4, 'module__num_layers': 1, 'module__n_heads': 16, 'module__dim_feedforward': 331, 'iterator_train__batch_size': 236}. Best is trial 382 with value: 0.5110916005289956.[0m
[FileBasedDataset] Initializing dataset...
	Examples: 28559
	Features: 621
	Max length: 120
[FileBasedDataset] Dataset initialization complete
  epoch    auprc    auroc    train_loss    valid_acc    valid_loss    cp      dur
-------  -------  -------  ------------  -----------  ------------  ----  -------
      1   [36m0.3295[0m   [32m0.7755[0m        [35m0.2660[0m       [31m0.9195[0m        [94m0.2448[0m     +  22.8858
      2   [36m0.3552[0m   [32m0.7927[0m        [35m0.2221[0m       0.9195        [94m0.2401[0m     +  23.3382
      3   [36m0.3606[0m   [32m0.8025[0m        [35m0.2181[0m       [31m0.9205[0m        [94m0.2360[0m     +  23.5675
      4   [36m0.3770[0m   [32m0.8114[0m        [35m0.2141[0m       0.9205        [94m0.2317[0m     +  23.2838
      5   [36m0.3784[0m   [32m0.8158[0m        [35m0.2124[0m       0.9205        [94m0.2307[0m     +  23.4316
      6   [36m0.3794[0m   [32m0.8166[0m        [35m0.2103[0m       [31m0.9216[0m        [94m0.2300[0m     +  23.6893
      7   [36m0.3921[0m   [32m0.8257[0m        [35m0.2082[0m       [31m0.9226[0m        [94m0.2261[0m     +  23.7447
      8   0.3801   0.8238        [35m0.2074[0m       0.9209        0.2283        22.9524
      9   0.3857   0.8237        [35m0.2051[0m       0.9202        0.2298        23.6402
Stopping since valid_loss has not improved in the last 3 epochs.
[32m[I 2022-12-12 02:25:41,287][0m Trial 454 finished with value: 0.3921032353305143 and parameters: {'optimizer__lr': 0.0008068230478014823, 'module__dropout': 0.1433015167020361, 'd_model_multiplier': 4, 'module__num_layers': 2, 'module__n_heads': 16, 'module__dim_feedforward': 277, 'iterator_train__batch_size': 246}. Best is trial 382 with value: 0.5110916005289956.[0m
[FileBasedDataset] Initializing dataset...
	Examples: 28559
	Features: 621
	Max length: 120
[FileBasedDataset] Dataset initialization complete
  epoch    auprc    auroc    train_loss    valid_acc    valid_loss    cp      dur
-------  -------  -------  ------------  -----------  ------------  ----  -------
      1   [36m0.3417[0m   [32m0.8069[0m        [35m0.2519[0m       [31m0.9324[0m        [94m0.2109[0m     +  22.5057
      2   [36m0.3672[0m   [32m0.8239[0m        [35m0.2354[0m       0.9310        [94m0.2054[0m     +  22.8711
      3   [36m0.3835[0m   0.8202        [35m0.2315[0m       0.9314        0.2074        23.3673
      4   [36m0.3868[0m   [32m0.8247[0m        [35m0.2285[0m       [31m0.9331[0m        0.2067        23.4914
Stopping since valid_loss has not improved in the last 3 epochs.
[32m[I 2022-12-12 02:27:37,263][0m Trial 455 finished with value: 0.38681149961869965 and parameters: {'optimizer__lr': 0.004709735029506629, 'module__dropout': 0.03921282460069041, 'd_model_multiplier': 4, 'module__num_layers': 2, 'module__n_heads': 16, 'module__dim_feedforward': 256, 'iterator_train__batch_size': 127}. Best is trial 382 with value: 0.5110916005289956.[0m
[FileBasedDataset] Initializing dataset...
	Examples: 28559
	Features: 621
	Max length: 120
[FileBasedDataset] Dataset initialization complete
  epoch    auprc    auroc    train_loss    valid_acc    valid_loss    cp      dur
-------  -------  -------  ------------  -----------  ------------  ----  -------
      1   [36m0.3387[0m   [32m0.7755[0m        [35m0.2617[0m       [31m0.9247[0m        [94m0.2266[0m     +  22.9036
      2   [36m0.3606[0m   [32m0.7916[0m        [35m0.2244[0m       [31m0.9282[0m        [94m0.2235[0m     +  23.0915
      3   [36m0.3778[0m   [32m0.8036[0m        [35m0.2206[0m       [31m0.9293[0m        [94m0.2191[0m     +  23.2470
      4   [36m0.3972[0m   [32m0.8134[0m        [35m0.2165[0m       0.9282        [94m0.2155[0m     +  23.1708
      5   0.3896   [32m0.8170[0m        [35m0.2146[0m       0.9282        0.2171        23.7024
      6   [36m0.4048[0m   [32m0.8232[0m        [35m0.2120[0m       0.9293        [94m0.2137[0m     +  23.2990
      7   0.4045   [32m0.8268[0m        [35m0.2112[0m       0.9286        [94m0.2125[0m     +  23.2070
      8   [36m0.4201[0m   [32m0.8286[0m        [35m0.2103[0m       [31m0.9300[0m        [94m0.2112[0m     +  23.2031
      9   0.4069   [32m0.8311[0m        [35m0.2093[0m       0.9254        0.2121        23.4801
     10   0.3922   0.8291        [35m0.2074[0m       0.9254        0.2138        22.9490
Stopping since valid_loss has not improved in the last 3 epochs.
[32m[I 2022-12-12 02:31:52,979][0m Trial 456 finished with value: 0.4201027586812126 and parameters: {'optimizer__lr': 0.0006142842052799214, 'module__dropout': 0.17640279960421987, 'd_model_multiplier': 4, 'module__num_layers': 1, 'module__n_heads': 8, 'module__dim_feedforward': 263, 'iterator_train__batch_size': 71}. Best is trial 382 with value: 0.5110916005289956.[0m
[FileBasedDataset] Initializing dataset...
	Examples: 28559
	Features: 621
	Max length: 120
[FileBasedDataset] Dataset initialization complete
  epoch    auprc    auroc    train_loss    valid_acc    valid_loss    cp      dur
-------  -------  -------  ------------  -----------  ------------  ----  -------
      1   [36m0.3420[0m   [32m0.7879[0m        [35m0.2471[0m       [31m0.9223[0m        [94m0.2362[0m     +  22.3298
      2   [36m0.3545[0m   [32m0.8090[0m        [35m0.2176[0m       [31m0.9230[0m        [94m0.2324[0m     +  22.8082
      3   0.3456   [32m0.8131[0m        [35m0.2120[0m       0.9209        0.2324        22.6137
      4   0.3539   [32m0.8137[0m        [35m0.2088[0m       0.9212        [94m0.2313[0m     +  22.1648
      5   [36m0.3647[0m   [32m0.8237[0m        [35m0.2055[0m       0.9209        [94m0.2275[0m     +  22.8782
      6   0.3597   0.8130        [35m0.2004[0m       0.9195        0.2302        22.4896
      7   0.3461   0.8137        [35m0.1966[0m       0.9167        0.2342        22.5727
Stopping since valid_loss has not improved in the last 3 epochs.
[32m[I 2022-12-12 02:34:54,593][0m Trial 457 finished with value: 0.36467184754430343 and parameters: {'optimizer__lr': 0.0010424571184113284, 'module__dropout': 0.058521655478573825, 'd_model_multiplier': 8, 'module__num_layers': 1, 'module__n_heads': 16, 'module__dim_feedforward': 318, 'iterator_train__batch_size': 240}. Best is trial 382 with value: 0.5110916005289956.[0m
[FileBasedDataset] Initializing dataset...
	Examples: 28559
	Features: 621
	Max length: 120
[FileBasedDataset] Dataset initialization complete
  epoch    auprc    auroc    train_loss    valid_acc    valid_loss    cp      dur
-------  -------  -------  ------------  -----------  ------------  ----  -------
      1   [36m0.3316[0m   [32m0.8055[0m        [35m0.2369[0m       [31m0.9258[0m        [94m0.2126[0m     +  22.5907
      2   [36m0.3454[0m   0.8048        [35m0.2173[0m       [31m0.9279[0m        [94m0.2120[0m     +  22.3397
      3   [36m0.3509[0m   [32m0.8148[0m        [35m0.2150[0m       0.9279        [94m0.2091[0m     +  23.0673
      4   [36m0.3584[0m   [32m0.8206[0m        [35m0.2113[0m       [31m0.9286[0m        [94m0.2069[0m     +  22.6802
      5   [36m0.3716[0m   0.8182        [35m0.2096[0m       0.9286        0.2076        23.2181
      6   0.3529   0.8140        [35m0.2077[0m       [31m0.9289[0m        0.2097        22.7915
Stopping since valid_loss has not improved in the last 3 epochs.
[32m[I 2022-12-12 02:37:34,666][0m Trial 458 finished with value: 0.3716050456826712 and parameters: {'optimizer__lr': 0.003021941497425093, 'module__dropout': 0.02544426233715088, 'd_model_multiplier': 4, 'module__num_layers': 1, 'module__n_heads': 8, 'module__dim_feedforward': 287, 'iterator_train__batch_size': 107}. Best is trial 382 with value: 0.5110916005289956.[0m
[FileBasedDataset] Initializing dataset...
	Examples: 28559
	Features: 621
	Max length: 120
[FileBasedDataset] Dataset initialization complete
  epoch    auprc    auroc    train_loss    valid_acc    valid_loss    cp      dur
-------  -------  -------  ------------  -----------  ------------  ----  -------
      1   [36m0.3288[0m   [32m0.7985[0m        [35m0.2788[0m       [31m0.9209[0m        [94m0.2341[0m     +  22.6402
      2   [36m0.3386[0m   [32m0.8135[0m        [35m0.2258[0m       [31m0.9223[0m        [94m0.2295[0m     +  23.1437
      3   [36m0.3486[0m   [32m0.8205[0m        [35m0.2199[0m       0.9216        [94m0.2279[0m     +  23.1446
      4   [36m0.3668[0m   [32m0.8299[0m        [35m0.2183[0m       0.9223        [94m0.2251[0m     +  23.1352
      5   [36m0.3672[0m   [32m0.8347[0m        [35m0.2145[0m       [31m0.9237[0m        [94m0.2232[0m     +  23.5095
      6   [36m0.3756[0m   [32m0.8363[0m        [35m0.2128[0m       0.9219        [94m0.2231[0m     +  22.9783
      7   [36m0.3798[0m   [32m0.8423[0m        [35m0.2110[0m       0.9237        [94m0.2188[0m     +  23.0489
      8   [36m0.3835[0m   0.8398        [35m0.2104[0m       0.9226        0.2205        22.9297
      9   0.3785   0.8401        [35m0.2093[0m       [31m0.9240[0m        0.2208        23.6831
     10   [36m0.3965[0m   [32m0.8451[0m        [35m0.2084[0m       [31m0.9244[0m        [94m0.2168[0m     +  23.0705
     11   [36m0.3997[0m   [32m0.8484[0m        [35m0.2068[0m       [31m0.9247[0m        [94m0.2160[0m     +  23.0277
     12   0.3951   [32m0.8488[0m        0.2072       0.9216        0.2164        23.4754
     13   0.3945   [32m0.8504[0m        [35m0.2053[0m       0.9226        0.2177        23.5286
Stopping since valid_loss has not improved in the last 3 epochs.
[32m[I 2022-12-12 02:42:59,866][0m Trial 459 finished with value: 0.39971271956730126 and parameters: {'optimizer__lr': 0.0004470279360278041, 'module__dropout': 0.1615995330307805, 'd_model_multiplier': 4, 'module__num_layers': 2, 'module__n_heads': 8, 'module__dim_feedforward': 273, 'iterator_train__batch_size': 96}. Best is trial 382 with value: 0.5110916005289956.[0m
[FileBasedDataset] Initializing dataset...
	Examples: 28559
	Features: 621
	Max length: 120
[FileBasedDataset] Dataset initialization complete
  epoch    auprc    auroc    train_loss    valid_acc    valid_loss    cp      dur
-------  -------  -------  ------------  -----------  ------------  ----  -------
      1   [36m0.4056[0m   [32m0.8150[0m        [35m0.2538[0m       [31m0.9303[0m        [94m0.2153[0m     +  23.1976
      2   0.4007   [32m0.8227[0m        [35m0.2180[0m       0.9286        [94m0.2143[0m     +  23.6598
      3   0.3980   [32m0.8264[0m        [35m0.2131[0m       0.9293        [94m0.2132[0m     +  23.7016
      4   0.3990   [32m0.8333[0m        [35m0.2097[0m       0.9279        [94m0.2111[0m     +  23.9386
      5   0.4046   [32m0.8352[0m        [35m0.2078[0m       0.9275        0.2118        22.8908
      6   [36m0.4106[0m   0.8313        [35m0.2038[0m       0.9282        [94m0.2109[0m     +  24.0910
      7   0.4001   0.8292        [35m0.2013[0m       0.9279        0.2125        23.4859
      8   0.3956   0.8315        [35m0.1996[0m       0.9286        0.2121        23.2744
      9   0.3975   [32m0.8369[0m        [35m0.1978[0m       0.9286        [94m0.2106[0m     +  23.7696
     10   0.3886   0.8335        [35m0.1964[0m       0.9286        0.2135        23.8128
     11   0.4002   0.8326        [35m0.1958[0m       0.9268        0.2122        23.8601
Stopping since valid_loss has not improved in the last 3 epochs.
