[32m[I 2022-12-28 14:58:44,995][0m Trial 79 finished with value: 0.18934778525326096 and parameters: {'optimizer__lr': 0.00124461915739916, 'module__dropout': 0.21297057713582535, 'd_model_multiplier': 2, 'module__num_layers': 2, 'module__n_heads': 16, 'module__dim_feedforward': 489, 'iterator_train__batch_size': 29}. Best is trial 30 with value: 0.2522550651870843.[0m
[FileBasedDataset] Initializing dataset...
	Examples: 11988
	Features: 621
	Max length: 574
[FileBasedDataset] Dataset initialization complete
  epoch    auprc    auroc    train_loss    valid_acc    valid_loss    cp      dur
-------  -------  -------  ------------  -----------  ------------  ----  -------
      1   [36m0.1040[0m   [32m0.5161[0m        [35m0.6798[0m       [31m0.6155[0m        [94m0.6844[0m     +  62.0711
      2   0.1018   0.5082        [35m0.6774[0m       [31m0.6606[0m        [94m0.6789[0m     +  62.2921
      3   0.0993   0.5010        [35m0.6732[0m       [31m0.7014[0m        [94m0.6735[0m     +  62.5384
      4   0.0968   0.4943        [35m0.6669[0m       [31m0.7440[0m        [94m0.6683[0m     +  62.4372
      5   0.0926   0.4873        [35m0.6623[0m       [31m0.7665[0m        [94m0.6630[0m     +  62.5010
      6   0.0889   0.4795        [35m0.6587[0m       [31m0.7973[0m        [94m0.6579[0m     +  62.3189
      7   0.0866   0.4714        [35m0.6549[0m       [31m0.8215[0m        [94m0.6530[0m     +  62.2981
      8   0.0838   0.4610        [35m0.6500[0m       [31m0.8432[0m        [94m0.6480[0m     +  62.4405
      9   0.0820   0.4507        [35m0.6470[0m       [31m0.8641[0m        [94m0.6431[0m     +  62.4372
     10   0.0792   0.4412        [35m0.6442[0m       [31m0.8782[0m        [94m0.6384[0m     +  62.3232
     11   0.0773   0.4327        [35m0.6388[0m       [31m0.8882[0m        [94m0.6336[0m     +  62.4844
     12   0.0761   0.4266        [35m0.6358[0m       [31m0.8932[0m        [94m0.6290[0m     +  62.6280
     13   0.0740   0.4199        [35m0.6325[0m       [31m0.8991[0m        [94m0.6246[0m     +  62.4890
     14   0.0721   0.4139        [35m0.6283[0m       [31m0.9049[0m        [94m0.6200[0m     +  62.5102
     15   0.0710   0.4087        [35m0.6230[0m       [31m0.9091[0m        [94m0.6154[0m     +  62.6949
[32m[I 2022-12-28 15:14:23,281][0m Trial 80 finished with value: 0.1039949158433967 and parameters: {'optimizer__lr': 5.934693372569076e-08, 'module__dropout': 0.6550391401632214, 'd_model_multiplier': 2, 'module__num_layers': 7, 'module__n_heads': 16, 'module__dim_feedforward': 466, 'iterator_train__batch_size': 16}. Best is trial 30 with value: 0.2522550651870843.[0m
[FileBasedDataset] Initializing dataset...
	Examples: 11988
	Features: 621
	Max length: 574
[FileBasedDataset] Dataset initialization complete
  epoch    auprc    auroc    train_loss    valid_acc    valid_loss    cp      dur
-------  -------  -------  ------------  -----------  ------------  ----  -------
      1   [36m0.1787[0m   [32m0.6459[0m        [35m0.4039[0m       [31m0.8957[0m        [94m0.4032[0m     +  22.4690
      2   [36m0.1874[0m   [32m0.6606[0m        [35m0.3246[0m       [31m0.8999[0m        0.4254        22.3621
      3   [36m0.1926[0m   0.6602        [35m0.3118[0m       0.8949        [94m0.4001[0m     +  22.7425
      4   0.1899   [32m0.6617[0m        0.3155       [31m0.9033[0m        0.4267        22.8040
      5   [36m0.1987[0m   [32m0.6648[0m        [35m0.3104[0m       [31m0.9041[0m        0.4170        22.2131
      6   0.1953   0.6638        0.3115       0.9024        [94m0.3983[0m     +  22.5342
      7   [36m0.1994[0m   [32m0.6700[0m        [35m0.3078[0m       0.9033        [94m0.3703[0m     +  22.5632
      8   [36m0.2037[0m   [32m0.6703[0m        0.3124       0.8949        0.3709        22.5731
      9   0.1968   [32m0.6715[0m        [35m0.3056[0m       0.8949        [94m0.3644[0m     +  22.5256
     10   0.2013   0.6692        0.3096       0.8949        [94m0.3484[0m     +  22.6018
     11   0.1900   0.6678        0.3086       0.8957        0.3511        22.5673
     12   0.1889   0.6655        [35m0.3053[0m       0.9008        0.3766        22.5623
Stopping since valid_loss has not improved in the last 3 epochs.
[32m[I 2022-12-28 15:19:16,616][0m Trial 81 finished with value: 0.20373526339397152 and parameters: {'optimizer__lr': 0.00421711281258945, 'module__dropout': 0.6252691719911814, 'd_model_multiplier': 2, 'module__num_layers': 2, 'module__n_heads': 16, 'module__dim_feedforward': 377, 'iterator_train__batch_size': 89}. Best is trial 30 with value: 0.2522550651870843.[0m
[FileBasedDataset] Initializing dataset...
	Examples: 11988
	Features: 621
	Max length: 574
[FileBasedDataset] Dataset initialization complete
  epoch    auprc    auroc    train_loss    valid_acc    valid_loss    cp      dur
-------  -------  -------  ------------  -----------  ------------  ----  -------
      1   [36m0.1482[0m   [32m0.5793[0m        [35m0.3726[0m       [31m0.9099[0m        [94m0.3797[0m     +  38.3516
      2   [36m0.1603[0m   [32m0.6146[0m        [35m0.3260[0m       0.9099        [94m0.3336[0m     +  38.4291
      3   [36m0.1715[0m   [32m0.6291[0m        0.3273       0.9099        0.3452        38.2422
      4   0.1616   0.5903        [35m0.3164[0m       0.9099        0.3821        38.6701
Stopping since valid_loss has not improved in the last 3 epochs.
[32m[I 2022-12-28 15:22:28,907][0m Trial 82 finished with value: 0.17147585536659063 and parameters: {'optimizer__lr': 0.006444193729983008, 'module__dropout': 0.6789775383674164, 'd_model_multiplier': 2, 'module__num_layers': 4, 'module__n_heads': 16, 'module__dim_feedforward': 435, 'iterator_train__batch_size': 93}. Best is trial 30 with value: 0.2522550651870843.[0m
[FileBasedDataset] Initializing dataset...
	Examples: 11988
	Features: 621
	Max length: 574
[FileBasedDataset] Dataset initialization complete
  epoch    auprc    auroc    train_loss    valid_acc    valid_loss    cp      dur
-------  -------  -------  ------------  -----------  ------------  ----  -------
      1   [36m0.0913[0m   [32m0.4358[0m        [35m0.3980[0m       [31m0.8974[0m        [94m0.5636[0m     +  21.4931
      2   [36m0.1747[0m   [32m0.6340[0m        [35m0.3246[0m       0.8907        [94m0.4349[0m     +  21.5287
      3   0.1739   0.6273        [35m0.3199[0m       0.8899        0.4675        21.7359
      4   [36m0.1768[0m   0.6304        [35m0.3135[0m       0.8932        0.4705        21.8320
Stopping since valid_loss has not improved in the last 3 epochs.
[32m[I 2022-12-28 15:24:16,927][0m Trial 83 finished with value: 0.17682716779344898 and parameters: {'optimizer__lr': 0.0032184775376264, 'module__dropout': 0.6454212813931512, 'd_model_multiplier': 2, 'module__num_layers': 2, 'module__n_heads': 16, 'module__dim_feedforward': 383, 'iterator_train__batch_size': 58}. Best is trial 30 with value: 0.2522550651870843.[0m
[FileBasedDataset] Initializing dataset...
	Examples: 11988
	Features: 621
	Max length: 574
[FileBasedDataset] Dataset initialization complete
  epoch    auprc    auroc    train_loss    valid_acc    valid_loss    cp      dur
-------  -------  -------  ------------  -----------  ------------  ----  -------
      1   [36m0.1551[0m   [32m0.6055[0m        [35m0.3877[0m       [31m0.8957[0m        [94m0.3198[0m     +  30.3236
      2   0.1548   [32m0.6139[0m        [35m0.3370[0m       0.8774        0.3590        30.1558
      3   0.0951   0.4471        [35m0.3268[0m       0.8924        0.5959        30.1563
Stopping since valid_loss has not improved in the last 3 epochs.
[32m[I 2022-12-28 15:26:18,008][0m Trial 84 finished with value: 0.15507729535438092 and parameters: {'optimizer__lr': 0.01108300493280606, 'module__dropout': 0.6992122844464302, 'd_model_multiplier': 2, 'module__num_layers': 3, 'module__n_heads': 16, 'module__dim_feedforward': 485, 'iterator_train__batch_size': 91}. Best is trial 30 with value: 0.2522550651870843.[0m
[FileBasedDataset] Initializing dataset...
	Examples: 11988
	Features: 621
	Max length: 574
[FileBasedDataset] Dataset initialization complete
  epoch    auprc    auroc    train_loss    valid_acc    valid_loss    cp      dur
-------  -------  -------  ------------  -----------  ------------  ----  -------
      1   [36m0.1356[0m   [32m0.5456[0m        [35m0.3529[0m       [31m0.9033[0m        [94m0.3229[0m     +  29.8751
      2   0.1236   [32m0.5688[0m        [35m0.3084[0m       0.9033        0.3248        29.8190
      3   0.1296   [32m0.5810[0m        [35m0.3054[0m       0.9033        0.3235        29.6616
      4   0.1335   [32m0.5924[0m        [35m0.3025[0m       0.9033        [94m0.3187[0m     +  29.9114
      5   0.1314   0.5893        0.3053       0.9033        0.3207        29.8093
      6   [36m0.1646[0m   [32m0.6039[0m        [35m0.2993[0m       [31m0.9041[0m        [94m0.3172[0m     +  29.7583
      7   0.1559   [32m0.6150[0m        0.3021       0.9033        0.3175        29.9128
      8   0.1537   [32m0.6176[0m        0.3038       0.9041        [94m0.3171[0m     +  30.0275
      9   0.1589   [32m0.6203[0m        0.3014       0.9041        [94m0.3134[0m     +  29.8735
     10   [36m0.1650[0m   0.6159        0.3023       0.9041        0.3151        30.0136
     11   0.1541   0.6173        0.3043       0.9033        [94m0.3131[0m     +  30.2208
     12   0.1645   0.6084        0.3015       0.9033        0.3151        30.1305
     13   0.1537   0.6073        0.3010       0.9024        0.3154        29.7577
Stopping since valid_loss has not improved in the last 3 epochs.
[32m[I 2022-12-28 15:33:17,158][0m Trial 85 finished with value: 0.16498149088552672 and parameters: {'optimizer__lr': 0.00018324909480851593, 'module__dropout': 0.6226726088737767, 'd_model_multiplier': 2, 'module__num_layers': 3, 'module__n_heads': 16, 'module__dim_feedforward': 411, 'iterator_train__batch_size': 80}. Best is trial 30 with value: 0.2522550651870843.[0m
[FileBasedDataset] Initializing dataset...
	Examples: 11988
	Features: 621
	Max length: 574
[FileBasedDataset] Dataset initialization complete
  epoch    auprc    auroc    train_loss    valid_acc    valid_loss    cp      dur
-------  -------  -------  ------------  -----------  ------------  ----  -------
      1   [36m0.1802[0m   [32m0.6160[0m        [35m0.3986[0m       [31m0.8415[0m        [94m0.4131[0m     +  25.1941
      2   0.1588   0.6125        0.4571       0.5746        1.9664        25.1899
      3   0.1729   [32m0.6480[0m        0.4603       0.8190        0.5868        25.1757
Stopping since valid_loss has not improved in the last 3 epochs.
[32m[I 2022-12-28 15:34:58,368][0m Trial 86 finished with value: 0.18024397451962973 and parameters: {'optimizer__lr': 0.000543437596837528, 'module__dropout': 0.6034228124764096, 'd_model_multiplier': 16, 'module__num_layers': 2, 'module__n_heads': 16, 'module__dim_feedforward': 503, 'iterator_train__batch_size': 72}. Best is trial 30 with value: 0.2522550651870843.[0m
[FileBasedDataset] Initializing dataset...
	Examples: 11988
	Features: 621
	Max length: 574
[FileBasedDataset] Dataset initialization complete
  epoch    auprc    auroc    train_loss    valid_acc    valid_loss    cp      dur
-------  -------  -------  ------------  -----------  ------------  ----  -------
      1   [36m0.1717[0m   [32m0.6175[0m        [35m0.3624[0m       [31m0.9074[0m        [94m0.2981[0m     +  18.8136
      2   [36m0.1992[0m   [32m0.6491[0m        [35m0.3497[0m       [31m0.9099[0m        0.2986        19.3256
      3   0.1618   0.6326        [35m0.3336[0m       [31m0.9108[0m        0.3527        19.1440
Stopping since valid_loss has not improved in the last 3 epochs.
[32m[I 2022-12-28 15:36:14,651][0m Trial 87 finished with value: 0.19919483432801519 and parameters: {'optimizer__lr': 0.002769485099922648, 'module__dropout': 0.5793373365098887, 'd_model_multiplier': 2, 'module__num_layers': 1, 'module__n_heads': 16, 'module__dim_feedforward': 318, 'iterator_train__batch_size': 120}. Best is trial 30 with value: 0.2522550651870843.[0m
[FileBasedDataset] Initializing dataset...
	Examples: 11988
	Features: 621
	Max length: 574
[FileBasedDataset] Dataset initialization complete
Warning, assumed runtime error: CUDA out of memory. Tried to allocate 5.03 GiB (GPU 0; 23.70 GiB total capacity; 16.91 GiB already allocated; 391.31 MiB free; 22.32 GiB reserved in total by PyTorch) If reserved memory is >> allocated memory try setting max_split_size_mb to avoid fragmentation.  See documentation for Memory Management and PYTORCH_CUDA_ALLOC_CONF
[32m[I 2022-12-28 15:36:17,649][0m Trial 88 finished with value: 0.0 and parameters: {'optimizer__lr': 0.001764648403186067, 'module__dropout': 0.6608284527310577, 'd_model_multiplier': 2, 'module__num_layers': 6, 'module__n_heads': 64, 'module__dim_feedforward': 475, 'iterator_train__batch_size': 64}. Best is trial 30 with value: 0.2522550651870843.[0m
[FileBasedDataset] Initializing dataset...
	Examples: 11988
	Features: 621
	Max length: 574
[FileBasedDataset] Dataset initialization complete
  epoch    auprc    auroc    train_loss    valid_acc    valid_loss    cp      dur
-------  -------  -------  ------------  -----------  ------------  ----  -------
      1   [36m0.1754[0m   [32m0.6480[0m        [35m0.3297[0m       [31m0.8974[0m        [94m0.3294[0m     +  32.3655
      2   0.1735   [32m0.6568[0m        [35m0.2973[0m       0.8882        0.3306        32.4879
      3   [36m0.1855[0m   [32m0.6681[0m        [35m0.2961[0m       0.8924        [94m0.3254[0m     +  32.1232
      4   0.1852   0.6540        [35m0.2949[0m       0.8974        0.3297        32.5654
      5   0.1854   0.6599        [35m0.2912[0m       0.8941        [94m0.3238[0m     +  32.4795
      6   0.1805   0.6400        [35m0.2907[0m       0.8949        0.3314        32.3417
      7   0.1845   0.6553        0.2908       0.8682        0.3478        32.5010
Stopping since valid_loss has not improved in the last 3 epochs.
[32m[I 2022-12-28 15:40:38,016][0m Trial 89 finished with value: 0.1854946934230144 and parameters: {'optimizer__lr': 4.640013436454859e-05, 'module__dropout': 0.45594916021779175, 'd_model_multiplier': 32, 'module__num_layers': 2, 'module__n_heads': 16, 'module__dim_feedforward': 345, 'iterator_train__batch_size': 127}. Best is trial 30 with value: 0.2522550651870843.[0m
[FileBasedDataset] Initializing dataset...
	Examples: 11988
	Features: 621
	Max length: 574
[FileBasedDataset] Dataset initialization complete
  epoch    auprc    auroc    train_loss    valid_acc    valid_loss    cp      dur
-------  -------  -------  ------------  -----------  ------------  ----  -------
      1   [36m0.1028[0m   [32m0.4459[0m        [35m0.9217[0m       [31m0.9024[0m        [94m0.3999[0m     +  25.5218
      2   [36m0.1576[0m   [32m0.6000[0m        [35m0.3147[0m       0.9024        [94m0.3301[0m     +  25.9863
      3   0.1466   0.5980        [35m0.3040[0m       0.8974        0.3387        25.8497
      4   0.1420   [32m0.6126[0m        0.3047       0.8974        0.3463        26.2879
Stopping since valid_loss has not improved in the last 3 epochs.
[32m[I 2022-12-28 15:42:47,748][0m Trial 90 finished with value: 0.15756170793442492 and parameters: {'optimizer__lr': 0.005844284549540277, 'module__dropout': 0.0560018695722716, 'd_model_multiplier': 16, 'module__num_layers': 4, 'module__n_heads': 8, 'module__dim_feedforward': 511, 'iterator_train__batch_size': 88}. Best is trial 30 with value: 0.2522550651870843.[0m
[FileBasedDataset] Initializing dataset...
	Examples: 11988
	Features: 621
	Max length: 574
[FileBasedDataset] Dataset initialization complete
  epoch    auprc    auroc    train_loss    valid_acc    valid_loss    cp      dur
-------  -------  -------  ------------  -----------  ------------  ----  -------
      1   [36m0.1950[0m   [32m0.6077[0m        [35m0.5587[0m       [31m0.8932[0m        [94m0.4219[0m     +  17.8804
      2   [36m0.2250[0m   [32m0.6519[0m        [35m0.3539[0m       [31m0.9008[0m        [94m0.3367[0m     +  18.5594
      3   0.2135   [32m0.6606[0m        [35m0.3275[0m       0.8782        0.3434        18.5275
      4   [36m0.2280[0m   [32m0.6688[0m        [35m0.3204[0m       0.8999        0.4058        18.0027
Stopping since valid_loss has not improved in the last 3 epochs.
[32m[I 2022-12-28 15:44:18,990][0m Trial 91 finished with value: 0.22803234862029823 and parameters: {'optimizer__lr': 0.020700212808577353, 'module__dropout': 0.6301155537569021, 'd_model_multiplier': 8, 'module__num_layers': 1, 'module__n_heads': 4, 'module__dim_feedforward': 284, 'iterator_train__batch_size': 104}. Best is trial 30 with value: 0.2522550651870843.[0m
[FileBasedDataset] Initializing dataset...
	Examples: 11988
	Features: 621
	Max length: 574
[FileBasedDataset] Dataset initialization complete
  epoch    auprc    auroc    train_loss    valid_acc    valid_loss    cp      dur
-------  -------  -------  ------------  -----------  ------------  ----  -------
      1   [36m0.0807[0m   [32m0.3689[0m        [35m0.4810[0m       [31m0.9216[0m        [94m0.3602[0m     +  17.4342
      2   [36m0.1408[0m   [32m0.4377[0m        [35m0.3484[0m       [31m0.9224[0m        [94m0.2877[0m     +  18.1434
      3   0.0586   0.3614        [35m0.3318[0m       0.9216        0.3235        18.2312
      4   0.0754   [32m0.4552[0m        [35m0.3282[0m       0.9216        0.3231        18.5063
Stopping since valid_loss has not improved in the last 3 epochs.
[32m[I 2022-12-28 15:45:49,485][0m Trial 92 finished with value: 0.14083751054926671 and parameters: {'optimizer__lr': 0.01849144391522933, 'module__dropout': 0.630893691844697, 'd_model_multiplier': 8, 'module__num_layers': 1, 'module__n_heads': 4, 'module__dim_feedforward': 283, 'iterator_train__batch_size': 100}. Best is trial 30 with value: 0.2522550651870843.[0m
[FileBasedDataset] Initializing dataset...
	Examples: 11988
	Features: 621
	Max length: 574
[FileBasedDataset] Dataset initialization complete
  epoch    auprc    auroc    train_loss    valid_acc    valid_loss    cp      dur
-------  -------  -------  ------------  -----------  ------------  ----  -------
      1   [36m0.1547[0m   [32m0.6133[0m        [35m0.3582[0m       [31m0.9116[0m        [94m0.3018[0m     +  18.1635
      2   [36m0.1673[0m   [32m0.6687[0m        [35m0.3333[0m       0.9108        [94m0.2973[0m     +  18.5781
      3   [36m0.1708[0m   0.5920        [35m0.3260[0m       0.9116        [94m0.2920[0m     +  18.6222
      4   0.1519   0.5605        [35m0.3203[0m       0.9116        0.2985        18.3911
      5   [36m0.1858[0m   0.6479        [35m0.3150[0m       0.9116        0.3062        18.6218
Stopping since valid_loss has not improved in the last 3 epochs.
[32m[I 2022-12-28 15:47:40,617][0m Trial 93 finished with value: 0.1857972772257037 and parameters: {'optimizer__lr': 0.009486182443823911, 'module__dropout': 0.669149821123534, 'd_model_multiplier': 2, 'module__num_layers': 2, 'module__n_heads': 4, 'module__dim_feedforward': 374, 'iterator_train__batch_size': 113}. Best is trial 30 with value: 0.2522550651870843.[0m
[FileBasedDataset] Initializing dataset...
	Examples: 11988
	Features: 621
	Max length: 574
[FileBasedDataset] Dataset initialization complete
Warning, assumed runtime error: CUDA out of memory. Tried to allocate 3.10 GiB (GPU 0; 23.70 GiB total capacity; 21.93 GiB already allocated; 311.31 MiB free; 22.40 GiB reserved in total by PyTorch) If reserved memory is >> allocated memory try setting max_split_size_mb to avoid fragmentation.  See documentation for Memory Management and PYTORCH_CUDA_ALLOC_CONF
[32m[I 2022-12-28 15:47:44,190][0m Trial 94 finished with value: 0.0 and parameters: {'optimizer__lr': 0.003132346193184639, 'module__dropout': 0.6328598125032214, 'd_model_multiplier': 4, 'module__num_layers': 3, 'module__n_heads': 32, 'module__dim_feedforward': 462, 'iterator_train__batch_size': 79}. Best is trial 30 with value: 0.2522550651870843.[0m
[FileBasedDataset] Initializing dataset...
	Examples: 11988
	Features: 621
	Max length: 574
[FileBasedDataset] Dataset initialization complete
  epoch    auprc    auroc    train_loss    valid_acc    valid_loss    cp      dur
-------  -------  -------  ------------  -----------  ------------  ----  -------
      1   [36m0.1225[0m   [32m0.4463[0m        [35m0.3605[0m       [31m0.8991[0m        [94m0.4234[0m     +  18.3748
      2   [36m0.1329[0m   [32m0.5123[0m        0.3692       0.8991        0.4248        18.6368
      3   [36m0.1557[0m   [32m0.6023[0m        0.3966       0.8757        [94m0.3968[0m     +  18.6689
      4   [36m0.1766[0m   [32m0.6253[0m        0.4211       0.8432        0.5825        18.8256
      5   0.1602   0.5748        0.3796       [31m0.8999[0m        0.3998        18.9495
Stopping since valid_loss has not improved in the last 3 epochs.
