[32m[I 2022-12-12 05:06:08,031][0m Trial 497 finished with value: 0.3916072427023438 and parameters: {'optimizer__lr': 0.00011128207422213791, 'module__dropout': 0.14595216736423408, 'd_model_multiplier': 4, 'module__num_layers': 1, 'module__n_heads': 8, 'module__dim_feedforward': 453, 'iterator_train__batch_size': 97}. Best is trial 382 with value: 0.5110916005289956.[0m
[FileBasedDataset] Initializing dataset...
	Examples: 28559
	Features: 621
	Max length: 120
[FileBasedDataset] Dataset initialization complete
  epoch    auprc    auroc    train_loss    valid_acc    valid_loss    cp      dur
-------  -------  -------  ------------  -----------  ------------  ----  -------
      1   [36m0.2031[0m   [32m0.7133[0m        [35m0.3081[0m       [31m0.9240[0m        [94m0.2520[0m     +  23.2211
      2   [36m0.2612[0m   [32m0.7617[0m        [35m0.2502[0m       [31m0.9247[0m        [94m0.2330[0m     +  23.5234
      3   [36m0.2687[0m   [32m0.7679[0m        [35m0.2455[0m       0.9219        0.2348        23.6028
      4   [36m0.2746[0m   0.7672        [35m0.2428[0m       0.9226        0.2364        24.0070
      5   [36m0.2831[0m   [32m0.7793[0m        [35m0.2393[0m       [31m0.9251[0m        [94m0.2273[0m     +  23.5804
      6   [36m0.2909[0m   [32m0.7826[0m        [35m0.2375[0m       [31m0.9275[0m        [94m0.2267[0m     +  23.3359
      7   0.2865   [32m0.7898[0m        [35m0.2364[0m       0.9244        [94m0.2256[0m     +  23.0658
      8   [36m0.2912[0m   0.7868        [35m0.2363[0m       0.9223        0.2293        22.9772
      9   [36m0.2972[0m   0.7876        [35m0.2357[0m       0.9233        0.2274        23.2600
     10   0.2941   [32m0.7906[0m        [35m0.2347[0m       0.9247        [94m0.2249[0m     +  23.3403
     11   [36m0.2979[0m   [32m0.7944[0m        [35m0.2322[0m       0.9265        [94m0.2243[0m     +  24.1795
     12   [36m0.3058[0m   [32m0.8017[0m        0.2331       0.9261        [94m0.2226[0m     +  24.1574
     13   [36m0.3066[0m   0.8011        [35m0.2302[0m       0.9265        0.2236        23.5629
     14   0.3061   [32m0.8031[0m        0.2320       0.9261        [94m0.2206[0m     +  24.0884
     15   0.3037   0.8016        0.2310       0.9261        0.2232        23.7894
[32m[I 2022-12-12 05:12:02,387][0m Trial 498 finished with value: 0.3066083779362804 and parameters: {'optimizer__lr': 0.0005485703847441923, 'module__dropout': 0.5731947287411343, 'd_model_multiplier': 4, 'module__num_layers': 4, 'module__n_heads': 8, 'module__dim_feedforward': 296, 'iterator_train__batch_size': 114}. Best is trial 382 with value: 0.5110916005289956.[0m
[FileBasedDataset] Initializing dataset...
	Examples: 28559
	Features: 621
	Max length: 120
[FileBasedDataset] Dataset initialization complete
  epoch    auprc    auroc    train_loss    valid_acc    valid_loss    cp      dur
-------  -------  -------  ------------  -----------  ------------  ----  -------
      1   [36m0.3559[0m   [32m0.7941[0m        [35m0.2988[0m       [31m0.9244[0m        [94m0.2253[0m     +  22.4450
      2   [36m0.3965[0m   [32m0.8156[0m        [35m0.2287[0m       [31m0.9258[0m        [94m0.2164[0m     +  22.8138
      3   [36m0.4103[0m   [32m0.8270[0m        [35m0.2230[0m       [31m0.9275[0m        [94m0.2130[0m     +  23.0098
      4   [36m0.4216[0m   [32m0.8357[0m        [35m0.2190[0m       [31m0.9293[0m        [94m0.2091[0m     +  23.1781
      5   [36m0.4293[0m   [32m0.8426[0m        [35m0.2155[0m       [31m0.9300[0m        [94m0.2074[0m     +  23.3440
      6   [36m0.4458[0m   [32m0.8498[0m        [35m0.2132[0m       0.9286        [94m0.2029[0m     +  23.3731
      7   0.4446   [32m0.8516[0m        [35m0.2103[0m       0.9289        [94m0.2022[0m     +  23.3901
      8   [36m0.4475[0m   [32m0.8575[0m        [35m0.2084[0m       0.9300        [94m0.2009[0m     +  22.8428
      9   [36m0.4561[0m   [32m0.8609[0m        [35m0.2063[0m       0.9300        [94m0.1990[0m     +  22.6040
     10   0.4505   [32m0.8611[0m        [35m0.2049[0m       0.9293        0.1996        23.1784
     11   0.4488   0.8604        [35m0.2034[0m       0.9272        0.1995        23.1058
     12   0.4516   [32m0.8670[0m        [35m0.2026[0m       0.9289        [94m0.1974[0m     +  23.1889
     13   0.4381   [32m0.8676[0m        [35m0.2000[0m       0.9279        0.1986        23.0994
     14   0.4384   0.8674        [35m0.1996[0m       0.9275        0.1994        22.7487
Stopping since valid_loss has not improved in the last 3 epochs.
[32m[I 2022-12-12 05:17:48,546][0m Trial 499 finished with value: 0.4560671524330361 and parameters: {'optimizer__lr': 0.00015308576422829812, 'module__dropout': 0.11260375653752328, 'd_model_multiplier': 8, 'module__num_layers': 1, 'module__n_heads': 8, 'module__dim_feedforward': 484, 'iterator_train__batch_size': 75}. Best is trial 382 with value: 0.5110916005289956.[0m
Best trial:
  Value: 0.5110916005289956
  Params: 
    optimizer__lr: 0.002656205687468148
    module__dropout: 0.13910274697124775
    d_model_multiplier: 4
    module__num_layers: 1
    module__n_heads: 8
    module__dim_feedforward: 268
    iterator_train__batch_size: 83
Re-training with hyperparams and testing on hold-out dataset
[FileBasedDataset] Initializing dataset...
	Examples: 28559
	Features: 621
	Max length: 120
[FileBasedDataset] Dataset initialization complete
[FileBasedDataset] Initializing dataset...
	Examples: 3174
	Features: 621
	Max length: 120
[FileBasedDataset] Dataset initialization complete
  epoch    auprc    auroc    train_loss    valid_acc    valid_loss    cp      dur
-------  -------  -------  ------------  -----------  ------------  ----  -------
      1   [36m0.3664[0m   [32m0.8153[0m        [35m0.2395[0m       [31m0.9265[0m        [94m0.2194[0m     +  22.9659
      2   [36m0.3735[0m   [32m0.8174[0m        [35m0.2212[0m       [31m0.9268[0m        [94m0.2178[0m     +  23.3969
      3   0.3703   [32m0.8234[0m        [35m0.2183[0m       [31m0.9296[0m        0.2213        24.2444
      4   0.3669   0.8188        [35m0.2163[0m       0.9272        0.2204        23.9898
Stopping since valid_loss has not improved in the last 3 epochs.
Final score: 0.8504871946568967
