[32m[I 2022-12-11 16:44:43,423][0m Trial 329 finished with value: 0.3168207797437958 and parameters: {'optimizer__lr': 0.0004609657177666972, 'module__dropout': 0.0485001469480133, 'd_model_multiplier': 64, 'module__num_layers': 7, 'module__n_heads': 4, 'module__dim_feedforward': 299, 'iterator_train__batch_size': 227}. Best is trial 231 with value: 0.4798892428044479.[0m
[FileBasedDataset] Initializing dataset...
	Examples: 28559
	Features: 621
	Max length: 120
[FileBasedDataset] Dataset initialization complete
  epoch    auprc    auroc    train_loss    valid_acc    valid_loss    cp      dur
-------  -------  -------  ------------  -----------  ------------  ----  -------
      1   [36m0.3781[0m   [32m0.7999[0m        [35m0.2498[0m       [31m0.9205[0m        [94m0.2293[0m     +  24.3608
      2   0.2884   0.7720        [35m0.2411[0m       0.9142        0.2508        23.8323
      3   0.3398   0.7907        [35m0.2359[0m       0.9188        0.2398        24.7908
Stopping since valid_loss has not improved in the last 3 epochs.
[32m[I 2022-12-11 16:46:20,322][0m Trial 330 finished with value: 0.37809990745777644 and parameters: {'optimizer__lr': 0.0008409156352906078, 'module__dropout': 0.2024256325610621, 'd_model_multiplier': 16, 'module__num_layers': 6, 'module__n_heads': 4, 'module__dim_feedforward': 286, 'iterator_train__batch_size': 76}. Best is trial 231 with value: 0.4798892428044479.[0m
[FileBasedDataset] Initializing dataset...
	Examples: 28559
	Features: 621
	Max length: 120
[FileBasedDataset] Dataset initialization complete
  epoch    auprc    auroc    train_loss    valid_acc    valid_loss    cp      dur
-------  -------  -------  ------------  -----------  ------------  ----  -------
      1   [36m0.3601[0m   [32m0.8021[0m        [35m0.2466[0m       [31m0.9198[0m        [94m0.2336[0m     +  22.9006
      2   [36m0.3719[0m   [32m0.8199[0m        [35m0.2204[0m       [31m0.9212[0m        [94m0.2274[0m     +  24.3787
      3   [36m0.4035[0m   [32m0.8388[0m        [35m0.2146[0m       [31m0.9223[0m        [94m0.2198[0m     +  23.5152
      4   [36m0.4113[0m   [32m0.8495[0m        [35m0.2099[0m       0.9219        [94m0.2161[0m     +  23.2557
      5   [36m0.4303[0m   [32m0.8564[0m        [35m0.2045[0m       0.9223        [94m0.2128[0m     +  23.8380
      6   0.4196   0.8533        [35m0.1992[0m       0.9212        0.2140        23.5044
      7   0.4165   0.8507        [35m0.1944[0m       0.9195        0.2158        23.6471
Stopping since valid_loss has not improved in the last 3 epochs.
[32m[I 2022-12-11 16:49:30,330][0m Trial 331 finished with value: 0.4302566972325407 and parameters: {'optimizer__lr': 7.202216996000088e-05, 'module__dropout': 0.03947918912859852, 'd_model_multiplier': 64, 'module__num_layers': 6, 'module__n_heads': 4, 'module__dim_feedforward': 265, 'iterator_train__batch_size': 62}. Best is trial 231 with value: 0.4798892428044479.[0m
[FileBasedDataset] Initializing dataset...
	Examples: 28559
	Features: 621
	Max length: 120
[FileBasedDataset] Dataset initialization complete
  epoch    auprc    auroc    train_loss    valid_acc    valid_loss    cp      dur
-------  -------  -------  ------------  -----------  ------------  ----  -------
      1   [36m0.0453[0m   [32m0.2515[0m        [35m0.5907[0m       [31m0.9296[0m        [94m0.5025[0m     +  24.0254
      2   [36m0.0531[0m   [32m0.2689[0m        [35m0.4659[0m       0.9296        [94m0.4141[0m     +  24.4031
      3   [36m0.0628[0m   [32m0.2990[0m        [35m0.3991[0m       0.9296        [94m0.3573[0m     +  24.1110
      4   [36m0.0886[0m   [32m0.3737[0m        [35m0.3585[0m       [31m0.9300[0m        [94m0.3190[0m     +  24.5506
      5   [36m0.1135[0m   [32m0.4430[0m        [35m0.3292[0m       0.9300        [94m0.2924[0m     +  23.7433
      6   [36m0.1270[0m   [32m0.5024[0m        [35m0.3116[0m       0.9300        [94m0.2741[0m     +  23.8658
      7   [36m0.1604[0m   [32m0.5702[0m        [35m0.2963[0m       0.9296        [94m0.2611[0m     +  24.0201
      8   [36m0.1785[0m   [32m0.6230[0m        [35m0.2881[0m       0.9300        [94m0.2519[0m     +  23.7935
      9   [36m0.1980[0m   [32m0.6571[0m        [35m0.2840[0m       0.9296        [94m0.2454[0m     +  23.8731
     10   [36m0.2081[0m   [32m0.6785[0m        [35m0.2793[0m       0.9300        [94m0.2408[0m     +  24.1119
     11   [36m0.2143[0m   [32m0.6880[0m        [35m0.2771[0m       0.9300        [94m0.2374[0m     +  23.9682
     12   [36m0.2210[0m   [32m0.7095[0m        [35m0.2740[0m       0.9300        [94m0.2348[0m     +  24.2040
     13   [36m0.2238[0m   [32m0.7131[0m        [35m0.2734[0m       0.9296        [94m0.2329[0m     +  24.3440
     14   [36m0.2247[0m   [32m0.7168[0m        [35m0.2711[0m       0.9296        [94m0.2313[0m     +  23.9342
     15   [36m0.2267[0m   [32m0.7281[0m        [35m0.2706[0m       0.9300        [94m0.2301[0m     +  23.9245
[32m[I 2022-12-11 16:55:32,777][0m Trial 332 finished with value: 0.22669726009855476 and parameters: {'optimizer__lr': 4.157985540243937e-05, 'module__dropout': 0.2493495898387576, 'd_model_multiplier': 1, 'module__num_layers': 7, 'module__n_heads': 4, 'module__dim_feedforward': 310, 'iterator_train__batch_size': 39}. Best is trial 231 with value: 0.4798892428044479.[0m
[FileBasedDataset] Initializing dataset...
	Examples: 28559
	Features: 621
	Max length: 120
[FileBasedDataset] Dataset initialization complete
  epoch    auprc    auroc    train_loss    valid_acc    valid_loss    cp      dur
-------  -------  -------  ------------  -----------  ------------  ----  -------
      1   [36m0.3284[0m   [32m0.7764[0m        [35m0.2779[0m       [31m0.9195[0m        [94m0.2394[0m     +  23.5276
      2   [36m0.3518[0m   [32m0.8003[0m        [35m0.2319[0m       [31m0.9212[0m        [94m0.2335[0m     +  24.4932
      3   [36m0.3768[0m   [32m0.8095[0m        [35m0.2293[0m       [31m0.9223[0m        [94m0.2281[0m     +  24.6732
      4   [36m0.3855[0m   [32m0.8136[0m        [35m0.2263[0m       [31m0.9244[0m        [94m0.2265[0m     +  24.7624
      5   0.3820   [32m0.8195[0m        [35m0.2246[0m       0.9230        [94m0.2259[0m     +  24.2099
      6   [36m0.3906[0m   [32m0.8272[0m        [35m0.2227[0m       0.9244        [94m0.2234[0m     +  23.7986
      7   0.3874   [32m0.8284[0m        [35m0.2219[0m       0.9223        [94m0.2233[0m     +  23.2984
      8   0.3824   [32m0.8297[0m        [35m0.2195[0m       0.9230        0.2238        23.9809
      9   0.3868   [32m0.8343[0m        [35m0.2173[0m       0.9223        [94m0.2216[0m     +  24.1140
     10   [36m0.4014[0m   [32m0.8372[0m        0.2176       0.9212        [94m0.2213[0m     +  23.9075
     11   [36m0.4029[0m   [32m0.8396[0m        [35m0.2161[0m       0.9212        0.2215        23.8781
     12   [36m0.4057[0m   [32m0.8421[0m        0.2165       0.9233        [94m0.2190[0m     +  23.8818
     13   0.4030   [32m0.8443[0m        [35m0.2153[0m       0.9226        0.2191        24.1116
     14   [36m0.4066[0m   0.8419        [35m0.2146[0m       0.9240        [94m0.2189[0m     +  24.2235
     15   [36m0.4143[0m   [32m0.8461[0m        [35m0.2138[0m       0.9244        [94m0.2176[0m     +  24.0420
[32m[I 2022-12-11 17:01:35,161][0m Trial 333 finished with value: 0.4142528037544958 and parameters: {'optimizer__lr': 0.00015115474036013802, 'module__dropout': 0.3787905855082574, 'd_model_multiplier': 16, 'module__num_layers': 8, 'module__n_heads': 4, 'module__dim_feedforward': 255, 'iterator_train__batch_size': 52}. Best is trial 231 with value: 0.4798892428044479.[0m
[FileBasedDataset] Initializing dataset...
	Examples: 28559
	Features: 621
	Max length: 120
[FileBasedDataset] Dataset initialization complete
  epoch    auprc    auroc    train_loss    valid_acc    valid_loss    cp      dur
-------  -------  -------  ------------  -----------  ------------  ----  -------
      1   [36m0.3472[0m   [32m0.8097[0m        [35m0.2488[0m       [31m0.9184[0m        [94m0.2408[0m     +  23.3701
      2   [36m0.3649[0m   0.8094        [35m0.2213[0m       [31m0.9226[0m        [94m0.2326[0m     +  23.8262
      3   [36m0.3703[0m   [32m0.8128[0m        [35m0.2164[0m       0.9219        [94m0.2319[0m     +  23.9384
      4   [36m0.3869[0m   [32m0.8240[0m        [35m0.2146[0m       0.9219        [94m0.2294[0m     +  24.2690
      5   [36m0.4007[0m   [32m0.8298[0m        [35m0.2094[0m       [31m0.9240[0m        [94m0.2270[0m     +  24.2178
      6   [36m0.4115[0m   0.8230        [35m0.2046[0m       [31m0.9251[0m        [94m0.2245[0m     +  24.1317
      7   [36m0.4186[0m   0.8274        [35m0.2006[0m       0.9247        0.2257        23.9751
      8   0.4185   [32m0.8306[0m        [35m0.1952[0m       0.9251        0.2263        24.0538
Stopping since valid_loss has not improved in the last 3 epochs.
[32m[I 2022-12-11 17:05:10,799][0m Trial 334 finished with value: 0.4186433380203295 and parameters: {'optimizer__lr': 0.0002425227517716397, 'module__dropout': 0.05791404979345358, 'd_model_multiplier': 64, 'module__num_layers': 5, 'module__n_heads': 4, 'module__dim_feedforward': 248, 'iterator_train__batch_size': 214}. Best is trial 231 with value: 0.4798892428044479.[0m
[FileBasedDataset] Initializing dataset...
	Examples: 28559
	Features: 621
	Max length: 120
[FileBasedDataset] Dataset initialization complete
  epoch    auprc    auroc    train_loss    valid_acc    valid_loss    cp      dur
-------  -------  -------  ------------  -----------  ------------  ----  -------
      1   [36m0.3393[0m   [32m0.7651[0m        [35m0.2534[0m       [31m0.9139[0m        [94m0.2583[0m     +  23.4747
      2   [36m0.3491[0m   [32m0.7833[0m        [35m0.2206[0m       0.9139        [94m0.2541[0m     +  24.4198
      3   [36m0.3580[0m   [32m0.7983[0m        [35m0.2166[0m       [31m0.9160[0m        [94m0.2495[0m     +  24.0925
      4   [36m0.3670[0m   [32m0.8098[0m        [35m0.2122[0m       [31m0.9167[0m        [94m0.2459[0m     +  24.9192
      5   [36m0.3763[0m   [32m0.8158[0m        [35m0.2078[0m       [31m0.9177[0m        [94m0.2432[0m     +  24.8472
      6   [36m0.3791[0m   [32m0.8172[0m        [35m0.2041[0m       0.9167        [94m0.2418[0m     +  30.5865
      7   [36m0.3848[0m   [32m0.8211[0m        [35m0.2012[0m       0.9156        [94m0.2418[0m     +  24.6090
      8   [36m0.3932[0m   [32m0.8233[0m        [35m0.1973[0m       0.9177        [94m0.2414[0m     +  24.5586
      9   0.3910   [32m0.8275[0m        [35m0.1945[0m       0.9167        [94m0.2411[0m     +  24.2792
     10   [36m0.3954[0m   [32m0.8308[0m        [35m0.1921[0m       0.9153        [94m0.2394[0m     +  24.5588
     11   [36m0.3986[0m   [32m0.8329[0m        [35m0.1896[0m       0.9163        [94m0.2387[0m     +  23.5937
     12   0.3925   0.8309        [35m0.1868[0m       0.9160        0.2406        23.9482
     13   [36m0.4014[0m   [32m0.8344[0m        [35m0.1844[0m       0.9156        [94m0.2386[0m     +  24.2910
     14   0.3977   0.8330        [35m0.1817[0m       0.9153        0.2412        24.7315
     15   0.3993   [32m0.8384[0m        [35m0.1804[0m       0.9149        0.2412        24.2408
[32m[I 2022-12-11 17:11:24,616][0m Trial 335 finished with value: 0.40137637886148225 and parameters: {'optimizer__lr': 2.317066071050428e-05, 'module__dropout': 0.07075192905814007, 'd_model_multiplier': 64, 'module__num_layers': 7, 'module__n_heads': 4, 'module__dim_feedforward': 293, 'iterator_train__batch_size': 32}. Best is trial 231 with value: 0.4798892428044479.[0m
[FileBasedDataset] Initializing dataset...
	Examples: 28559
	Features: 621
	Max length: 120
[FileBasedDataset] Dataset initialization complete
  epoch    auprc    auroc    train_loss    valid_acc    valid_loss    cp      dur
-------  -------  -------  ------------  -----------  ------------  ----  -------
      1   [36m0.2586[0m   [32m0.6821[0m        [35m0.3686[0m       [31m0.9289[0m        [94m0.2516[0m     +  23.1547
      2   [36m0.3479[0m   [32m0.7723[0m        [35m0.2483[0m       [31m0.9317[0m        [94m0.2182[0m     +  24.1151
      3   [36m0.3584[0m   [32m0.8027[0m        [35m0.2324[0m       [31m0.9342[0m        [94m0.2112[0m     +  23.4988
      4   [36m0.3633[0m   [32m0.8141[0m        [35m0.2271[0m       0.9324        [94m0.2071[0m     +  23.4351
      5   [36m0.3699[0m   [32m0.8157[0m        [35m0.2234[0m       0.9328        [94m0.2052[0m     +  23.2609
      6   [36m0.3765[0m   [32m0.8172[0m        [35m0.2206[0m       0.9331        [94m0.2040[0m     +  23.4450
      7   [36m0.3829[0m   [32m0.8217[0m        [35m0.2175[0m       0.9342        [94m0.2023[0m     +  22.7807
      8   [36m0.3926[0m   [32m0.8237[0m        [35m0.2157[0m       0.9342        [94m0.2009[0m     +  23.7955
      9   [36m0.4008[0m   [32m0.8307[0m        [35m0.2121[0m       0.9335        [94m0.1983[0m     +  23.0322
     10   [36m0.4027[0m   [32m0.8341[0m        [35m0.2095[0m       [31m0.9349[0m        [94m0.1971[0m     +  23.9323
     11   [36m0.4051[0m   [32m0.8365[0m        [35m0.2064[0m       0.9331        0.1971        23.4819
     12   0.4015   [32m0.8368[0m        [35m0.2049[0m       0.9317        [94m0.1965[0m     +  23.8165
     13   [36m0.4059[0m   [32m0.8371[0m        [35m0.2033[0m       [31m0.9352[0m        0.1974        22.6715
     14   [36m0.4177[0m   [32m0.8399[0m        [35m0.2011[0m       0.9342        [94m0.1950[0m     +  24.5069
     15   0.4162   [32m0.8404[0m        [35m0.1991[0m       0.9349        [94m0.1943[0m     +  22.6692
[32m[I 2022-12-11 17:17:17,212][0m Trial 336 finished with value: 0.4176870163235446 and parameters: {'optimizer__lr': 0.00010068306685274712, 'module__dropout': 0.03386450049503021, 'd_model_multiplier': 16, 'module__num_layers': 5, 'module__n_heads': 4, 'module__dim_feedforward': 389, 'iterator_train__batch_size': 184}. Best is trial 231 with value: 0.4798892428044479.[0m
[FileBasedDataset] Initializing dataset...
	Examples: 28559
	Features: 621
	Max length: 120
[FileBasedDataset] Dataset initialization complete
  epoch    auprc    auroc    train_loss    valid_acc    valid_loss    cp      dur
-------  -------  -------  ------------  -----------  ------------  ----  -------
      1   [36m0.2078[0m   [32m0.6683[0m        [35m0.3391[0m       [31m0.9216[0m        [94m0.2570[0m     +  22.7602
      2   [36m0.2721[0m   [32m0.7291[0m        [35m0.2410[0m       [31m0.9233[0m        [94m0.2397[0m     +  23.3385
      3   [36m0.2845[0m   [32m0.7531[0m        [35m0.2309[0m       [31m0.9247[0m        [94m0.2350[0m     +  23.5980
      4   [36m0.2974[0m   [32m0.7712[0m        [35m0.2254[0m       [31m0.9251[0m        [94m0.2317[0m     +  23.5714
      5   [36m0.3014[0m   [32m0.7796[0m        [35m0.2238[0m       [31m0.9265[0m        [94m0.2294[0m     +  23.5328
      6   [36m0.3132[0m   [32m0.7875[0m        [35m0.2212[0m       0.9247        [94m0.2274[0m     +  22.8682
      7   [36m0.3170[0m   [32m0.8017[0m        [35m0.2193[0m       0.9258        [94m0.2252[0m     +  23.1260
      8   [36m0.3248[0m   [32m0.8088[0m        [35m0.2184[0m       0.9258        [94m0.2232[0m     +  23.3315
      9   [36m0.3337[0m   [32m0.8140[0m        [35m0.2162[0m       0.9244        [94m0.2209[0m     +  23.7496
     10   [36m0.3408[0m   [32m0.8182[0m        [35m0.2147[0m       0.9261        [94m0.2195[0m     +  23.0515
     11   0.3374   [32m0.8206[0m        [35m0.2135[0m       0.9251        [94m0.2189[0m     +  23.6381
     12   [36m0.3468[0m   [32m0.8285[0m        [35m0.2128[0m       0.9247        [94m0.2161[0m     +  23.9502
     13   0.3439   [32m0.8291[0m        [35m0.2113[0m       [31m0.9268[0m        0.2161        24.3769
     14   0.3442   [32m0.8310[0m        [35m0.2105[0m       0.9265        [94m0.2157[0m     +  23.5874
     15   [36m0.3554[0m   0.8310        [35m0.2099[0m       0.9268        [94m0.2152[0m     +  23.2886
[32m[I 2022-12-11 17:23:09,932][0m Trial 337 finished with value: 0.35537426035354347 and parameters: {'optimizer__lr': 0.00038836136987083713, 'module__dropout': 0.10389532511002149, 'd_model_multiplier': 4, 'module__num_layers': 6, 'module__n_heads': 4, 'module__dim_feedforward': 270, 'iterator_train__batch_size': 115}. Best is trial 231 with value: 0.4798892428044479.[0m
[FileBasedDataset] Initializing dataset...
	Examples: 28559
	Features: 621
	Max length: 120
[FileBasedDataset] Dataset initialization complete
  epoch    auprc    auroc    train_loss    valid_acc    valid_loss    cp      dur
-------  -------  -------  ------------  -----------  ------------  ----  -------
      1   [36m0.2333[0m   [32m0.7349[0m        [35m0.2609[0m       [31m0.9097[0m        [94m0.2932[0m     +  23.5511
      2   0.2321   [32m0.7386[0m        [35m0.2503[0m       0.9097        [94m0.2905[0m     +  23.8429
      3   0.2316   0.7342        [35m0.2499[0m       [31m0.9107[0m        0.2924        23.4637
      4   0.2326   [32m0.7396[0m        [35m0.2498[0m       0.9107        0.2922        23.5934
Stopping since valid_loss has not improved in the last 3 epochs.
[32m[I 2022-12-11 17:25:08,218][0m Trial 338 finished with value: 0.2333327243076202 and parameters: {'optimizer__lr': 0.0018741034833809184, 'module__dropout': 0.08812378717475507, 'd_model_multiplier': 64, 'module__num_layers': 6, 'module__n_heads': 4, 'module__dim_feedforward': 282, 'iterator_train__batch_size': 45}. Best is trial 231 with value: 0.4798892428044479.[0m
[FileBasedDataset] Initializing dataset...
	Examples: 28559
	Features: 621
	Max length: 120
[FileBasedDataset] Dataset initialization complete
  epoch    auprc    auroc    train_loss    valid_acc    valid_loss    cp      dur
-------  -------  -------  ------------  -----------  ------------  ----  -------
      1   [36m0.2270[0m   [32m0.6993[0m        [35m0.3238[0m       [31m0.9282[0m        [94m0.2356[0m     +  23.9080
      2   [36m0.2769[0m   [32m0.7731[0m        [35m0.2359[0m       [31m0.9300[0m        [94m0.2222[0m     +  24.3122
      3   [36m0.2943[0m   [32m0.7928[0m        [35m0.2276[0m       [31m0.9307[0m        [94m0.2167[0m     +  24.2938
      4   0.2898   [32m0.7974[0m        [35m0.2240[0m       0.9296        [94m0.2151[0m     +  24.7553
      5   [36m0.3003[0m   [32m0.8040[0m        [35m0.2205[0m       0.9296        [94m0.2127[0m     +  24.1809
      6   0.2918   [32m0.8062[0m        [35m0.2192[0m       0.9268        0.2131        24.2203
      7   [36m0.3020[0m   [32m0.8148[0m        [35m0.2168[0m       0.9289        [94m0.2101[0m     +  24.4667
      8   [36m0.3082[0m   [32m0.8151[0m        [35m0.2151[0m       0.9279        [94m0.2091[0m     +  24.8673
      9   0.3070   0.8134        [35m0.2126[0m       0.9289        0.2098        24.0540
     10   [36m0.3100[0m   [32m0.8153[0m        [35m0.2118[0m       0.9289        [94m0.2090[0m     +  24.2684
     11   0.3044   [32m0.8171[0m        [35m0.2095[0m       0.9300        0.2100        23.5234
     12   [36m0.3114[0m   0.8144        [35m0.2081[0m       0.9300        [94m0.2089[0m     +  24.0715
     13   [36m0.3172[0m   [32m0.8184[0m        [35m0.2061[0m       0.9272        [94m0.2083[0m     +  23.8860
     14   0.3077   0.8146        [35m0.2041[0m       0.9254        0.2099        24.4659
     15   [36m0.3186[0m   [32m0.8219[0m        [35m0.2031[0m       0.9296        [94m0.2066[0m     +  24.0058
