[32m[I 2022-12-11 20:21:28,256][0m Trial 369 finished with value: 0.37720206575771253 and parameters: {'optimizer__lr': 0.00012872692134583604, 'module__dropout': 0.07032428878899555, 'd_model_multiplier': 16, 'module__num_layers': 7, 'module__n_heads': 4, 'module__dim_feedforward': 288, 'iterator_train__batch_size': 60}. Best is trial 231 with value: 0.4798892428044479.[0m
[FileBasedDataset] Initializing dataset...
	Examples: 28559
	Features: 621
	Max length: 120
[FileBasedDataset] Dataset initialization complete
  epoch    auprc    auroc    train_loss    valid_acc    valid_loss    cp      dur
-------  -------  -------  ------------  -----------  ------------  ----  -------
      1   [36m0.2313[0m   [32m0.6855[0m        [35m0.3430[0m       [31m0.9198[0m        [94m0.2644[0m     +  23.2050
      2   [36m0.3532[0m   [32m0.7871[0m        [35m0.2426[0m       [31m0.9237[0m        [94m0.2321[0m     +  23.3658
      3   [36m0.3642[0m   [32m0.7990[0m        [35m0.2301[0m       0.9226        [94m0.2271[0m     +  23.2437
      4   [36m0.3720[0m   [32m0.8055[0m        [35m0.2275[0m       0.9237        [94m0.2246[0m     +  23.4807
      5   0.3518   0.8005        [35m0.2235[0m       0.9219        0.2270        23.3073
      6   0.3663   [32m0.8092[0m        [35m0.2218[0m       0.9230        0.2250        23.4212
      7   [36m0.3780[0m   [32m0.8100[0m        [35m0.2199[0m       0.9226        [94m0.2224[0m     +  23.6833
      8   0.3763   [32m0.8143[0m        [35m0.2182[0m       [31m0.9240[0m        [94m0.2216[0m     +  23.2056
      9   0.3777   [32m0.8167[0m        [35m0.2158[0m       [31m0.9244[0m        [94m0.2211[0m     +  23.9795
     10   0.3773   [32m0.8173[0m        [35m0.2148[0m       0.9240        [94m0.2210[0m     +  23.6046
     11   [36m0.3800[0m   [32m0.8185[0m        [35m0.2138[0m       0.9237        [94m0.2207[0m     +  23.8032
     12   [36m0.3868[0m   0.8179        [35m0.2117[0m       0.9240        [94m0.2196[0m     +  23.6733
     13   0.3819   [32m0.8199[0m        [35m0.2106[0m       [31m0.9247[0m        0.2212        23.5159
     14   [36m0.3870[0m   [32m0.8233[0m        [35m0.2099[0m       0.9240        [94m0.2182[0m     +  23.2048
     15   [36m0.3924[0m   0.8232        [35m0.2092[0m       0.9247        [94m0.2173[0m     +  23.3046
[32m[I 2022-12-11 20:27:21,416][0m Trial 370 finished with value: 0.39238669446191454 and parameters: {'optimizer__lr': 0.0002345440189917287, 'module__dropout': 0.05133512390373665, 'd_model_multiplier': 4, 'module__num_layers': 9, 'module__n_heads': 4, 'module__dim_feedforward': 476, 'iterator_train__batch_size': 78}. Best is trial 231 with value: 0.4798892428044479.[0m
[FileBasedDataset] Initializing dataset...
	Examples: 28559
	Features: 621
	Max length: 120
[FileBasedDataset] Dataset initialization complete
  epoch    auprc    auroc    train_loss    valid_acc    valid_loss    cp      dur
-------  -------  -------  ------------  -----------  ------------  ----  -------
      1   [36m0.2968[0m   [32m0.7766[0m        [35m0.2544[0m       [31m0.9282[0m        [94m0.2244[0m     +  23.1044
      2   0.2044   0.7128        [35m0.2495[0m       0.9258        0.2429        23.6947
      3   0.2140   0.7351        0.2506       0.9258        0.2420        23.8034
Stopping since valid_loss has not improved in the last 3 epochs.
[32m[I 2022-12-11 20:28:55,823][0m Trial 371 finished with value: 0.29681159226952886 and parameters: {'optimizer__lr': 0.0005952315009741468, 'module__dropout': 0.0710481192838914, 'd_model_multiplier': 8, 'module__num_layers': 8, 'module__n_heads': 4, 'module__dim_feedforward': 280, 'iterator_train__batch_size': 41}. Best is trial 231 with value: 0.4798892428044479.[0m
[FileBasedDataset] Initializing dataset...
	Examples: 28559
	Features: 621
	Max length: 120
[FileBasedDataset] Dataset initialization complete
  epoch    auprc    auroc    train_loss    valid_acc    valid_loss    cp      dur
-------  -------  -------  ------------  -----------  ------------  ----  -------
      1   [36m0.3473[0m   [32m0.7851[0m        [35m0.2850[0m       [31m0.9247[0m        [94m0.2262[0m     +  23.1736
      2   [36m0.3695[0m   [32m0.8119[0m        [35m0.2291[0m       [31m0.9279[0m        [94m0.2186[0m     +  24.1825
      3   [36m0.3759[0m   [32m0.8190[0m        [35m0.2245[0m       0.9272        [94m0.2164[0m     +  24.1755
      4   [36m0.3881[0m   [32m0.8298[0m        [35m0.2208[0m       [31m0.9286[0m        [94m0.2120[0m     +  23.1830
      5   [36m0.3902[0m   [32m0.8344[0m        [35m0.2172[0m       0.9286        [94m0.2115[0m     +  23.1725
      6   [36m0.3919[0m   [32m0.8379[0m        [35m0.2150[0m       [31m0.9307[0m        [94m0.2108[0m     +  22.9390
      7   [36m0.3972[0m   [32m0.8425[0m        [35m0.2125[0m       0.9293        0.2109        22.9123
      8   [36m0.4061[0m   [32m0.8490[0m        [35m0.2098[0m       0.9293        [94m0.2073[0m     +  23.0747
      9   [36m0.4165[0m   0.8487        [35m0.2073[0m       0.9282        0.2074        23.4674
     10   [36m0.4168[0m   0.8467        [35m0.2053[0m       0.9282        0.2088        23.4157
Stopping since valid_loss has not improved in the last 3 epochs.
[32m[I 2022-12-11 20:33:13,334][0m Trial 372 finished with value: 0.41675521809414945 and parameters: {'optimizer__lr': 8.723525374206616e-05, 'module__dropout': 0.0972044185820359, 'd_model_multiplier': 16, 'module__num_layers': 7, 'module__n_heads': 4, 'module__dim_feedforward': 143, 'iterator_train__batch_size': 50}. Best is trial 231 with value: 0.4798892428044479.[0m
[FileBasedDataset] Initializing dataset...
	Examples: 28559
	Features: 621
	Max length: 120
[FileBasedDataset] Dataset initialization complete
  epoch    auprc    auroc    train_loss    valid_acc    valid_loss    cp      dur
-------  -------  -------  ------------  -----------  ------------  ----  -------
      1   [36m0.3771[0m   [32m0.8382[0m        [35m0.2390[0m       [31m0.9317[0m        [94m0.2050[0m     +  23.4550
      2   [36m0.4011[0m   [32m0.8462[0m        [35m0.2209[0m       0.9296        [94m0.1997[0m     +  24.8857
      3   [36m0.4166[0m   0.8422        [35m0.2137[0m       [31m0.9335[0m        [94m0.1978[0m     +  25.4903
      4   0.4109   [32m0.8499[0m        [35m0.2076[0m       0.9328        [94m0.1968[0m     +  24.4076
      5   0.3946   0.8479        [35m0.1992[0m       0.9314        0.1994        25.0830
      6   0.3743   0.8437        [35m0.1919[0m       0.9310        0.2034        24.7288
Stopping since valid_loss has not improved in the last 3 epochs.
[32m[I 2022-12-11 20:36:08,285][0m Trial 373 finished with value: 0.4166057018851042 and parameters: {'optimizer__lr': 0.0001814754611108337, 'module__dropout': 0.024679124284207963, 'd_model_multiplier': 64, 'module__num_layers': 2, 'module__n_heads': 16, 'module__dim_feedforward': 294, 'iterator_train__batch_size': 192}. Best is trial 231 with value: 0.4798892428044479.[0m
[FileBasedDataset] Initializing dataset...
	Examples: 28559
	Features: 621
	Max length: 120
[FileBasedDataset] Dataset initialization complete
  epoch    auprc    auroc    train_loss    valid_acc    valid_loss    cp      dur
-------  -------  -------  ------------  -----------  ------------  ----  -------
      1   [36m0.1829[0m   [32m0.6140[0m        [35m0.3798[0m       [31m0.9265[0m        [94m0.2688[0m     +  23.3843
      2   [36m0.3343[0m   [32m0.7546[0m        [35m0.2550[0m       [31m0.9293[0m        [94m0.2239[0m     +  23.0710
      3   [36m0.3548[0m   [32m0.7851[0m        [35m0.2349[0m       [31m0.9324[0m        [94m0.2127[0m     +  22.8814
      4   [36m0.3678[0m   [32m0.8028[0m        [35m0.2273[0m       [31m0.9328[0m        [94m0.2081[0m     +  23.1869
      5   [36m0.3743[0m   [32m0.8168[0m        [35m0.2242[0m       0.9324        [94m0.2049[0m     +  23.7262
      6   [36m0.3812[0m   [32m0.8203[0m        [35m0.2211[0m       0.9324        [94m0.2037[0m     +  23.7284
      7   0.3790   [32m0.8265[0m        [35m0.2183[0m       0.9314        [94m0.2028[0m     +  23.6386
      8   [36m0.3840[0m   [32m0.8314[0m        [35m0.2158[0m       0.9317        [94m0.2019[0m     +  23.7191
      9   0.3829   [32m0.8386[0m        [35m0.2131[0m       0.9303        [94m0.2009[0m     +  23.4325
     10   [36m0.3923[0m   [32m0.8431[0m        [35m0.2111[0m       0.9314        [94m0.1993[0m     +  22.6511
     11   [36m0.3981[0m   [32m0.8453[0m        [35m0.2089[0m       0.9310        [94m0.1985[0m     +  23.2572
     12   0.3947   [32m0.8473[0m        [35m0.2089[0m       0.9314        [94m0.1976[0m     +  23.2407
     13   0.3957   [32m0.8481[0m        [35m0.2059[0m       0.9314        [94m0.1975[0m     +  23.5577
     14   [36m0.4032[0m   [32m0.8521[0m        [35m0.2050[0m       0.9310        [94m0.1955[0m     +  23.2759
     15   0.4020   0.8517        [35m0.2045[0m       0.9300        [94m0.1953[0m     +  23.8335
[32m[I 2022-12-11 20:41:59,845][0m Trial 374 finished with value: 0.4032378104983512 and parameters: {'optimizer__lr': 0.00012005548945534663, 'module__dropout': 0.04187388352885633, 'd_model_multiplier': 8, 'module__num_layers': 5, 'module__n_heads': 4, 'module__dim_feedforward': 333, 'iterator_train__batch_size': 129}. Best is trial 231 with value: 0.4798892428044479.[0m
[FileBasedDataset] Initializing dataset...
	Examples: 28559
	Features: 621
	Max length: 120
[FileBasedDataset] Dataset initialization complete
  epoch    auprc    auroc    train_loss    valid_acc    valid_loss    cp       dur
-------  -------  -------  ------------  -----------  ------------  ----  --------
      1   [36m0.2196[0m   [32m0.7369[0m        [35m0.2651[0m       [31m0.9244[0m        [94m0.2469[0m     +  100.3336
      2   [36m0.2285[0m   0.7315        [35m0.2561[0m       0.9233        [94m0.2454[0m     +  100.6601
      3   [36m0.2504[0m   [32m0.7477[0m        [35m0.2482[0m       0.9212        [94m0.2386[0m     +  100.6295
      4   [36m0.2625[0m   [32m0.7542[0m        [35m0.2459[0m       0.9209        [94m0.2382[0m     +  100.6711
      5   0.2185   0.7336        0.2528       0.9237        0.2447        100.8007
      6   0.2207   0.7339        0.2522       0.9237        0.2439        100.6835
Stopping since valid_loss has not improved in the last 3 epochs.
[32m[I 2022-12-11 20:53:49,966][0m Trial 375 finished with value: 0.262486723547129 and parameters: {'optimizer__lr': 0.00028480112287228667, 'module__dropout': 0.08123764820128732, 'd_model_multiplier': 16, 'module__num_layers': 10, 'module__n_heads': 64, 'module__dim_feedforward': 273, 'iterator_train__batch_size': 56}. Best is trial 231 with value: 0.4798892428044479.[0m
[FileBasedDataset] Initializing dataset...
	Examples: 28559
	Features: 621
	Max length: 120
[FileBasedDataset] Dataset initialization complete
  epoch    auprc    auroc    train_loss    valid_acc    valid_loss    cp      dur
-------  -------  -------  ------------  -----------  ------------  ----  -------
      1   [36m0.2776[0m   [32m0.7763[0m        [35m0.2507[0m       [31m0.9216[0m        [94m0.2341[0m     +  23.4484
      2   [36m0.2868[0m   [32m0.7915[0m        [35m0.2237[0m       [31m0.9233[0m        [94m0.2297[0m     +  23.9522
      3   [36m0.3027[0m   [32m0.8042[0m        [35m0.2185[0m       0.9230        [94m0.2256[0m     +  23.6977
      4   [36m0.3154[0m   [32m0.8155[0m        [35m0.2133[0m       0.9223        [94m0.2213[0m     +  24.3689
      5   [36m0.3412[0m   [32m0.8179[0m        [35m0.2095[0m       [31m0.9247[0m        [94m0.2201[0m     +  24.8977
      6   0.3409   0.8178        [35m0.2059[0m       0.9247        0.2213        25.0157
      7   [36m0.3464[0m   [32m0.8259[0m        [35m0.2023[0m       0.9244        [94m0.2181[0m     +  24.5161
      8   [36m0.3516[0m   [32m0.8275[0m        [35m0.1988[0m       0.9240        [94m0.2181[0m     +  23.9369
      9   0.3499   0.8239        [35m0.1954[0m       0.9226        0.2209        24.1761
     10   [36m0.3635[0m   [32m0.8277[0m        [35m0.1934[0m       0.9230        0.2211        23.7706
Stopping since valid_loss has not improved in the last 3 epochs.
[32m[I 2022-12-11 20:58:17,187][0m Trial 376 finished with value: 0.3634614613796053 and parameters: {'optimizer__lr': 6.167821010501896e-05, 'module__dropout': 0.05825541071091485, 'd_model_multiplier': 64, 'module__num_layers': 9, 'module__n_heads': 4, 'module__dim_feedforward': 249, 'iterator_train__batch_size': 68}. Best is trial 231 with value: 0.4798892428044479.[0m
[FileBasedDataset] Initializing dataset...
	Examples: 28559
	Features: 621
	Max length: 120
[FileBasedDataset] Dataset initialization complete
  epoch    auprc    auroc    train_loss    valid_acc    valid_loss    cp      dur
-------  -------  -------  ------------  -----------  ------------  ----  -------
      1   [36m0.3788[0m   [32m0.7908[0m        [35m0.2556[0m       [31m0.9191[0m        [94m0.2418[0m     +  22.8267
      2   [36m0.4059[0m   [32m0.8236[0m        [35m0.2183[0m       [31m0.9233[0m        [94m0.2294[0m     +  23.3939
      3   [36m0.4164[0m   [32m0.8273[0m        [35m0.2131[0m       0.9233        0.2295        23.1398
      4   [36m0.4299[0m   [32m0.8316[0m        [35m0.2090[0m       0.9226        [94m0.2275[0m     +  23.5289
      5   [36m0.4323[0m   [32m0.8369[0m        [35m0.2063[0m       0.9216        [94m0.2270[0m     +  23.3953
      6   0.4225   [32m0.8407[0m        [35m0.2041[0m       0.9205        [94m0.2261[0m     +  23.1192
      7   [36m0.4395[0m   0.8390        [35m0.2014[0m       [31m0.9237[0m        0.2269        23.1761
      8   [36m0.4506[0m   [32m0.8408[0m        [35m0.1990[0m       [31m0.9244[0m        [94m0.2219[0m     +  22.7908
      9   [36m0.4599[0m   0.8364        [35m0.1962[0m       0.9230        [94m0.2211[0m     +  23.0995
     10   0.4372   0.8302        [35m0.1938[0m       0.9223        0.2307        23.0614
     11   0.4318   0.8332        [35m0.1928[0m       0.9216        0.2284        23.6557
Stopping since valid_loss has not improved in the last 3 epochs.
[32m[I 2022-12-11 21:02:56,535][0m Trial 377 finished with value: 0.45985086667999914 and parameters: {'optimizer__lr': 0.0004837019221518524, 'module__dropout': 0.04030956767656517, 'd_model_multiplier': 4, 'module__num_layers': 3, 'module__n_heads': 8, 'module__dim_feedforward': 265, 'iterator_train__batch_size': 62}. Best is trial 231 with value: 0.4798892428044479.[0m
[FileBasedDataset] Initializing dataset...
	Examples: 28559
	Features: 621
	Max length: 120
[FileBasedDataset] Dataset initialization complete
  epoch    auprc    auroc    train_loss    valid_acc    valid_loss    cp      dur
-------  -------  -------  ------------  -----------  ------------  ----  -------
      1   [36m0.3229[0m   [32m0.8068[0m        [35m0.2666[0m       [31m0.9223[0m        [94m0.2268[0m     +  23.4741
      2   [36m0.3575[0m   [32m0.8183[0m        [35m0.2197[0m       [31m0.9230[0m        [94m0.2211[0m     +  24.2763
      3   [36m0.3726[0m   [32m0.8236[0m        [35m0.2135[0m       [31m0.9261[0m        [94m0.2179[0m     +  23.6329
      4   0.3652   [32m0.8271[0m        [35m0.2092[0m       0.9254        0.2196        24.5516
      5   [36m0.3775[0m   [32m0.8279[0m        [35m0.2073[0m       0.9251        0.2191        25.2211
      6   0.3686   [32m0.8324[0m        [35m0.2052[0m       0.9219        [94m0.2179[0m     +  25.0880
      7   0.3695   0.8321        [35m0.2030[0m       0.9230        0.2204        26.9741
      8   [36m0.3912[0m   [32m0.8389[0m        [35m0.2010[0m       [31m0.9265[0m        [94m0.2160[0m     +  27.0520
      9   0.3834   0.8364        [35m0.1996[0m       0.9254        0.2164        26.0238
     10   0.3837   0.8349        [35m0.1964[0m       0.9247        0.2172        24.4939
Stopping since valid_loss has not improved in the last 3 epochs.
[32m[I 2022-12-11 21:07:33,296][0m Trial 378 finished with value: 0.3912023633784029 and parameters: {'optimizer__lr': 0.0009992246204259354, 'module__dropout': 0.031250093366954695, 'd_model_multiplier': 4, 'module__num_layers': 3, 'module__n_heads': 8, 'module__dim_feedforward': 261, 'iterator_train__batch_size': 171}. Best is trial 231 with value: 0.4798892428044479.[0m
[FileBasedDataset] Initializing dataset...
	Examples: 28559
	Features: 621
	Max length: 120
[FileBasedDataset] Dataset initialization complete
  epoch    auprc    auroc    train_loss    valid_acc    valid_loss    cp      dur
-------  -------  -------  ------------  -----------  ------------  ----  -------
      1   [36m0.3812[0m   [32m0.8170[0m        [35m0.2613[0m       [31m0.9307[0m        [94m0.2113[0m     +  23.5471
      2   [36m0.4016[0m   [32m0.8301[0m        [35m0.2241[0m       [31m0.9321[0m        [94m0.2060[0m     +  24.3877
      3   [36m0.4111[0m   [32m0.8359[0m        [35m0.2203[0m       0.9314        [94m0.2036[0m     +  23.1462
      4   [36m0.4267[0m   [32m0.8391[0m        [35m0.2180[0m       [31m0.9335[0m        [94m0.2014[0m     +  22.9765
      5   [36m0.4372[0m   [32m0.8451[0m        [35m0.2166[0m       0.9314        [94m0.1996[0m     +  22.5117
      6   [36m0.4459[0m   [32m0.8506[0m        [35m0.2143[0m       0.9324        [94m0.1970[0m     +  22.3987
      7   [36m0.4466[0m   [32m0.8508[0m        [35m0.2126[0m       0.9314        0.1974        23.2184
      8   [36m0.4524[0m   [32m0.8561[0m        [35m0.2113[0m       0.9314        [94m0.1953[0m     +  22.9894
      9   [36m0.4609[0m   [32m0.8630[0m        [35m0.2106[0m       0.9331        [94m0.1924[0m     +  22.4533
     10   0.4536   0.8601        0.2106       0.9300        0.1940        22.5061
     11   0.4563   0.8619        [35m0.2089[0m       0.9289        0.1940        22.9034
Stopping since valid_loss has not improved in the last 3 epochs.
[32m[I 2022-12-11 21:12:09,685][0m Trial 379 finished with value: 0.4608978872968033 and parameters: {'optimizer__lr': 0.0005766266613169444, 'module__dropout': 0.15330628610055208, 'd_model_multiplier': 4, 'module__num_layers': 1, 'module__n_heads': 8, 'module__dim_feedforward': 265, 'iterator_train__batch_size': 69}. Best is trial 231 with value: 0.4798892428044479.[0m
[FileBasedDataset] Initializing dataset...
	Examples: 28559
	Features: 621
	Max length: 120
[FileBasedDataset] Dataset initialization complete
  epoch    auprc    auroc    train_loss    valid_acc    valid_loss    cp      dur
-------  -------  -------  ------------  -----------  ------------  ----  -------
      1   [36m0.3695[0m   [32m0.7674[0m        [35m0.2616[0m       [31m0.9216[0m        [94m0.2494[0m     +  23.0286
      2   [36m0.3909[0m   [32m0.7895[0m        [35m0.2240[0m       [31m0.9247[0m        [94m0.2452[0m     +  23.0672
      3   [36m0.3958[0m   [32m0.8071[0m        [35m0.2181[0m       0.9244        [94m0.2394[0m     +  23.2932
      4   [36m0.4083[0m   [32m0.8145[0m        [35m0.2146[0m       0.9244        [94m0.2321[0m     +  23.0550
      5   [36m0.4221[0m   [32m0.8229[0m        [35m0.2125[0m       [31m0.9254[0m        [94m0.2312[0m     +  23.1382
      6   [36m0.4350[0m   [32m0.8302[0m        [35m0.2116[0m       [31m0.9258[0m        [94m0.2288[0m     +  22.6649
      7   [36m0.4396[0m   [32m0.8349[0m        [35m0.2096[0m       [31m0.9275[0m        [94m0.2262[0m     +  23.2127
      8   0.4358   [32m0.8353[0m        [35m0.2074[0m       0.9247        [94m0.2239[0m     +  22.7206
      9   [36m0.4459[0m   [32m0.8383[0m        [35m0.2066[0m       0.9261        [94m0.2227[0m     +  22.8476
     10   [36m0.4566[0m   0.8362        [35m0.2046[0m       [31m0.9293[0m        0.2241        22.4478
     11   0.4555   0.8375        0.2048       0.9272        [94m0.2191[0m     +  23.3845
     12   0.4497   0.8383        [35m0.2041[0m       0.9258        0.2210        22.9403
     13   0.4461   [32m0.8417[0m        [35m0.2028[0m       0.9275        0.2202        23.1504
     14   0.4555   0.8417        [35m0.2022[0m       0.9289        [94m0.2184[0m     +  23.0080
     15   [36m0.4647[0m   0.8411        0.2024       0.9282        0.2195        23.6089
