[32m[I 2022-12-11 22:54:51,481][0m Trial 403 finished with value: 0.473338541914203 and parameters: {'optimizer__lr': 0.0003815575510240797, 'module__dropout': 0.17972631595302313, 'd_model_multiplier': 4, 'module__num_layers': 1, 'module__n_heads': 8, 'module__dim_feedforward': 278, 'iterator_train__batch_size': 61}. Best is trial 382 with value: 0.5110916005289956.[0m
[FileBasedDataset] Initializing dataset...
	Examples: 28559
	Features: 621
	Max length: 120
[FileBasedDataset] Dataset initialization complete
  epoch    auprc    auroc    train_loss    valid_acc    valid_loss    cp      dur
-------  -------  -------  ------------  -----------  ------------  ----  -------
      1   [36m0.3473[0m   [32m0.7804[0m        [35m0.2817[0m       [31m0.9212[0m        [94m0.2360[0m     +  22.1965
      2   [36m0.3634[0m   [32m0.8006[0m        [35m0.2282[0m       [31m0.9226[0m        [94m0.2301[0m     +  22.4578
      3   [36m0.3883[0m   [32m0.8148[0m        [35m0.2242[0m       [31m0.9251[0m        [94m0.2231[0m     +  22.0426
      4   0.3881   [32m0.8202[0m        [35m0.2208[0m       0.9251        0.2234        22.3577
      5   [36m0.3956[0m   [32m0.8228[0m        [35m0.2183[0m       0.9251        [94m0.2223[0m     +  22.7373
      6   [36m0.4066[0m   [32m0.8312[0m        [35m0.2169[0m       [31m0.9254[0m        [94m0.2192[0m     +  23.2208
      7   [36m0.4113[0m   [32m0.8323[0m        [35m0.2142[0m       [31m0.9258[0m        [94m0.2182[0m     +  23.4346
      8   [36m0.4130[0m   [32m0.8326[0m        [35m0.2130[0m       0.9254        [94m0.2179[0m     +  23.0696
      9   [36m0.4178[0m   [32m0.8361[0m        0.2130       0.9251        [94m0.2174[0m     +  23.0252
     10   [36m0.4243[0m   [32m0.8410[0m        [35m0.2108[0m       0.9258        [94m0.2149[0m     +  22.4779
     11   0.4229   0.8400        [35m0.2107[0m       0.9251        0.2154        22.5086
     12   0.4219   [32m0.8413[0m        [35m0.2099[0m       [31m0.9261[0m        0.2159        22.6445
Stopping since valid_loss has not improved in the last 3 epochs.
[32m[I 2022-12-11 22:59:46,784][0m Trial 404 finished with value: 0.4243445809886944 and parameters: {'optimizer__lr': 0.00040791563824733477, 'module__dropout': 0.20535861016192059, 'd_model_multiplier': 4, 'module__num_layers': 1, 'module__n_heads': 8, 'module__dim_feedforward': 278, 'iterator_train__batch_size': 70}. Best is trial 382 with value: 0.5110916005289956.[0m
[FileBasedDataset] Initializing dataset...
	Examples: 28559
	Features: 621
	Max length: 120
[FileBasedDataset] Dataset initialization complete
  epoch    auprc    auroc    train_loss    valid_acc    valid_loss    cp      dur
-------  -------  -------  ------------  -----------  ------------  ----  -------
      1   [36m0.3337[0m   [32m0.7646[0m        [35m0.2698[0m       [31m0.9240[0m        [94m0.2299[0m     +  21.8735
      2   [36m0.3484[0m   [32m0.7877[0m        [35m0.2271[0m       [31m0.9247[0m        [94m0.2255[0m     +  22.9933
      3   [36m0.3653[0m   [32m0.8005[0m        [35m0.2221[0m       [31m0.9261[0m        [94m0.2231[0m     +  23.1300
      4   0.3627   [32m0.8124[0m        [35m0.2203[0m       [31m0.9265[0m        [94m0.2223[0m     +  22.4918
      5   [36m0.3655[0m   [32m0.8242[0m        [35m0.2162[0m       [31m0.9268[0m        [94m0.2198[0m     +  22.8794
      6   0.3594   0.8196        [35m0.2130[0m       0.9265        0.2235        22.8847
      7   [36m0.3774[0m   [32m0.8313[0m        [35m0.2125[0m       0.9258        [94m0.2154[0m     +  22.8420
      8   [36m0.3810[0m   [32m0.8317[0m        [35m0.2114[0m       0.9261        0.2163        23.2356
      9   0.3703   [32m0.8351[0m        [35m0.2098[0m       0.9251        0.2165        22.7275
Stopping since valid_loss has not improved in the last 3 epochs.
[32m[I 2022-12-11 23:03:34,585][0m Trial 405 finished with value: 0.3810159405467893 and parameters: {'optimizer__lr': 0.0004174070578765944, 'module__dropout': 0.19402519464854606, 'd_model_multiplier': 4, 'module__num_layers': 2, 'module__n_heads': 8, 'module__dim_feedforward': 292, 'iterator_train__batch_size': 62}. Best is trial 382 with value: 0.5110916005289956.[0m
[FileBasedDataset] Initializing dataset...
	Examples: 28559
	Features: 621
	Max length: 120
[FileBasedDataset] Dataset initialization complete
  epoch    auprc    auroc    train_loss    valid_acc    valid_loss    cp      dur
-------  -------  -------  ------------  -----------  ------------  ----  -------
      1   [36m0.3796[0m   [32m0.8204[0m        [35m0.2678[0m       [31m0.9223[0m        [94m0.2274[0m     +  22.4761
      2   [36m0.4039[0m   [32m0.8328[0m        [35m0.2257[0m       [31m0.9226[0m        [94m0.2213[0m     +  23.1207
      3   [36m0.4212[0m   [32m0.8391[0m        [35m0.2217[0m       [31m0.9258[0m        [94m0.2179[0m     +  23.1765
      4   [36m0.4254[0m   [32m0.8410[0m        [35m0.2191[0m       [31m0.9261[0m        [94m0.2170[0m     +  22.4179
      5   [36m0.4290[0m   [32m0.8452[0m        [35m0.2177[0m       0.9258        [94m0.2156[0m     +  22.7717
      6   [36m0.4422[0m   [32m0.8511[0m        [35m0.2151[0m       [31m0.9289[0m        [94m0.2123[0m     +  23.1493
      7   0.4345   [32m0.8512[0m        [35m0.2149[0m       0.9265        0.2138        22.9665
      8   0.4376   [32m0.8557[0m        [35m0.2135[0m       0.9272        0.2124        22.7007
Stopping since valid_loss has not improved in the last 3 epochs.
[32m[I 2022-12-11 23:07:00,797][0m Trial 406 finished with value: 0.4422401947698987 and parameters: {'optimizer__lr': 0.0005595965234381003, 'module__dropout': 0.17898859923677896, 'd_model_multiplier': 4, 'module__num_layers': 2, 'module__n_heads': 8, 'module__dim_feedforward': 281, 'iterator_train__batch_size': 77}. Best is trial 382 with value: 0.5110916005289956.[0m
[FileBasedDataset] Initializing dataset...
	Examples: 28559
	Features: 621
	Max length: 120
[FileBasedDataset] Dataset initialization complete
  epoch    auprc    auroc    train_loss    valid_acc    valid_loss    cp      dur
-------  -------  -------  ------------  -----------  ------------  ----  -------
      1   [36m0.3697[0m   [32m0.7998[0m        [35m0.2427[0m       [31m0.9286[0m        [94m0.2225[0m     +  23.2892
      2   [36m0.3755[0m   [32m0.8063[0m        [35m0.2219[0m       0.9282        [94m0.2210[0m     +  23.2815
      3   0.3734   [32m0.8067[0m        [35m0.2201[0m       0.9272        0.2218        23.0299
      4   0.3723   0.8018        [35m0.2160[0m       0.9265        0.2215        22.4815
      5   [36m0.3829[0m   [32m0.8144[0m        [35m0.2153[0m       0.9261        [94m0.2208[0m     +  23.8478
      6   0.3584   0.8099        [35m0.2131[0m       0.9233        0.2233        22.2828
      7   0.3771   [32m0.8225[0m        [35m0.2115[0m       0.9261        0.2227        22.8753
Stopping since valid_loss has not improved in the last 3 epochs.
[32m[I 2022-12-11 23:10:04,922][0m Trial 407 finished with value: 0.38293696515768927 and parameters: {'optimizer__lr': 0.0018041234856312127, 'module__dropout': 0.16880659943649717, 'd_model_multiplier': 4, 'module__num_layers': 1, 'module__n_heads': 8, 'module__dim_feedforward': 298, 'iterator_train__batch_size': 62}. Best is trial 382 with value: 0.5110916005289956.[0m
[FileBasedDataset] Initializing dataset...
	Examples: 28559
	Features: 621
	Max length: 120
[FileBasedDataset] Dataset initialization complete
  epoch    auprc    auroc    train_loss    valid_acc    valid_loss    cp      dur
-------  -------  -------  ------------  -----------  ------------  ----  -------
      1   [36m0.2818[0m   [32m0.6998[0m        [35m0.3614[0m       [31m0.9139[0m        [94m0.2692[0m     +  22.7344
      2   [36m0.3733[0m   [32m0.7720[0m        [35m0.2420[0m       [31m0.9181[0m        [94m0.2461[0m     +  23.0986
      3   [36m0.3853[0m   [32m0.7888[0m        [35m0.2305[0m       0.9174        [94m0.2423[0m     +  23.1946
      4   [36m0.3962[0m   [32m0.7946[0m        [35m0.2258[0m       0.9177        [94m0.2400[0m     +  22.6541
      5   [36m0.3974[0m   [32m0.7977[0m        [35m0.2242[0m       0.9177        [94m0.2386[0m     +  23.1786
      6   [36m0.4038[0m   [32m0.8011[0m        [35m0.2216[0m       0.9181        [94m0.2383[0m     +  22.7177
      7   [36m0.4042[0m   [32m0.8022[0m        [35m0.2212[0m       [31m0.9195[0m        0.2386        22.8974
      8   [36m0.4066[0m   [32m0.8057[0m        [35m0.2183[0m       0.9174        [94m0.2369[0m     +  23.5446
      9   [36m0.4147[0m   [32m0.8126[0m        [35m0.2177[0m       0.9184        [94m0.2347[0m     +  23.4807
     10   0.4135   [32m0.8146[0m        [35m0.2160[0m       0.9184        [94m0.2330[0m     +  22.5617
     11   0.4128   0.8134        [35m0.2158[0m       0.9184        0.2334        22.2285
     12   [36m0.4173[0m   [32m0.8158[0m        [35m0.2139[0m       0.9174        [94m0.2326[0m     +  23.5452
     13   [36m0.4187[0m   [32m0.8186[0m        [35m0.2137[0m       0.9181        [94m0.2313[0m     +  22.7905
     14   [36m0.4220[0m   [32m0.8198[0m        [35m0.2121[0m       0.9184        0.2326        22.8997
     15   0.4198   [32m0.8221[0m        [35m0.2112[0m       0.9188        0.2316        22.8924
[32m[I 2022-12-11 23:15:49,854][0m Trial 408 finished with value: 0.42201355780753075 and parameters: {'optimizer__lr': 0.00035624444083519937, 'module__dropout': 0.1946783439249273, 'd_model_multiplier': 4, 'module__num_layers': 2, 'module__n_heads': 8, 'module__dim_feedforward': 288, 'iterator_train__batch_size': 237}. Best is trial 382 with value: 0.5110916005289956.[0m
[FileBasedDataset] Initializing dataset...
	Examples: 28559
	Features: 621
	Max length: 120
[FileBasedDataset] Dataset initialization complete
  epoch    auprc    auroc    train_loss    valid_acc    valid_loss    cp      dur
-------  -------  -------  ------------  -----------  ------------  ----  -------
      1   [36m0.3071[0m   [32m0.7721[0m        [35m0.2555[0m       [31m0.9261[0m        [94m0.2262[0m     +  23.1173
      2   [36m0.3143[0m   [32m0.7853[0m        [35m0.2230[0m       [31m0.9272[0m        [94m0.2236[0m     +  23.1806
      3   [36m0.3305[0m   [32m0.7967[0m        [35m0.2189[0m       [31m0.9282[0m        [94m0.2209[0m     +  22.5640
      4   [36m0.3469[0m   [32m0.8070[0m        [35m0.2165[0m       0.9268        [94m0.2197[0m     +  22.8630
      5   [36m0.3534[0m   [32m0.8178[0m        [35m0.2139[0m       [31m0.9286[0m        [94m0.2167[0m     +  23.4082
      6   [36m0.3601[0m   [32m0.8184[0m        [35m0.2129[0m       0.9286        0.2176        23.1242
      7   0.3535   0.8174        [35m0.2110[0m       0.9261        0.2168        23.1694
Stopping since valid_loss has not improved in the last 3 epochs.
[32m[I 2022-12-11 23:18:55,317][0m Trial 409 finished with value: 0.36005665819096366 and parameters: {'optimizer__lr': 0.0008036721652800258, 'module__dropout': 0.17179806977386555, 'd_model_multiplier': 4, 'module__num_layers': 1, 'module__n_heads': 8, 'module__dim_feedforward': 274, 'iterator_train__batch_size': 69}. Best is trial 382 with value: 0.5110916005289956.[0m
[FileBasedDataset] Initializing dataset...
	Examples: 28559
	Features: 621
	Max length: 120
[FileBasedDataset] Dataset initialization complete
  epoch    auprc    auroc    train_loss    valid_acc    valid_loss    cp      dur
-------  -------  -------  ------------  -----------  ------------  ----  -------
      1   [36m0.3300[0m   [32m0.7797[0m        [35m0.2894[0m       [31m0.9258[0m        [94m0.2274[0m     +  22.6576
      2   [36m0.3441[0m   [32m0.8035[0m        [35m0.2276[0m       [31m0.9275[0m        [94m0.2207[0m     +  22.8971
      3   [36m0.3524[0m   [32m0.8143[0m        [35m0.2221[0m       [31m0.9296[0m        [94m0.2171[0m     +  22.8774
      4   [36m0.3606[0m   [32m0.8195[0m        [35m0.2176[0m       0.9296        [94m0.2154[0m     +  23.2120
      5   [36m0.3634[0m   [32m0.8249[0m        0.2180       [31m0.9300[0m        [94m0.2142[0m     +  23.2721
      6   [36m0.3662[0m   [32m0.8292[0m        [35m0.2159[0m       [31m0.9303[0m        [94m0.2137[0m     +  23.7262
      7   [36m0.3735[0m   [32m0.8330[0m        [35m0.2138[0m       0.9296        [94m0.2120[0m     +  22.8471
      8   [36m0.3762[0m   [32m0.8359[0m        [35m0.2118[0m       [31m0.9314[0m        [94m0.2117[0m     +  22.7078
      9   [36m0.3923[0m   0.8353        [35m0.2107[0m       0.9314        [94m0.2097[0m     +  22.7382
     10   0.3854   [32m0.8406[0m        [35m0.2099[0m       0.9296        [94m0.2096[0m     +  22.8387
     11   0.3875   [32m0.8415[0m        0.2099       0.9300        [94m0.2086[0m     +  22.9949
     12   0.3868   0.8404        [35m0.2084[0m       0.9282        0.2090        23.6749
     13   [36m0.3925[0m   [32m0.8422[0m        [35m0.2069[0m       0.9289        [94m0.2079[0m     +  23.1666
     14   0.3877   [32m0.8449[0m        [35m0.2055[0m       0.9275        [94m0.2077[0m     +  22.8775
     15   0.3841   [32m0.8487[0m        [35m0.2038[0m       0.9265        [94m0.2073[0m     +  22.8889
[32m[I 2022-12-11 23:24:41,296][0m Trial 410 finished with value: 0.392529924497844 and parameters: {'optimizer__lr': 0.0008737250977832292, 'module__dropout': 0.14565532784559881, 'd_model_multiplier': 4, 'module__num_layers': 2, 'module__n_heads': 8, 'module__dim_feedforward': 284, 'iterator_train__batch_size': 231}. Best is trial 382 with value: 0.5110916005289956.[0m
[FileBasedDataset] Initializing dataset...
	Examples: 28559
	Features: 621
	Max length: 120
[FileBasedDataset] Dataset initialization complete
  epoch    auprc    auroc    train_loss    valid_acc    valid_loss    cp      dur
-------  -------  -------  ------------  -----------  ------------  ----  -------
      1   [36m0.1216[0m   [32m0.5323[0m        [35m0.6850[0m       [31m0.6548[0m        [94m0.6832[0m     +  22.0888
      2   0.1213   0.5314        [35m0.6848[0m       [31m0.6618[0m        [94m0.6825[0m     +  23.4422
      3   0.1210   0.5300        [35m0.6840[0m       [31m0.6670[0m        [94m0.6818[0m     +  23.5767
      4   0.1208   0.5289        [35m0.6833[0m       [31m0.6716[0m        [94m0.6811[0m     +  22.8391
      5   0.1206   0.5279        [35m0.6828[0m       [31m0.6751[0m        [94m0.6804[0m     +  23.2584
      6   0.1204   0.5268        [35m0.6826[0m       [31m0.6807[0m        [94m0.6797[0m     +  23.6805
      7   0.1200   0.5258        [35m0.6812[0m       [31m0.6845[0m        [94m0.6790[0m     +  23.4029
      8   0.1198   0.5249        [35m0.6810[0m       [31m0.6936[0m        [94m0.6783[0m     +  23.7284
      9   0.1189   0.5239        [35m0.6800[0m       [31m0.7010[0m        [94m0.6776[0m     +  23.7401
     10   0.1186   0.5230        [35m0.6797[0m       [31m0.7066[0m        [94m0.6769[0m     +  22.7624
     11   0.1173   0.5219        [35m0.6788[0m       [31m0.7115[0m        [94m0.6762[0m     +  23.2017
     12   0.1170   0.5207        [35m0.6784[0m       [31m0.7136[0m        [94m0.6755[0m     +  23.4087
     13   0.1166   0.5196        [35m0.6777[0m       [31m0.7213[0m        [94m0.6749[0m     +  23.0000
     14   0.1161   0.5185        [35m0.6769[0m       [31m0.7290[0m        [94m0.6741[0m     +  23.1468
     15   0.1157   0.5173        [35m0.6767[0m       [31m0.7335[0m        [94m0.6734[0m     +  23.2159
[32m[I 2022-12-11 23:30:30,635][0m Trial 411 finished with value: 0.12163406718328573 and parameters: {'optimizer__lr': 5.316904203743224e-08, 'module__dropout': 0.18096299385849615, 'd_model_multiplier': 4, 'module__num_layers': 1, 'module__n_heads': 8, 'module__dim_feedforward': 274, 'iterator_train__batch_size': 73}. Best is trial 382 with value: 0.5110916005289956.[0m
[FileBasedDataset] Initializing dataset...
	Examples: 28559
	Features: 621
	Max length: 120
[FileBasedDataset] Dataset initialization complete
  epoch    auprc    auroc    train_loss    valid_acc    valid_loss    cp      dur
-------  -------  -------  ------------  -----------  ------------  ----  -------
      1   [36m0.3034[0m   [32m0.7674[0m        [35m0.2869[0m       [31m0.9167[0m        [94m0.2462[0m     +  22.7945
      2   [36m0.3366[0m   [32m0.7916[0m        [35m0.2305[0m       [31m0.9184[0m        [94m0.2422[0m     +  23.3390
      3   [36m0.3666[0m   [32m0.8146[0m        [35m0.2268[0m       0.9181        [94m0.2322[0m     +  23.2850
      4   [36m0.3865[0m   [32m0.8290[0m        [35m0.2224[0m       [31m0.9188[0m        [94m0.2269[0m     +  23.2175
      5   0.3858   [32m0.8379[0m        [35m0.2188[0m       [31m0.9198[0m        [94m0.2257[0m     +  23.1684
      6   [36m0.3892[0m   [32m0.8398[0m        [35m0.2166[0m       [31m0.9209[0m        [94m0.2255[0m     +  22.7104
      7   [36m0.3965[0m   [32m0.8444[0m        [35m0.2136[0m       [31m0.9212[0m        [94m0.2229[0m     +  22.6833
      8   [36m0.4009[0m   [32m0.8460[0m        0.2138       0.9209        0.2237        23.1443
      9   [36m0.4055[0m   [32m0.8492[0m        [35m0.2127[0m       0.9212        0.2235        22.6553
     10   [36m0.4137[0m   [32m0.8508[0m        [35m0.2114[0m       [31m0.9230[0m        [94m0.2194[0m     +  23.2362
     11   [36m0.4150[0m   0.8497        [35m0.2112[0m       [31m0.9233[0m        0.2197        22.4056
     12   0.4106   [32m0.8515[0m        [35m0.2103[0m       [31m0.9240[0m        0.2196        22.3480
Stopping since valid_loss has not improved in the last 3 epochs.
[32m[I 2022-12-11 23:35:28,640][0m Trial 412 finished with value: 0.4149611679374829 and parameters: {'optimizer__lr': 0.0003088254242913811, 'module__dropout': 0.20212382568656947, 'd_model_multiplier': 4, 'module__num_layers': 1, 'module__n_heads': 8, 'module__dim_feedforward': 300, 'iterator_train__batch_size': 62}. Best is trial 382 with value: 0.5110916005289956.[0m
[FileBasedDataset] Initializing dataset...
	Examples: 28559
	Features: 621
	Max length: 120
[FileBasedDataset] Dataset initialization complete
  epoch    auprc    auroc    train_loss    valid_acc    valid_loss    cp      dur
-------  -------  -------  ------------  -----------  ------------  ----  -------
      1   [36m0.3545[0m   [32m0.8139[0m        [35m0.2529[0m       [31m0.9202[0m        [94m0.2302[0m     +  22.5851
      2   [36m0.3749[0m   [32m0.8244[0m        [35m0.2181[0m       [31m0.9230[0m        [94m0.2232[0m     +  22.7252
      3   [36m0.3791[0m   [32m0.8366[0m        [35m0.2115[0m       [31m0.9247[0m        0.2247        22.9032
      4   [36m0.3863[0m   [32m0.8373[0m        [35m0.2067[0m       0.9237        [94m0.2175[0m     +  23.2742
      5   [36m0.3956[0m   [32m0.8464[0m        [35m0.2030[0m       0.9244        [94m0.2152[0m     +  23.3636
      6   [36m0.3965[0m   0.8429        [35m0.2004[0m       0.9219        0.2154        23.3690
      7   0.3917   0.8413        [35m0.1964[0m       0.9212        0.2175        23.0682
      8   [36m0.4094[0m   0.8421        [35m0.1929[0m       0.9237        [94m0.2145[0m     +  22.7564
      9   0.3955   0.8453        [35m0.1897[0m       0.9209        0.2169        22.4309
     10   0.3885   [32m0.8468[0m        [35m0.1877[0m       0.9212        0.2208        23.2487
Stopping since valid_loss has not improved in the last 3 epochs.
