[32m[I 2022-12-10 16:49:24,107][0m Trial 92 finished with value: 0.33880101061709134 and parameters: {'optimizer__lr': 0.000234700211479031, 'module__dropout': 0.40674402854425235, 'd_model_multiplier': 32, 'module__num_layers': 5, 'module__n_heads': 16, 'module__dim_feedforward': 504, 'iterator_train__batch_size': 134}. Best is trial 42 with value: 0.4455682389151037.[0m
[FileBasedDataset] Initializing dataset...
	Examples: 28559
	Features: 621
	Max length: 120
[FileBasedDataset] Dataset initialization complete
  epoch    auprc    auroc    train_loss    valid_acc    valid_loss    cp      dur
-------  -------  -------  ------------  -----------  ------------  ----  -------
      1   [36m0.2977[0m   [32m0.7540[0m        [35m0.2599[0m       [31m0.9212[0m        [94m0.2520[0m     +  24.4312
      2   [36m0.2980[0m   [32m0.7655[0m        [35m0.2286[0m       [31m0.9223[0m        0.2584        24.4816
      3   [36m0.3145[0m   [32m0.7752[0m        [35m0.2265[0m       [31m0.9226[0m        [94m0.2507[0m     +  24.5430
      4   [36m0.3199[0m   [32m0.7834[0m        [35m0.2236[0m       [31m0.9237[0m        [94m0.2499[0m     +  24.4555
      5   [36m0.3260[0m   [32m0.7953[0m        [35m0.2208[0m       [31m0.9244[0m        [94m0.2491[0m     +  24.9373
      6   [36m0.3280[0m   [32m0.7990[0m        [35m0.2190[0m       0.9233        [94m0.2465[0m     +  24.8924
      7   [36m0.3300[0m   [32m0.8034[0m        [35m0.2163[0m       0.9230        0.2479        24.9566
      8   0.3274   0.8027        [35m0.2161[0m       0.9237        0.2481        24.8505
Stopping since valid_loss has not improved in the last 3 epochs.
[32m[I 2022-12-10 16:53:07,666][0m Trial 93 finished with value: 0.33003013234032785 and parameters: {'optimizer__lr': 7.301559340203109e-05, 'module__dropout': 0.44116620084874486, 'd_model_multiplier': 32, 'module__num_layers': 5, 'module__n_heads': 16, 'module__dim_feedforward': 475, 'iterator_train__batch_size': 128}. Best is trial 42 with value: 0.4455682389151037.[0m
[FileBasedDataset] Initializing dataset...
	Examples: 28559
	Features: 621
	Max length: 120
[FileBasedDataset] Dataset initialization complete
  epoch    auprc    auroc    train_loss    valid_acc    valid_loss    cp      dur
-------  -------  -------  ------------  -----------  ------------  ----  -------
      1   [36m0.2375[0m   [32m0.7511[0m        [35m0.2633[0m       [31m0.9163[0m        [94m0.2744[0m     +  31.3183
      2   [36m0.2423[0m   0.7492        [35m0.2546[0m       [31m0.9167[0m        0.2828        31.5912
      3   0.2375   0.7493        [35m0.2526[0m       0.9167        0.2859        31.6700
Stopping since valid_loss has not improved in the last 3 epochs.
[32m[I 2022-12-10 16:55:14,586][0m Trial 94 finished with value: 0.24228333952903602 and parameters: {'optimizer__lr': 0.0006438241642623537, 'module__dropout': 0.41799857051187855, 'd_model_multiplier': 32, 'module__num_layers': 8, 'module__n_heads': 16, 'module__dim_feedforward': 499, 'iterator_train__batch_size': 94}. Best is trial 42 with value: 0.4455682389151037.[0m
[FileBasedDataset] Initializing dataset...
	Examples: 28559
	Features: 621
	Max length: 120
[FileBasedDataset] Dataset initialization complete
  epoch    auprc    auroc    train_loss    valid_acc    valid_loss    cp      dur
-------  -------  -------  ------------  -----------  ------------  ----  -------
      1   [36m0.3757[0m   [32m0.8119[0m        [35m0.2632[0m       [31m0.9202[0m        [94m0.2282[0m     +  23.9776
      2   [36m0.3782[0m   [32m0.8142[0m        [35m0.2403[0m       [31m0.9212[0m        0.2298        23.5821
      3   0.2793   0.7541        0.2422       0.9160        0.2606        24.2890
Stopping since valid_loss has not improved in the last 3 epochs.
[32m[I 2022-12-10 16:56:50,908][0m Trial 95 finished with value: 0.37815528240535984 and parameters: {'optimizer__lr': 0.001826803696893765, 'module__dropout': 0.3663196942831334, 'd_model_multiplier': 8, 'module__num_layers': 6, 'module__n_heads': 4, 'module__dim_feedforward': 237, 'iterator_train__batch_size': 164}. Best is trial 42 with value: 0.4455682389151037.[0m
[FileBasedDataset] Initializing dataset...
	Examples: 28559
	Features: 621
	Max length: 120
[FileBasedDataset] Dataset initialization complete
  epoch    auprc    auroc    train_loss    valid_acc    valid_loss    cp      dur
-------  -------  -------  ------------  -----------  ------------  ----  -------
      1   [36m0.3986[0m   [32m0.8374[0m        [35m0.2440[0m       [31m0.9205[0m        [94m0.2317[0m     +  25.1486
      2   0.3970   0.8370        [35m0.2338[0m       0.9174        0.2370        25.7428
      3   0.3839   0.8298        [35m0.2324[0m       0.9170        0.2395        24.8598
Stopping since valid_loss has not improved in the last 3 epochs.
[32m[I 2022-12-10 16:58:32,672][0m Trial 96 finished with value: 0.3986113729735493 and parameters: {'optimizer__lr': 0.00027708257513342374, 'module__dropout': 0.3955982975781318, 'd_model_multiplier': 64, 'module__num_layers': 2, 'module__n_heads': 16, 'module__dim_feedforward': 485, 'iterator_train__batch_size': 139}. Best is trial 42 with value: 0.4455682389151037.[0m
[FileBasedDataset] Initializing dataset...
	Examples: 28559
	Features: 621
	Max length: 120
[FileBasedDataset] Dataset initialization complete
  epoch    auprc    auroc    train_loss    valid_acc    valid_loss    cp      dur
-------  -------  -------  ------------  -----------  ------------  ----  -------
      1   [36m0.3326[0m   [32m0.7910[0m        [35m0.2831[0m       [31m0.9198[0m        [94m0.2360[0m     +  22.8823
      2   [36m0.3687[0m   [32m0.8076[0m        [35m0.2285[0m       [31m0.9219[0m        [94m0.2291[0m     +  23.7986
      3   0.3670   [32m0.8107[0m        [35m0.2244[0m       [31m0.9230[0m        [94m0.2278[0m     +  23.5402
      4   [36m0.3743[0m   [32m0.8142[0m        [35m0.2194[0m       0.9230        [94m0.2261[0m     +  23.2532
      5   0.3671   [32m0.8203[0m        [35m0.2183[0m       0.9230        0.2264        23.3481
      6   0.3735   [32m0.8231[0m        [35m0.2154[0m       0.9230        0.2265        23.9737
      7   [36m0.3788[0m   [32m0.8254[0m        [35m0.2125[0m       0.9230        [94m0.2242[0m     +  23.1966
      8   [36m0.3892[0m   [32m0.8294[0m        [35m0.2122[0m       [31m0.9237[0m        [94m0.2242[0m     +  23.5088
      9   0.3890   0.8238        [35m0.2102[0m       0.9230        [94m0.2237[0m     +  23.8277
     10   [36m0.3918[0m   [32m0.8304[0m        [35m0.2088[0m       [31m0.9251[0m        [94m0.2217[0m     +  23.8005
     11   [36m0.3961[0m   [32m0.8325[0m        [35m0.2070[0m       [31m0.9265[0m        0.2231        23.7200
     12   [36m0.3965[0m   0.8313        [35m0.2067[0m       0.9240        [94m0.2206[0m     +  23.8474
     13   [36m0.3996[0m   [32m0.8325[0m        [35m0.2059[0m       0.9226        [94m0.2184[0m     +  23.3913
     14   [36m0.4100[0m   [32m0.8347[0m        [35m0.2048[0m       0.9251        [94m0.2172[0m     +  24.2406
     15   0.4095   0.8346        [35m0.2032[0m       0.9244        0.2188        23.6602
[32m[I 2022-12-10 17:04:27,688][0m Trial 97 finished with value: 0.41003329241542824 and parameters: {'optimizer__lr': 0.00014043779161725198, 'module__dropout': 0.28698190060625034, 'd_model_multiplier': 32, 'module__num_layers': 3, 'module__n_heads': 4, 'module__dim_feedforward': 492, 'iterator_train__batch_size': 123}. Best is trial 42 with value: 0.4455682389151037.[0m
[FileBasedDataset] Initializing dataset...
	Examples: 28559
	Features: 621
	Max length: 120
[FileBasedDataset] Dataset initialization complete
  epoch    auprc    auroc    train_loss    valid_acc    valid_loss    cp      dur
-------  -------  -------  ------------  -----------  ------------  ----  -------
      1   [36m0.4026[0m   [32m0.7996[0m        [35m0.2828[0m       [31m0.9300[0m        [94m0.2098[0m     +  23.2737
      2   0.3904   [32m0.8098[0m        [35m0.2328[0m       0.9293        [94m0.2098[0m     +  23.1511
      3   [36m0.4047[0m   [32m0.8205[0m        [35m0.2314[0m       [31m0.9310[0m        [94m0.2061[0m     +  23.0471
      4   [36m0.4220[0m   [32m0.8291[0m        [35m0.2284[0m       0.9310        [94m0.2036[0m     +  22.7062
      5   0.4149   0.8220        [35m0.2276[0m       0.9296        0.2070        23.4031
      6   [36m0.4331[0m   [32m0.8426[0m        [35m0.2257[0m       [31m0.9314[0m        [94m0.1997[0m     +  22.9286
      7   0.4232   0.8420        0.2261       0.9310        0.2014        23.0879
      8   [36m0.4349[0m   [32m0.8462[0m        [35m0.2234[0m       [31m0.9317[0m        [94m0.1988[0m     +  23.7726
      9   [36m0.4398[0m   [32m0.8507[0m        [35m0.2220[0m       [31m0.9328[0m        [94m0.1978[0m     +  23.4133
     10   [36m0.4435[0m   [32m0.8528[0m        0.2226       [31m0.9338[0m        [94m0.1972[0m     +  22.9074
     11   [36m0.4440[0m   [32m0.8561[0m        [35m0.2209[0m       [31m0.9345[0m        [94m0.1960[0m     +  23.4836
     12   [36m0.4442[0m   [32m0.8573[0m        0.2224       0.9338        [94m0.1953[0m     +  23.8501
     13   [36m0.4476[0m   [32m0.8604[0m        [35m0.2207[0m       0.9328        [94m0.1938[0m     +  23.7707
     14   0.4464   [32m0.8636[0m        [35m0.2182[0m       0.9335        0.1941        23.6684
     15   [36m0.4496[0m   0.8602        0.2192       0.9335        0.1948        23.9362
[32m[I 2022-12-10 17:10:18,709][0m Trial 98 finished with value: 0.44963776597022204 and parameters: {'optimizer__lr': 0.0012199257661946676, 'module__dropout': 0.28171727333987073, 'd_model_multiplier': 4, 'module__num_layers': 3, 'module__n_heads': 4, 'module__dim_feedforward': 259, 'iterator_train__batch_size': 124}. Best is trial 98 with value: 0.44963776597022204.[0m
[FileBasedDataset] Initializing dataset...
	Examples: 28559
	Features: 621
	Max length: 120
[FileBasedDataset] Dataset initialization complete
  epoch    auprc    auroc    train_loss    valid_acc    valid_loss    cp      dur
-------  -------  -------  ------------  -----------  ------------  ----  -------
      1   [36m0.2211[0m   [32m0.7136[0m        [35m0.2818[0m       [31m0.9076[0m        [94m0.2611[0m     +  24.1742
      2   [36m0.2313[0m   [32m0.7268[0m        [35m0.2592[0m       [31m0.9121[0m        [94m0.2590[0m     +  23.6724
      3   [36m0.2336[0m   [32m0.7423[0m        [35m0.2558[0m       [31m0.9191[0m        [94m0.2573[0m     +  23.4270
      4   [36m0.3292[0m   [32m0.7774[0m        [35m0.2482[0m       [31m0.9216[0m        [94m0.2395[0m     +  23.5859
      5   0.3250   [32m0.7847[0m        [35m0.2410[0m       0.9202        [94m0.2355[0m     +  23.2803
      6   [36m0.3299[0m   [32m0.7939[0m        [35m0.2358[0m       0.9181        0.2359        23.3729
      7   [36m0.3413[0m   0.7911        [35m0.2341[0m       0.9198        0.2367        23.4986
Stopping since valid_loss has not improved in the last 3 epochs.
[32m[I 2022-12-10 17:13:27,399][0m Trial 99 finished with value: 0.34130911988573254 and parameters: {'optimizer__lr': 0.004119820152785442, 'module__dropout': 0.31767562365039204, 'd_model_multiplier': 2, 'module__num_layers': 3, 'module__n_heads': 4, 'module__dim_feedforward': 269, 'iterator_train__batch_size': 99}. Best is trial 98 with value: 0.44963776597022204.[0m
[FileBasedDataset] Initializing dataset...
	Examples: 28559
	Features: 621
	Max length: 120
[FileBasedDataset] Dataset initialization complete
  epoch    auprc    auroc    train_loss    valid_acc    valid_loss    cp      dur
-------  -------  -------  ------------  -----------  ------------  ----  -------
      1   [36m0.3228[0m   [32m0.7951[0m        [35m0.2724[0m       [31m0.9233[0m        [94m0.2334[0m     +  23.6315
      2   [36m0.3258[0m   [32m0.7991[0m        [35m0.2384[0m       0.9202        0.2344        24.6353
      3   [36m0.3448[0m   [32m0.8066[0m        [35m0.2362[0m       0.9209        [94m0.2315[0m     +  24.7492
      4   [36m0.3482[0m   [32m0.8124[0m        [35m0.2336[0m       [31m0.9240[0m        [94m0.2272[0m     +  25.1024
      5   [36m0.3482[0m   [32m0.8161[0m        [35m0.2326[0m       0.9212        0.2276        24.8023
      6   [36m0.3520[0m   [32m0.8189[0m        [35m0.2313[0m       [31m0.9251[0m        0.2272        24.9658
Stopping since valid_loss has not improved in the last 3 epochs.
[32m[I 2022-12-10 17:16:20,386][0m Trial 100 finished with value: 0.35202206223017124 and parameters: {'optimizer__lr': 0.002853607277203027, 'module__dropout': 0.34645133853163446, 'd_model_multiplier': 4, 'module__num_layers': 3, 'module__n_heads': 4, 'module__dim_feedforward': 207, 'iterator_train__batch_size': 125}. Best is trial 98 with value: 0.44963776597022204.[0m
[FileBasedDataset] Initializing dataset...
	Examples: 28559
	Features: 621
	Max length: 120
[FileBasedDataset] Dataset initialization complete
  epoch    auprc    auroc    train_loss    valid_acc    valid_loss    cp      dur
-------  -------  -------  ------------  -----------  ------------  ----  -------
      1   [36m0.2953[0m   [32m0.7547[0m        [35m0.2938[0m       [31m0.9261[0m        [94m0.2308[0m     +  25.4649
      2   [36m0.3237[0m   [32m0.7727[0m        [35m0.2372[0m       [31m0.9272[0m        [94m0.2243[0m     +  25.3041
      3   [36m0.3256[0m   [32m0.7764[0m        [35m0.2316[0m       [31m0.9289[0m        [94m0.2221[0m     +  25.4532
      4   [36m0.3284[0m   [32m0.7866[0m        [35m0.2300[0m       0.9282        [94m0.2220[0m     +  24.3678
      5   [36m0.3448[0m   [32m0.7903[0m        [35m0.2288[0m       0.9282        [94m0.2206[0m     +  24.2810
      6   0.3365   [32m0.7941[0m        [35m0.2256[0m       0.9268        0.2217        24.2287
      7   0.3433   [32m0.8042[0m        [35m0.2243[0m       0.9275        [94m0.2162[0m     +  23.6668
      8   0.3352   0.8018        [35m0.2228[0m       0.9279        0.2181        23.6245
      9   0.3448   [32m0.8045[0m        [35m0.2210[0m       0.9254        0.2186        23.6213
Stopping since valid_loss has not improved in the last 3 epochs.
[32m[I 2022-12-10 17:20:24,481][0m Trial 101 finished with value: 0.34480367585445415 and parameters: {'optimizer__lr': 0.001305318986885303, 'module__dropout': 0.286882875999294, 'd_model_multiplier': 4, 'module__num_layers': 2, 'module__n_heads': 4, 'module__dim_feedforward': 254, 'iterator_train__batch_size': 146}. Best is trial 98 with value: 0.44963776597022204.[0m
[FileBasedDataset] Initializing dataset...
	Examples: 28559
	Features: 621
	Max length: 120
[FileBasedDataset] Dataset initialization complete
  epoch    auprc    auroc    train_loss    valid_acc    valid_loss    cp      dur
-------  -------  -------  ------------  -----------  ------------  ----  -------
      1   [36m0.3468[0m   [32m0.7670[0m        [35m0.2885[0m       [31m0.9181[0m        [94m0.2444[0m     +  22.8968
      2   [36m0.3537[0m   [32m0.7761[0m        [35m0.2355[0m       [31m0.9184[0m        0.2448        23.7025
      3   [36m0.3604[0m   [32m0.7804[0m        [35m0.2301[0m       [31m0.9188[0m        [94m0.2433[0m     +  23.4636
      4   [36m0.3746[0m   [32m0.7963[0m        [35m0.2292[0m       [31m0.9198[0m        [94m0.2390[0m     +  24.9804
      5   [36m0.3772[0m   [32m0.7973[0m        [35m0.2275[0m       [31m0.9205[0m        [94m0.2388[0m     +  24.7519
      6   [36m0.3801[0m   [32m0.7998[0m        [35m0.2266[0m       0.9202        0.2390        24.9038
      7   [36m0.3953[0m   [32m0.8130[0m        [35m0.2235[0m       0.9205        [94m0.2350[0m     +  25.7747
      8   0.3934   0.8119        0.2259       0.9205        0.2354        26.5770
      9   [36m0.4000[0m   [32m0.8143[0m        [35m0.2221[0m       [31m0.9212[0m        [94m0.2347[0m     +  25.3529
     10   [36m0.4034[0m   [32m0.8181[0m        0.2229       0.9205        [94m0.2310[0m     +  24.8833
     11   0.3958   0.8169        [35m0.2214[0m       0.9191        0.2330        25.0469
     12   0.4031   [32m0.8204[0m        [35m0.2204[0m       [31m0.9216[0m        0.2312        25.5920
     13   [36m0.4147[0m   [32m0.8264[0m        [35m0.2186[0m       [31m0.9226[0m        [94m0.2275[0m     +  24.1702
     14   [36m0.4161[0m   [32m0.8267[0m        0.2187       [31m0.9240[0m        0.2277        23.5720
     15   [36m0.4182[0m   [32m0.8285[0m        [35m0.2167[0m       0.9223        [94m0.2266[0m     +  23.1285
[32m[I 2022-12-10 17:26:33,909][0m Trial 102 finished with value: 0.4182325251752749 and parameters: {'optimizer__lr': 0.0008234583843756703, 'module__dropout': 0.27637673214809977, 'd_model_multiplier': 4, 'module__num_layers': 4, 'module__n_heads': 4, 'module__dim_feedforward': 510, 'iterator_train__batch_size': 112}. Best is trial 98 with value: 0.44963776597022204.[0m
[FileBasedDataset] Initializing dataset...
	Examples: 28559
	Features: 621
	Max length: 120
[FileBasedDataset] Dataset initialization complete
  epoch    auprc    auroc    train_loss    valid_acc    valid_loss    cp      dur
-------  -------  -------  ------------  -----------  ------------  ----  -------
      1   [36m0.2288[0m   [32m0.7018[0m        [35m0.3041[0m       [31m0.9198[0m        [94m0.2553[0m     +  23.0150
      2   [36m0.3389[0m   [32m0.7672[0m        [35m0.2394[0m       [31m0.9219[0m        [94m0.2324[0m     +  23.7372
      3   [36m0.3434[0m   [32m0.7746[0m        [35m0.2335[0m       [31m0.9240[0m        [94m0.2305[0m     +  23.0912
      4   [36m0.3440[0m   [32m0.7783[0m        [35m0.2320[0m       0.9223        0.2313        23.6906
      5   [36m0.3539[0m   [32m0.7856[0m        [35m0.2298[0m       [31m0.9247[0m        [94m0.2279[0m     +  23.1046
      6   0.3534   [32m0.7929[0m        [35m0.2285[0m       0.9226        [94m0.2272[0m     +  22.4855
      7   [36m0.3578[0m   [32m0.8022[0m        [35m0.2255[0m       0.9195        0.2277        23.0509
      8   0.3516   0.7970        0.2274       0.9212        0.2287        23.2502
      9   0.3571   0.7997        [35m0.2243[0m       0.9244        [94m0.2251[0m     +  23.0551
     10   0.3529   0.7972        [35m0.2228[0m       0.9205        0.2255        23.6285
     11   [36m0.3603[0m   [32m0.8036[0m        [35m0.2223[0m       0.9212        0.2254        23.2902
     12   [36m0.3637[0m   0.8030        [35m0.2210[0m       0.9219        [94m0.2247[0m     +  22.5893
     13   [36m0.3696[0m   [32m0.8085[0m        [35m0.2203[0m       0.9209        [94m0.2223[0m     +  23.1089
     14   [36m0.3725[0m   0.8071        [35m0.2189[0m       0.9191        0.2239        23.7342
     15   0.3699   0.8061        0.2190       0.9195        0.2241        23.0116
[32m[I 2022-12-10 17:32:22,315][0m Trial 103 finished with value: 0.37252702370421 and parameters: {'optimizer__lr': 0.0008703540486749994, 'module__dropout': 0.30585582176810866, 'd_model_multiplier': 4, 'module__num_layers': 4, 'module__n_heads': 4, 'module__dim_feedforward': 511, 'iterator_train__batch_size': 117}. Best is trial 98 with value: 0.44963776597022204.[0m
[FileBasedDataset] Initializing dataset...
	Examples: 28559
	Features: 621
	Max length: 120
[FileBasedDataset] Dataset initialization complete
  epoch    auprc    auroc    train_loss    valid_acc    valid_loss    cp      dur
-------  -------  -------  ------------  -----------  ------------  ----  -------
      1   [36m0.2400[0m   [32m0.6837[0m        [35m0.3328[0m       [31m0.9209[0m        [94m0.2581[0m     +  22.5584
      2   [36m0.2788[0m   [32m0.7188[0m        [35m0.2481[0m       [31m0.9216[0m        [94m0.2480[0m     +  22.8991
      3   [36m0.2820[0m   [32m0.7404[0m        [35m0.2362[0m       0.9216        [94m0.2460[0m     +  22.7680
      4   [36m0.2879[0m   [32m0.7460[0m        [35m0.2341[0m       0.9212        [94m0.2451[0m     +  22.8927
      5   [36m0.2976[0m   [32m0.7608[0m        [35m0.2325[0m       [31m0.9226[0m        [94m0.2409[0m     +  23.4229
      6   [36m0.2981[0m   [32m0.7636[0m        [35m0.2282[0m       0.9223        0.2414        23.1855
      7   [36m0.3038[0m   [32m0.7648[0m        0.2284       [31m0.9230[0m        [94m0.2399[0m     +  23.0351
      8   [36m0.3109[0m   [32m0.7711[0m        [35m0.2274[0m       0.9230        [94m0.2382[0m     +  23.0286
      9   [36m0.3125[0m   [32m0.7744[0m        [35m0.2249[0m       0.9219        [94m0.2379[0m     +  23.3551
     10   [36m0.3184[0m   [32m0.7798[0m        0.2251       [31m0.9233[0m        [94m0.2358[0m     +  23.8399
     11   [36m0.3191[0m   [32m0.7829[0m        [35m0.2247[0m       0.9233        [94m0.2352[0m     +  23.1671
     12   [36m0.3243[0m   0.7823        [35m0.2239[0m       [31m0.9240[0m        [94m0.2344[0m     +  23.2710
     13   [36m0.3358[0m   [32m0.7931[0m        [35m0.2230[0m       0.9240        [94m0.2313[0m     +  22.9533
     14   0.3300   0.7915        [35m0.2212[0m       0.9240        0.2322        23.1768
     15   0.3328   [32m0.7945[0m        0.2213       0.9237        [94m0.2312[0m     +  23.2743
