[32m[I 2022-12-11 04:27:47,159][0m Trial 234 finished with value: 0.36286953582751985 and parameters: {'optimizer__lr': 9.487645495611143e-05, 'module__dropout': 0.044734429734148186, 'd_model_multiplier': 8, 'module__num_layers': 9, 'module__n_heads': 4, 'module__dim_feedforward': 233, 'iterator_train__batch_size': 192}. Best is trial 231 with value: 0.4798892428044479.[0m
[FileBasedDataset] Initializing dataset...
	Examples: 28559
	Features: 621
	Max length: 120
[FileBasedDataset] Dataset initialization complete
  epoch    auprc    auroc    train_loss    valid_acc    valid_loss    cp      dur
-------  -------  -------  ------------  -----------  ------------  ----  -------
      1   [36m0.1116[0m   [32m0.5109[0m        [35m0.4226[0m       [31m0.9293[0m        [94m0.2981[0m     +  23.1080
      2   [36m0.2522[0m   [32m0.7335[0m        [35m0.2911[0m       [31m0.9300[0m        [94m0.2447[0m     +  23.9235
      3   [36m0.3023[0m   [32m0.7744[0m        [35m0.2567[0m       0.9289        [94m0.2237[0m     +  23.8699
      4   [36m0.3177[0m   [32m0.7923[0m        [35m0.2416[0m       [31m0.9331[0m        [94m0.2142[0m     +  23.5403
      5   [36m0.3227[0m   [32m0.7982[0m        [35m0.2355[0m       [31m0.9338[0m        [94m0.2104[0m     +  24.0061
      6   [36m0.3324[0m   [32m0.8054[0m        [35m0.2318[0m       0.9338        [94m0.2074[0m     +  24.4106
      7   [36m0.3393[0m   [32m0.8094[0m        [35m0.2290[0m       0.9314        [94m0.2060[0m     +  24.2321
      8   [36m0.3406[0m   [32m0.8113[0m        [35m0.2269[0m       0.9310        0.2065        24.3183
      9   [36m0.3490[0m   [32m0.8137[0m        [35m0.2256[0m       0.9310        [94m0.2056[0m     +  24.0508
     10   [36m0.3552[0m   [32m0.8158[0m        [35m0.2238[0m       0.9317        [94m0.2041[0m     +  23.9462
     11   0.3550   [32m0.8175[0m        [35m0.2223[0m       0.9328        [94m0.2033[0m     +  23.9816
     12   [36m0.3606[0m   [32m0.8227[0m        [35m0.2220[0m       0.9338        [94m0.2015[0m     +  24.3217
     13   [36m0.3610[0m   [32m0.8253[0m        [35m0.2204[0m       0.9321        [94m0.2012[0m     +  24.0388
     14   [36m0.3655[0m   [32m0.8304[0m        [35m0.2193[0m       [31m0.9345[0m        [94m0.1999[0m     +  23.6902
     15   [36m0.3698[0m   [32m0.8344[0m        [35m0.2177[0m       0.9342        [94m0.1979[0m     +  23.9115
[32m[I 2022-12-11 04:33:47,993][0m Trial 235 finished with value: 0.3697543912063043 and parameters: {'optimizer__lr': 3.6505363473777535e-05, 'module__dropout': 0.08681079585698578, 'd_model_multiplier': 8, 'module__num_layers': 9, 'module__n_heads': 4, 'module__dim_feedforward': 255, 'iterator_train__batch_size': 53}. Best is trial 231 with value: 0.4798892428044479.[0m
[FileBasedDataset] Initializing dataset...
	Examples: 28559
	Features: 621
	Max length: 120
[FileBasedDataset] Dataset initialization complete
  epoch    auprc    auroc    train_loss    valid_acc    valid_loss    cp      dur
-------  -------  -------  ------------  -----------  ------------  ----  -------
      1   [36m0.2743[0m   [32m0.7399[0m        [35m0.2962[0m       [31m0.9240[0m        [94m0.2359[0m     +  23.7505
      2   [36m0.3099[0m   [32m0.7712[0m        [35m0.2309[0m       [31m0.9268[0m        [94m0.2266[0m     +  24.5478
      3   [36m0.3323[0m   [32m0.7891[0m        [35m0.2243[0m       [31m0.9275[0m        [94m0.2219[0m     +  23.8425
      4   [36m0.3525[0m   [32m0.7962[0m        [35m0.2196[0m       [31m0.9293[0m        [94m0.2192[0m     +  23.7286
      5   [36m0.3758[0m   [32m0.8062[0m        [35m0.2144[0m       0.9282        [94m0.2150[0m     +  23.6760
      6   [36m0.3874[0m   [32m0.8174[0m        [35m0.2106[0m       0.9289        [94m0.2111[0m     +  23.3388
      7   [36m0.4006[0m   [32m0.8216[0m        [35m0.2078[0m       [31m0.9303[0m        [94m0.2104[0m     +  23.6263
      8   0.3995   [32m0.8241[0m        [35m0.2045[0m       0.9300        [94m0.2098[0m     +  23.3998
      9   [36m0.4129[0m   [32m0.8277[0m        [35m0.2019[0m       0.9303        [94m0.2064[0m     +  23.6794
     10   [36m0.4206[0m   [32m0.8295[0m        [35m0.2004[0m       [31m0.9317[0m        0.2065        24.2138
     11   [36m0.4265[0m   [32m0.8355[0m        [35m0.1997[0m       0.9300        [94m0.2046[0m     +  24.4149
     12   0.4251   [32m0.8368[0m        [35m0.1981[0m       [31m0.9324[0m        [94m0.2033[0m     +  24.4025
     13   [36m0.4269[0m   [32m0.8376[0m        [35m0.1955[0m       0.9303        [94m0.2027[0m     +  23.7520
     14   [36m0.4337[0m   [32m0.8388[0m        [35m0.1939[0m       [31m0.9328[0m        0.2027        24.3034
     15   0.4228   [32m0.8417[0m        [35m0.1933[0m       0.9317        0.2033        23.8403
[32m[I 2022-12-11 04:39:47,717][0m Trial 236 finished with value: 0.4337021368134221 and parameters: {'optimizer__lr': 0.00015286700042815314, 'module__dropout': 0.012847305430062371, 'd_model_multiplier': 8, 'module__num_layers': 8, 'module__n_heads': 4, 'module__dim_feedforward': 277, 'iterator_train__batch_size': 58}. Best is trial 231 with value: 0.4798892428044479.[0m
[FileBasedDataset] Initializing dataset...
	Examples: 28559
	Features: 621
	Max length: 120
[FileBasedDataset] Dataset initialization complete
  epoch    auprc    auroc    train_loss    valid_acc    valid_loss    cp      dur
-------  -------  -------  ------------  -----------  ------------  ----  -------
      1   [36m0.0728[0m   [32m0.4271[0m        [35m0.7047[0m       [31m0.4132[0m        [94m0.6986[0m     +  49.0074
      2   0.0705   0.4243        [35m0.6906[0m       [31m0.6628[0m        [94m0.6842[0m     +  49.2887
      3   0.0674   0.4220        [35m0.6768[0m       [31m0.8102[0m        [94m0.6700[0m     +  49.1140
      4   0.0657   0.4205        [35m0.6632[0m       [31m0.8596[0m        [94m0.6564[0m     +  49.4838
      5   0.0647   0.4199        [35m0.6502[0m       [31m0.8866[0m        [94m0.6432[0m     +  49.4237
      6   0.0636   0.4199        [35m0.6374[0m       [31m0.9027[0m        [94m0.6304[0m     +  49.2495
      7   0.0628   0.4199        [35m0.6249[0m       [31m0.9118[0m        [94m0.6177[0m     +  49.2307
      8   0.0626   0.4210        [35m0.6129[0m       [31m0.9160[0m        [94m0.6054[0m     +  49.3464
      9   0.0625   0.4215        [35m0.6009[0m       [31m0.9226[0m        [94m0.5935[0m     +  49.0502
     10   0.0623   0.4223        [35m0.5897[0m       [31m0.9251[0m        [94m0.5823[0m     +  49.2661
     11   0.0619   0.4226        [35m0.5788[0m       [31m0.9254[0m        [94m0.5711[0m     +  49.0706
     12   0.0617   0.4234        [35m0.5681[0m       [31m0.9258[0m        [94m0.5605[0m     +  49.3743
     13   0.0614   0.4235        [35m0.5580[0m       [31m0.9265[0m        [94m0.5505[0m     +  49.1581
     14   0.0613   0.4238        [35m0.5483[0m       [31m0.9272[0m        [94m0.5405[0m     +  49.3172
     15   0.0612   0.4240        [35m0.5389[0m       0.9272        [94m0.5308[0m     +  49.3985
[32m[I 2022-12-11 04:52:12,248][0m Trial 237 finished with value: 0.0727689144893244 and parameters: {'optimizer__lr': 1.638267994626108e-08, 'module__dropout': 0.015098518201175064, 'd_model_multiplier': 8, 'module__num_layers': 8, 'module__n_heads': 64, 'module__dim_feedforward': 264, 'iterator_train__batch_size': 45}. Best is trial 231 with value: 0.4798892428044479.[0m
[FileBasedDataset] Initializing dataset...
	Examples: 28559
	Features: 621
	Max length: 120
[FileBasedDataset] Dataset initialization complete
  epoch    auprc    auroc    train_loss    valid_acc    valid_loss    cp      dur
-------  -------  -------  ------------  -----------  ------------  ----  -------
      1   [36m0.3533[0m   [32m0.7687[0m        [35m0.2956[0m       [31m0.9254[0m        [94m0.2403[0m     +  22.8642
      2   [36m0.3736[0m   [32m0.7900[0m        [35m0.2290[0m       [31m0.9258[0m        [94m0.2316[0m     +  23.8195
      3   [36m0.3890[0m   [32m0.8048[0m        [35m0.2225[0m       [31m0.9279[0m        [94m0.2268[0m     +  23.9746
      4   [36m0.3990[0m   [32m0.8179[0m        [35m0.2172[0m       0.9275        [94m0.2222[0m     +  23.1491
      5   [36m0.4017[0m   [32m0.8257[0m        [35m0.2126[0m       0.9261        [94m0.2207[0m     +  24.3915
      6   [36m0.4115[0m   [32m0.8286[0m        [35m0.2087[0m       0.9251        [94m0.2194[0m     +  24.0031
      7   0.4035   [32m0.8347[0m        [35m0.2050[0m       0.9223        [94m0.2169[0m     +  24.0288
      8   0.4075   [32m0.8365[0m        [35m0.2018[0m       0.9223        [94m0.2166[0m     +  24.0056
      9   0.4037   [32m0.8373[0m        [35m0.1996[0m       0.9195        0.2169        23.6900
     10   0.4088   [32m0.8375[0m        [35m0.1968[0m       0.9223        [94m0.2158[0m     +  23.7874
     11   [36m0.4215[0m   [32m0.8414[0m        [35m0.1952[0m       0.9240        [94m0.2137[0m     +  24.1456
     12   [36m0.4308[0m   [32m0.8452[0m        [35m0.1936[0m       0.9233        [94m0.2124[0m     +  23.5166
     13   0.4142   0.8419        [35m0.1901[0m       0.9219        0.2162        24.3895
     14   0.4216   0.8452        [35m0.1893[0m       0.9233        0.2141        24.2147
Stopping since valid_loss has not improved in the last 3 epochs.
[32m[I 2022-12-11 04:58:11,922][0m Trial 238 finished with value: 0.43080852483571314 and parameters: {'optimizer__lr': 0.00015282792611431254, 'module__dropout': 0.010502870692123061, 'd_model_multiplier': 8, 'module__num_layers': 8, 'module__n_heads': 4, 'module__dim_feedforward': 275, 'iterator_train__batch_size': 58}. Best is trial 231 with value: 0.4798892428044479.[0m
[FileBasedDataset] Initializing dataset...
	Examples: 28559
	Features: 621
	Max length: 120
[FileBasedDataset] Dataset initialization complete
  epoch    auprc    auroc    train_loss    valid_acc    valid_loss    cp      dur
-------  -------  -------  ------------  -----------  ------------  ----  -------
      1   [36m0.2039[0m   [32m0.6074[0m        [35m0.4076[0m       [31m0.9258[0m        [94m0.2876[0m     +  23.5827
      2   [36m0.3381[0m   [32m0.7068[0m        [35m0.2673[0m       [31m0.9293[0m        [94m0.2378[0m     +  23.6591
      3   [36m0.3591[0m   [32m0.7513[0m        [35m0.2401[0m       [31m0.9328[0m        [94m0.2243[0m     +  23.7464
      4   [36m0.3629[0m   [32m0.7670[0m        [35m0.2305[0m       0.9314        [94m0.2193[0m     +  23.9638
      5   [36m0.3711[0m   [32m0.7829[0m        [35m0.2256[0m       0.9310        [94m0.2169[0m     +  23.1193
      6   [36m0.3736[0m   [32m0.7918[0m        [35m0.2217[0m       0.9303        [94m0.2160[0m     +  23.3602
      7   [36m0.3782[0m   [32m0.8018[0m        [35m0.2185[0m       0.9296        [94m0.2145[0m     +  23.6110
      8   0.3547   [32m0.8140[0m        [35m0.2159[0m       0.9296        [94m0.2124[0m     +  23.7830
      9   0.3578   [32m0.8225[0m        [35m0.2132[0m       0.9279        [94m0.2108[0m     +  23.2544
     10   0.3700   [32m0.8305[0m        [35m0.2106[0m       0.9307        [94m0.2085[0m     +  22.9752
     11   0.3659   [32m0.8325[0m        [35m0.2088[0m       0.9293        [94m0.2080[0m     +  23.5280
     12   [36m0.3789[0m   [32m0.8354[0m        [35m0.2066[0m       0.9314        0.2084        23.7422
     13   0.3724   [32m0.8371[0m        [35m0.2037[0m       0.9279        [94m0.2076[0m     +  23.3825
     14   0.3764   [32m0.8421[0m        [35m0.2031[0m       0.9286        0.2078        22.9481
     15   [36m0.3896[0m   [32m0.8427[0m        [35m0.2014[0m       0.9279        [94m0.2062[0m     +  23.2880
[32m[I 2022-12-11 05:04:04,833][0m Trial 239 finished with value: 0.38961830580989315 and parameters: {'optimizer__lr': 0.0001520899673681564, 'module__dropout': 0.014775041038165473, 'd_model_multiplier': 8, 'module__num_layers': 8, 'module__n_heads': 4, 'module__dim_feedforward': 266, 'iterator_train__batch_size': 181}. Best is trial 231 with value: 0.4798892428044479.[0m
[FileBasedDataset] Initializing dataset...
	Examples: 28559
	Features: 621
	Max length: 120
[FileBasedDataset] Dataset initialization complete
  epoch    auprc    auroc    train_loss    valid_acc    valid_loss    cp      dur
-------  -------  -------  ------------  -----------  ------------  ----  -------
      1   [36m0.3092[0m   [32m0.7838[0m        [35m0.2481[0m       [31m0.9254[0m        [94m0.2283[0m     +  24.5213
      2   [36m0.3443[0m   [32m0.8098[0m        [35m0.2252[0m       0.9247        [94m0.2195[0m     +  24.5324
      3   [36m0.3511[0m   [32m0.8142[0m        [35m0.2186[0m       0.9251        [94m0.2180[0m     +  24.2329
      4   [36m0.3634[0m   [32m0.8187[0m        [35m0.2143[0m       [31m0.9258[0m        [94m0.2148[0m     +  24.1197
      5   [36m0.3661[0m   [32m0.8346[0m        [35m0.2109[0m       0.9216        [94m0.2110[0m     +  24.6796
      6   0.3604   [32m0.8394[0m        [35m0.2085[0m       0.9223        [94m0.2098[0m     +  24.2859
      7   0.3375   0.8315        [35m0.2057[0m       0.9216        0.2174        24.4419
      8   0.3523   0.8373        [35m0.2057[0m       0.9212        0.2135        23.9339
Stopping since valid_loss has not improved in the last 3 epochs.
[32m[I 2022-12-11 05:07:44,504][0m Trial 240 finished with value: 0.3661446625486088 and parameters: {'optimizer__lr': 0.0002152857581699524, 'module__dropout': 0.011815372017001217, 'd_model_multiplier': 8, 'module__num_layers': 9, 'module__n_heads': 8, 'module__dim_feedforward': 255, 'iterator_train__batch_size': 37}. Best is trial 231 with value: 0.4798892428044479.[0m
[FileBasedDataset] Initializing dataset...
	Examples: 28559
	Features: 621
	Max length: 120
[FileBasedDataset] Dataset initialization complete
  epoch    auprc    auroc    train_loss    valid_acc    valid_loss    cp      dur
-------  -------  -------  ------------  -----------  ------------  ----  -------
      1   [36m0.2539[0m   [32m0.7112[0m        [35m0.3238[0m       [31m0.9261[0m        [94m0.2376[0m     +  23.1421
      2   [36m0.2691[0m   [32m0.7498[0m        [35m0.2360[0m       0.9254        [94m0.2275[0m     +  24.0165
      3   0.2659   [32m0.7601[0m        [35m0.2277[0m       0.9251        [94m0.2259[0m     +  24.3257
      4   [36m0.2919[0m   [32m0.7820[0m        [35m0.2241[0m       [31m0.9265[0m        [94m0.2180[0m     +  23.6982
      5   [36m0.3057[0m   [32m0.7942[0m        [35m0.2211[0m       [31m0.9272[0m        [94m0.2146[0m     +  24.1794
      6   [36m0.3184[0m   [32m0.8077[0m        [35m0.2175[0m       0.9268        [94m0.2112[0m     +  24.3694
      7   [36m0.3201[0m   [32m0.8138[0m        [35m0.2160[0m       0.9251        [94m0.2098[0m     +  24.2877
      8   [36m0.3214[0m   [32m0.8222[0m        [35m0.2128[0m       0.9261        [94m0.2081[0m     +  24.0942
      9   [36m0.3311[0m   [32m0.8278[0m        [35m0.2115[0m       0.9268        [94m0.2064[0m     +  24.1027
     10   0.3278   [32m0.8314[0m        [35m0.2101[0m       0.9265        [94m0.2050[0m     +  24.0806
     11   [36m0.3324[0m   [32m0.8378[0m        [35m0.2069[0m       0.9251        [94m0.2036[0m     +  24.2465
     12   [36m0.3418[0m   [32m0.8382[0m        [35m0.2063[0m       0.9268        [94m0.2030[0m     +  24.2916
     13   0.3390   [32m0.8391[0m        [35m0.2037[0m       0.9247        0.2032        24.7046
     14   [36m0.3488[0m   [32m0.8468[0m        [35m0.2024[0m       0.9244        [94m0.2000[0m     +  24.2000
     15   0.3388   0.8438        [35m0.2017[0m       0.9244        0.2022        23.9010
[32m[I 2022-12-11 05:13:47,434][0m Trial 241 finished with value: 0.3488065740767699 and parameters: {'optimizer__lr': 0.00012410965984712007, 'module__dropout': 0.05509451496132205, 'd_model_multiplier': 8, 'module__num_layers': 8, 'module__n_heads': 4, 'module__dim_feedforward': 278, 'iterator_train__batch_size': 58}. Best is trial 231 with value: 0.4798892428044479.[0m
[FileBasedDataset] Initializing dataset...
	Examples: 28559
	Features: 621
	Max length: 120
[FileBasedDataset] Dataset initialization complete
  epoch    auprc    auroc    train_loss    valid_acc    valid_loss    cp      dur
-------  -------  -------  ------------  -----------  ------------  ----  -------
      1   [36m0.3746[0m   [32m0.7933[0m        [35m0.2680[0m       [31m0.9226[0m        [94m0.2333[0m     +  23.6037
      2   [36m0.4042[0m   [32m0.8208[0m        [35m0.2226[0m       [31m0.9240[0m        [94m0.2249[0m     +  23.4915
      3   [36m0.4266[0m   [32m0.8393[0m        [35m0.2172[0m       [31m0.9247[0m        [94m0.2180[0m     +  23.9232
      4   [36m0.4374[0m   [32m0.8479[0m        [35m0.2137[0m       0.9247        [94m0.2158[0m     +  23.7532
      5   [36m0.4467[0m   [32m0.8564[0m        [35m0.2096[0m       [31m0.9268[0m        [94m0.2108[0m     +  24.1035
      6   0.4440   0.8563        [35m0.2080[0m       [31m0.9275[0m        0.2124        23.5918
      7   0.4428   0.8543        [35m0.2049[0m       0.9261        0.2127        23.5500
      8   [36m0.4599[0m   [32m0.8602[0m        [35m0.2035[0m       0.9275        [94m0.2094[0m     +  23.6977
      9   0.4566   [32m0.8602[0m        [35m0.2013[0m       0.9272        [94m0.2084[0m     +  23.8717
     10   0.4595   [32m0.8613[0m        [35m0.2005[0m       0.9216        [94m0.2082[0m     +  24.4925
     11   [36m0.4709[0m   [32m0.8629[0m        [35m0.1988[0m       0.9265        [94m0.2064[0m     +  24.2222
     12   0.4588   0.8590        [35m0.1975[0m       0.9261        0.2084        23.9050
     13   [36m0.4723[0m   0.8611        [35m0.1958[0m       [31m0.9282[0m        0.2065        24.1828
Stopping since valid_loss has not improved in the last 3 epochs.
[32m[I 2022-12-11 05:19:22,441][0m Trial 242 finished with value: 0.47230429372990745 and parameters: {'optimizer__lr': 0.00026881967697313397, 'module__dropout': 0.03176745719246225, 'd_model_multiplier': 8, 'module__num_layers': 8, 'module__n_heads': 4, 'module__dim_feedforward': 284, 'iterator_train__batch_size': 59}. Best is trial 231 with value: 0.4798892428044479.[0m
[FileBasedDataset] Initializing dataset...
	Examples: 28559
	Features: 621
	Max length: 120
[FileBasedDataset] Dataset initialization complete
  epoch    auprc    auroc    train_loss    valid_acc    valid_loss    cp      dur
-------  -------  -------  ------------  -----------  ------------  ----  -------
      1   [36m0.3730[0m   [32m0.8182[0m        [35m0.2611[0m       [31m0.9226[0m        [94m0.2278[0m     +  23.2643
      2   [36m0.3908[0m   [32m0.8266[0m        [35m0.2242[0m       [31m0.9247[0m        [94m0.2247[0m     +  23.9556
      3   [36m0.3935[0m   [32m0.8333[0m        [35m0.2186[0m       0.9230        [94m0.2216[0m     +  23.2832
      4   [36m0.4155[0m   [32m0.8478[0m        [35m0.2146[0m       0.9247        [94m0.2152[0m     +  23.5679
      5   0.4140   [32m0.8500[0m        [35m0.2110[0m       0.9240        0.2162        23.8451
      6   [36m0.4205[0m   [32m0.8526[0m        [35m0.2082[0m       0.9240        0.2155        23.9369
      7   0.4160   [32m0.8550[0m        [35m0.2057[0m       0.9223        [94m0.2139[0m     +  23.4466
      8   0.4197   [32m0.8554[0m        [35m0.2037[0m       0.9212        0.2159        23.9685
      9   [36m0.4233[0m   [32m0.8568[0m        [35m0.2029[0m       0.9205        0.2150        23.8370
     10   [36m0.4309[0m   [32m0.8604[0m        [35m0.2007[0m       0.9233        [94m0.2123[0m     +  23.3494
     11   [36m0.4332[0m   0.8522        [35m0.1984[0m       0.9191        0.2141        23.4870
     12   0.4278   0.8586        [35m0.1974[0m       0.9205        0.2152        23.1449
Stopping since valid_loss has not improved in the last 3 epochs.
