[32m[I 2022-12-12 00:31:13,358][0m Trial 424 finished with value: 0.42364790593895724 and parameters: {'optimizer__lr': 0.0016429787988367257, 'module__dropout': 0.020377369599585922, 'd_model_multiplier': 4, 'module__num_layers': 1, 'module__n_heads': 8, 'module__dim_feedforward': 272, 'iterator_train__batch_size': 61}. Best is trial 382 with value: 0.5110916005289956.[0m
[FileBasedDataset] Initializing dataset...
	Examples: 28559
	Features: 621
	Max length: 120
[FileBasedDataset] Dataset initialization complete
  epoch    auprc    auroc    train_loss    valid_acc    valid_loss    cp      dur
-------  -------  -------  ------------  -----------  ------------  ----  -------
      1   [36m0.3002[0m   [32m0.7368[0m        [35m0.3522[0m       [31m0.9202[0m        [94m0.2525[0m     +  23.4593
      2   [36m0.3417[0m   [32m0.7825[0m        [35m0.2456[0m       [31m0.9209[0m        [94m0.2359[0m     +  23.8628
      3   [36m0.3558[0m   [32m0.8015[0m        [35m0.2376[0m       [31m0.9219[0m        [94m0.2300[0m     +  23.5393
      4   [36m0.3705[0m   [32m0.8118[0m        [35m0.2319[0m       [31m0.9226[0m        [94m0.2257[0m     +  23.1170
      5   [36m0.3852[0m   [32m0.8187[0m        [35m0.2288[0m       [31m0.9233[0m        [94m0.2231[0m     +  23.4930
      6   [36m0.3956[0m   [32m0.8266[0m        [35m0.2264[0m       [31m0.9254[0m        [94m0.2212[0m     +  23.7076
      7   0.3933   [32m0.8323[0m        [35m0.2253[0m       0.9247        [94m0.2186[0m     +  23.5626
      8   [36m0.4032[0m   [32m0.8343[0m        [35m0.2227[0m       [31m0.9268[0m        [94m0.2180[0m     +  23.4206
      9   [36m0.4061[0m   [32m0.8399[0m        [35m0.2207[0m       0.9265        [94m0.2168[0m     +  23.4777
     10   [36m0.4138[0m   [32m0.8452[0m        [35m0.2204[0m       0.9254        [94m0.2151[0m     +  22.8650
     11   [36m0.4168[0m   0.8451        [35m0.2193[0m       0.9265        [94m0.2133[0m     +  23.1411
     12   0.4137   [32m0.8470[0m        [35m0.2173[0m       0.9244        0.2137        22.9693
     13   0.4162   [32m0.8501[0m        [35m0.2167[0m       0.9251        [94m0.2125[0m     +  23.3707
     14   0.4159   [32m0.8525[0m        [35m0.2160[0m       0.9261        [94m0.2121[0m     +  22.5325
     15   0.4089   0.8497        0.2165       0.9254        0.2134        22.5830
[32m[I 2022-12-12 00:37:03,056][0m Trial 425 finished with value: 0.4167529323798928 and parameters: {'optimizer__lr': 0.0008155796644240883, 'module__dropout': 0.18202958740127367, 'd_model_multiplier': 1, 'module__num_layers': 1, 'module__n_heads': 8, 'module__dim_feedforward': 302, 'iterator_train__batch_size': 118}. Best is trial 382 with value: 0.5110916005289956.[0m
[FileBasedDataset] Initializing dataset...
	Examples: 28559
	Features: 621
	Max length: 120
[FileBasedDataset] Dataset initialization complete
  epoch    auprc    auroc    train_loss    valid_acc    valid_loss    cp      dur
-------  -------  -------  ------------  -----------  ------------  ----  -------
      1   [36m0.3738[0m   [32m0.8042[0m        [35m0.2660[0m       [31m0.9275[0m        [94m0.2178[0m     +  22.8582
      2   [36m0.3831[0m   [32m0.8223[0m        [35m0.2260[0m       [31m0.9293[0m        [94m0.2125[0m     +  23.2791
      3   [36m0.3874[0m   [32m0.8318[0m        [35m0.2203[0m       0.9282        [94m0.2105[0m     +  22.8815
      4   [36m0.3954[0m   [32m0.8397[0m        [35m0.2171[0m       0.9275        [94m0.2085[0m     +  22.6441
      5   0.3873   [32m0.8471[0m        [35m0.2136[0m       0.9261        [94m0.2072[0m     +  22.7947
      6   0.3934   [32m0.8494[0m        [35m0.2125[0m       0.9247        [94m0.2063[0m     +  23.0596
      7   [36m0.4054[0m   [32m0.8523[0m        [35m0.2110[0m       0.9268        [94m0.2053[0m     +  23.2901
      8   0.4049   [32m0.8536[0m        [35m0.2093[0m       0.9254        [94m0.2048[0m     +  23.2172
      9   0.4046   0.8527        [35m0.2057[0m       0.9268        [94m0.2036[0m     +  22.9291
     10   [36m0.4087[0m   [32m0.8560[0m        [35m0.2055[0m       0.9251        [94m0.2031[0m     +  23.1923
     11   0.3969   0.8546        [35m0.2028[0m       0.9226        0.2051        23.2669
     12   0.4068   [32m0.8604[0m        [35m0.2024[0m       0.9240        0.2043        23.1412
     13   0.4056   0.8588        [35m0.2017[0m       0.9244        [94m0.2031[0m     +  23.0996
     14   [36m0.4130[0m   [32m0.8642[0m        [35m0.2010[0m       0.9230        [94m0.2007[0m     +  23.5524
     15   0.4087   0.8610        [35m0.1993[0m       0.9226        0.2021        23.1852
[32m[I 2022-12-12 00:42:50,321][0m Trial 426 finished with value: 0.4129570920042868 and parameters: {'optimizer__lr': 0.00040076436426555263, 'module__dropout': 0.14747993405650078, 'd_model_multiplier': 4, 'module__num_layers': 2, 'module__n_heads': 8, 'module__dim_feedforward': 280, 'iterator_train__batch_size': 56}. Best is trial 382 with value: 0.5110916005289956.[0m
[FileBasedDataset] Initializing dataset...
	Examples: 28559
	Features: 621
	Max length: 120
[FileBasedDataset] Dataset initialization complete
  epoch    auprc    auroc    train_loss    valid_acc    valid_loss    cp      dur
-------  -------  -------  ------------  -----------  ------------  ----  -------
      1   [36m0.3220[0m   [32m0.7909[0m        [35m0.2630[0m       [31m0.9209[0m        [94m0.2353[0m     +  22.9533
      2   [36m0.3407[0m   [32m0.8010[0m        [35m0.2240[0m       0.9209        [94m0.2330[0m     +  23.0038
      3   [36m0.3566[0m   [32m0.8124[0m        [35m0.2188[0m       [31m0.9216[0m        [94m0.2258[0m     +  22.8917
      4   [36m0.3754[0m   [32m0.8180[0m        [35m0.2150[0m       [31m0.9223[0m        [94m0.2217[0m     +  23.2438
      5   [36m0.3757[0m   [32m0.8193[0m        [35m0.2138[0m       [31m0.9230[0m        0.2225        23.1551
      6   [36m0.3865[0m   [32m0.8263[0m        [35m0.2109[0m       [31m0.9254[0m        [94m0.2193[0m     +  23.6655
      7   0.3793   0.8246        [35m0.2089[0m       0.9230        0.2241        22.7738
      8   0.3768   [32m0.8305[0m        [35m0.2077[0m       0.9230        0.2207        23.4319
Stopping since valid_loss has not improved in the last 3 epochs.
[32m[I 2022-12-12 00:46:18,704][0m Trial 427 finished with value: 0.38653995611824116 and parameters: {'optimizer__lr': 0.00021341824428760723, 'module__dropout': 0.20179668064762638, 'd_model_multiplier': 4, 'module__num_layers': 2, 'module__n_heads': 32, 'module__dim_feedforward': 376, 'iterator_train__batch_size': 96}. Best is trial 382 with value: 0.5110916005289956.[0m
[FileBasedDataset] Initializing dataset...
	Examples: 28559
	Features: 621
	Max length: 120
[FileBasedDataset] Dataset initialization complete
  epoch    auprc    auroc    train_loss    valid_acc    valid_loss    cp      dur
-------  -------  -------  ------------  -----------  ------------  ----  -------
      1   [36m0.4016[0m   [32m0.8023[0m        [35m0.2662[0m       [31m0.9237[0m        [94m0.2305[0m     +  22.7572
      2   [36m0.4380[0m   [32m0.8218[0m        [35m0.2203[0m       [31m0.9247[0m        [94m0.2224[0m     +  23.5171
      3   [36m0.4633[0m   [32m0.8376[0m        [35m0.2148[0m       [31m0.9282[0m        [94m0.2162[0m     +  23.8136
      4   0.4531   [32m0.8449[0m        [35m0.2098[0m       0.9272        0.2165        23.6439
      5   0.4447   [32m0.8462[0m        [35m0.2063[0m       0.9258        0.2174        23.8208
      6   [36m0.4660[0m   [32m0.8516[0m        [35m0.2036[0m       0.9268        [94m0.2128[0m     +  23.5869
      7   [36m0.4692[0m   [32m0.8574[0m        [35m0.2010[0m       0.9258        [94m0.2102[0m     +  23.4972
      8   [36m0.4736[0m   [32m0.8586[0m        [35m0.1997[0m       0.9265        0.2103        23.7950
      9   [36m0.4749[0m   [32m0.8621[0m        [35m0.1983[0m       0.9240        [94m0.2096[0m     +  23.3056
     10   0.4657   0.8578        [35m0.1963[0m       0.9265        0.2121        23.2372
     11   0.4718   0.8560        [35m0.1951[0m       0.9265        0.2137        23.7176
Stopping since valid_loss has not improved in the last 3 epochs.
[32m[I 2022-12-12 00:51:01,442][0m Trial 428 finished with value: 0.47490174146758296 and parameters: {'optimizer__lr': 0.0005995587230230724, 'module__dropout': 0.030670149249200068, 'd_model_multiplier': 4, 'module__num_layers': 1, 'module__n_heads': 8, 'module__dim_feedforward': 389, 'iterator_train__batch_size': 111}. Best is trial 382 with value: 0.5110916005289956.[0m
[FileBasedDataset] Initializing dataset...
	Examples: 28559
	Features: 621
	Max length: 120
[FileBasedDataset] Dataset initialization complete
  epoch    auprc    auroc    train_loss    valid_acc    valid_loss    cp      dur
-------  -------  -------  ------------  -----------  ------------  ----  -------
      1   [36m0.3499[0m   [32m0.7837[0m        [35m0.2514[0m       [31m0.9167[0m        [94m0.2511[0m     +  23.0175
      2   [36m0.3816[0m   [32m0.8111[0m        [35m0.2164[0m       [31m0.9177[0m        [94m0.2412[0m     +  23.3080
      3   [36m0.3910[0m   [32m0.8259[0m        [35m0.2106[0m       0.9163        [94m0.2388[0m     +  23.6286
      4   [36m0.4160[0m   [32m0.8413[0m        [35m0.2073[0m       [31m0.9191[0m        [94m0.2303[0m     +  23.9712
      5   [36m0.4296[0m   [32m0.8422[0m        [35m0.2048[0m       0.9188        [94m0.2289[0m     +  23.3575
      6   0.4207   [32m0.8453[0m        [35m0.2021[0m       0.9174        [94m0.2289[0m     +  23.8891
      7   [36m0.4369[0m   [32m0.8489[0m        [35m0.2003[0m       [31m0.9195[0m        [94m0.2263[0m     +  23.5155
      8   [36m0.4439[0m   [32m0.8518[0m        [35m0.1974[0m       [31m0.9205[0m        [94m0.2253[0m     +  23.0525
      9   0.4429   [32m0.8549[0m        [35m0.1955[0m       0.9188        [94m0.2246[0m     +  23.6966
     10   0.4291   0.8522        [35m0.1935[0m       0.9205        0.2263        23.4307
     11   0.4226   0.8494        [35m0.1913[0m       0.9198        0.2294        23.6344
Stopping since valid_loss has not improved in the last 3 epochs.
[32m[I 2022-12-12 00:55:43,656][0m Trial 429 finished with value: 0.4438997194972243 and parameters: {'optimizer__lr': 0.0010081192400125166, 'module__dropout': 0.027342417577690195, 'd_model_multiplier': 4, 'module__num_layers': 1, 'module__n_heads': 8, 'module__dim_feedforward': 359, 'iterator_train__batch_size': 117}. Best is trial 382 with value: 0.5110916005289956.[0m
[FileBasedDataset] Initializing dataset...
	Examples: 28559
	Features: 621
	Max length: 120
[FileBasedDataset] Dataset initialization complete
  epoch    auprc    auroc    train_loss    valid_acc    valid_loss    cp      dur
-------  -------  -------  ------------  -----------  ------------  ----  -------
      1   [36m0.3216[0m   [32m0.7746[0m        [35m0.2675[0m       [31m0.9251[0m        [94m0.2271[0m     +  23.3145
      2   [36m0.3494[0m   [32m0.7903[0m        [35m0.2205[0m       [31m0.9268[0m        [94m0.2226[0m     +  24.1507
      3   [36m0.3531[0m   [32m0.8065[0m        [35m0.2139[0m       0.9251        [94m0.2221[0m     +  23.6763
      4   [36m0.3548[0m   [32m0.8114[0m        [35m0.2090[0m       0.9251        [94m0.2217[0m     +  23.2457
      5   0.3542   [32m0.8147[0m        [35m0.2076[0m       0.9258        0.2229        23.3409
      6   [36m0.3791[0m   [32m0.8215[0m        [35m0.2066[0m       [31m0.9279[0m        [94m0.2155[0m     +  23.1003
      7   [36m0.3898[0m   [32m0.8257[0m        [35m0.2021[0m       [31m0.9286[0m        [94m0.2146[0m     +  23.4297
      8   0.3811   [32m0.8272[0m        [35m0.2018[0m       0.9272        [94m0.2146[0m     +  23.4050
      9   [36m0.3955[0m   [32m0.8285[0m        [35m0.2000[0m       0.9272        [94m0.2140[0m     +  23.9917
     10   [36m0.3986[0m   [32m0.8334[0m        [35m0.1978[0m       0.9286        0.2143        23.3694
     11   [36m0.4007[0m   0.8304        [35m0.1964[0m       0.9261        0.2160        23.8171
Stopping since valid_loss has not improved in the last 3 epochs.
[32m[I 2022-12-12 01:00:26,448][0m Trial 430 finished with value: 0.400651467217675 and parameters: {'optimizer__lr': 0.0006849664472098835, 'module__dropout': 0.037795238797418376, 'd_model_multiplier': 4, 'module__num_layers': 1, 'module__n_heads': 8, 'module__dim_feedforward': 267, 'iterator_train__batch_size': 113}. Best is trial 382 with value: 0.5110916005289956.[0m
[FileBasedDataset] Initializing dataset...
	Examples: 28559
	Features: 621
	Max length: 120
[FileBasedDataset] Dataset initialization complete
  epoch    auprc    auroc    train_loss    valid_acc    valid_loss    cp      dur
-------  -------  -------  ------------  -----------  ------------  ----  -------
      1   [36m0.3781[0m   [32m0.8026[0m        [35m0.2416[0m       [31m0.9146[0m        [94m0.2461[0m     +  22.9212
      2   [36m0.3973[0m   [32m0.8196[0m        [35m0.2124[0m       [31m0.9156[0m        [94m0.2396[0m     +  23.0422
      3   0.3972   [32m0.8257[0m        [35m0.2080[0m       [31m0.9170[0m        [94m0.2378[0m     +  23.2957
      4   [36m0.4072[0m   [32m0.8324[0m        [35m0.2050[0m       0.9163        [94m0.2342[0m     +  23.2533
      5   [36m0.4103[0m   0.8301        [35m0.2018[0m       [31m0.9181[0m        0.2345        22.7997
      6   [36m0.4174[0m   [32m0.8389[0m        [35m0.2008[0m       0.9170        [94m0.2327[0m     +  22.9749
      7   0.4087   [32m0.8404[0m        [35m0.1992[0m       0.9163        [94m0.2326[0m     +  22.7284
      8   0.4133   [32m0.8409[0m        [35m0.1957[0m       [31m0.9198[0m        [94m0.2314[0m     +  22.5461
      9   [36m0.4341[0m   0.8398        [35m0.1942[0m       0.9195        [94m0.2302[0m     +  22.7838
     10   0.4309   0.8391        [35m0.1919[0m       0.9177        0.2302        23.7294
     11   0.4237   [32m0.8428[0m        [35m0.1900[0m       0.9198        [94m0.2294[0m     +  23.2054
     12   0.4113   0.8374        [35m0.1868[0m       0.9198        0.2337        23.1804
     13   0.4085   0.8332        [35m0.1832[0m       0.9198        0.2373        23.5249
Stopping since valid_loss has not improved in the last 3 epochs.
[32m[I 2022-12-12 01:05:50,114][0m Trial 431 finished with value: 0.4340521448005087 and parameters: {'optimizer__lr': 0.0013664378805559952, 'module__dropout': 0.010669011222025687, 'd_model_multiplier': 4, 'module__num_layers': 1, 'module__n_heads': 8, 'module__dim_feedforward': 390, 'iterator_train__batch_size': 109}. Best is trial 382 with value: 0.5110916005289956.[0m
[FileBasedDataset] Initializing dataset...
	Examples: 28559
	Features: 621
	Max length: 120
[FileBasedDataset] Dataset initialization complete
  epoch    auprc    auroc    train_loss    valid_acc    valid_loss    cp      dur
-------  -------  -------  ------------  -----------  ------------  ----  -------
      1   [36m0.3177[0m   [32m0.7888[0m        [35m0.2650[0m       [31m0.9191[0m        [94m0.2374[0m     +  22.9863
      2   [36m0.3316[0m   [32m0.8190[0m        [35m0.2216[0m       0.9188        [94m0.2292[0m     +  23.1112
      3   [36m0.3486[0m   [32m0.8283[0m        [35m0.2149[0m       [31m0.9202[0m        [94m0.2258[0m     +  23.1276
      4   [36m0.3610[0m   [32m0.8344[0m        [35m0.2102[0m       [31m0.9212[0m        [94m0.2224[0m     +  23.2728
      5   [36m0.3663[0m   [32m0.8362[0m        [35m0.2071[0m       0.9212        [94m0.2216[0m     +  23.2275
      6   [36m0.3788[0m   [32m0.8433[0m        [35m0.2046[0m       [31m0.9230[0m        [94m0.2188[0m     +  23.2907
      7   0.3694   [32m0.8439[0m        [35m0.2024[0m       0.9223        0.2197        23.6863
      8   0.3680   [32m0.8481[0m        [35m0.2004[0m       0.9205        [94m0.2187[0m     +  23.8592
      9   0.3690   0.8470        [35m0.2003[0m       0.9223        0.2193        23.6221
     10   0.3693   0.8471        [35m0.1981[0m       0.9212        0.2196        22.9188
Stopping since valid_loss has not improved in the last 3 epochs.
[32m[I 2022-12-12 01:10:06,955][0m Trial 432 finished with value: 0.3787633648147856 and parameters: {'optimizer__lr': 0.0006498168479518377, 'module__dropout': 0.04143473195455162, 'd_model_multiplier': 4, 'module__num_layers': 1, 'module__n_heads': 8, 'module__dim_feedforward': 374, 'iterator_train__batch_size': 102}. Best is trial 382 with value: 0.5110916005289956.[0m
[FileBasedDataset] Initializing dataset...
	Examples: 28559
	Features: 621
	Max length: 120
[FileBasedDataset] Dataset initialization complete
  epoch    auprc    auroc    train_loss    valid_acc    valid_loss    cp      dur
-------  -------  -------  ------------  -----------  ------------  ----  -------
      1   [36m0.3563[0m   [32m0.7952[0m        [35m0.2838[0m       [31m0.9160[0m        [94m0.2464[0m     +  23.6785
      2   [36m0.3806[0m   [32m0.8167[0m        [35m0.2213[0m       [31m0.9170[0m        [94m0.2391[0m     +  24.2545
      3   0.3804   [32m0.8297[0m        [35m0.2143[0m       [31m0.9174[0m        [94m0.2370[0m     +  24.3812
      4   [36m0.3894[0m   [32m0.8412[0m        [35m0.2101[0m       0.9160        [94m0.2326[0m     +  23.3329
      5   [36m0.4011[0m   [32m0.8462[0m        [35m0.2067[0m       0.9170        [94m0.2289[0m     +  23.5678
      6   [36m0.4018[0m   [32m0.8470[0m        [35m0.2046[0m       [31m0.9181[0m        0.2305        23.5697
      7   [36m0.4200[0m   [32m0.8497[0m        [35m0.2030[0m       0.9181        [94m0.2278[0m     +  23.5958
      8   0.4109   [32m0.8528[0m        [35m0.2012[0m       0.9174        [94m0.2274[0m     +  23.5048
      9   0.4055   0.8492        [35m0.1987[0m       0.9174        0.2304        23.5381
     10   0.4110   [32m0.8547[0m        [35m0.1964[0m       0.9181        0.2288        23.1967
     11   [36m0.4251[0m   [32m0.8564[0m        [35m0.1947[0m       [31m0.9184[0m        [94m0.2271[0m     +  23.0834
     12   0.4205   0.8561        [35m0.1932[0m       [31m0.9188[0m        0.2273        23.0735
     13   0.4072   0.8539        [35m0.1925[0m       0.9174        0.2327        23.7100
Stopping since valid_loss has not improved in the last 3 epochs.
[32m[I 2022-12-12 01:15:36,584][0m Trial 433 finished with value: 0.4251346536637186 and parameters: {'optimizer__lr': 0.0004805154981534513, 'module__dropout': 0.026884824440990475, 'd_model_multiplier': 4, 'module__num_layers': 1, 'module__n_heads': 8, 'module__dim_feedforward': 387, 'iterator_train__batch_size': 123}. Best is trial 382 with value: 0.5110916005289956.[0m
[FileBasedDataset] Initializing dataset...
	Examples: 28559
	Features: 621
	Max length: 120
[FileBasedDataset] Dataset initialization complete
  epoch    auprc    auroc    train_loss    valid_acc    valid_loss    cp      dur
-------  -------  -------  ------------  -----------  ------------  ----  -------
      1   [36m0.3303[0m   [32m0.7495[0m        [35m0.3116[0m       [31m0.9251[0m        [94m0.2347[0m     +  21.5877
      2   [36m0.3692[0m   [32m0.7806[0m        [35m0.2291[0m       [31m0.9265[0m        [94m0.2257[0m     +  22.7412
      3   [36m0.3837[0m   [32m0.7979[0m        [35m0.2224[0m       [31m0.9279[0m        [94m0.2201[0m     +  23.3164
      4   [36m0.3875[0m   [32m0.8144[0m        [35m0.2170[0m       [31m0.9289[0m        [94m0.2152[0m     +  23.1151
      5   [36m0.4030[0m   [32m0.8194[0m        [35m0.2128[0m       [31m0.9310[0m        [94m0.2132[0m     +  22.6125
      6   [36m0.4108[0m   [32m0.8283[0m        [35m0.2098[0m       0.9293        [94m0.2103[0m     +  22.7366
      7   0.4058   [32m0.8313[0m        [35m0.2063[0m       0.9279        [94m0.2100[0m     +  22.8414
      8   0.3998   [32m0.8334[0m        [35m0.2049[0m       0.9279        [94m0.2099[0m     +  22.6860
      9   0.4050   [32m0.8365[0m        [35m0.2033[0m       0.9279        [94m0.2090[0m     +  23.6922
     10   0.3972   [32m0.8388[0m        [35m0.2025[0m       0.9258        0.2093        23.5205
     11   0.3925   0.8365        [35m0.2020[0m       0.9275        0.2106        23.3627
Stopping since valid_loss has not improved in the last 3 epochs.
[32m[I 2022-12-12 01:20:12,476][0m Trial 434 finished with value: 0.41082698120808653 and parameters: {'optimizer__lr': 0.0002841530274057059, 'module__dropout': 0.03357437869508014, 'd_model_multiplier': 4, 'module__num_layers': 1, 'module__n_heads': 8, 'module__dim_feedforward': 407, 'iterator_train__batch_size': 109}. Best is trial 382 with value: 0.5110916005289956.[0m
[FileBasedDataset] Initializing dataset...
	Examples: 28559
	Features: 621
	Max length: 120
[FileBasedDataset] Dataset initialization complete
  epoch    auprc    auroc    train_loss    valid_acc    valid_loss    cp      dur
-------  -------  -------  ------------  -----------  ------------  ----  -------
      1   [36m0.2098[0m   [32m0.7470[0m        [35m0.2670[0m       [31m0.9181[0m        [94m0.2507[0m     +  23.7567
      2   0.2064   0.7440        [35m0.2500[0m       0.9181        0.2509        24.1556
      3   0.2074   [32m0.7472[0m        [35m0.2497[0m       0.9181        0.2510        24.6280
Stopping since valid_loss has not improved in the last 3 epochs.
