[32m[I 2022-12-11 13:56:08,425][0m Trial 296 finished with value: 0.34037919337265854 and parameters: {'optimizer__lr': 0.0009296547296011553, 'module__dropout': 0.06367448285941965, 'd_model_multiplier': 16, 'module__num_layers': 6, 'module__n_heads': 4, 'module__dim_feedforward': 267, 'iterator_train__batch_size': 94}. Best is trial 231 with value: 0.4798892428044479.[0m
[FileBasedDataset] Initializing dataset...
	Examples: 28559
	Features: 621
	Max length: 120
[FileBasedDataset] Dataset initialization complete
  epoch    auprc    auroc    train_loss    valid_acc    valid_loss    cp      dur
-------  -------  -------  ------------  -----------  ------------  ----  -------
      1   [36m0.2777[0m   [32m0.7929[0m        [35m0.2435[0m       [31m0.9254[0m        [94m0.2259[0m     +  23.6921
      2   [36m0.3062[0m   [32m0.8103[0m        [35m0.2262[0m       [31m0.9272[0m        [94m0.2195[0m     +  24.6039
      3   [36m0.3180[0m   [32m0.8148[0m        [35m0.2220[0m       [31m0.9275[0m        [94m0.2173[0m     +  24.4678
      4   [36m0.3260[0m   [32m0.8183[0m        [35m0.2181[0m       [31m0.9282[0m        [94m0.2172[0m     +  24.3278
      5   [36m0.3307[0m   [32m0.8268[0m        [35m0.2166[0m       0.9258        [94m0.2139[0m     +  24.7972
      6   [36m0.3381[0m   [32m0.8284[0m        [35m0.2144[0m       0.9251        [94m0.2139[0m     +  24.5731
      7   [36m0.3491[0m   0.8170        [35m0.2109[0m       0.9272        0.2212        24.0219
      8   [36m0.3522[0m   0.8185        [35m0.2108[0m       0.9279        0.2171        24.4934
Stopping since valid_loss has not improved in the last 3 epochs.
[32m[I 2022-12-11 13:59:49,118][0m Trial 297 finished with value: 0.3522376293159009 and parameters: {'optimizer__lr': 0.0001078674136347487, 'module__dropout': 0.22394477208323083, 'd_model_multiplier': 64, 'module__num_layers': 6, 'module__n_heads': 8, 'module__dim_feedforward': 166, 'iterator_train__batch_size': 99}. Best is trial 231 with value: 0.4798892428044479.[0m
[FileBasedDataset] Initializing dataset...
	Examples: 28559
	Features: 621
	Max length: 120
[FileBasedDataset] Dataset initialization complete
  epoch    auprc    auroc    train_loss    valid_acc    valid_loss    cp      dur
-------  -------  -------  ------------  -----------  ------------  ----  -------
      1   [36m0.1188[0m   [32m0.4546[0m        [35m0.4122[0m       [31m0.9097[0m        [94m0.3241[0m     +  23.5529
      2   [36m0.2050[0m   [32m0.6340[0m        [35m0.2761[0m       0.9097        [94m0.2886[0m     +  23.3131
      3   [36m0.3178[0m   [32m0.7316[0m        [35m0.2469[0m       [31m0.9121[0m        [94m0.2625[0m     +  23.3095
      4   [36m0.3276[0m   [32m0.7544[0m        [35m0.2354[0m       [31m0.9142[0m        [94m0.2583[0m     +  23.3678
      5   [36m0.3329[0m   [32m0.7639[0m        [35m0.2311[0m       [31m0.9146[0m        [94m0.2559[0m     +  24.2612
      6   [36m0.3329[0m   [32m0.7679[0m        [35m0.2277[0m       0.9139        [94m0.2551[0m     +  24.2638
      7   [36m0.3365[0m   [32m0.7749[0m        [35m0.2265[0m       0.9118        [94m0.2539[0m     +  23.7406
      8   [36m0.3425[0m   [32m0.7873[0m        [35m0.2246[0m       0.9128        [94m0.2515[0m     +  23.6706
      9   [36m0.3426[0m   [32m0.7902[0m        [35m0.2241[0m       0.9118        0.2517        24.1698
     10   0.3415   [32m0.7932[0m        [35m0.2235[0m       0.9128        [94m0.2513[0m     +  23.5003
     11   [36m0.3462[0m   [32m0.7966[0m        [35m0.2230[0m       0.9125        [94m0.2506[0m     +  24.0040
     12   [36m0.3501[0m   [32m0.8000[0m        [35m0.2220[0m       0.9146        [94m0.2488[0m     +  23.7604
     13   [36m0.3517[0m   [32m0.8014[0m        [35m0.2197[0m       0.9142        0.2492        23.7595
     14   [36m0.3584[0m   [32m0.8042[0m        0.2200       [31m0.9149[0m        [94m0.2480[0m     +  24.0217
     15   [36m0.3632[0m   [32m0.8057[0m        0.2198       0.9146        [94m0.2468[0m     +  23.7829
[32m[I 2022-12-11 14:05:46,773][0m Trial 298 finished with value: 0.3631593868299234 and parameters: {'optimizer__lr': 4.202189228458475e-05, 'module__dropout': 0.21445445520377948, 'd_model_multiplier': 16, 'module__num_layers': 7, 'module__n_heads': 4, 'module__dim_feedforward': 201, 'iterator_train__batch_size': 122}. Best is trial 231 with value: 0.4798892428044479.[0m
[FileBasedDataset] Initializing dataset...
	Examples: 28559
	Features: 621
	Max length: 120
[FileBasedDataset] Dataset initialization complete
  epoch    auprc    auroc    train_loss    valid_acc    valid_loss    cp      dur
-------  -------  -------  ------------  -----------  ------------  ----  -------
      1   [36m0.3122[0m   [32m0.8066[0m        [35m0.2445[0m       [31m0.9261[0m        [94m0.2153[0m     +  22.5001
      2   [36m0.3756[0m   [32m0.8221[0m        [35m0.2405[0m       [31m0.9338[0m        [94m0.2026[0m     +  23.1332
      3   0.3544   [32m0.8265[0m        0.2431       0.9272        0.2123        23.4224
      4   0.3313   0.8083        [35m0.2354[0m       0.9310        0.2115        23.2107
Stopping since valid_loss has not improved in the last 3 epochs.
[32m[I 2022-12-11 14:07:43,328][0m Trial 299 finished with value: 0.3755641231656961 and parameters: {'optimizer__lr': 0.000495629946444851, 'module__dropout': 0.04340898884380796, 'd_model_multiplier': 64, 'module__num_layers': 5, 'module__n_heads': 4, 'module__dim_feedforward': 297, 'iterator_train__batch_size': 110}. Best is trial 231 with value: 0.4798892428044479.[0m
[FileBasedDataset] Initializing dataset...
	Examples: 28559
	Features: 621
	Max length: 120
[FileBasedDataset] Dataset initialization complete
  epoch    auprc    auroc    train_loss    valid_acc    valid_loss    cp      dur
-------  -------  -------  ------------  -----------  ------------  ----  -------
      1   [36m0.1082[0m   [32m0.3988[0m        [35m0.6343[0m       [31m0.9181[0m        [94m0.6035[0m     +  23.0561
      2   0.0746   0.3298        [35m0.5764[0m       [31m0.9184[0m        [94m0.5474[0m     +  23.8989
      3   0.0609   0.3002        [35m0.5312[0m       0.9181        [94m0.5112[0m     +  23.4857
      4   0.0627   0.3020        [35m0.5012[0m       [31m0.9191[0m        [94m0.4852[0m     +  23.4527
      5   0.0634   0.3053        [35m0.4777[0m       0.9191        [94m0.4639[0m     +  23.4679
      6   0.0617   0.3057        [35m0.4576[0m       [31m0.9195[0m        [94m0.4450[0m     +  23.3868
      7   0.0611   0.3082        [35m0.4402[0m       0.9191        [94m0.4282[0m     +  23.1629
      8   0.0609   0.3143        [35m0.4238[0m       0.9191        [94m0.4130[0m     +  23.1816
      9   0.0667   0.3265        [35m0.4087[0m       0.9191        [94m0.3991[0m     +  23.0861
     10   0.0756   0.3339        [35m0.3954[0m       0.9191        [94m0.3863[0m     +  23.3513
     11   0.0768   0.3414        [35m0.3831[0m       0.9191        [94m0.3747[0m     +  23.1336
     12   0.0830   0.3575        [35m0.3717[0m       0.9191        [94m0.3640[0m     +  23.2007
     13   0.0860   0.3699        [35m0.3612[0m       0.9191        [94m0.3542[0m     +  23.2681
     14   0.0869   0.3773        [35m0.3512[0m       0.9191        [94m0.3452[0m     +  23.6847
     15   0.0919   0.3952        [35m0.3429[0m       0.9191        [94m0.3369[0m     +  23.2072
[32m[I 2022-12-11 14:13:34,601][0m Trial 300 finished with value: 0.10819562356128626 and parameters: {'optimizer__lr': 7.476949068113566e-06, 'module__dropout': 0.08036974104384552, 'd_model_multiplier': 2, 'module__num_layers': 6, 'module__n_heads': 4, 'module__dim_feedforward': 189, 'iterator_train__batch_size': 58}. Best is trial 231 with value: 0.4798892428044479.[0m
[FileBasedDataset] Initializing dataset...
	Examples: 28559
	Features: 621
	Max length: 120
[FileBasedDataset] Dataset initialization complete
  epoch    auprc    auroc    train_loss    valid_acc    valid_loss    cp      dur
-------  -------  -------  ------------  -----------  ------------  ----  -------
      1   [36m0.3908[0m   [32m0.7985[0m        [35m0.2495[0m       [31m0.9268[0m        [94m0.2242[0m     +  22.8102
      2   [36m0.3923[0m   [32m0.8085[0m        [35m0.2242[0m       0.9247        [94m0.2222[0m     +  23.0266
      3   [36m0.4037[0m   [32m0.8186[0m        [35m0.2207[0m       [31m0.9279[0m        [94m0.2190[0m     +  23.1773
      4   [36m0.4152[0m   [32m0.8253[0m        [35m0.2158[0m       0.9272        [94m0.2168[0m     +  23.7126
      5   [36m0.4208[0m   [32m0.8334[0m        [35m0.2116[0m       0.9272        [94m0.2140[0m     +  23.5528
      6   [36m0.4247[0m   [32m0.8373[0m        [35m0.2077[0m       0.9275        [94m0.2124[0m     +  23.6279
      7   0.4082   [32m0.8404[0m        [35m0.2028[0m       0.9265        0.2126        23.8596
      8   [36m0.4317[0m   [32m0.8478[0m        [35m0.1999[0m       0.9265        [94m0.2089[0m     +  23.4795
      9   0.4263   0.8424        [35m0.1969[0m       0.9265        0.2114        23.2798
     10   0.4082   0.8400        [35m0.1935[0m       0.9223        0.2132        23.2679
Stopping since valid_loss has not improved in the last 3 epochs.
[32m[I 2022-12-11 14:17:53,565][0m Trial 301 finished with value: 0.4316695767986005 and parameters: {'optimizer__lr': 6.846633166749409e-05, 'module__dropout': 0.0999865936875888, 'd_model_multiplier': 64, 'module__num_layers': 7, 'module__n_heads': 4, 'module__dim_feedforward': 241, 'iterator_train__batch_size': 66}. Best is trial 231 with value: 0.4798892428044479.[0m
[FileBasedDataset] Initializing dataset...
	Examples: 28559
	Features: 621
	Max length: 120
[FileBasedDataset] Dataset initialization complete
  epoch    auprc    auroc    train_loss    valid_acc    valid_loss    cp      dur
-------  -------  -------  ------------  -----------  ------------  ----  -------
      1   [36m0.1970[0m   [32m0.6308[0m        [35m0.4045[0m       [31m0.9198[0m        [94m0.2791[0m     +  22.4214
      2   [36m0.3228[0m   [32m0.7422[0m        [35m0.2583[0m       [31m0.9219[0m        [94m0.2413[0m     +  23.3818
      3   [36m0.3503[0m   [32m0.7676[0m        [35m0.2387[0m       [31m0.9240[0m        [94m0.2317[0m     +  23.3534
      4   [36m0.3617[0m   [32m0.7806[0m        [35m0.2320[0m       [31m0.9265[0m        [94m0.2273[0m     +  23.0458
      5   [36m0.3665[0m   [32m0.7871[0m        [35m0.2280[0m       0.9258        [94m0.2255[0m     +  23.4622
      6   [36m0.3735[0m   [32m0.7924[0m        [35m0.2250[0m       [31m0.9279[0m        [94m0.2235[0m     +  22.9467
      7   [36m0.3825[0m   [32m0.7961[0m        [35m0.2225[0m       0.9261        [94m0.2224[0m     +  23.0167
      8   0.3811   [32m0.7982[0m        [35m0.2202[0m       0.9268        [94m0.2222[0m     +  23.0134
      9   [36m0.3839[0m   [32m0.8000[0m        [35m0.2191[0m       0.9268        [94m0.2219[0m     +  23.2832
     10   0.3803   [32m0.8020[0m        [35m0.2170[0m       0.9265        0.2222        23.2372
     11   0.3831   [32m0.8048[0m        [35m0.2158[0m       0.9265        [94m0.2212[0m     +  22.5472
     12   0.3826   [32m0.8053[0m        [35m0.2140[0m       0.9265        0.2212        22.7567
     13   0.3818   [32m0.8066[0m        [35m0.2127[0m       0.9258        [94m0.2211[0m     +  22.8149
     14   0.3838   [32m0.8100[0m        [35m0.2110[0m       0.9254        [94m0.2206[0m     +  24.0129
     15   0.3801   [32m0.8103[0m        [35m0.2088[0m       0.9258        0.2214        23.6217
[32m[I 2022-12-11 14:23:41,377][0m Trial 302 finished with value: 0.3839069685951 and parameters: {'optimizer__lr': 2.6359817169209954e-05, 'module__dropout': 0.06353555272377026, 'd_model_multiplier': 16, 'module__num_layers': 2, 'module__n_heads': 4, 'module__dim_feedforward': 326, 'iterator_train__batch_size': 56}. Best is trial 231 with value: 0.4798892428044479.[0m
[FileBasedDataset] Initializing dataset...
	Examples: 28559
	Features: 621
	Max length: 120
[FileBasedDataset] Dataset initialization complete
  epoch    auprc    auroc    train_loss    valid_acc    valid_loss    cp      dur
-------  -------  -------  ------------  -----------  ------------  ----  -------
      1   [36m0.3214[0m   [32m0.7876[0m        [35m0.2724[0m       [31m0.9247[0m        [94m0.2268[0m     +  24.0662
      2   [36m0.3310[0m   [32m0.8029[0m        [35m0.2277[0m       [31m0.9268[0m        0.2278        24.7011
      3   [36m0.3507[0m   [32m0.8161[0m        [35m0.2243[0m       0.9265        [94m0.2229[0m     +  24.2406
      4   [36m0.3771[0m   [32m0.8227[0m        [35m0.2220[0m       [31m0.9272[0m        [94m0.2166[0m     +  24.1348
      5   [36m0.4097[0m   [32m0.8306[0m        [35m0.2187[0m       [31m0.9289[0m        [94m0.2131[0m     +  23.6307
      6   0.4005   [32m0.8347[0m        [35m0.2147[0m       [31m0.9300[0m        [94m0.2122[0m     +  23.0715
      7   [36m0.4175[0m   [32m0.8406[0m        [35m0.2122[0m       [31m0.9307[0m        [94m0.2094[0m     +  23.2629
      8   [36m0.4304[0m   [32m0.8498[0m        [35m0.2079[0m       [31m0.9310[0m        [94m0.2060[0m     +  23.8315
      9   [36m0.4421[0m   [32m0.8555[0m        [35m0.2062[0m       [31m0.9317[0m        [94m0.2029[0m     +  24.3832
     10   0.4370   0.8522        [35m0.2043[0m       0.9303        0.2037        24.5411
     11   0.4399   [32m0.8599[0m        [35m0.2019[0m       [31m0.9328[0m        [94m0.2017[0m     +  23.5976
     12   0.4323   0.8581        [35m0.1993[0m       0.9310        0.2024        23.5050
     13   0.4345   0.8578        [35m0.1974[0m       [31m0.9345[0m        0.2028        23.0214
Stopping since valid_loss has not improved in the last 3 epochs.
[32m[I 2022-12-11 14:29:16,732][0m Trial 303 finished with value: 0.4421444163081792 and parameters: {'optimizer__lr': 0.00010003609087149169, 'module__dropout': 0.1332273132945781, 'd_model_multiplier': 64, 'module__num_layers': 7, 'module__n_heads': 4, 'module__dim_feedforward': 258, 'iterator_train__batch_size': 203}. Best is trial 231 with value: 0.4798892428044479.[0m
[FileBasedDataset] Initializing dataset...
	Examples: 28559
	Features: 621
	Max length: 120
[FileBasedDataset] Dataset initialization complete
  epoch    auprc    auroc    train_loss    valid_acc    valid_loss    cp      dur
-------  -------  -------  ------------  -----------  ------------  ----  -------
      1   [36m0.2652[0m   [32m0.7460[0m        [35m0.3096[0m       [31m0.9289[0m        [94m0.2274[0m     +  22.6538
      2   [36m0.3005[0m   [32m0.7829[0m        [35m0.2342[0m       0.9279        [94m0.2175[0m     +  23.1689
      3   [36m0.3228[0m   [32m0.7941[0m        [35m0.2283[0m       0.9272        [94m0.2146[0m     +  23.3571
      4   [36m0.3426[0m   [32m0.8084[0m        [35m0.2249[0m       [31m0.9317[0m        [94m0.2096[0m     +  23.3453
      5   [36m0.3520[0m   [32m0.8142[0m        [35m0.2221[0m       0.9307        [94m0.2081[0m     +  23.5401
      6   [36m0.3595[0m   [32m0.8174[0m        [35m0.2189[0m       0.9296        [94m0.2062[0m     +  22.7228
      7   [36m0.3676[0m   [32m0.8207[0m        [35m0.2163[0m       0.9303        [94m0.2042[0m     +  22.5718
      8   [36m0.3773[0m   [32m0.8276[0m        [35m0.2152[0m       0.9307        [94m0.2039[0m     +  23.6308
      9   [36m0.3794[0m   [32m0.8310[0m        [35m0.2117[0m       0.9314        [94m0.2016[0m     +  23.7556
     10   [36m0.3837[0m   [32m0.8327[0m        [35m0.2103[0m       [31m0.9324[0m        0.2019        23.2120
     11   [36m0.3936[0m   0.8324        [35m0.2086[0m       0.9324        [94m0.2001[0m     +  23.3708
     12   0.3856   [32m0.8378[0m        [35m0.2062[0m       [31m0.9331[0m        [94m0.1995[0m     +  22.6357
     13   0.3805   0.8353        [35m0.2042[0m       0.9321        0.2009        23.1928
     14   0.3769   [32m0.8388[0m        [35m0.2034[0m       0.9317        0.2013        23.3514
Stopping since valid_loss has not improved in the last 3 epochs.
[32m[I 2022-12-11 14:35:05,078][0m Trial 304 finished with value: 0.393590745278354 and parameters: {'optimizer__lr': 0.00010921115137136383, 'module__dropout': 0.11720055549544198, 'd_model_multiplier': 16, 'module__num_layers': 7, 'module__n_heads': 4, 'module__dim_feedforward': 256, 'iterator_train__batch_size': 101}. Best is trial 231 with value: 0.4798892428044479.[0m
[FileBasedDataset] Initializing dataset...
	Examples: 28559
	Features: 621
	Max length: 120
[FileBasedDataset] Dataset initialization complete
  epoch    auprc    auroc    train_loss    valid_acc    valid_loss    cp      dur
-------  -------  -------  ------------  -----------  ------------  ----  -------
      1   [36m0.3357[0m   [32m0.7928[0m        [35m0.2709[0m       [31m0.9163[0m        [94m0.2467[0m     +  24.0573
      2   [36m0.3491[0m   [32m0.8142[0m        [35m0.2272[0m       [31m0.9184[0m        [94m0.2390[0m     +  24.3441
      3   [36m0.3554[0m   [32m0.8203[0m        [35m0.2235[0m       [31m0.9195[0m        0.2401        23.6837
      4   [36m0.3744[0m   [32m0.8282[0m        [35m0.2204[0m       [31m0.9198[0m        [94m0.2335[0m     +  23.5621
      5   [36m0.3945[0m   [32m0.8379[0m        [35m0.2180[0m       [31m0.9202[0m        [94m0.2280[0m     +  23.8494
      6   [36m0.4069[0m   [32m0.8410[0m        [35m0.2147[0m       [31m0.9205[0m        0.2303        23.8410
      7   [36m0.4184[0m   [32m0.8487[0m        [35m0.2131[0m       [31m0.9209[0m        [94m0.2254[0m     +  23.8653
      8   [36m0.4221[0m   [32m0.8521[0m        [35m0.2101[0m       [31m0.9223[0m        [94m0.2239[0m     +  23.6949
      9   [36m0.4264[0m   0.8518        [35m0.2082[0m       0.9219        0.2270        23.8044
     10   [36m0.4355[0m   [32m0.8569[0m        [35m0.2055[0m       0.9223        [94m0.2213[0m     +  23.3098
     11   0.4330   0.8530        [35m0.2037[0m       0.9219        0.2216        23.9115
     12   0.4341   0.8567        [35m0.2020[0m       0.9223        0.2227        23.5344
     13   [36m0.4380[0m   0.8557        [35m0.1996[0m       [31m0.9226[0m        [94m0.2165[0m     +  23.4100
     14   [36m0.4444[0m   0.8513        [35m0.1976[0m       [31m0.9244[0m        0.2222        23.8328
     15   [36m0.4509[0m   0.8538        [35m0.1963[0m       0.9223        0.2199        23.2504
[32m[I 2022-12-11 14:41:02,318][0m Trial 305 finished with value: 0.45093898140236865 and parameters: {'optimizer__lr': 0.00011605960051002251, 'module__dropout': 0.1789537418532625, 'd_model_multiplier': 64, 'module__num_layers': 7, 'module__n_heads': 4, 'module__dim_feedforward': 248, 'iterator_train__batch_size': 212}. Best is trial 231 with value: 0.4798892428044479.[0m
[FileBasedDataset] Initializing dataset...
	Examples: 28559
	Features: 621
	Max length: 120
[FileBasedDataset] Dataset initialization complete
  epoch    auprc    auroc    train_loss    valid_acc    valid_loss    cp      dur
-------  -------  -------  ------------  -----------  ------------  ----  -------
      1   [36m0.3541[0m   [32m0.8194[0m        [35m0.2629[0m       [31m0.9286[0m        [94m0.2186[0m     +  22.7265
      2   0.3526   [32m0.8231[0m        [35m0.2279[0m       0.9275        [94m0.2173[0m     +  22.9851
      3   [36m0.3751[0m   [32m0.8317[0m        [35m0.2237[0m       0.9272        [94m0.2123[0m     +  23.9525
      4   [36m0.3945[0m   [32m0.8381[0m        [35m0.2204[0m       [31m0.9293[0m        [94m0.2086[0m     +  24.2781
      5   [36m0.3965[0m   [32m0.8414[0m        [35m0.2175[0m       0.9289        [94m0.2071[0m     +  23.7648
      6   [36m0.4018[0m   [32m0.8436[0m        [35m0.2135[0m       0.9289        [94m0.2062[0m     +  24.2352
      7   [36m0.4127[0m   [32m0.8516[0m        [35m0.2109[0m       0.9286        [94m0.2038[0m     +  23.5743
      8   0.3953   0.8472        [35m0.2072[0m       [31m0.9300[0m        0.2075        23.8676
      9   0.3913   0.8474        [35m0.2062[0m       0.9296        0.2082        23.8353
Stopping since valid_loss has not improved in the last 3 epochs.
