[32m[I 2022-12-11 01:06:35,589][0m Trial 198 finished with value: 0.36659465815432274 and parameters: {'optimizer__lr': 2.256189135158585e-05, 'module__dropout': 0.08653856837224287, 'd_model_multiplier': 16, 'module__num_layers': 7, 'module__n_heads': 4, 'module__dim_feedforward': 344, 'iterator_train__batch_size': 32}. Best is trial 150 with value: 0.456284322182146.[0m
[FileBasedDataset] Initializing dataset...
	Examples: 28559
	Features: 621
	Max length: 120
[FileBasedDataset] Dataset initialization complete
  epoch    auprc    auroc    train_loss    valid_acc    valid_loss    cp      dur
-------  -------  -------  ------------  -----------  ------------  ----  -------
      1   [36m0.2772[0m   [32m0.7454[0m        [35m0.3250[0m       [31m0.9293[0m        [94m0.2261[0m     +  22.3132
      2   [36m0.3028[0m   [32m0.7862[0m        [35m0.2331[0m       0.9293        [94m0.2152[0m     +  22.5884
      3   [36m0.3184[0m   [32m0.7953[0m        [35m0.2270[0m       [31m0.9314[0m        [94m0.2119[0m     +  22.4785
      4   [36m0.3253[0m   [32m0.7991[0m        [35m0.2238[0m       [31m0.9317[0m        [94m0.2101[0m     +  22.8855
      5   [36m0.3391[0m   [32m0.8049[0m        [35m0.2206[0m       [31m0.9321[0m        [94m0.2078[0m     +  22.7946
      6   [36m0.3442[0m   [32m0.8077[0m        [35m0.2186[0m       0.9321        [94m0.2069[0m     +  23.1028
      7   [36m0.3567[0m   [32m0.8121[0m        [35m0.2156[0m       [31m0.9324[0m        [94m0.2056[0m     +  22.7550
      8   [36m0.3588[0m   [32m0.8158[0m        [35m0.2141[0m       0.9324        [94m0.2051[0m     +  22.9172
      9   [36m0.3654[0m   [32m0.8222[0m        [35m0.2117[0m       [31m0.9331[0m        [94m0.2036[0m     +  23.3222
     10   0.3634   [32m0.8246[0m        [35m0.2089[0m       0.9321        [94m0.2033[0m     +  22.6299
     11   [36m0.3666[0m   [32m0.8276[0m        [35m0.2068[0m       0.9321        [94m0.2027[0m     +  23.4189
     12   0.3657   0.8251        [35m0.2051[0m       0.9317        0.2031        22.8016
     13   0.3639   0.8263        [35m0.2037[0m       0.9317        0.2031        23.3286
Stopping since valid_loss has not improved in the last 3 epochs.
[32m[I 2022-12-11 01:11:57,012][0m Trial 199 finished with value: 0.3665928931438628 and parameters: {'optimizer__lr': 5.0707675959373816e-05, 'module__dropout': 0.048974958002548655, 'd_model_multiplier': 16, 'module__num_layers': 1, 'module__n_heads': 4, 'module__dim_feedforward': 264, 'iterator_train__batch_size': 37}. Best is trial 150 with value: 0.456284322182146.[0m
[FileBasedDataset] Initializing dataset...
	Examples: 28559
	Features: 621
	Max length: 120
[FileBasedDataset] Dataset initialization complete
  epoch    auprc    auroc    train_loss    valid_acc    valid_loss    cp      dur
-------  -------  -------  ------------  -----------  ------------  ----  -------
      1   [36m0.1181[0m   [32m0.4658[0m        [35m0.6075[0m       [31m0.9198[0m        [94m0.5707[0m     +  22.9892
      2   0.0877   0.4364        [35m0.5371[0m       0.9191        [94m0.5071[0m     +  23.5802
      3   0.0794   0.4204        [35m0.4798[0m       0.9188        [94m0.4558[0m     +  23.5048
      4   0.0753   0.4138        [35m0.4328[0m       0.9191        [94m0.4135[0m     +  23.5983
      5   0.0757   0.4201        [35m0.3944[0m       0.9191        [94m0.3802[0m     +  23.6557
      6   0.0801   0.4385        [35m0.3647[0m       0.9191        [94m0.3540[0m     +  23.5507
      7   0.0893   [32m0.4707[0m        [35m0.3412[0m       0.9191        [94m0.3332[0m     +  23.9034
      8   0.1026   [32m0.5069[0m        [35m0.3223[0m       0.9191        [94m0.3166[0m     +  23.5889
      9   [36m0.1243[0m   [32m0.5521[0m        [35m0.3075[0m       0.9191        [94m0.3031[0m     +  23.3357
     10   [36m0.1499[0m   [32m0.5928[0m        [35m0.2953[0m       0.9191        [94m0.2922[0m     +  23.8820
     11   [36m0.1806[0m   [32m0.6299[0m        [35m0.2856[0m       0.9191        [94m0.2832[0m     +  23.7469
     12   [36m0.2072[0m   [32m0.6568[0m        [35m0.2774[0m       0.9198        [94m0.2755[0m     +  23.6919
     13   [36m0.2310[0m   [32m0.6824[0m        [35m0.2706[0m       0.9198        [94m0.2692[0m     +  23.6953
     14   [36m0.2507[0m   [32m0.7013[0m        [35m0.2648[0m       [31m0.9202[0m        [94m0.2636[0m     +  22.9282
     15   [36m0.2650[0m   [32m0.7158[0m        [35m0.2598[0m       0.9198        [94m0.2589[0m     +  23.6658
[32m[I 2022-12-11 01:17:51,588][0m Trial 200 finished with value: 0.2649757785983509 and parameters: {'optimizer__lr': 1.8742847265379333e-06, 'module__dropout': 0.01093408314740892, 'd_model_multiplier': 16, 'module__num_layers': 2, 'module__n_heads': 4, 'module__dim_feedforward': 298, 'iterator_train__batch_size': 43}. Best is trial 150 with value: 0.456284322182146.[0m
[FileBasedDataset] Initializing dataset...
	Examples: 28559
	Features: 621
	Max length: 120
[FileBasedDataset] Dataset initialization complete
  epoch    auprc    auroc    train_loss    valid_acc    valid_loss    cp      dur
-------  -------  -------  ------------  -----------  ------------  ----  -------
      1   [36m0.3047[0m   [32m0.7651[0m        [35m0.2512[0m       [31m0.9205[0m        [94m0.2425[0m     +  23.1298
      2   [36m0.3228[0m   [32m0.7859[0m        [35m0.2174[0m       [31m0.9216[0m        [94m0.2379[0m     +  23.0385
      3   [36m0.3444[0m   [32m0.7964[0m        [35m0.2115[0m       [31m0.9226[0m        [94m0.2349[0m     +  22.9131
      4   [36m0.3545[0m   [32m0.8016[0m        [35m0.2067[0m       [31m0.9237[0m        [94m0.2330[0m     +  23.0204
      5   [36m0.3578[0m   [32m0.8061[0m        [35m0.2017[0m       0.9212        0.2336        23.6076
      6   [36m0.3596[0m   [32m0.8086[0m        [35m0.1979[0m       0.9230        [94m0.2329[0m     +  23.0862
      7   [36m0.3665[0m   [32m0.8104[0m        [35m0.1936[0m       0.9237        [94m0.2327[0m     +  23.4602
      8   [36m0.3665[0m   [32m0.8118[0m        [35m0.1888[0m       [31m0.9247[0m        0.2338        23.0026
      9   0.3592   0.8093        [35m0.1861[0m       0.9223        0.2371        22.6886
Stopping since valid_loss has not improved in the last 3 epochs.
[32m[I 2022-12-11 01:21:43,505][0m Trial 201 finished with value: 0.36649276752543597 and parameters: {'optimizer__lr': 6.873619297242058e-05, 'module__dropout': 0.06712160734602074, 'd_model_multiplier': 64, 'module__num_layers': 2, 'module__n_heads': 4, 'module__dim_feedforward': 320, 'iterator_train__batch_size': 63}. Best is trial 150 with value: 0.456284322182146.[0m
[FileBasedDataset] Initializing dataset...
	Examples: 28559
	Features: 621
	Max length: 120
[FileBasedDataset] Dataset initialization complete
  epoch    auprc    auroc    train_loss    valid_acc    valid_loss    cp      dur
-------  -------  -------  ------------  -----------  ------------  ----  -------
      1   [36m0.0763[0m   [32m0.4186[0m        [35m0.5327[0m       [31m0.9149[0m        [94m0.3928[0m     +  23.0232
      2   [36m0.1756[0m   [32m0.5886[0m        [35m0.3243[0m       [31m0.9160[0m        [94m0.2950[0m     +  23.7807
      3   [36m0.2568[0m   [32m0.6864[0m        [35m0.2658[0m       0.9160        [94m0.2674[0m     +  23.9166
      4   [36m0.2902[0m   [32m0.7247[0m        [35m0.2471[0m       [31m0.9167[0m        [94m0.2566[0m     +  24.3495
      5   [36m0.3130[0m   [32m0.7432[0m        [35m0.2387[0m       [31m0.9188[0m        [94m0.2505[0m     +  23.2178
      6   [36m0.3321[0m   [32m0.7561[0m        [35m0.2333[0m       [31m0.9191[0m        [94m0.2466[0m     +  23.7692
      7   [36m0.3439[0m   [32m0.7653[0m        [35m0.2301[0m       [31m0.9198[0m        [94m0.2438[0m     +  23.2905
      8   [36m0.3539[0m   [32m0.7728[0m        [35m0.2278[0m       0.9198        [94m0.2415[0m     +  22.5464
      9   [36m0.3659[0m   [32m0.7784[0m        [35m0.2252[0m       [31m0.9212[0m        [94m0.2392[0m     +  23.6679
     10   [36m0.3713[0m   [32m0.7827[0m        [35m0.2240[0m       [31m0.9230[0m        [94m0.2377[0m     +  23.8917
     11   [36m0.3752[0m   [32m0.7851[0m        [35m0.2229[0m       0.9226        [94m0.2370[0m     +  23.1530
     12   [36m0.3814[0m   [32m0.7888[0m        [35m0.2218[0m       0.9226        [94m0.2356[0m     +  22.7159
     13   [36m0.3843[0m   [32m0.7914[0m        [35m0.2206[0m       [31m0.9233[0m        [94m0.2345[0m     +  23.1286
     14   [36m0.3900[0m   [32m0.7946[0m        [35m0.2197[0m       0.9233        [94m0.2334[0m     +  23.6596
     15   [36m0.3930[0m   [32m0.7973[0m        [35m0.2190[0m       0.9233        [94m0.2325[0m     +  23.1759
[32m[I 2022-12-11 01:27:35,892][0m Trial 202 finished with value: 0.3929824904943043 and parameters: {'optimizer__lr': 1.5500037335760867e-05, 'module__dropout': 0.04439755557932172, 'd_model_multiplier': 16, 'module__num_layers': 1, 'module__n_heads': 4, 'module__dim_feedforward': 197, 'iterator_train__batch_size': 48}. Best is trial 150 with value: 0.456284322182146.[0m
[FileBasedDataset] Initializing dataset...
	Examples: 28559
	Features: 621
	Max length: 120
[FileBasedDataset] Dataset initialization complete
  epoch    auprc    auroc    train_loss    valid_acc    valid_loss    cp      dur
-------  -------  -------  ------------  -----------  ------------  ----  -------
      1   [36m0.3165[0m   [32m0.7209[0m        [35m0.3383[0m       [31m0.9244[0m        [94m0.2422[0m     +  23.6953
      2   [36m0.3653[0m   [32m0.7521[0m        [35m0.2411[0m       [31m0.9289[0m        [94m0.2257[0m     +  24.1656
      3   [36m0.3807[0m   [32m0.7679[0m        [35m0.2314[0m       0.9289        [94m0.2214[0m     +  24.1990
      4   [36m0.3861[0m   [32m0.7788[0m        [35m0.2274[0m       0.9289        [94m0.2194[0m     +  24.7607
      5   [36m0.3890[0m   [32m0.7870[0m        [35m0.2254[0m       [31m0.9300[0m        [94m0.2176[0m     +  24.2889
      6   [36m0.3907[0m   [32m0.7939[0m        [35m0.2231[0m       [31m0.9307[0m        [94m0.2163[0m     +  23.9486
      7   [36m0.3910[0m   [32m0.8014[0m        [35m0.2218[0m       0.9303        [94m0.2149[0m     +  23.4634
      8   [36m0.3914[0m   0.8010        [35m0.2209[0m       0.9303        0.2153        24.1624
      9   0.3889   [32m0.8096[0m        [35m0.2192[0m       0.9296        [94m0.2143[0m     +  23.4850
     10   0.3912   [32m0.8183[0m        [35m0.2184[0m       0.9300        [94m0.2121[0m     +  23.7432
     11   [36m0.3981[0m   [32m0.8203[0m        [35m0.2171[0m       0.9300        [94m0.2113[0m     +  23.8854
     12   [36m0.3983[0m   [32m0.8244[0m        [35m0.2162[0m       0.9293        [94m0.2104[0m     +  24.2359
     13   0.3981   [32m0.8288[0m        [35m0.2148[0m       0.9286        [94m0.2093[0m     +  23.7415
     14   [36m0.4056[0m   [32m0.8303[0m        [35m0.2139[0m       0.9286        [94m0.2092[0m     +  23.5211
     15   0.4026   [32m0.8341[0m        [35m0.2124[0m       0.9275        [94m0.2088[0m     +  24.1817
[32m[I 2022-12-11 01:33:37,865][0m Trial 203 finished with value: 0.4056302438622371 and parameters: {'optimizer__lr': 8.276420612158952e-06, 'module__dropout': 0.10852296074624734, 'd_model_multiplier': 64, 'module__num_layers': 6, 'module__n_heads': 4, 'module__dim_feedforward': 289, 'iterator_train__batch_size': 53}. Best is trial 150 with value: 0.456284322182146.[0m
[FileBasedDataset] Initializing dataset...
	Examples: 28559
	Features: 621
	Max length: 120
[FileBasedDataset] Dataset initialization complete
  epoch    auprc    auroc    train_loss    valid_acc    valid_loss    cp      dur
-------  -------  -------  ------------  -----------  ------------  ----  -------
      1   [36m0.3398[0m   [32m0.7844[0m        [35m0.2759[0m       [31m0.9205[0m        [94m0.2368[0m     +  23.8787
      2   [36m0.3701[0m   [32m0.7997[0m        [35m0.2266[0m       [31m0.9233[0m        [94m0.2303[0m     +  24.0313
      3   [36m0.3891[0m   [32m0.8119[0m        [35m0.2212[0m       [31m0.9247[0m        [94m0.2259[0m     +  24.3004
      4   [36m0.3925[0m   [32m0.8218[0m        [35m0.2181[0m       0.9233        [94m0.2235[0m     +  23.6398
      5   [36m0.4076[0m   [32m0.8293[0m        [35m0.2147[0m       0.9233        [94m0.2207[0m     +  23.6992
      6   [36m0.4134[0m   [32m0.8349[0m        [35m0.2109[0m       0.9237        [94m0.2206[0m     +  24.1071
      7   [36m0.4271[0m   [32m0.8382[0m        [35m0.2084[0m       0.9240        [94m0.2182[0m     +  23.8345
      8   [36m0.4280[0m   [32m0.8422[0m        [35m0.2058[0m       [31m0.9261[0m        [94m0.2180[0m     +  23.8069
      9   0.4232   [32m0.8478[0m        [35m0.2033[0m       [31m0.9272[0m        [94m0.2161[0m     +  23.6654
     10   0.4254   [32m0.8498[0m        [35m0.2020[0m       0.9258        0.2166        23.8787
     11   [36m0.4403[0m   [32m0.8544[0m        [35m0.2001[0m       0.9258        [94m0.2121[0m     +  23.6933
     12   0.4311   [32m0.8554[0m        [35m0.1982[0m       0.9265        0.2134        23.7849
     13   0.4217   [32m0.8557[0m        [35m0.1968[0m       0.9244        0.2131        23.8590
Stopping since valid_loss has not improved in the last 3 epochs.
[32m[I 2022-12-11 01:39:13,311][0m Trial 204 finished with value: 0.440329773219812 and parameters: {'optimizer__lr': 9.350594781569402e-05, 'module__dropout': 0.08701636045198774, 'd_model_multiplier': 16, 'module__num_layers': 7, 'module__n_heads': 4, 'module__dim_feedforward': 247, 'iterator_train__batch_size': 41}. Best is trial 150 with value: 0.456284322182146.[0m
[FileBasedDataset] Initializing dataset...
	Examples: 28559
	Features: 621
	Max length: 120
[FileBasedDataset] Dataset initialization complete
  epoch    auprc    auroc    train_loss    valid_acc    valid_loss    cp      dur
-------  -------  -------  ------------  -----------  ------------  ----  -------
      1   [36m0.3386[0m   [32m0.7708[0m        [35m0.2668[0m       [31m0.9167[0m        [94m0.2500[0m     +  23.3842
      2   [36m0.3554[0m   [32m0.7882[0m        [35m0.2239[0m       [31m0.9174[0m        [94m0.2454[0m     +  24.0984
      3   [36m0.3613[0m   [32m0.7989[0m        [35m0.2198[0m       [31m0.9198[0m        [94m0.2432[0m     +  23.6063
      4   [36m0.3687[0m   [32m0.8070[0m        [35m0.2167[0m       0.9191        [94m0.2412[0m     +  24.2839
      5   [36m0.3793[0m   [32m0.8157[0m        [35m0.2128[0m       [31m0.9205[0m        [94m0.2371[0m     +  24.9303
      6   0.3723   [32m0.8198[0m        [35m0.2101[0m       0.9198        0.2379        25.0779
      7   [36m0.3850[0m   [32m0.8228[0m        [35m0.2068[0m       0.9198        [94m0.2354[0m     +  24.1892
      8   [36m0.3860[0m   0.8226        [35m0.2052[0m       0.9184        0.2357        24.7667
      9   [36m0.3981[0m   [32m0.8285[0m        [35m0.2024[0m       0.9195        [94m0.2333[0m     +  24.0812
     10   0.3927   0.8276        [35m0.2005[0m       0.9174        [94m0.2327[0m     +  24.7698
     11   0.3939   [32m0.8290[0m        [35m0.1981[0m       0.9163        [94m0.2324[0m     +  23.9362
     12   0.3958   [32m0.8317[0m        [35m0.1973[0m       0.9170        [94m0.2311[0m     +  24.0455
     13   [36m0.3990[0m   [32m0.8388[0m        [35m0.1950[0m       0.9170        [94m0.2305[0m     +  24.1258
     14   0.3919   0.8370        [35m0.1929[0m       0.9160        0.2315        23.7483
     15   0.3860   0.8354        [35m0.1922[0m       0.9160        0.2329        24.2504
[32m[I 2022-12-11 01:45:18,033][0m Trial 205 finished with value: 0.39899131155554546 and parameters: {'optimizer__lr': 9.732365873624649e-05, 'module__dropout': 0.08800548852625265, 'd_model_multiplier': 16, 'module__num_layers': 7, 'module__n_heads': 4, 'module__dim_feedforward': 155, 'iterator_train__batch_size': 39}. Best is trial 150 with value: 0.456284322182146.[0m
[FileBasedDataset] Initializing dataset...
	Examples: 28559
	Features: 621
	Max length: 120
[FileBasedDataset] Dataset initialization complete
  epoch    auprc    auroc    train_loss    valid_acc    valid_loss    cp      dur
-------  -------  -------  ------------  -----------  ------------  ----  -------
      1   [36m0.3151[0m   [32m0.7305[0m        [35m0.3310[0m       [31m0.9272[0m        [94m0.2352[0m     +  23.1899
      2   [36m0.3285[0m   [32m0.7679[0m        [35m0.2403[0m       [31m0.9293[0m        [94m0.2208[0m     +  24.5193
      3   0.3277   [32m0.7846[0m        [35m0.2308[0m       0.9282        [94m0.2180[0m     +  24.0760
      4   [36m0.3352[0m   [32m0.7915[0m        [35m0.2270[0m       0.9286        [94m0.2156[0m     +  23.8616
      5   [36m0.3425[0m   [32m0.7944[0m        [35m0.2234[0m       0.9286        [94m0.2140[0m     +  23.7962
      6   0.3404   [32m0.7948[0m        [35m0.2205[0m       [31m0.9296[0m        [94m0.2136[0m     +  23.6842
      7   [36m0.3530[0m   [32m0.7976[0m        [35m0.2194[0m       [31m0.9300[0m        [94m0.2123[0m     +  23.4246
      8   [36m0.3562[0m   [32m0.8026[0m        [35m0.2171[0m       [31m0.9303[0m        [94m0.2111[0m     +  24.0073
      9   [36m0.3608[0m   [32m0.8067[0m        [35m0.2156[0m       0.9303        [94m0.2106[0m     +  23.7890
     10   0.3590   [32m0.8090[0m        [35m0.2131[0m       0.9303        [94m0.2104[0m     +  23.4806
     11   [36m0.3678[0m   [32m0.8130[0m        [35m0.2116[0m       [31m0.9310[0m        [94m0.2086[0m     +  24.2985
     12   0.3637   0.8128        [35m0.2091[0m       0.9296        0.2096        24.2560
     13   0.3642   [32m0.8151[0m        [35m0.2079[0m       0.9307        0.2087        24.2023
     14   0.3663   [32m0.8172[0m        [35m0.2066[0m       0.9300        [94m0.2083[0m     +  24.5122
     15   [36m0.3820[0m   [32m0.8204[0m        [35m0.2055[0m       [31m0.9317[0m        [94m0.2069[0m     +  24.9771
[32m[I 2022-12-11 01:51:19,667][0m Trial 206 finished with value: 0.3820304702442754 and parameters: {'optimizer__lr': 3.492807851905259e-05, 'module__dropout': 0.0713205852149715, 'd_model_multiplier': 16, 'module__num_layers': 7, 'module__n_heads': 4, 'module__dim_feedforward': 249, 'iterator_train__batch_size': 44}. Best is trial 150 with value: 0.456284322182146.[0m
[FileBasedDataset] Initializing dataset...
	Examples: 28559
	Features: 621
	Max length: 120
[FileBasedDataset] Dataset initialization complete
  epoch    auprc    auroc    train_loss    valid_acc    valid_loss    cp      dur
-------  -------  -------  ------------  -----------  ------------  ----  -------
      1   [36m0.3158[0m   [32m0.7842[0m        [35m0.2498[0m       [31m0.9202[0m        [94m0.2446[0m     +  24.3401
      2   [36m0.3285[0m   [32m0.7964[0m        [35m0.2208[0m       0.9202        [94m0.2385[0m     +  24.1543
      3   [36m0.3469[0m   0.7958        [35m0.2153[0m       0.9160        0.2391        24.3411
      4   [36m0.3547[0m   [32m0.8102[0m        [35m0.2107[0m       [31m0.9209[0m        [94m0.2279[0m     +  24.7443
      5   0.3499   0.8060        [35m0.2087[0m       0.9146        0.2342        24.5506
      6   [36m0.3659[0m   [32m0.8134[0m        [35m0.2053[0m       0.9205        [94m0.2274[0m     +  23.5455
      7   [36m0.3661[0m   [32m0.8153[0m        [35m0.2030[0m       0.9188        0.2282        24.4797
      8   [36m0.3718[0m   [32m0.8257[0m        [35m0.2021[0m       0.9205        [94m0.2238[0m     +  24.5586
      9   [36m0.3735[0m   [32m0.8272[0m        [35m0.1976[0m       0.9167        0.2253        24.2106
     10   0.3443   0.8204        [35m0.1972[0m       0.9160        0.2281        24.2585
Stopping since valid_loss has not improved in the last 3 epochs.
