[32m[I 2022-12-10 23:28:13,235][0m Trial 180 finished with value: 0.27080161793836466 and parameters: {'optimizer__lr': 0.00011180535393052809, 'module__dropout': 0.05583894269329866, 'd_model_multiplier': 64, 'module__num_layers': 7, 'module__n_heads': 32, 'module__dim_feedforward': 333, 'iterator_train__batch_size': 54}. Best is trial 150 with value: 0.456284322182146.[0m
[FileBasedDataset] Initializing dataset...
	Examples: 28559
	Features: 621
	Max length: 120
[FileBasedDataset] Dataset initialization complete
  epoch    auprc    auroc    train_loss    valid_acc    valid_loss    cp      dur
-------  -------  -------  ------------  -----------  ------------  ----  -------
      1   [36m0.3492[0m   [32m0.7943[0m        [35m0.2451[0m       [31m0.9310[0m        [94m0.2143[0m     +  24.4848
      2   [36m0.3697[0m   [32m0.8039[0m        [35m0.2243[0m       [31m0.9314[0m        [94m0.2108[0m     +  25.0099
      3   [36m0.3831[0m   [32m0.8179[0m        [35m0.2176[0m       [31m0.9331[0m        [94m0.2065[0m     +  25.0119
      4   [36m0.3832[0m   [32m0.8225[0m        [35m0.2122[0m       0.9328        [94m0.2052[0m     +  24.6404
      5   [36m0.3897[0m   [32m0.8259[0m        [35m0.2068[0m       0.9314        [94m0.2044[0m     +  24.8152
      6   [36m0.3969[0m   0.8258        [35m0.2017[0m       0.9310        [94m0.2041[0m     +  25.0307
      7   [36m0.3988[0m   [32m0.8291[0m        [35m0.1971[0m       0.9310        [94m0.2034[0m     +  25.1625
      8   [36m0.4048[0m   0.8259        [35m0.1922[0m       0.9324        0.2043        24.7831
      9   0.3927   0.8192        [35m0.1864[0m       [31m0.9338[0m        0.2084        24.9742
Stopping since valid_loss has not improved in the last 3 epochs.
[32m[I 2022-12-10 23:32:23,826][0m Trial 181 finished with value: 0.4047928557906191 and parameters: {'optimizer__lr': 4.6838918593003334e-05, 'module__dropout': 0.028491370249631158, 'd_model_multiplier': 64, 'module__num_layers': 8, 'module__n_heads': 4, 'module__dim_feedforward': 283, 'iterator_train__batch_size': 32}. Best is trial 150 with value: 0.456284322182146.[0m
[FileBasedDataset] Initializing dataset...
	Examples: 28559
	Features: 621
	Max length: 120
[FileBasedDataset] Dataset initialization complete
  epoch    auprc    auroc    train_loss    valid_acc    valid_loss    cp      dur
-------  -------  -------  ------------  -----------  ------------  ----  -------
      1   [36m0.3031[0m   [32m0.7810[0m        [35m0.2482[0m       [31m0.9265[0m        [94m0.2206[0m     +  23.8055
      2   [36m0.3083[0m   [32m0.7876[0m        [35m0.2230[0m       [31m0.9275[0m        [94m0.2204[0m     +  24.0788
      3   [36m0.3228[0m   [32m0.8048[0m        [35m0.2182[0m       0.9275        [94m0.2174[0m     +  24.0670
      4   [36m0.3450[0m   [32m0.8173[0m        [35m0.2135[0m       0.9272        [94m0.2128[0m     +  23.7540
      5   [36m0.3516[0m   [32m0.8278[0m        [35m0.2087[0m       [31m0.9286[0m        [94m0.2110[0m     +  24.0273
      6   0.3504   [32m0.8299[0m        [35m0.2034[0m       [31m0.9314[0m        [94m0.2102[0m     +  23.5255
      7   [36m0.3528[0m   [32m0.8356[0m        [35m0.1976[0m       0.9296        [94m0.2100[0m     +  23.8849
      8   0.3437   0.8347        [35m0.1935[0m       0.9314        [94m0.2097[0m     +  23.6590
      9   0.3395   0.8302        [35m0.1887[0m       0.9289        0.2123        24.2287
     10   0.3364   [32m0.8363[0m        [35m0.1840[0m       0.9282        0.2155        24.2892
Stopping since valid_loss has not improved in the last 3 epochs.
[32m[I 2022-12-10 23:36:49,290][0m Trial 182 finished with value: 0.3527656039797464 and parameters: {'optimizer__lr': 4.562979487169629e-05, 'module__dropout': 0.03496562890806079, 'd_model_multiplier': 64, 'module__num_layers': 8, 'module__n_heads': 4, 'module__dim_feedforward': 288, 'iterator_train__batch_size': 40}. Best is trial 150 with value: 0.456284322182146.[0m
[FileBasedDataset] Initializing dataset...
	Examples: 28559
	Features: 621
	Max length: 120
[FileBasedDataset] Dataset initialization complete
  epoch    auprc    auroc    train_loss    valid_acc    valid_loss    cp      dur
-------  -------  -------  ------------  -----------  ------------  ----  -------
      1   [36m0.3579[0m   [32m0.7831[0m        [35m0.2842[0m       [31m0.9163[0m        [94m0.2482[0m     +  23.5226
      2   [36m0.3828[0m   [32m0.8003[0m        [35m0.2279[0m       [31m0.9181[0m        [94m0.2424[0m     +  24.4355
      3   [36m0.3893[0m   [32m0.8065[0m        [35m0.2229[0m       0.9181        [94m0.2404[0m     +  24.0319
      4   [36m0.4018[0m   [32m0.8114[0m        [35m0.2201[0m       0.9181        [94m0.2392[0m     +  24.3618
      5   [36m0.4084[0m   [32m0.8169[0m        [35m0.2179[0m       [31m0.9191[0m        [94m0.2384[0m     +  23.9655
      6   [36m0.4114[0m   [32m0.8210[0m        [35m0.2161[0m       0.9188        [94m0.2374[0m     +  23.7468
      7   [36m0.4141[0m   [32m0.8273[0m        [35m0.2134[0m       [31m0.9195[0m        [94m0.2349[0m     +  24.0131
      8   [36m0.4216[0m   [32m0.8305[0m        [35m0.2112[0m       0.9188        [94m0.2332[0m     +  23.7972
      9   [36m0.4235[0m   [32m0.8360[0m        [35m0.2088[0m       0.9191        [94m0.2297[0m     +  24.4812
     10   0.4152   0.8343        [35m0.2067[0m       0.9174        0.2317        24.1484
     11   [36m0.4308[0m   [32m0.8396[0m        [35m0.2051[0m       0.9181        [94m0.2286[0m     +  24.7977
     12   0.4258   0.8362        [35m0.2039[0m       0.9177        0.2308        24.2121
     13   0.4271   [32m0.8409[0m        [35m0.2020[0m       0.9160        [94m0.2284[0m     +  23.9929
     14   0.4288   [32m0.8435[0m        [35m0.2012[0m       0.9174        [94m0.2283[0m     +  24.5723
     15   [36m0.4335[0m   0.8432        [35m0.1989[0m       [31m0.9198[0m        [94m0.2274[0m     +  23.6405
[32m[I 2022-12-10 23:42:53,944][0m Trial 183 finished with value: 0.4335198979032973 and parameters: {'optimizer__lr': 1.1987248183721132e-05, 'module__dropout': 0.07567696966829161, 'd_model_multiplier': 64, 'module__num_layers': 8, 'module__n_heads': 4, 'module__dim_feedforward': 271, 'iterator_train__batch_size': 39}. Best is trial 150 with value: 0.456284322182146.[0m
[FileBasedDataset] Initializing dataset...
	Examples: 28559
	Features: 621
	Max length: 120
[FileBasedDataset] Dataset initialization complete
  epoch    auprc    auroc    train_loss    valid_acc    valid_loss    cp      dur
-------  -------  -------  ------------  -----------  ------------  ----  -------
      1   [36m0.3661[0m   [32m0.8107[0m        [35m0.2760[0m       [31m0.9240[0m        [94m0.2287[0m     +  23.1104
      2   [36m0.3823[0m   [32m0.8270[0m        [35m0.2284[0m       [31m0.9247[0m        [94m0.2215[0m     +  23.5979
      3   [36m0.3860[0m   [32m0.8346[0m        [35m0.2233[0m       0.9247        [94m0.2182[0m     +  23.5385
      4   [36m0.4022[0m   [32m0.8389[0m        [35m0.2201[0m       [31m0.9254[0m        [94m0.2152[0m     +  23.6957
      5   [36m0.4088[0m   [32m0.8441[0m        [35m0.2168[0m       0.9247        [94m0.2123[0m     +  23.7945
      6   [36m0.4123[0m   [32m0.8480[0m        [35m0.2134[0m       0.9254        [94m0.2108[0m     +  23.7801
      7   [36m0.4203[0m   [32m0.8502[0m        [35m0.2102[0m       [31m0.9258[0m        [94m0.2090[0m     +  23.3763
      8   0.4187   [32m0.8533[0m        [35m0.2088[0m       0.9254        [94m0.2077[0m     +  23.4878
      9   0.4200   0.8520        [35m0.2055[0m       0.9254        0.2078        23.8473
     10   [36m0.4290[0m   [32m0.8540[0m        [35m0.2032[0m       [31m0.9265[0m        [94m0.2070[0m     +  24.1892
     11   [36m0.4361[0m   [32m0.8569[0m        [35m0.2015[0m       [31m0.9268[0m        [94m0.2049[0m     +  23.7886
     12   0.4309   [32m0.8577[0m        [35m0.1987[0m       0.9265        [94m0.2047[0m     +  23.5251
     13   0.4361   [32m0.8599[0m        [35m0.1979[0m       0.9247        [94m0.2039[0m     +  23.9776
     14   [36m0.4366[0m   0.8598        [35m0.1961[0m       0.9261        0.2039        24.4919
     15   0.4274   [32m0.8602[0m        [35m0.1938[0m       0.9240        0.2046        24.3363
[32m[I 2022-12-10 23:48:52,840][0m Trial 184 finished with value: 0.436617739385404 and parameters: {'optimizer__lr': 2.0710333109758334e-05, 'module__dropout': 0.07846303054522488, 'd_model_multiplier': 64, 'module__num_layers': 7, 'module__n_heads': 4, 'module__dim_feedforward': 309, 'iterator_train__batch_size': 54}. Best is trial 150 with value: 0.456284322182146.[0m
[FileBasedDataset] Initializing dataset...
	Examples: 28559
	Features: 621
	Max length: 120
[FileBasedDataset] Dataset initialization complete
  epoch    auprc    auroc    train_loss    valid_acc    valid_loss    cp      dur
-------  -------  -------  ------------  -----------  ------------  ----  -------
      1   [36m0.2419[0m   [32m0.6978[0m        [35m0.3137[0m       [31m0.9268[0m        [94m0.2441[0m     +  23.8260
      2   [36m0.2819[0m   [32m0.7591[0m        [35m0.2352[0m       0.9247        [94m0.2313[0m     +  23.8870
      3   [36m0.2850[0m   [32m0.7726[0m        [35m0.2276[0m       0.9244        [94m0.2270[0m     +  24.6405
      4   [36m0.2954[0m   [32m0.7821[0m        [35m0.2240[0m       0.9251        [94m0.2237[0m     +  24.2570
      5   [36m0.2976[0m   [32m0.7843[0m        [35m0.2216[0m       0.9247        0.2237        24.0412
      6   [36m0.2997[0m   [32m0.7911[0m        [35m0.2203[0m       0.9261        [94m0.2221[0m     +  25.5572
      7   [36m0.3042[0m   [32m0.7930[0m        [35m0.2186[0m       0.9261        [94m0.2215[0m     +  24.4029
      8   [36m0.3062[0m   [32m0.7963[0m        [35m0.2171[0m       0.9265        [94m0.2207[0m     +  24.7699
      9   [36m0.3144[0m   [32m0.8009[0m        [35m0.2157[0m       0.9258        [94m0.2190[0m     +  24.1249
     10   [36m0.3204[0m   [32m0.8032[0m        [35m0.2140[0m       0.9258        [94m0.2182[0m     +  24.2955
     11   0.3200   [32m0.8072[0m        [35m0.2135[0m       0.9265        [94m0.2175[0m     +  24.3677
     12   [36m0.3294[0m   [32m0.8122[0m        [35m0.2108[0m       0.9261        [94m0.2156[0m     +  23.9061
     13   [36m0.3383[0m   [32m0.8145[0m        [35m0.2098[0m       [31m0.9272[0m        [94m0.2151[0m     +  23.5870
     14   0.3379   [32m0.8192[0m        [35m0.2092[0m       0.9258        [94m0.2135[0m     +  24.0971
     15   [36m0.3413[0m   [32m0.8209[0m        [35m0.2078[0m       0.9272        [94m0.2131[0m     +  24.3994
[32m[I 2022-12-10 23:55:00,194][0m Trial 185 finished with value: 0.3412535344051162 and parameters: {'optimizer__lr': 1.0168433957156901e-05, 'module__dropout': 0.08298672496953374, 'd_model_multiplier': 64, 'module__num_layers': 9, 'module__n_heads': 4, 'module__dim_feedforward': 319, 'iterator_train__batch_size': 56}. Best is trial 150 with value: 0.456284322182146.[0m
[FileBasedDataset] Initializing dataset...
	Examples: 28559
	Features: 621
	Max length: 120
[FileBasedDataset] Dataset initialization complete
  epoch    auprc    auroc    train_loss    valid_acc    valid_loss    cp      dur
-------  -------  -------  ------------  -----------  ------------  ----  -------
      1   [36m0.3292[0m   [32m0.8353[0m        [35m0.2444[0m       [31m0.9310[0m        [94m0.1998[0m     +  23.7006
      2   [36m0.3557[0m   [32m0.8427[0m        [35m0.2242[0m       0.9307        [94m0.1948[0m     +  23.8288
      3   0.3475   [32m0.8463[0m        [35m0.2170[0m       0.9307        [94m0.1934[0m     +  23.6404
      4   [36m0.3731[0m   [32m0.8521[0m        [35m0.2125[0m       [31m0.9321[0m        [94m0.1900[0m     +  23.6426
      5   [36m0.3752[0m   0.8497        [35m0.2078[0m       0.9321        [94m0.1896[0m     +  23.6260
      6   0.3712   0.8507        [35m0.2041[0m       [31m0.9324[0m        0.1906        23.5838
      7   0.3647   0.8427        [35m0.1992[0m       0.9324        0.1946        24.0324
Stopping since valid_loss has not improved in the last 3 epochs.
[32m[I 2022-12-10 23:58:10,664][0m Trial 186 finished with value: 0.37518395631330437 and parameters: {'optimizer__lr': 7.642798486574913e-05, 'module__dropout': 0.06803599131466889, 'd_model_multiplier': 64, 'module__num_layers': 7, 'module__n_heads': 4, 'module__dim_feedforward': 309, 'iterator_train__batch_size': 47}. Best is trial 150 with value: 0.456284322182146.[0m
[FileBasedDataset] Initializing dataset...
	Examples: 28559
	Features: 621
	Max length: 120
[FileBasedDataset] Dataset initialization complete
  epoch    auprc    auroc    train_loss    valid_acc    valid_loss    cp      dur
-------  -------  -------  ------------  -----------  ------------  ----  -------
      1   [36m0.3662[0m   [32m0.7778[0m        [35m0.2796[0m       [31m0.9342[0m        [94m0.2165[0m     +  23.3992
      2   [36m0.3757[0m   [32m0.7998[0m        [35m0.2285[0m       [31m0.9349[0m        [94m0.2112[0m     +  23.9595
      3   [36m0.3817[0m   [32m0.8029[0m        [35m0.2236[0m       0.9345        [94m0.2095[0m     +  23.8197
      4   [36m0.3838[0m   [32m0.8041[0m        [35m0.2203[0m       0.9342        [94m0.2093[0m     +  24.6288
      5   0.3798   [32m0.8080[0m        [35m0.2167[0m       0.9342        [94m0.2085[0m     +  24.8173
      6   [36m0.3872[0m   [32m0.8122[0m        [35m0.2135[0m       0.9338        [94m0.2069[0m     +  24.9693
      7   [36m0.3949[0m   [32m0.8194[0m        [35m0.2107[0m       0.9338        [94m0.2048[0m     +  24.8318
      8   [36m0.3990[0m   [32m0.8239[0m        [35m0.2077[0m       0.9338        [94m0.2038[0m     +  24.3641
      9   0.3942   [32m0.8251[0m        [35m0.2053[0m       0.9335        0.2040        24.1836
     10   0.3927   [32m0.8277[0m        [35m0.2028[0m       0.9310        0.2042        24.0195
     11   [36m0.4048[0m   0.8268        [35m0.2008[0m       0.9349        [94m0.2033[0m     +  24.1392
     12   0.3965   [32m0.8310[0m        [35m0.1986[0m       0.9328        0.2033        24.1604
     13   0.3886   0.8264        [35m0.1960[0m       0.9310        0.2054        23.7284
Stopping since valid_loss has not improved in the last 3 epochs.
[32m[I 2022-12-11 00:03:51,812][0m Trial 187 finished with value: 0.4047627672248231 and parameters: {'optimizer__lr': 1.4217108730069703e-05, 'module__dropout': 0.04342559062934033, 'd_model_multiplier': 64, 'module__num_layers': 7, 'module__n_heads': 4, 'module__dim_feedforward': 298, 'iterator_train__batch_size': 38}. Best is trial 150 with value: 0.456284322182146.[0m
[FileBasedDataset] Initializing dataset...
	Examples: 28559
	Features: 621
	Max length: 120
[FileBasedDataset] Dataset initialization complete
  epoch    auprc    auroc    train_loss    valid_acc    valid_loss    cp      dur
-------  -------  -------  ------------  -----------  ------------  ----  -------
      1   [36m0.3364[0m   [32m0.7887[0m        [35m0.2392[0m       [31m0.9237[0m        [94m0.2312[0m     +  23.5670
      2   [36m0.3371[0m   [32m0.7897[0m        [35m0.2272[0m       0.9223        0.2320        23.4190
      3   0.2747   0.7762        0.2285       0.9156        0.2407        24.2468
      4   [36m0.3654[0m   [32m0.8039[0m        [35m0.2246[0m       0.9237        [94m0.2262[0m     +  24.3821
      5   0.3444   0.7991        [35m0.2223[0m       0.9219        0.2301        24.0591
      6   0.3498   [32m0.8114[0m        [35m0.2188[0m       0.9230        0.2292        24.1778
Stopping since valid_loss has not improved in the last 3 epochs.
[32m[I 2022-12-11 00:06:40,645][0m Trial 188 finished with value: 0.36537752049400396 and parameters: {'optimizer__lr': 0.00013387368677452897, 'module__dropout': 0.05629668871066363, 'd_model_multiplier': 64, 'module__num_layers': 8, 'module__n_heads': 4, 'module__dim_feedforward': 309, 'iterator_train__batch_size': 53}. Best is trial 150 with value: 0.456284322182146.[0m
[FileBasedDataset] Initializing dataset...
	Examples: 28559
	Features: 621
	Max length: 120
[FileBasedDataset] Dataset initialization complete
  epoch    auprc    auroc    train_loss    valid_acc    valid_loss    cp      dur
-------  -------  -------  ------------  -----------  ------------  ----  -------
      1   [36m0.2632[0m   [32m0.6771[0m        [35m0.3953[0m       [31m0.9230[0m        [94m0.2689[0m     +  23.5217
      2   [36m0.3414[0m   [32m0.7690[0m        [35m0.2564[0m       [31m0.9258[0m        [94m0.2318[0m     +  23.3463
      3   [36m0.3577[0m   [32m0.7928[0m        [35m0.2385[0m       [31m0.9275[0m        [94m0.2234[0m     +  23.7341
      4   [36m0.3648[0m   [32m0.8071[0m        [35m0.2323[0m       [31m0.9282[0m        [94m0.2201[0m     +  23.5488
      5   [36m0.3716[0m   [32m0.8175[0m        [35m0.2295[0m       0.9275        [94m0.2177[0m     +  24.3288
      6   [36m0.3793[0m   [32m0.8236[0m        [35m0.2265[0m       0.9279        [94m0.2161[0m     +  23.6945
      7   [36m0.3868[0m   [32m0.8312[0m        [35m0.2248[0m       0.9275        [94m0.2131[0m     +  24.2635
      8   [36m0.3873[0m   [32m0.8339[0m        [35m0.2233[0m       [31m0.9286[0m        [94m0.2120[0m     +  23.7131
      9   [36m0.3920[0m   [32m0.8358[0m        [35m0.2220[0m       [31m0.9296[0m        [94m0.2113[0m     +  24.4345
     10   [36m0.3925[0m   [32m0.8370[0m        [35m0.2205[0m       0.9296        [94m0.2110[0m     +  23.8803
     11   0.3925   [32m0.8409[0m        [35m0.2192[0m       [31m0.9303[0m        [94m0.2101[0m     +  24.0861
     12   [36m0.3965[0m   [32m0.8433[0m        [35m0.2190[0m       [31m0.9307[0m        [94m0.2091[0m     +  24.3928
     13   0.3962   0.8425        [35m0.2172[0m       0.9296        [94m0.2089[0m     +  23.9324
     14   [36m0.3983[0m   [32m0.8459[0m        [35m0.2158[0m       0.9293        [94m0.2083[0m     +  24.0716
     15   0.3977   [32m0.8467[0m        [35m0.2147[0m       0.9289        [94m0.2082[0m     +  23.9072
[32m[I 2022-12-11 00:12:41,225][0m Trial 189 finished with value: 0.3983186499823637 and parameters: {'optimizer__lr': 2.349661395849976e-05, 'module__dropout': 0.07700971569802303, 'd_model_multiplier': 16, 'module__num_layers': 7, 'module__n_heads': 4, 'module__dim_feedforward': 171, 'iterator_train__batch_size': 46}. Best is trial 150 with value: 0.456284322182146.[0m
[FileBasedDataset] Initializing dataset...
	Examples: 28559
	Features: 621
	Max length: 120
[FileBasedDataset] Dataset initialization complete
  epoch    auprc    auroc    train_loss    valid_acc    valid_loss    cp      dur
-------  -------  -------  ------------  -----------  ------------  ----  -------
      1   [36m0.3258[0m   [32m0.7802[0m        [35m0.2748[0m       [31m0.9233[0m        [94m0.2289[0m     +  26.3262
      2   [36m0.3477[0m   [32m0.8039[0m        [35m0.2291[0m       0.9233        [94m0.2226[0m     +  25.4630
      3   [36m0.3619[0m   [32m0.8129[0m        [35m0.2243[0m       0.9226        [94m0.2185[0m     +  25.5379
      4   [36m0.3672[0m   [32m0.8171[0m        [35m0.2212[0m       0.9226        [94m0.2169[0m     +  26.1660
      5   [36m0.3821[0m   [32m0.8238[0m        [35m0.2181[0m       0.9233        [94m0.2143[0m     +  25.6240
      6   [36m0.3870[0m   [32m0.8311[0m        [35m0.2142[0m       [31m0.9237[0m        [94m0.2114[0m     +  25.7711
      7   0.3862   0.8276        [35m0.2113[0m       [31m0.9254[0m        0.2123        25.7847
      8   [36m0.3921[0m   0.8253        [35m0.2079[0m       [31m0.9268[0m        0.2122        25.3539
      9   [36m0.3981[0m   [32m0.8326[0m        [35m0.2049[0m       [31m0.9275[0m        [94m0.2112[0m     +  26.0407
     10   [36m0.4007[0m   [32m0.8336[0m        [35m0.2011[0m       0.9265        [94m0.2095[0m     +  25.8242
     11   [36m0.4013[0m   0.8317        [35m0.1992[0m       [31m0.9282[0m        0.2116        26.1455
     12   [36m0.4117[0m   [32m0.8385[0m        [35m0.1967[0m       0.9279        [94m0.2086[0m     +  25.8401
     13   0.4023   0.8370        [35m0.1948[0m       0.9258        0.2107        25.4813
     14   0.4007   [32m0.8400[0m        [35m0.1926[0m       0.9268        0.2107        25.7029
Stopping since valid_loss has not improved in the last 3 epochs.
