[32m[I 2022-12-11 14:45:00,208][0m Trial 306 finished with value: 0.41268932035347883 and parameters: {'optimizer__lr': 0.00014157704047873103, 'module__dropout': 0.15455254307627475, 'd_model_multiplier': 64, 'module__num_layers': 7, 'module__n_heads': 4, 'module__dim_feedforward': 239, 'iterator_train__batch_size': 212}. Best is trial 231 with value: 0.4798892428044479.[0m
[FileBasedDataset] Initializing dataset...
	Examples: 28559
	Features: 621
	Max length: 120
[FileBasedDataset] Dataset initialization complete
  epoch    auprc    auroc    train_loss    valid_acc    valid_loss    cp      dur
-------  -------  -------  ------------  -----------  ------------  ----  -------
      1   [36m0.3744[0m   [32m0.8124[0m        [35m0.2549[0m       [31m0.9153[0m        [94m0.2369[0m     +  23.5100
      2   [36m0.3866[0m   [32m0.8225[0m        [35m0.2247[0m       0.9153        [94m0.2345[0m     +  24.0292
      3   0.3808   [32m0.8242[0m        [35m0.2222[0m       [31m0.9198[0m        [94m0.2328[0m     +  23.7767
      4   [36m0.3990[0m   [32m0.8314[0m        [35m0.2184[0m       0.9188        [94m0.2288[0m     +  23.2807
      5   0.3911   [32m0.8326[0m        [35m0.2159[0m       0.9167        0.2299        23.6193
      6   0.3631   [32m0.8348[0m        [35m0.2129[0m       0.9167        [94m0.2287[0m     +  24.4321
      7   0.3979   [32m0.8354[0m        [35m0.2105[0m       0.9191        [94m0.2282[0m     +  23.2192
      8   0.3835   0.8312        [35m0.2081[0m       0.9170        0.2299        23.4497
      9   0.3943   0.8328        [35m0.2073[0m       0.9188        [94m0.2269[0m     +  23.7347
     10   0.3704   0.8335        [35m0.2051[0m       0.9174        0.2319        23.4252
     11   0.3818   0.8310        [35m0.2045[0m       0.9170        0.2323        24.2490
     12   0.3986   [32m0.8403[0m        0.2050       0.9198        [94m0.2249[0m     +  23.0997
     13   0.3677   0.8391        [35m0.2022[0m       0.9156        0.2265        23.9160
     14   0.3964   0.8354        [35m0.2010[0m       0.9191        0.2264        23.5676
Stopping since valid_loss has not improved in the last 3 epochs.
[32m[I 2022-12-11 14:50:56,853][0m Trial 307 finished with value: 0.3990261417344333 and parameters: {'optimizer__lr': 0.00023977159345482278, 'module__dropout': 0.1761548839265082, 'd_model_multiplier': 64, 'module__num_layers': 7, 'module__n_heads': 4, 'module__dim_feedforward': 248, 'iterator_train__batch_size': 203}. Best is trial 231 with value: 0.4798892428044479.[0m
[FileBasedDataset] Initializing dataset...
	Examples: 28559
	Features: 621
	Max length: 120
[FileBasedDataset] Dataset initialization complete
  epoch    auprc    auroc    train_loss    valid_acc    valid_loss    cp      dur
-------  -------  -------  ------------  -----------  ------------  ----  -------
      1   [36m0.3273[0m   [32m0.7793[0m        [35m0.2478[0m       [31m0.9223[0m        [94m0.2337[0m     +  23.6669
      2   0.3032   0.7756        [35m0.2309[0m       0.9209        0.2344        23.7230
      3   0.3090   [32m0.7832[0m        0.2312       [31m0.9226[0m        0.2383        23.3897
Stopping since valid_loss has not improved in the last 3 epochs.
[32m[I 2022-12-11 14:52:31,551][0m Trial 308 finished with value: 0.32730190016702193 and parameters: {'optimizer__lr': 0.0005784246461538485, 'module__dropout': 0.133369452786873, 'd_model_multiplier': 64, 'module__num_layers': 7, 'module__n_heads': 4, 'module__dim_feedforward': 257, 'iterator_train__batch_size': 218}. Best is trial 231 with value: 0.4798892428044479.[0m
[FileBasedDataset] Initializing dataset...
	Examples: 28559
	Features: 621
	Max length: 120
[FileBasedDataset] Dataset initialization complete
  epoch    auprc    auroc    train_loss    valid_acc    valid_loss    cp      dur
-------  -------  -------  ------------  -----------  ------------  ----  -------
      1   [36m0.3398[0m   [32m0.7690[0m        [35m0.2883[0m       [31m0.9156[0m        [94m0.2552[0m     +  23.3882
      2   [36m0.3643[0m   [32m0.8050[0m        [35m0.2266[0m       0.9153        [94m0.2477[0m     +  23.4878
      3   [36m0.3690[0m   [32m0.8164[0m        [35m0.2224[0m       0.9156        [94m0.2448[0m     +  23.6647
      4   [36m0.3738[0m   [32m0.8228[0m        [35m0.2200[0m       0.9128        [94m0.2421[0m     +  24.6119
      5   [36m0.3845[0m   [32m0.8309[0m        [35m0.2177[0m       0.9146        0.2428        24.4084
      6   0.3843   [32m0.8336[0m        [35m0.2162[0m       0.9146        [94m0.2413[0m     +  24.2729
      7   [36m0.3950[0m   [32m0.8375[0m        [35m0.2126[0m       0.9153        [94m0.2399[0m     +  24.4735
      8   [36m0.3997[0m   [32m0.8431[0m        [35m0.2117[0m       0.9153        [94m0.2368[0m     +  24.4610
      9   [36m0.4086[0m   [32m0.8451[0m        [35m0.2080[0m       [31m0.9177[0m        0.2416        24.4345
     10   [36m0.4226[0m   [32m0.8520[0m        [35m0.2075[0m       [31m0.9191[0m        [94m0.2306[0m     +  23.6861
     11   [36m0.4248[0m   [32m0.8543[0m        [35m0.2049[0m       0.9188        [94m0.2292[0m     +  23.4164
     12   [36m0.4310[0m   0.8527        [35m0.2036[0m       0.9188        [94m0.2265[0m     +  23.7170
     13   0.4256   0.8535        [35m0.2018[0m       0.9181        0.2295        23.9142
     14   [36m0.4328[0m   [32m0.8586[0m        [35m0.2016[0m       [31m0.9198[0m        [94m0.2228[0m     +  23.5064
     15   0.4294   0.8564        [35m0.2002[0m       0.9184        0.2248        23.3422
[32m[I 2022-12-11 14:58:32,131][0m Trial 309 finished with value: 0.4327782296796704 and parameters: {'optimizer__lr': 6.670824863314838e-05, 'module__dropout': 0.1752056269188983, 'd_model_multiplier': 64, 'module__num_layers': 7, 'module__n_heads': 4, 'module__dim_feedforward': 264, 'iterator_train__batch_size': 220}. Best is trial 231 with value: 0.4798892428044479.[0m
[FileBasedDataset] Initializing dataset...
	Examples: 28559
	Features: 621
	Max length: 120
[FileBasedDataset] Dataset initialization complete
  epoch    auprc    auroc    train_loss    valid_acc    valid_loss    cp      dur
-------  -------  -------  ------------  -----------  ------------  ----  -------
      1   [36m0.3011[0m   [32m0.7791[0m        [35m0.2512[0m       [31m0.9181[0m        [94m0.2403[0m     +  23.0187
      2   [36m0.3098[0m   0.7762        [35m0.2307[0m       [31m0.9184[0m        0.2420        23.4730
      3   [36m0.3109[0m   0.7774        [35m0.2299[0m       [31m0.9195[0m        0.2418        23.8404
Stopping since valid_loss has not improved in the last 3 epochs.
[32m[I 2022-12-11 15:00:07,563][0m Trial 310 finished with value: 0.3108502615633976 and parameters: {'optimizer__lr': 0.0003886283723388644, 'module__dropout': 0.2054504916732069, 'd_model_multiplier': 64, 'module__num_layers': 7, 'module__n_heads': 4, 'module__dim_feedforward': 252, 'iterator_train__batch_size': 195}. Best is trial 231 with value: 0.4798892428044479.[0m
[FileBasedDataset] Initializing dataset...
	Examples: 28559
	Features: 621
	Max length: 120
[FileBasedDataset] Dataset initialization complete
  epoch    auprc    auroc    train_loss    valid_acc    valid_loss    cp      dur
-------  -------  -------  ------------  -----------  ------------  ----  -------
      1   [36m0.0663[0m   [32m0.3502[0m        [35m0.6480[0m       [31m0.9272[0m        [94m0.6010[0m     +  24.1658
      2   0.0532   0.3015        [35m0.5704[0m       [31m0.9275[0m        [94m0.5332[0m     +  24.4475
      3   0.0526   0.2991        [35m0.5126[0m       0.9275        [94m0.4808[0m     +  24.2367
      4   0.0592   0.3171        [35m0.4664[0m       0.9275        [94m0.4387[0m     +  24.4504
      5   [36m0.0733[0m   0.3376        [35m0.4296[0m       0.9275        [94m0.4048[0m     +  24.9299
      6   [36m0.0799[0m   [32m0.3517[0m        [35m0.4004[0m       [31m0.9279[0m        [94m0.3770[0m     +  23.9050
      7   [36m0.0841[0m   [32m0.3826[0m        [35m0.3763[0m       0.9272        [94m0.3545[0m     +  23.5501
      8   [36m0.0961[0m   [32m0.4084[0m        [35m0.3564[0m       0.9272        [94m0.3357[0m     +  24.2313
      9   [36m0.1033[0m   [32m0.4387[0m        [35m0.3404[0m       0.9272        [94m0.3203[0m     +  23.9451
     10   [36m0.1154[0m   [32m0.4723[0m        [35m0.3272[0m       0.9272        [94m0.3075[0m     +  23.4845
     11   [36m0.1283[0m   [32m0.4924[0m        [35m0.3168[0m       0.9272        [94m0.2969[0m     +  23.8488
     12   [36m0.1381[0m   [32m0.5194[0m        [35m0.3068[0m       0.9272        [94m0.2879[0m     +  23.9263
     13   [36m0.1386[0m   [32m0.5309[0m        [35m0.2998[0m       0.9272        [94m0.2804[0m     +  23.9433
     14   [36m0.1500[0m   [32m0.5586[0m        [35m0.2928[0m       0.9272        [94m0.2741[0m     +  23.7142
     15   [36m0.1586[0m   [32m0.5845[0m        [35m0.2877[0m       0.9272        [94m0.2687[0m     +  24.0488
[32m[I 2022-12-11 15:06:09,314][0m Trial 311 finished with value: 0.1585880677889957 and parameters: {'optimizer__lr': 0.00011494972274721434, 'module__dropout': 0.12130365684565823, 'd_model_multiplier': 1, 'module__num_layers': 7, 'module__n_heads': 4, 'module__dim_feedforward': 230, 'iterator_train__batch_size': 222}. Best is trial 231 with value: 0.4798892428044479.[0m
[FileBasedDataset] Initializing dataset...
	Examples: 28559
	Features: 621
	Max length: 120
[FileBasedDataset] Dataset initialization complete
  epoch    auprc    auroc    train_loss    valid_acc    valid_loss    cp      dur
-------  -------  -------  ------------  -----------  ------------  ----  -------
      1   [36m0.1574[0m   [32m0.5786[0m        [35m0.3996[0m       [31m0.9219[0m        [94m0.2860[0m     +  22.9366
      2   [36m0.2830[0m   [32m0.7276[0m        [35m0.2691[0m       [31m0.9247[0m        [94m0.2449[0m     +  23.3469
      3   [36m0.3064[0m   [32m0.7613[0m        [35m0.2450[0m       0.9247        [94m0.2323[0m     +  23.7569
      4   [36m0.3105[0m   [32m0.7806[0m        [35m0.2356[0m       [31m0.9251[0m        [94m0.2275[0m     +  22.9454
      5   [36m0.3212[0m   [32m0.7883[0m        [35m0.2302[0m       0.9240        [94m0.2240[0m     +  23.6975
      6   [36m0.3220[0m   [32m0.7945[0m        [35m0.2278[0m       0.9233        [94m0.2228[0m     +  23.3985
      7   [36m0.3263[0m   [32m0.7999[0m        [35m0.2256[0m       0.9240        [94m0.2220[0m     +  23.6128
      8   0.3263   [32m0.8046[0m        [35m0.2238[0m       0.9233        [94m0.2210[0m     +  23.3478
      9   [36m0.3345[0m   [32m0.8046[0m        [35m0.2232[0m       0.9247        0.2216        22.9085
     10   [36m0.3360[0m   [32m0.8082[0m        [35m0.2219[0m       0.9251        [94m0.2205[0m     +  23.8874
     11   [36m0.3402[0m   [32m0.8100[0m        [35m0.2204[0m       [31m0.9265[0m        [94m0.2196[0m     +  23.8155
     12   0.3384   [32m0.8128[0m        [35m0.2194[0m       0.9265        [94m0.2187[0m     +  23.8345
     13   [36m0.3426[0m   [32m0.8181[0m        [35m0.2184[0m       [31m0.9268[0m        [94m0.2176[0m     +  23.5817
     14   [36m0.3474[0m   [32m0.8194[0m        [35m0.2170[0m       [31m0.9272[0m        [94m0.2173[0m     +  22.9573
     15   [36m0.3556[0m   [32m0.8221[0m        [35m0.2163[0m       [31m0.9279[0m        [94m0.2165[0m     +  22.9164
[32m[I 2022-12-11 15:12:01,413][0m Trial 312 finished with value: 0.3556430144468142 and parameters: {'optimizer__lr': 7.845924645196919e-05, 'module__dropout': 0.15258806309761802, 'd_model_multiplier': 16, 'module__num_layers': 7, 'module__n_heads': 4, 'module__dim_feedforward': 248, 'iterator_train__batch_size': 212}. Best is trial 231 with value: 0.4798892428044479.[0m
[FileBasedDataset] Initializing dataset...
	Examples: 28559
	Features: 621
	Max length: 120
[FileBasedDataset] Dataset initialization complete
  epoch    auprc    auroc    train_loss    valid_acc    valid_loss    cp       dur
-------  -------  -------  ------------  -----------  ------------  ----  --------
      1   [36m0.1811[0m   [32m0.6949[0m        [35m0.2638[0m       [31m0.9254[0m        [94m0.2561[0m     +  136.2154
      2   [36m0.1951[0m   [32m0.7145[0m        [35m0.2559[0m       [31m0.9258[0m        [94m0.2439[0m     +  137.0806
      3   0.1947   0.7138        [35m0.2542[0m       0.9254        0.2456        136.8369
      4   0.1920   [32m0.7149[0m        [35m0.2536[0m       0.9258        [94m0.2433[0m     +  137.0280
      5   [36m0.1999[0m   [32m0.7154[0m        [35m0.2531[0m       0.9258        [94m0.2432[0m     +  137.1490
      6   0.1996   0.7136        [35m0.2522[0m       0.9258        [94m0.2430[0m     +  136.7677
      7   0.1982   0.7153        [35m0.2520[0m       [31m0.9261[0m        [94m0.2429[0m     +  137.2262
      8   0.1973   [32m0.7173[0m        [35m0.2518[0m       0.9258        0.2433        137.1347
      9   0.1996   [32m0.7220[0m        0.2518       0.9258        0.2433        136.3974
Stopping since valid_loss has not improved in the last 3 epochs.
[32m[I 2022-12-11 15:35:07,313][0m Trial 313 finished with value: 0.1999020115214968 and parameters: {'optimizer__lr': 0.00018210846386499231, 'module__dropout': 0.1862532007063177, 'd_model_multiplier': 64, 'module__num_layers': 6, 'module__n_heads': 32, 'module__dim_feedforward': 268, 'iterator_train__batch_size': 197}. Best is trial 231 with value: 0.4798892428044479.[0m
[FileBasedDataset] Initializing dataset...
	Examples: 28559
	Features: 621
	Max length: 120
[FileBasedDataset] Dataset initialization complete
  epoch    auprc    auroc    train_loss    valid_acc    valid_loss    cp      dur
-------  -------  -------  ------------  -----------  ------------  ----  -------
      1   [36m0.1721[0m   [32m0.5589[0m        [35m0.4255[0m       [31m0.9226[0m        [94m0.2873[0m     +  22.3281
      2   [36m0.2223[0m   [32m0.6463[0m        [35m0.2773[0m       0.9226        [94m0.2547[0m     +  23.1274
      3   [36m0.3141[0m   [32m0.7388[0m        [35m0.2544[0m       [31m0.9233[0m        [94m0.2383[0m     +  23.3078
      4   [36m0.3470[0m   [32m0.7550[0m        [35m0.2417[0m       [31m0.9265[0m        [94m0.2281[0m     +  22.6825
      5   0.3422   [32m0.7645[0m        [35m0.2345[0m       [31m0.9272[0m        [94m0.2267[0m     +  22.5144
      6   [36m0.3475[0m   [32m0.7785[0m        [35m0.2306[0m       [31m0.9279[0m        [94m0.2236[0m     +  23.2267
      7   [36m0.3573[0m   [32m0.7925[0m        [35m0.2283[0m       0.9268        [94m0.2219[0m     +  22.9278
      8   [36m0.3633[0m   0.7880        [35m0.2262[0m       [31m0.9282[0m        0.2221        23.0101
      9   [36m0.3664[0m   [32m0.7958[0m        [35m0.2249[0m       0.9261        [94m0.2216[0m     +  22.9426
     10   [36m0.3684[0m   [32m0.7993[0m        [35m0.2228[0m       [31m0.9289[0m        [94m0.2192[0m     +  23.1736
     11   0.3667   [32m0.8035[0m        [35m0.2214[0m       0.9286        [94m0.2179[0m     +  23.0400
     12   [36m0.3722[0m   [32m0.8075[0m        [35m0.2213[0m       0.9286        [94m0.2173[0m     +  22.7351
     13   [36m0.3772[0m   0.8026        [35m0.2201[0m       0.9279        0.2190        22.5447
     14   0.3704   0.8018        0.2205       0.9282        0.2189        22.3250
Stopping since valid_loss has not improved in the last 3 epochs.
[32m[I 2022-12-11 15:40:51,278][0m Trial 314 finished with value: 0.37715646925273183 and parameters: {'optimizer__lr': 0.000717574350800956, 'module__dropout': 0.16220477936448288, 'd_model_multiplier': 2, 'module__num_layers': 2, 'module__n_heads': 4, 'module__dim_feedforward': 244, 'iterator_train__batch_size': 201}. Best is trial 231 with value: 0.4798892428044479.[0m
[FileBasedDataset] Initializing dataset...
	Examples: 28559
	Features: 621
	Max length: 120
[FileBasedDataset] Dataset initialization complete
  epoch    auprc    auroc    train_loss    valid_acc    valid_loss    cp      dur
-------  -------  -------  ------------  -----------  ------------  ----  -------
      1   [36m0.3335[0m   [32m0.7974[0m        [35m0.2446[0m       [31m0.9261[0m        [94m0.2265[0m     +  23.6039
      2   0.2937   0.7918        [35m0.2377[0m       0.9212        0.2311        23.9839
      3   0.2320   0.7581        0.2425       0.9114        0.2502        23.9791
Stopping since valid_loss has not improved in the last 3 epochs.
[32m[I 2022-12-11 15:42:27,128][0m Trial 315 finished with value: 0.33345367836736695 and parameters: {'optimizer__lr': 0.00027291117527959106, 'module__dropout': 0.14022867484889348, 'd_model_multiplier': 64, 'module__num_layers': 7, 'module__n_heads': 4, 'module__dim_feedforward': 258, 'iterator_train__batch_size': 72}. Best is trial 231 with value: 0.4798892428044479.[0m
[FileBasedDataset] Initializing dataset...
	Examples: 28559
	Features: 621
	Max length: 120
[FileBasedDataset] Dataset initialization complete
  epoch    auprc    auroc    train_loss    valid_acc    valid_loss    cp      dur
-------  -------  -------  ------------  -----------  ------------  ----  -------
      1   [36m0.3344[0m   [32m0.7812[0m        [35m0.2610[0m       [31m0.9275[0m        [94m0.2210[0m     +  22.5102
      2   0.1990   0.7252        [35m0.2491[0m       0.9240        0.2407        23.7578
      3   0.2042   0.7329        0.2509       0.9240        0.2406        23.3850
Stopping since valid_loss has not improved in the last 3 epochs.
[32m[I 2022-12-11 15:43:59,612][0m Trial 316 finished with value: 0.3343522481295683 and parameters: {'optimizer__lr': 0.001402425984436705, 'module__dropout': 0.05090846673398954, 'd_model_multiplier': 16, 'module__num_layers': 6, 'module__n_heads': 4, 'module__dim_feedforward': 236, 'iterator_train__batch_size': 206}. Best is trial 231 with value: 0.4798892428044479.[0m
[FileBasedDataset] Initializing dataset...
	Examples: 28559
	Features: 621
	Max length: 120
[FileBasedDataset] Dataset initialization complete
  epoch    auprc    auroc    train_loss    valid_acc    valid_loss    cp      dur
-------  -------  -------  ------------  -----------  ------------  ----  -------
      1   [36m0.3743[0m   [32m0.8098[0m        [35m0.2656[0m       [31m0.9261[0m        [94m0.2208[0m     +  23.2359
      2   [36m0.3861[0m   [32m0.8246[0m        [35m0.2281[0m       0.9261        [94m0.2174[0m     +  23.2451
      3   [36m0.4051[0m   [32m0.8359[0m        [35m0.2245[0m       [31m0.9282[0m        [94m0.2136[0m     +  23.5379
      4   [36m0.4168[0m   [32m0.8401[0m        [35m0.2209[0m       0.9282        [94m0.2109[0m     +  23.1942
      5   [36m0.4190[0m   [32m0.8434[0m        [35m0.2179[0m       [31m0.9289[0m        [94m0.2091[0m     +  23.3500
      6   0.4172   [32m0.8456[0m        [35m0.2148[0m       0.9279        0.2098        23.3095
      7   [36m0.4224[0m   [32m0.8474[0m        [35m0.2113[0m       0.9268        [94m0.2063[0m     +  23.4767
      8   [36m0.4244[0m   [32m0.8495[0m        [35m0.2083[0m       0.9279        0.2066        24.1821
      9   [36m0.4253[0m   0.8460        [35m0.2061[0m       [31m0.9296[0m        0.2067        23.7604
Stopping since valid_loss has not improved in the last 3 epochs.
[32m[I 2022-12-11 15:47:56,087][0m Trial 317 finished with value: 0.42534887387668724 and parameters: {'optimizer__lr': 5.399795602840615e-05, 'module__dropout': 0.19034347663545365, 'd_model_multiplier': 64, 'module__num_layers': 6, 'module__n_heads': 4, 'module__dim_feedforward': 261, 'iterator_train__batch_size': 89}. Best is trial 231 with value: 0.4798892428044479.[0m
[FileBasedDataset] Initializing dataset...
	Examples: 28559
	Features: 621
	Max length: 120
[FileBasedDataset] Dataset initialization complete
  epoch    auprc    auroc    train_loss    valid_acc    valid_loss    cp      dur
-------  -------  -------  ------------  -----------  ------------  ----  -------
      1   [36m0.2854[0m   [32m0.7748[0m        [35m0.2434[0m       [31m0.9184[0m        [94m0.2517[0m     +  24.3555
      2   [36m0.3145[0m   [32m0.7849[0m        [35m0.2290[0m       0.9184        0.2523        24.2948
      3   [36m0.3187[0m   [32m0.7857[0m        [35m0.2251[0m       [31m0.9191[0m        0.2561        23.8426
      4   [36m0.3291[0m   [32m0.7976[0m        [35m0.2229[0m       0.9191        [94m0.2491[0m     +  23.3975
      5   [36m0.3426[0m   [32m0.7976[0m        0.2243       0.9177        0.2504        23.7800
      6   [36m0.3504[0m   [32m0.8004[0m        [35m0.2195[0m       0.9191        0.2495        23.8291
Stopping since valid_loss has not improved in the last 3 epochs.
