[32m[I 2022-12-10 15:04:40,418][0m Trial 71 finished with value: 0.3226722458560741 and parameters: {'optimizer__lr': 0.0006780179540964593, 'module__dropout': 0.13459192980312099, 'd_model_multiplier': 4, 'module__num_layers': 7, 'module__n_heads': 16, 'module__dim_feedforward': 397, 'iterator_train__batch_size': 156}. Best is trial 42 with value: 0.4455682389151037.[0m
[FileBasedDataset] Initializing dataset...
	Examples: 28559
	Features: 621
	Max length: 120
[FileBasedDataset] Dataset initialization complete
  epoch    auprc    auroc    train_loss    valid_acc    valid_loss    cp      dur
-------  -------  -------  ------------  -----------  ------------  ----  -------
      1   [36m0.2416[0m   [32m0.6780[0m        [35m0.3893[0m       [31m0.9174[0m        [94m0.2772[0m     +  24.4349
      2   [36m0.3104[0m   [32m0.7686[0m        [35m0.2557[0m       [31m0.9181[0m        [94m0.2445[0m     +  24.1919
      3   [36m0.3275[0m   [32m0.7857[0m        [35m0.2389[0m       [31m0.9202[0m        [94m0.2365[0m     +  24.7059
      4   [36m0.3523[0m   [32m0.8035[0m        [35m0.2360[0m       [31m0.9212[0m        [94m0.2304[0m     +  24.6543
      5   [36m0.3661[0m   [32m0.8136[0m        [35m0.2320[0m       0.9202        [94m0.2282[0m     +  24.8273
      6   [36m0.3679[0m   [32m0.8176[0m        [35m0.2298[0m       0.9209        [94m0.2274[0m     +  24.8243
      7   [36m0.3687[0m   [32m0.8188[0m        [35m0.2278[0m       [31m0.9230[0m        [94m0.2252[0m     +  24.6085
      8   [36m0.3795[0m   [32m0.8304[0m        [35m0.2262[0m       0.9212        [94m0.2233[0m     +  24.8364
      9   0.3789   0.8303        [35m0.2247[0m       0.9202        0.2253        25.2305
     10   [36m0.3809[0m   [32m0.8342[0m        [35m0.2238[0m       0.9205        0.2235        25.3652
     11   [36m0.3810[0m   [32m0.8377[0m        [35m0.2227[0m       0.9205        [94m0.2223[0m     +  24.8436
     12   0.3764   0.8320        [35m0.2224[0m       0.9205        0.2235        24.9350
     13   [36m0.3948[0m   [32m0.8416[0m        [35m0.2206[0m       0.9202        0.2224        24.0206
     14   [36m0.3994[0m   [32m0.8434[0m        0.2210       0.9205        [94m0.2211[0m     +  24.0244
     15   [36m0.4096[0m   [32m0.8466[0m        [35m0.2193[0m       0.9230        [94m0.2163[0m     +  24.1723
[32m[I 2022-12-10 15:10:51,113][0m Trial 72 finished with value: 0.40959678724025067 and parameters: {'optimizer__lr': 0.0003502553426208817, 'module__dropout': 0.17631740123938203, 'd_model_multiplier': 4, 'module__num_layers': 12, 'module__n_heads': 4, 'module__dim_feedforward': 365, 'iterator_train__batch_size': 168}. Best is trial 42 with value: 0.4455682389151037.[0m
[FileBasedDataset] Initializing dataset...
	Examples: 28559
	Features: 621
	Max length: 120
[FileBasedDataset] Dataset initialization complete
  epoch    auprc    auroc    train_loss    valid_acc    valid_loss    cp      dur
-------  -------  -------  ------------  -----------  ------------  ----  -------
      1   [36m0.1762[0m   [32m0.6180[0m        [35m0.3720[0m       [31m0.9195[0m        [94m0.2729[0m     +  23.9451
      2   [36m0.3155[0m   [32m0.7561[0m        [35m0.2592[0m       0.9184        [94m0.2403[0m     +  24.2234
      3   [36m0.3216[0m   [32m0.7631[0m        [35m0.2424[0m       [31m0.9212[0m        [94m0.2369[0m     +  24.0158
      4   [36m0.3296[0m   [32m0.7766[0m        [35m0.2386[0m       [31m0.9216[0m        [94m0.2348[0m     +  23.8095
      5   [36m0.3353[0m   [32m0.7774[0m        [35m0.2356[0m       [31m0.9223[0m        [94m0.2317[0m     +  24.2468
      6   0.3337   [32m0.7836[0m        [35m0.2345[0m       0.9216        0.2323        24.2186
      7   [36m0.3373[0m   0.7836        [35m0.2324[0m       [31m0.9226[0m        [94m0.2312[0m     +  24.8975
      8   [36m0.3393[0m   [32m0.7859[0m        [35m0.2306[0m       0.9212        [94m0.2305[0m     +  24.5314
      9   0.3353   [32m0.7898[0m        0.2307       0.9209        0.2308        24.5203
     10   0.3373   0.7881        [35m0.2300[0m       [31m0.9230[0m        [94m0.2298[0m     +  24.5174
     11   [36m0.3404[0m   [32m0.7915[0m        [35m0.2291[0m       0.9219        [94m0.2294[0m     +  24.1452
     12   0.3397   [32m0.7953[0m        [35m0.2266[0m       0.9223        0.2301        24.2066
     13   [36m0.3440[0m   [32m0.8036[0m        [35m0.2255[0m       0.9226        [94m0.2277[0m     +  24.3817
     14   [36m0.3527[0m   0.8032        0.2259       0.9226        [94m0.2263[0m     +  24.1755
     15   0.3482   [32m0.8050[0m        [35m0.2249[0m       0.9226        [94m0.2260[0m     +  24.0995
[32m[I 2022-12-10 15:16:55,767][0m Trial 73 finished with value: 0.3526908846737891 and parameters: {'optimizer__lr': 0.00045322545057537635, 'module__dropout': 0.38513049118575743, 'd_model_multiplier': 4, 'module__num_layers': 5, 'module__n_heads': 4, 'module__dim_feedforward': 415, 'iterator_train__batch_size': 168}. Best is trial 42 with value: 0.4455682389151037.[0m
[FileBasedDataset] Initializing dataset...
	Examples: 28559
	Features: 621
	Max length: 120
[FileBasedDataset] Dataset initialization complete
  epoch    auprc    auroc    train_loss    valid_acc    valid_loss    cp      dur
-------  -------  -------  ------------  -----------  ------------  ----  -------
      1   [36m0.2185[0m   [32m0.6981[0m        [35m0.2875[0m       [31m0.9132[0m        [94m0.2691[0m     +  23.9243
      2   [36m0.2199[0m   [32m0.7028[0m        [35m0.2501[0m       0.9125        0.2697        24.1805
      3   [36m0.2211[0m   [32m0.7090[0m        0.2503       0.9125        0.2705        24.1069
Stopping since valid_loss has not improved in the last 3 epochs.
[32m[I 2022-12-10 15:18:31,747][0m Trial 74 finished with value: 0.22109221650059047 and parameters: {'optimizer__lr': 0.0016712404696423973, 'module__dropout': 0.17903248577889627, 'd_model_multiplier': 4, 'module__num_layers': 13, 'module__n_heads': 4, 'module__dim_feedforward': 431, 'iterator_train__batch_size': 188}. Best is trial 42 with value: 0.4455682389151037.[0m
[FileBasedDataset] Initializing dataset...
	Examples: 28559
	Features: 621
	Max length: 120
[FileBasedDataset] Dataset initialization complete
  epoch    auprc    auroc    train_loss    valid_acc    valid_loss    cp      dur
-------  -------  -------  ------------  -----------  ------------  ----  -------
      1   [36m0.1333[0m   [32m0.4857[0m        [35m0.4144[0m       [31m0.9177[0m        [94m0.3240[0m     +  23.4890
      2   [36m0.1923[0m   [32m0.6073[0m        [35m0.2932[0m       0.9177        [94m0.2801[0m     +  23.2254
      3   [36m0.3058[0m   [32m0.6919[0m        [35m0.2577[0m       [31m0.9195[0m        [94m0.2561[0m     +  24.1121
      4   [36m0.3203[0m   [32m0.7138[0m        [35m0.2390[0m       [31m0.9209[0m        [94m0.2492[0m     +  23.4660
      5   [36m0.3218[0m   [32m0.7304[0m        [35m0.2329[0m       [31m0.9226[0m        [94m0.2468[0m     +  24.0979
      6   [36m0.3371[0m   [32m0.7494[0m        [35m0.2294[0m       [31m0.9230[0m        [94m0.2429[0m     +  24.0851
      7   [36m0.3417[0m   [32m0.7585[0m        [35m0.2267[0m       0.9226        [94m0.2422[0m     +  23.4739
      8   0.3414   [32m0.7669[0m        [35m0.2246[0m       0.9219        [94m0.2412[0m     +  23.4909
      9   [36m0.3546[0m   [32m0.7758[0m        [35m0.2240[0m       0.9226        [94m0.2393[0m     +  23.8719
     10   [36m0.3633[0m   [32m0.7846[0m        [35m0.2218[0m       [31m0.9233[0m        [94m0.2378[0m     +  23.8860
     11   [36m0.3710[0m   [32m0.7879[0m        [35m0.2214[0m       0.9216        [94m0.2361[0m     +  23.3925
     12   [36m0.3749[0m   0.7870        [35m0.2196[0m       0.9226        [94m0.2353[0m     +  23.5449
     13   [36m0.3788[0m   [32m0.7926[0m        [35m0.2186[0m       0.9233        [94m0.2349[0m     +  23.7530
     14   0.3697   0.7924        [35m0.2170[0m       0.9209        0.2352        23.4938
     15   0.3747   [32m0.8009[0m        [35m0.2163[0m       0.9223        [94m0.2325[0m     +  23.4238
[32m[I 2022-12-10 15:24:27,454][0m Trial 75 finished with value: 0.37875655729658664 and parameters: {'optimizer__lr': 0.00015962596012357433, 'module__dropout': 0.10281751145019583, 'd_model_multiplier': 4, 'module__num_layers': 6, 'module__n_heads': 4, 'module__dim_feedforward': 371, 'iterator_train__batch_size': 138}. Best is trial 42 with value: 0.4455682389151037.[0m
[FileBasedDataset] Initializing dataset...
	Examples: 28559
	Features: 621
	Max length: 120
[FileBasedDataset] Dataset initialization complete
  epoch    auprc    auroc    train_loss    valid_acc    valid_loss    cp      dur
-------  -------  -------  ------------  -----------  ------------  ----  -------
      1   [36m0.1184[0m   [32m0.5440[0m        [35m1.3262[0m       [31m0.9191[0m        [94m0.5091[0m     +  25.6921
      2   [36m0.1737[0m   [32m0.6670[0m        [35m0.3256[0m       0.9160        [94m0.2906[0m     +  25.9874
      3   0.1543   0.6265        [35m0.3029[0m       0.9181        0.3364        25.6207
      4   [36m0.2078[0m   [32m0.6938[0m        0.3238       0.9146        [94m0.2830[0m     +  25.8036
      5   0.1584   0.6276        [35m0.3021[0m       [31m0.9198[0m        0.3017        26.7393
      6   0.2025   0.6879        [35m0.2955[0m       0.9198        [94m0.2653[0m     +  26.4292
      7   0.0795   0.3594        0.3334       0.9195        0.4708        26.2772
      8   0.1811   0.6520        0.3297       0.9184        0.3202        25.8672
Stopping since valid_loss has not improved in the last 3 epochs.
[32m[I 2022-12-10 15:28:23,317][0m Trial 76 finished with value: 0.20776613420535808 and parameters: {'optimizer__lr': 0.09520654319050492, 'module__dropout': 0.14909266744094696, 'd_model_multiplier': 64, 'module__num_layers': 15, 'module__n_heads': 4, 'module__dim_feedforward': 248, 'iterator_train__batch_size': 161}. Best is trial 42 with value: 0.4455682389151037.[0m
[FileBasedDataset] Initializing dataset...
	Examples: 28559
	Features: 621
	Max length: 120
[FileBasedDataset] Dataset initialization complete
  epoch    auprc    auroc    train_loss    valid_acc    valid_loss    cp      dur
-------  -------  -------  ------------  -----------  ------------  ----  -------
      1   [36m0.2195[0m   [32m0.7456[0m        [35m0.2885[0m       [31m0.9240[0m        [94m0.2397[0m     +  23.9072
      2   [36m0.2427[0m   [32m0.7639[0m        [35m0.2593[0m       0.9240        [94m0.2377[0m     +  24.1973
      3   0.2363   [32m0.7693[0m        [35m0.2578[0m       0.9240        0.2391        24.0996
      4   0.2170   0.7408        [35m0.2565[0m       0.9240        0.2383        24.3005
      5   0.2281   0.7603        [35m0.2550[0m       0.9240        [94m0.2375[0m     +  24.4184
      6   0.2298   0.7535        [35m0.2540[0m       0.9240        0.2386        23.6248
      7   0.2335   0.7430        [35m0.2523[0m       0.9240        0.2377        23.4150
Stopping since valid_loss has not improved in the last 3 epochs.
[32m[I 2022-12-10 15:31:35,353][0m Trial 77 finished with value: 0.2427417268405127 and parameters: {'optimizer__lr': 0.00353596594976664, 'module__dropout': 0.22184191135826045, 'd_model_multiplier': 2, 'module__num_layers': 8, 'module__n_heads': 4, 'module__dim_feedforward': 479, 'iterator_train__batch_size': 149}. Best is trial 42 with value: 0.4455682389151037.[0m
[FileBasedDataset] Initializing dataset...
	Examples: 28559
	Features: 621
	Max length: 120
[FileBasedDataset] Dataset initialization complete
  epoch    auprc    auroc    train_loss    valid_acc    valid_loss    cp      dur
-------  -------  -------  ------------  -----------  ------------  ----  -------
      1   [36m0.0789[0m   [32m0.4134[0m        [35m0.5770[0m       [31m0.9212[0m        [94m0.4624[0m     +  23.9101
      2   [36m0.0850[0m   [32m0.4320[0m        [35m0.4024[0m       0.9209        [94m0.3492[0m     +  24.1461
      3   [36m0.1298[0m   [32m0.5252[0m        [35m0.3273[0m       [31m0.9216[0m        [94m0.3032[0m     +  23.7588
      4   [36m0.1740[0m   [32m0.6073[0m        [35m0.2932[0m       [31m0.9219[0m        [94m0.2799[0m     +  23.8179
      5   [36m0.2205[0m   [32m0.6802[0m        [35m0.2738[0m       0.9212        [94m0.2640[0m     +  23.8779
      6   [36m0.2567[0m   [32m0.7150[0m        [35m0.2610[0m       0.9216        [94m0.2527[0m     +  24.1120
      7   [36m0.2790[0m   [32m0.7363[0m        [35m0.2527[0m       [31m0.9223[0m        [94m0.2452[0m     +  23.9141
      8   [36m0.2964[0m   [32m0.7502[0m        [35m0.2476[0m       [31m0.9233[0m        [94m0.2394[0m     +  23.8372
      9   [36m0.3108[0m   [32m0.7589[0m        [35m0.2419[0m       [31m0.9240[0m        [94m0.2351[0m     +  23.9192
     10   [36m0.3222[0m   [32m0.7679[0m        [35m0.2391[0m       [31m0.9244[0m        [94m0.2318[0m     +  24.1783
     11   [36m0.3287[0m   [32m0.7732[0m        [35m0.2367[0m       0.9240        [94m0.2298[0m     +  23.5963
     12   [36m0.3394[0m   [32m0.7784[0m        [35m0.2350[0m       0.9244        [94m0.2274[0m     +  23.2100
     13   [36m0.3484[0m   [32m0.7822[0m        [35m0.2331[0m       0.9237        [94m0.2255[0m     +  23.8656
     14   [36m0.3545[0m   [32m0.7854[0m        [35m0.2319[0m       0.9240        [94m0.2241[0m     +  23.6204
     15   [36m0.3569[0m   [32m0.7864[0m        [35m0.2308[0m       [31m0.9251[0m        [94m0.2235[0m     +  23.9555
[32m[I 2022-12-10 15:37:33,716][0m Trial 78 finished with value: 0.35691681916556595 and parameters: {'optimizer__lr': 3.952596944581896e-05, 'module__dropout': 0.07282392190678627, 'd_model_multiplier': 4, 'module__num_layers': 2, 'module__n_heads': 8, 'module__dim_feedforward': 218, 'iterator_train__batch_size': 172}. Best is trial 42 with value: 0.4455682389151037.[0m
[FileBasedDataset] Initializing dataset...
	Examples: 28559
	Features: 621
	Max length: 120
[FileBasedDataset] Dataset initialization complete
  epoch    auprc    auroc    train_loss    valid_acc    valid_loss    cp      dur
-------  -------  -------  ------------  -----------  ------------  ----  -------
      1   [36m0.1045[0m   [32m0.5318[0m        [35m0.4500[0m       [31m0.9279[0m        [94m0.2856[0m     +  23.7937
      2   [36m0.2518[0m   [32m0.6941[0m        [35m0.2810[0m       [31m0.9286[0m        [94m0.2355[0m     +  23.3740
      3   [36m0.3010[0m   [32m0.7369[0m        [35m0.2518[0m       [31m0.9307[0m        [94m0.2228[0m     +  24.1515
      4   [36m0.3221[0m   [32m0.7585[0m        [35m0.2412[0m       [31m0.9324[0m        [94m0.2171[0m     +  24.4545
      5   [36m0.3327[0m   [32m0.7691[0m        [35m0.2361[0m       [31m0.9335[0m        [94m0.2145[0m     +  24.9594
      6   [36m0.3388[0m   [32m0.7763[0m        [35m0.2328[0m       0.9335        [94m0.2127[0m     +  25.1340
      7   [36m0.3419[0m   [32m0.7802[0m        [35m0.2308[0m       0.9331        [94m0.2124[0m     +  25.8195
      8   0.3417   [32m0.7833[0m        [35m0.2292[0m       [31m0.9338[0m        [94m0.2120[0m     +  26.8989
      9   0.3402   [32m0.7861[0m        [35m0.2286[0m       0.9338        [94m0.2115[0m     +  25.2899
     10   0.3415   [32m0.7883[0m        [35m0.2283[0m       0.9338        [94m0.2114[0m     +  26.0325
     11   [36m0.3429[0m   [32m0.7909[0m        [35m0.2261[0m       0.9328        [94m0.2110[0m     +  24.7165
     12   [36m0.3434[0m   [32m0.7933[0m        [35m0.2258[0m       0.9331        [94m0.2107[0m     +  24.2613
     13   [36m0.3440[0m   [32m0.7945[0m        [35m0.2256[0m       0.9338        0.2107        24.2778
     14   [36m0.3450[0m   [32m0.7972[0m        [35m0.2249[0m       [31m0.9342[0m        [94m0.2103[0m     +  23.9050
     15   0.3432   [32m0.7992[0m        [35m0.2240[0m       0.9331        [94m0.2103[0m     +  23.7325
[32m[I 2022-12-10 15:43:46,451][0m Trial 79 finished with value: 0.3450101067123918 and parameters: {'optimizer__lr': 1.1451916639215192e-05, 'module__dropout': 0.2790143790737332, 'd_model_multiplier': 64, 'module__num_layers': 3, 'module__n_heads': 4, 'module__dim_feedforward': 361, 'iterator_train__batch_size': 130}. Best is trial 42 with value: 0.4455682389151037.[0m
[FileBasedDataset] Initializing dataset...
	Examples: 28559
	Features: 621
	Max length: 120
[FileBasedDataset] Dataset initialization complete
  epoch    auprc    auroc    train_loss    valid_acc    valid_loss    cp      dur
-------  -------  -------  ------------  -----------  ------------  ----  -------
      1   [36m0.2682[0m   [32m0.7668[0m        [35m0.2687[0m       [31m0.9188[0m        [94m0.2384[0m     +  23.8865
      2   0.2539   [32m0.7694[0m        [35m0.2390[0m       [31m0.9205[0m        0.2435        24.2391
      3   [36m0.2846[0m   [32m0.7846[0m        0.2460       [31m0.9212[0m        [94m0.2376[0m     +  24.5349
      4   0.2131   0.7516        0.2440       0.9177        0.2529        24.4416
      5   0.2125   0.7474        0.2468       0.9163        0.2541        23.7377
Stopping since valid_loss has not improved in the last 3 epochs.
[32m[I 2022-12-10 15:46:12,280][0m Trial 80 finished with value: 0.28459875112030375 and parameters: {'optimizer__lr': 0.0003841112870792291, 'module__dropout': 0.1881915983108471, 'd_model_multiplier': 32, 'module__num_layers': 12, 'module__n_heads': 4, 'module__dim_feedforward': 401, 'iterator_train__batch_size': 179}. Best is trial 42 with value: 0.4455682389151037.[0m
[FileBasedDataset] Initializing dataset...
	Examples: 28559
	Features: 621
	Max length: 120
[FileBasedDataset] Dataset initialization complete
  epoch    auprc    auroc    train_loss    valid_acc    valid_loss    cp      dur
-------  -------  -------  ------------  -----------  ------------  ----  -------
      1   [36m0.1053[0m   [32m0.4320[0m        [35m0.4146[0m       [31m0.9184[0m        [94m0.3186[0m     +  23.8992
      2   [36m0.1659[0m   [32m0.5825[0m        [35m0.2907[0m       [31m0.9195[0m        [94m0.2786[0m     +  24.0967
      3   [36m0.1914[0m   [32m0.6398[0m        [35m0.2661[0m       [31m0.9202[0m        [94m0.2668[0m     +  24.1217
      4   [36m0.2881[0m   [32m0.7218[0m        [35m0.2491[0m       [31m0.9205[0m        [94m0.2459[0m     +  24.5185
      5   [36m0.2898[0m   [32m0.7366[0m        [35m0.2402[0m       0.9198        [94m0.2443[0m     +  24.0782
      6   [36m0.2999[0m   [32m0.7432[0m        [35m0.2350[0m       0.9198        [94m0.2419[0m     +  23.9170
      7   [36m0.3164[0m   [32m0.7462[0m        [35m0.2315[0m       0.9205        [94m0.2406[0m     +  25.0246
      8   [36m0.3252[0m   [32m0.7554[0m        [35m0.2300[0m       0.9205        [94m0.2387[0m     +  24.6329
      9   [36m0.3306[0m   [32m0.7630[0m        [35m0.2299[0m       0.9202        [94m0.2375[0m     +  23.4393
     10   [36m0.3345[0m   [32m0.7726[0m        [35m0.2292[0m       0.9202        [94m0.2350[0m     +  24.2118
     11   0.3329   [32m0.7736[0m        [35m0.2274[0m       0.9198        0.2358        23.6651
     12   0.3321   [32m0.7791[0m        [35m0.2257[0m       0.9198        [94m0.2346[0m     +  23.5900
     13   0.3328   [32m0.7809[0m        [35m0.2248[0m       [31m0.9219[0m        [94m0.2344[0m     +  24.1147
     14   [36m0.3347[0m   0.7773        0.2262       0.9205        [94m0.2339[0m     +  24.6821
     15   0.3323   [32m0.7825[0m        [35m0.2233[0m       0.9202        [94m0.2334[0m     +  24.3911
