[32m[I 2022-12-11 22:04:20,092][0m Trial 393 finished with value: 0.3941235207458701 and parameters: {'optimizer__lr': 0.0010808638202444985, 'module__dropout': 0.15862002192170813, 'd_model_multiplier': 4, 'module__num_layers': 1, 'module__n_heads': 8, 'module__dim_feedforward': 267, 'iterator_train__batch_size': 81}. Best is trial 382 with value: 0.5110916005289956.[0m
[FileBasedDataset] Initializing dataset...
	Examples: 28559
	Features: 621
	Max length: 120
[FileBasedDataset] Dataset initialization complete
  epoch    auprc    auroc    train_loss    valid_acc    valid_loss    cp      dur
-------  -------  -------  ------------  -----------  ------------  ----  -------
      1   [36m0.3867[0m   [32m0.7900[0m        [35m0.2611[0m       [31m0.9216[0m        [94m0.2356[0m     +  23.0908
      2   [36m0.4008[0m   [32m0.8065[0m        [35m0.2242[0m       [31m0.9223[0m        [94m0.2301[0m     +  23.3309
      3   [36m0.4109[0m   [32m0.8221[0m        [35m0.2179[0m       [31m0.9226[0m        [94m0.2262[0m     +  23.2903
      4   [36m0.4139[0m   [32m0.8263[0m        [35m0.2153[0m       0.9219        [94m0.2247[0m     +  22.6113
      5   [36m0.4221[0m   [32m0.8297[0m        [35m0.2127[0m       0.9198        [94m0.2240[0m     +  23.1639
      6   0.4170   [32m0.8358[0m        [35m0.2112[0m       0.9212        [94m0.2222[0m     +  23.1455
      7   [36m0.4251[0m   [32m0.8381[0m        [35m0.2096[0m       0.9219        [94m0.2219[0m     +  22.2325
      8   [36m0.4311[0m   [32m0.8408[0m        [35m0.2076[0m       0.9205        [94m0.2201[0m     +  22.6106
      9   0.4199   0.8361        [35m0.2061[0m       0.9212        0.2223        23.0217
     10   0.4271   0.8374        [35m0.2045[0m       0.9209        0.2212        22.8823
Stopping since valid_loss has not improved in the last 3 epochs.
[32m[I 2022-12-11 22:08:33,063][0m Trial 394 finished with value: 0.4311478338590487 and parameters: {'optimizer__lr': 0.000584369223295968, 'module__dropout': 0.135943701160622, 'd_model_multiplier': 4, 'module__num_layers': 2, 'module__n_heads': 8, 'module__dim_feedforward': 261, 'iterator_train__batch_size': 74}. Best is trial 382 with value: 0.5110916005289956.[0m
[FileBasedDataset] Initializing dataset...
	Examples: 28559
	Features: 621
	Max length: 120
[FileBasedDataset] Dataset initialization complete
  epoch    auprc    auroc    train_loss    valid_acc    valid_loss    cp      dur
-------  -------  -------  ------------  -----------  ------------  ----  -------
      1   [36m0.3787[0m   [32m0.8214[0m        [35m0.2413[0m       [31m0.9251[0m        [94m0.2347[0m     +  22.7161
      2   [36m0.3901[0m   [32m0.8265[0m        [35m0.2290[0m       0.9247        [94m0.2268[0m     +  22.8747
      3   0.3799   [32m0.8304[0m        [35m0.2254[0m       0.9230        [94m0.2240[0m     +  23.2037
      4   [36m0.3976[0m   [32m0.8334[0m        [35m0.2233[0m       0.9226        0.2248        22.8669
      5   0.3926   [32m0.8406[0m        [35m0.2210[0m       0.9237        [94m0.2213[0m     +  22.9193
      6   [36m0.4087[0m   [32m0.8450[0m        [35m0.2201[0m       0.9237        [94m0.2150[0m     +  23.5030
      7   0.3962   0.8418        [35m0.2189[0m       0.9219        0.2166        23.1472
      8   0.3973   0.8436        [35m0.2174[0m       0.9219        0.2164        23.1710
      9   0.4006   [32m0.8486[0m        [35m0.2149[0m       0.9244        [94m0.2125[0m     +  22.6570
     10   [36m0.4113[0m   [32m0.8498[0m        [35m0.2133[0m       0.9212        0.2134        22.7702
     11   [36m0.4134[0m   [32m0.8558[0m        0.2139       0.9226        [94m0.2105[0m     +  22.6942
     12   [36m0.4202[0m   0.8533        [35m0.2119[0m       0.9226        0.2113        22.5035
     13   [36m0.4303[0m   0.8545        [35m0.2117[0m       0.9205        0.2116        22.2582
     14   0.4287   [32m0.8566[0m        [35m0.2105[0m       0.9230        [94m0.2094[0m     +  22.6979
     15   0.4110   [32m0.8570[0m        [35m0.2093[0m       0.9209        0.2112        23.5877
[32m[I 2022-12-11 22:14:17,193][0m Trial 395 finished with value: 0.4302548767806316 and parameters: {'optimizer__lr': 0.00465784607251716, 'module__dropout': 0.1464044910484974, 'd_model_multiplier': 4, 'module__num_layers': 1, 'module__n_heads': 8, 'module__dim_feedforward': 298, 'iterator_train__batch_size': 70}. Best is trial 382 with value: 0.5110916005289956.[0m
[FileBasedDataset] Initializing dataset...
	Examples: 28559
	Features: 621
	Max length: 120
[FileBasedDataset] Dataset initialization complete
  epoch    auprc    auroc    train_loss    valid_acc    valid_loss    cp      dur
-------  -------  -------  ------------  -----------  ------------  ----  -------
      1   [36m0.4323[0m   [32m0.8251[0m        [35m0.2588[0m       [31m0.9282[0m        [94m0.2165[0m     +  23.9282
      2   [36m0.4558[0m   [32m0.8441[0m        [35m0.2236[0m       0.9279        [94m0.2091[0m     +  23.3626
      3   [36m0.4628[0m   [32m0.8489[0m        [35m0.2206[0m       [31m0.9296[0m        [94m0.2073[0m     +  23.0904
      4   0.4507   0.8479        [35m0.2172[0m       0.9296        0.2094        23.2436
      5   [36m0.4748[0m   [32m0.8580[0m        [35m0.2152[0m       [31m0.9307[0m        [94m0.2044[0m     +  23.4131
      6   [36m0.4848[0m   [32m0.8613[0m        [35m0.2137[0m       [31m0.9321[0m        [94m0.2018[0m     +  23.0801
      7   [36m0.4848[0m   0.8585        [35m0.2120[0m       0.9321        0.2021        23.2481
      8   0.4798   [32m0.8631[0m        [35m0.2103[0m       0.9310        0.2019        23.4115
Stopping since valid_loss has not improved in the last 3 epochs.
[32m[I 2022-12-11 22:17:47,063][0m Trial 396 finished with value: 0.4848350744860546 and parameters: {'optimizer__lr': 0.0008315148883448385, 'module__dropout': 0.1711425429580809, 'd_model_multiplier': 4, 'module__num_layers': 1, 'module__n_heads': 8, 'module__dim_feedforward': 282, 'iterator_train__batch_size': 78}. Best is trial 382 with value: 0.5110916005289956.[0m
[FileBasedDataset] Initializing dataset...
	Examples: 28559
	Features: 621
	Max length: 120
[FileBasedDataset] Dataset initialization complete
  epoch    auprc    auroc    train_loss    valid_acc    valid_loss    cp      dur
-------  -------  -------  ------------  -----------  ------------  ----  -------
      1   [36m0.3853[0m   [32m0.8219[0m        [35m0.2625[0m       [31m0.9272[0m        [94m0.2191[0m     +  22.5496
      2   [36m0.4159[0m   [32m0.8396[0m        [35m0.2254[0m       [31m0.9279[0m        [94m0.2112[0m     +  23.6215
      3   [36m0.4340[0m   [32m0.8460[0m        [35m0.2205[0m       [31m0.9307[0m        [94m0.2090[0m     +  23.0885
      4   [36m0.4410[0m   [32m0.8481[0m        [35m0.2179[0m       0.9275        [94m0.2077[0m     +  23.3651
      5   [36m0.4433[0m   [32m0.8528[0m        [35m0.2171[0m       0.9286        [94m0.2055[0m     +  23.1827
      6   0.4341   0.8520        [35m0.2141[0m       0.9296        0.2067        23.1602
      7   [36m0.4489[0m   [32m0.8539[0m        [35m0.2136[0m       0.9296        [94m0.2048[0m     +  23.3770
      8   0.4461   0.8484        [35m0.2111[0m       0.9289        0.2065        22.9689
      9   [36m0.4521[0m   [32m0.8556[0m        [35m0.2103[0m       0.9296        [94m0.2042[0m     +  22.9035
     10   [36m0.4548[0m   0.8542        [35m0.2093[0m       0.9293        0.2044        23.6038
     11   [36m0.4564[0m   0.8544        [35m0.2087[0m       0.9307        0.2042        23.2495
     12   [36m0.4631[0m   [32m0.8574[0m        [35m0.2066[0m       [31m0.9310[0m        [94m0.2022[0m     +  24.0232
     13   0.4493   0.8517        [35m0.2056[0m       0.9289        0.2060        23.7277
     14   0.4565   0.8509        [35m0.2055[0m       0.9293        0.2058        23.0453
Stopping since valid_loss has not improved in the last 3 epochs.
[32m[I 2022-12-11 22:23:36,755][0m Trial 397 finished with value: 0.463091299176048 and parameters: {'optimizer__lr': 0.0007383012355329284, 'module__dropout': 0.17438712568367915, 'd_model_multiplier': 4, 'module__num_layers': 1, 'module__n_heads': 8, 'module__dim_feedforward': 284, 'iterator_train__batch_size': 66}. Best is trial 382 with value: 0.5110916005289956.[0m
[FileBasedDataset] Initializing dataset...
	Examples: 28559
	Features: 621
	Max length: 120
[FileBasedDataset] Dataset initialization complete
  epoch    auprc    auroc    train_loss    valid_acc    valid_loss    cp      dur
-------  -------  -------  ------------  -----------  ------------  ----  -------
      1   [36m0.3434[0m   [32m0.8007[0m        [35m0.2682[0m       [31m0.9303[0m        [94m0.2116[0m     +  22.0335
      2   [36m0.3628[0m   [32m0.8066[0m        [35m0.2270[0m       0.9300        [94m0.2092[0m     +  22.5093
      3   [36m0.3836[0m   [32m0.8156[0m        [35m0.2231[0m       [31m0.9307[0m        [94m0.2065[0m     +  22.7128
      4   [36m0.3989[0m   [32m0.8192[0m        [35m0.2192[0m       0.9307        [94m0.2049[0m     +  22.2573
      5   [36m0.4092[0m   [32m0.8249[0m        [35m0.2169[0m       [31m0.9331[0m        [94m0.2026[0m     +  22.9247
      6   0.4035   [32m0.8313[0m        [35m0.2157[0m       0.9307        [94m0.2024[0m     +  22.8320
      7   [36m0.4105[0m   [32m0.8336[0m        [35m0.2152[0m       0.9317        [94m0.2000[0m     +  22.5514
      8   [36m0.4127[0m   0.8323        [35m0.2124[0m       0.9303        0.2037        22.5733
      9   [36m0.4155[0m   [32m0.8369[0m        0.2128       0.9300        [94m0.1991[0m     +  22.6647
     10   0.3971   0.8295        [35m0.2094[0m       0.9314        0.2030        22.8537
     11   0.4011   0.8271        0.2096       0.9324        0.2036        23.0853
Stopping since valid_loss has not improved in the last 3 epochs.
[32m[I 2022-12-11 22:28:09,309][0m Trial 398 finished with value: 0.4154628552474134 and parameters: {'optimizer__lr': 0.0005499226543735136, 'module__dropout': 0.1663833307815697, 'd_model_multiplier': 4, 'module__num_layers': 1, 'module__n_heads': 8, 'module__dim_feedforward': 284, 'iterator_train__batch_size': 65}. Best is trial 382 with value: 0.5110916005289956.[0m
[FileBasedDataset] Initializing dataset...
	Examples: 28559
	Features: 621
	Max length: 120
[FileBasedDataset] Dataset initialization complete
  epoch    auprc    auroc    train_loss    valid_acc    valid_loss    cp      dur
-------  -------  -------  ------------  -----------  ------------  ----  -------
      1   [36m0.3385[0m   [32m0.8027[0m        [35m0.2575[0m       [31m0.9202[0m        [94m0.2376[0m     +  22.9209
      2   [36m0.3531[0m   [32m0.8166[0m        [35m0.2240[0m       0.9198        [94m0.2355[0m     +  23.6106
      3   0.3483   0.8158        [35m0.2196[0m       0.9191        0.2366        24.3836
      4   [36m0.3631[0m   [32m0.8234[0m        [35m0.2170[0m       0.9188        [94m0.2336[0m     +  23.6367
      5   [36m0.3644[0m   [32m0.8258[0m        [35m0.2152[0m       0.9177        0.2370        23.0349
      6   0.3640   [32m0.8299[0m        [35m0.2148[0m       0.9163        0.2340        23.5864
      7   [36m0.3690[0m   [32m0.8394[0m        [35m0.2116[0m       0.9174        [94m0.2303[0m     +  23.3373
      8   [36m0.3748[0m   0.8360        [35m0.2104[0m       0.9177        [94m0.2301[0m     +  22.9086
      9   0.3705   0.8381        0.2106       0.9174        0.2332        23.8509
     10   0.3741   0.8335        [35m0.2095[0m       0.9177        0.2320        22.6700
Stopping since valid_loss has not improved in the last 3 epochs.
[32m[I 2022-12-11 22:32:27,433][0m Trial 399 finished with value: 0.37481651223086976 and parameters: {'optimizer__lr': 0.000785943578181065, 'module__dropout': 0.18611751266937682, 'd_model_multiplier': 4, 'module__num_layers': 2, 'module__n_heads': 8, 'module__dim_feedforward': 286, 'iterator_train__batch_size': 79}. Best is trial 382 with value: 0.5110916005289956.[0m
[FileBasedDataset] Initializing dataset...
	Examples: 28559
	Features: 621
	Max length: 120
[FileBasedDataset] Dataset initialization complete
  epoch    auprc    auroc    train_loss    valid_acc    valid_loss    cp      dur
-------  -------  -------  ------------  -----------  ------------  ----  -------
      1   [36m0.3538[0m   [32m0.8079[0m        [35m0.2697[0m       [31m0.9237[0m        [94m0.2227[0m     +  23.5544
      2   [36m0.3644[0m   [32m0.8301[0m        [35m0.2258[0m       [31m0.9244[0m        [94m0.2174[0m     +  23.9898
      3   [36m0.3790[0m   [32m0.8422[0m        [35m0.2206[0m       0.9237        [94m0.2143[0m     +  22.8561
      4   [36m0.3864[0m   [32m0.8463[0m        [35m0.2181[0m       [31m0.9247[0m        [94m0.2124[0m     +  22.7540
      5   [36m0.3925[0m   [32m0.8516[0m        [35m0.2143[0m       0.9247        [94m0.2111[0m     +  22.4496
      6   [36m0.3989[0m   [32m0.8559[0m        [35m0.2129[0m       [31m0.9268[0m        [94m0.2079[0m     +  22.7061
      7   [36m0.4013[0m   [32m0.8568[0m        [35m0.2120[0m       0.9258        0.2079        23.8409
      8   [36m0.4013[0m   [32m0.8592[0m        [35m0.2107[0m       0.9258        [94m0.2066[0m     +  23.1480
      9   0.3924   0.8550        [35m0.2097[0m       0.9254        0.2091        22.8117
     10   0.3999   [32m0.8595[0m        [35m0.2073[0m       0.9265        [94m0.2061[0m     +  23.3189
     11   [36m0.4146[0m   [32m0.8607[0m        0.2073       [31m0.9272[0m        [94m0.2043[0m     +  22.2264
     12   0.4006   0.8580        [35m0.2061[0m       0.9258        0.2061        23.3470
     13   0.4059   0.8558        [35m0.2054[0m       0.9261        0.2065        23.4243
Stopping since valid_loss has not improved in the last 3 epochs.
[32m[I 2022-12-11 22:37:51,654][0m Trial 400 finished with value: 0.41455606372829945 and parameters: {'optimizer__lr': 0.0005301218210204003, 'module__dropout': 0.15731016313136498, 'd_model_multiplier': 4, 'module__num_layers': 1, 'module__n_heads': 8, 'module__dim_feedforward': 293, 'iterator_train__batch_size': 68}. Best is trial 382 with value: 0.5110916005289956.[0m
[FileBasedDataset] Initializing dataset...
	Examples: 28559
	Features: 621
	Max length: 120
[FileBasedDataset] Dataset initialization complete
  epoch    auprc    auroc    train_loss    valid_acc    valid_loss    cp      dur
-------  -------  -------  ------------  -----------  ------------  ----  -------
      1   [36m0.2893[0m   [32m0.7784[0m        [35m0.2867[0m       [31m0.9345[0m        [94m0.2047[0m     +  22.9035
      2   [36m0.3090[0m   [32m0.7971[0m        [35m0.2319[0m       [31m0.9352[0m        [94m0.1996[0m     +  23.7771
      3   [36m0.3313[0m   [32m0.8063[0m        [35m0.2265[0m       0.9342        [94m0.1963[0m     +  24.0261
      4   [36m0.3363[0m   [32m0.8115[0m        [35m0.2223[0m       [31m0.9363[0m        [94m0.1946[0m     +  24.7645
      5   0.3348   [32m0.8141[0m        [35m0.2200[0m       0.9349        0.1949        24.8560
      6   [36m0.3378[0m   [32m0.8198[0m        [35m0.2177[0m       0.9349        [94m0.1932[0m     +  24.7407
      7   [36m0.3449[0m   [32m0.8221[0m        [35m0.2162[0m       0.9352        [94m0.1925[0m     +  24.8459
      8   0.3380   [32m0.8230[0m        [35m0.2158[0m       0.9345        0.1937        24.6747
      9   [36m0.3498[0m   [32m0.8250[0m        [35m0.2152[0m       0.9345        [94m0.1922[0m     +  23.7198
     10   0.3479   [32m0.8258[0m        [35m0.2128[0m       0.9356        [94m0.1916[0m     +  24.6502
     11   0.3453   [32m0.8271[0m        [35m0.2117[0m       0.9342        0.1921        24.3415
     12   0.3456   [32m0.8278[0m        [35m0.2100[0m       0.9338        0.1923        24.4563
Stopping since valid_loss has not improved in the last 3 epochs.
[32m[I 2022-12-11 22:43:08,297][0m Trial 401 finished with value: 0.34981087576630004 and parameters: {'optimizer__lr': 0.00042625895473110613, 'module__dropout': 0.17371135503118756, 'd_model_multiplier': 4, 'module__num_layers': 1, 'module__n_heads': 8, 'module__dim_feedforward': 280, 'iterator_train__batch_size': 87}. Best is trial 382 with value: 0.5110916005289956.[0m
[FileBasedDataset] Initializing dataset...
	Examples: 28559
	Features: 621
	Max length: 120
[FileBasedDataset] Dataset initialization complete
  epoch    auprc    auroc    train_loss    valid_acc    valid_loss    cp      dur
-------  -------  -------  ------------  -----------  ------------  ----  -------
      1   [36m0.3635[0m   [32m0.8011[0m        [35m0.2573[0m       [31m0.9296[0m        [94m0.2190[0m     +  22.4003
      2   [36m0.3763[0m   [32m0.8221[0m        [35m0.2242[0m       0.9289        [94m0.2140[0m     +  23.0884
      3   [36m0.3806[0m   [32m0.8304[0m        [35m0.2212[0m       0.9293        [94m0.2122[0m     +  22.6233
      4   [36m0.3882[0m   [32m0.8417[0m        [35m0.2183[0m       0.9279        [94m0.2094[0m     +  23.1251
      5   [36m0.3932[0m   0.8392        [35m0.2161[0m       0.9272        0.2114        22.7059
      6   [36m0.3950[0m   [32m0.8457[0m        [35m0.2139[0m       0.9275        [94m0.2091[0m     +  22.9552
      7   0.3829   0.8382        [35m0.2131[0m       0.9286        0.2114        23.2502
      8   0.3918   0.8455        [35m0.2121[0m       0.9282        [94m0.2084[0m     +  22.2472
      9   0.3946   [32m0.8458[0m        [35m0.2120[0m       0.9286        [94m0.2079[0m     +  23.7811
     10   0.3936   [32m0.8479[0m        [35m0.2092[0m       0.9293        [94m0.2065[0m     +  23.8059
     11   [36m0.3991[0m   [32m0.8505[0m        [35m0.2092[0m       [31m0.9303[0m        [94m0.2049[0m     +  24.3626
     12   [36m0.4049[0m   [32m0.8513[0m        [35m0.2079[0m       0.9303        [94m0.2043[0m     +  25.2421
     13   [36m0.4092[0m   [32m0.8544[0m        0.2084       0.9300        [94m0.2034[0m     +  26.4999
     14   0.4073   0.8531        [35m0.2073[0m       0.9296        0.2046        24.7656
     15   0.4026   [32m0.8562[0m        [35m0.2065[0m       0.9300        0.2036        24.0786
[32m[I 2022-12-11 22:49:03,956][0m Trial 402 finished with value: 0.40920722138290405 and parameters: {'optimizer__lr': 0.0007948362210351635, 'module__dropout': 0.1815648136752087, 'd_model_multiplier': 4, 'module__num_layers': 1, 'module__n_heads': 8, 'module__dim_feedforward': 304, 'iterator_train__batch_size': 65}. Best is trial 382 with value: 0.5110916005289956.[0m
[FileBasedDataset] Initializing dataset...
	Examples: 28559
	Features: 621
	Max length: 120
[FileBasedDataset] Dataset initialization complete
  epoch    auprc    auroc    train_loss    valid_acc    valid_loss    cp      dur
-------  -------  -------  ------------  -----------  ------------  ----  -------
      1   [36m0.3701[0m   [32m0.8042[0m        [35m0.2730[0m       [31m0.9219[0m        [94m0.2269[0m     +  23.8440
      2   [36m0.3900[0m   [32m0.8176[0m        [35m0.2281[0m       [31m0.9247[0m        [94m0.2231[0m     +  23.9302
      3   [36m0.4078[0m   [32m0.8331[0m        [35m0.2234[0m       [31m0.9261[0m        [94m0.2182[0m     +  24.0198
      4   [36m0.4236[0m   [32m0.8425[0m        [35m0.2199[0m       0.9258        [94m0.2151[0m     +  22.9237
      5   [36m0.4330[0m   [32m0.8490[0m        [35m0.2185[0m       [31m0.9279[0m        [94m0.2121[0m     +  22.9668
      6   [36m0.4382[0m   [32m0.8555[0m        [35m0.2153[0m       0.9258        [94m0.2099[0m     +  22.4784
      7   [36m0.4397[0m   [32m0.8600[0m        [35m0.2136[0m       0.9268        [94m0.2077[0m     +  22.9076
      8   [36m0.4451[0m   [32m0.8601[0m        [35m0.2126[0m       0.9268        0.2086        22.6959
      9   [36m0.4464[0m   [32m0.8618[0m        0.2128       0.9261        0.2082        22.8640
     10   [36m0.4541[0m   [32m0.8661[0m        [35m0.2105[0m       [31m0.9282[0m        [94m0.2043[0m     +  22.7668
     11   [36m0.4547[0m   0.8650        [35m0.2089[0m       [31m0.9289[0m        0.2057        22.9160
     12   0.4490   [32m0.8668[0m        0.2091       0.9282        0.2071        22.7461
     13   [36m0.4665[0m   [32m0.8673[0m        [35m0.2083[0m       [31m0.9300[0m        [94m0.2037[0m     +  23.3705
     14   0.4665   [32m0.8678[0m        [35m0.2067[0m       0.9286        0.2039        23.1650
     15   [36m0.4733[0m   [32m0.8695[0m        [35m0.2066[0m       [31m0.9307[0m        [94m0.2019[0m     +  23.2521
