[32m[I 2022-12-11 12:13:37,211][0m Trial 285 finished with value: 0.3768171921481206 and parameters: {'optimizer__lr': 3.9057226559681554e-05, 'module__dropout': 0.40819307472809135, 'd_model_multiplier': 64, 'module__num_layers': 6, 'module__n_heads': 4, 'module__dim_feedforward': 259, 'iterator_train__batch_size': 117}. Best is trial 231 with value: 0.4798892428044479.[0m
[FileBasedDataset] Initializing dataset...
	Examples: 28559
	Features: 621
	Max length: 120
[FileBasedDataset] Dataset initialization complete
  epoch    auprc    auroc    train_loss    valid_acc    valid_loss    cp      dur
-------  -------  -------  ------------  -----------  ------------  ----  -------
      1   [36m0.3676[0m   [32m0.8083[0m        [35m0.2707[0m       [31m0.9170[0m        [94m0.2340[0m     +  26.6593
      2   [36m0.3851[0m   [32m0.8224[0m        [35m0.2266[0m       [31m0.9198[0m        [94m0.2297[0m     +  24.4766
      3   [36m0.4158[0m   [32m0.8326[0m        [35m0.2238[0m       [31m0.9205[0m        [94m0.2245[0m     +  26.0257
      4   [36m0.4218[0m   [32m0.8393[0m        [35m0.2202[0m       [31m0.9226[0m        [94m0.2220[0m     +  25.5030
      5   [36m0.4280[0m   [32m0.8450[0m        [35m0.2166[0m       [31m0.9240[0m        [94m0.2207[0m     +  25.8563
      6   [36m0.4462[0m   [32m0.8502[0m        [35m0.2133[0m       0.9237        [94m0.2170[0m     +  25.5086
      7   [36m0.4607[0m   [32m0.8537[0m        [35m0.2118[0m       [31m0.9254[0m        [94m0.2156[0m     +  24.1321
      8   0.4592   [32m0.8561[0m        [35m0.2090[0m       0.9240        [94m0.2140[0m     +  26.1288
      9   0.4418   0.8515        [35m0.2071[0m       0.9230        0.2196        25.2362
     10   0.4532   [32m0.8581[0m        [35m0.2056[0m       0.9240        0.2160        26.0247
     11   [36m0.4631[0m   [32m0.8624[0m        [35m0.2039[0m       0.9230        [94m0.2140[0m     +  25.8401
     12   0.4598   [32m0.8629[0m        [35m0.2030[0m       0.9237        0.2158        23.8184
     13   0.4577   0.8605        [35m0.2017[0m       0.9244        0.2184        25.0968
Stopping since valid_loss has not improved in the last 3 epochs.
[32m[I 2022-12-11 12:19:35,911][0m Trial 286 finished with value: 0.4630800155908299 and parameters: {'optimizer__lr': 6.260350557887839e-05, 'module__dropout': 0.21996838016168718, 'd_model_multiplier': 64, 'module__num_layers': 6, 'module__n_heads': 4, 'module__dim_feedforward': 293, 'iterator_train__batch_size': 108}. Best is trial 231 with value: 0.4798892428044479.[0m
[FileBasedDataset] Initializing dataset...
	Examples: 28559
	Features: 621
	Max length: 120
[FileBasedDataset] Dataset initialization complete
  epoch    auprc    auroc    train_loss    valid_acc    valid_loss    cp      dur
-------  -------  -------  ------------  -----------  ------------  ----  -------
      1   [36m0.3156[0m   [32m0.7784[0m        [35m0.2703[0m       [31m0.9170[0m        [94m0.2417[0m     +  25.0444
      2   0.3072   [32m0.7925[0m        [35m0.2270[0m       [31m0.9177[0m        [94m0.2396[0m     +  26.9025
      3   [36m0.3231[0m   [32m0.7998[0m        [35m0.2241[0m       [31m0.9181[0m        [94m0.2364[0m     +  26.5789
      4   [36m0.3245[0m   [32m0.8045[0m        [35m0.2216[0m       [31m0.9191[0m        [94m0.2347[0m     +  27.2447
      5   [36m0.3337[0m   [32m0.8114[0m        [35m0.2186[0m       [31m0.9198[0m        [94m0.2329[0m     +  25.4441
      6   [36m0.3416[0m   [32m0.8171[0m        [35m0.2170[0m       0.9188        [94m0.2303[0m     +  26.5361
      7   [36m0.3496[0m   [32m0.8214[0m        [35m0.2140[0m       0.9177        [94m0.2290[0m     +  25.7328
      8   [36m0.3680[0m   [32m0.8304[0m        [35m0.2124[0m       0.9198        [94m0.2246[0m     +  26.3922
      9   [36m0.3680[0m   [32m0.8331[0m        [35m0.2102[0m       0.9198        [94m0.2231[0m     +  25.4726
     10   [36m0.3731[0m   [32m0.8362[0m        [35m0.2089[0m       0.9195        [94m0.2227[0m     +  25.6531
     11   0.3672   [32m0.8370[0m        [35m0.2057[0m       0.9188        0.2231        25.6612
     12   0.3717   [32m0.8411[0m        [35m0.2050[0m       0.9184        [94m0.2202[0m     +  27.3834
     13   [36m0.3786[0m   [32m0.8412[0m        [35m0.2030[0m       0.9195        [94m0.2201[0m     +  28.2208
     14   [36m0.3850[0m   0.8393        [35m0.2012[0m       0.9195        [94m0.2194[0m     +  26.0827
     15   0.3795   [32m0.8450[0m        0.2017       0.9181        [94m0.2188[0m     +  26.8537
[32m[I 2022-12-11 12:26:13,466][0m Trial 287 finished with value: 0.38504171542646354 and parameters: {'optimizer__lr': 5.360381458350697e-05, 'module__dropout': 0.2423585121201955, 'd_model_multiplier': 64, 'module__num_layers': 6, 'module__n_heads': 4, 'module__dim_feedforward': 297, 'iterator_train__batch_size': 98}. Best is trial 231 with value: 0.4798892428044479.[0m
[FileBasedDataset] Initializing dataset...
	Examples: 28559
	Features: 621
	Max length: 120
[FileBasedDataset] Dataset initialization complete
  epoch    auprc    auroc    train_loss    valid_acc    valid_loss    cp       dur
-------  -------  -------  ------------  -----------  ------------  ----  --------
      1   [36m0.2967[0m   [32m0.7892[0m        [35m0.2366[0m       [31m0.9202[0m        [94m0.2330[0m     +  136.3212
      2   [36m0.3238[0m   [32m0.8026[0m        [35m0.2227[0m       [31m0.9209[0m        [94m0.2258[0m     +  137.1958
      3   [36m0.3361[0m   [32m0.8124[0m        [35m0.2181[0m       0.9184        [94m0.2243[0m     +  137.1335
      4   0.3259   0.8073        [35m0.2132[0m       0.9202        0.2259        136.7315
      5   0.3316   0.8122        [35m0.2075[0m       [31m0.9216[0m        0.2257        136.8234
Stopping since valid_loss has not improved in the last 3 epochs.
[32m[I 2022-12-11 12:40:03,754][0m Trial 288 finished with value: 0.336139962999922 and parameters: {'optimizer__lr': 3.0849032899230394e-05, 'module__dropout': 0.06825474907546815, 'd_model_multiplier': 64, 'module__num_layers': 6, 'module__n_heads': 32, 'module__dim_feedforward': 290, 'iterator_train__batch_size': 86}. Best is trial 231 with value: 0.4798892428044479.[0m
[FileBasedDataset] Initializing dataset...
	Examples: 28559
	Features: 621
	Max length: 120
[FileBasedDataset] Dataset initialization complete
  epoch    auprc    auroc    train_loss    valid_acc    valid_loss    cp      dur
-------  -------  -------  ------------  -----------  ------------  ----  -------
      1   [36m0.3243[0m   [32m0.7793[0m        [35m0.2740[0m       [31m0.9254[0m        [94m0.2243[0m     +  24.4765
      2   [36m0.3357[0m   [32m0.7916[0m        [35m0.2289[0m       0.9251        [94m0.2211[0m     +  25.3266
      3   [36m0.3371[0m   [32m0.8003[0m        [35m0.2258[0m       [31m0.9261[0m        [94m0.2194[0m     +  26.1286
      4   [36m0.3447[0m   [32m0.8068[0m        [35m0.2238[0m       0.9261        [94m0.2185[0m     +  24.3385
      5   [36m0.3643[0m   [32m0.8139[0m        [35m0.2203[0m       [31m0.9265[0m        [94m0.2157[0m     +  23.2866
      6   [36m0.3644[0m   [32m0.8157[0m        [35m0.2187[0m       [31m0.9289[0m        [94m0.2146[0m     +  26.2618
      7   [36m0.3775[0m   [32m0.8201[0m        [35m0.2165[0m       0.9279        0.2149        27.2610
      8   [36m0.3866[0m   [32m0.8261[0m        [35m0.2139[0m       [31m0.9293[0m        [94m0.2115[0m     +  24.8257
      9   [36m0.3878[0m   [32m0.8287[0m        [35m0.2127[0m       [31m0.9296[0m        0.2116        23.7508
     10   [36m0.3969[0m   [32m0.8339[0m        [35m0.2108[0m       0.9296        [94m0.2099[0m     +  25.8955
     11   [36m0.4034[0m   [32m0.8368[0m        [35m0.2092[0m       0.9286        [94m0.2091[0m     +  26.6886
     12   [36m0.4050[0m   0.8357        [35m0.2064[0m       0.9265        0.2110        27.1714
     13   [36m0.4116[0m   [32m0.8417[0m        [35m0.2064[0m       0.9289        [94m0.2066[0m     +  23.4276
     14   [36m0.4161[0m   [32m0.8424[0m        [35m0.2038[0m       0.9268        0.2071        23.6868
     15   [36m0.4172[0m   [32m0.8432[0m        0.2040       0.9275        [94m0.2060[0m     +  23.1480
[32m[I 2022-12-11 12:46:20,989][0m Trial 289 finished with value: 0.4172421252530772 and parameters: {'optimizer__lr': 6.0956424134648386e-05, 'module__dropout': 0.2589657982571609, 'd_model_multiplier': 64, 'module__num_layers': 5, 'module__n_heads': 4, 'module__dim_feedforward': 182, 'iterator_train__batch_size': 111}. Best is trial 231 with value: 0.4798892428044479.[0m
[FileBasedDataset] Initializing dataset...
	Examples: 28559
	Features: 621
	Max length: 120
[FileBasedDataset] Dataset initialization complete
  epoch    auprc    auroc    train_loss    valid_acc    valid_loss    cp      dur
-------  -------  -------  ------------  -----------  ------------  ----  -------
      1   [36m0.0665[0m   [32m0.3345[0m        [35m0.6265[0m       [31m0.9167[0m        [94m0.5258[0m     +  22.4895
      2   [36m0.0716[0m   0.3275        [35m0.4744[0m       0.9167        [94m0.4326[0m     +  23.6014
      3   [36m0.0838[0m   [32m0.3655[0m        [35m0.4066[0m       0.9167        [94m0.3816[0m     +  23.3057
      4   [36m0.1228[0m   [32m0.4313[0m        [35m0.3653[0m       0.9167        [94m0.3479[0m     +  23.3074
      5   [36m0.1582[0m   [32m0.4749[0m        [35m0.3385[0m       [31m0.9170[0m        [94m0.3244[0m     +  23.5827
      6   [36m0.1716[0m   [32m0.5129[0m        [35m0.3201[0m       [31m0.9174[0m        [94m0.3075[0m     +  23.9083
      7   [36m0.1859[0m   [32m0.5392[0m        [35m0.3056[0m       0.9174        [94m0.2952[0m     +  23.6424
      8   [36m0.1968[0m   [32m0.5675[0m        [35m0.2956[0m       0.9174        [94m0.2859[0m     +  24.0093
      9   [36m0.2190[0m   [32m0.5945[0m        [35m0.2876[0m       0.9174        [94m0.2792[0m     +  24.2480
     10   [36m0.2268[0m   [32m0.6100[0m        [35m0.2831[0m       0.9174        [94m0.2741[0m     +  26.6333
     11   [36m0.2331[0m   [32m0.6264[0m        [35m0.2777[0m       0.9174        [94m0.2702[0m     +  26.5596
     12   [36m0.2395[0m   [32m0.6453[0m        [35m0.2755[0m       0.9174        [94m0.2674[0m     +  27.0028
     13   [36m0.2441[0m   [32m0.6552[0m        [35m0.2738[0m       0.9174        [94m0.2651[0m     +  25.3843
     14   [36m0.2496[0m   [32m0.6624[0m        [35m0.2727[0m       0.9174        [94m0.2636[0m     +  23.8785
     15   [36m0.2531[0m   [32m0.6819[0m        [35m0.2704[0m       0.9174        [94m0.2619[0m     +  24.8181
[32m[I 2022-12-11 12:52:28,378][0m Trial 290 finished with value: 0.253143209067304 and parameters: {'optimizer__lr': 9.204885989492966e-05, 'module__dropout': 0.23441677086181167, 'd_model_multiplier': 1, 'module__num_layers': 6, 'module__n_heads': 4, 'module__dim_feedforward': 209, 'iterator_train__batch_size': 103}. Best is trial 231 with value: 0.4798892428044479.[0m
[FileBasedDataset] Initializing dataset...
	Examples: 28559
	Features: 621
	Max length: 120
[FileBasedDataset] Dataset initialization complete
  epoch    auprc    auroc    train_loss    valid_acc    valid_loss    cp      dur
-------  -------  -------  ------------  -----------  ------------  ----  -------
      1   [36m0.2186[0m   [32m0.7219[0m        [35m0.3426[0m       [31m0.9345[0m        [94m0.2261[0m     +  23.9074
      2   [36m0.2606[0m   [32m0.7662[0m        [35m0.2419[0m       [31m0.9363[0m        [94m0.2063[0m     +  24.0205
      3   [36m0.2766[0m   [32m0.7908[0m        [35m0.2324[0m       0.9349        [94m0.2010[0m     +  23.4555
      4   [36m0.2895[0m   [32m0.7969[0m        [35m0.2281[0m       0.9363        [94m0.1974[0m     +  23.6853
      5   [36m0.2909[0m   [32m0.8005[0m        [35m0.2257[0m       0.9356        [94m0.1964[0m     +  24.2196
      6   [36m0.2982[0m   [32m0.8042[0m        [35m0.2244[0m       [31m0.9373[0m        [94m0.1951[0m     +  26.2458
      7   [36m0.3050[0m   [32m0.8079[0m        [35m0.2223[0m       0.9366        [94m0.1942[0m     +  28.0176
      8   [36m0.3134[0m   [32m0.8096[0m        [35m0.2207[0m       [31m0.9377[0m        [94m0.1933[0m     +  25.6924
      9   [36m0.3161[0m   [32m0.8112[0m        [35m0.2194[0m       0.9373        [94m0.1928[0m     +  27.4729
     10   [36m0.3274[0m   [32m0.8153[0m        [35m0.2185[0m       [31m0.9387[0m        [94m0.1918[0m     +  26.3210
     11   0.3245   [32m0.8175[0m        [35m0.2164[0m       0.9377        [94m0.1910[0m     +  25.8823
     12   [36m0.3333[0m   [32m0.8208[0m        [35m0.2144[0m       0.9377        [94m0.1898[0m     +  26.4935
     13   [36m0.3334[0m   [32m0.8218[0m        [35m0.2136[0m       0.9380        0.1898        26.3531
     14   [36m0.3334[0m   [32m0.8248[0m        [35m0.2108[0m       0.9373        [94m0.1895[0m     +  26.1532
     15   [36m0.3392[0m   [32m0.8276[0m        [35m0.2105[0m       0.9373        [94m0.1889[0m     +  25.7416
[32m[I 2022-12-11 12:58:54,510][0m Trial 291 finished with value: 0.3391951276421493 and parameters: {'optimizer__lr': 1.5561304352766926e-05, 'module__dropout': 0.09104353330013339, 'd_model_multiplier': 64, 'module__num_layers': 7, 'module__n_heads': 4, 'module__dim_feedforward': 303, 'iterator_train__batch_size': 116}. Best is trial 231 with value: 0.4798892428044479.[0m
[FileBasedDataset] Initializing dataset...
	Examples: 28559
	Features: 621
	Max length: 120
[FileBasedDataset] Dataset initialization complete
  epoch    auprc    auroc    train_loss    valid_acc    valid_loss    cp      dur
-------  -------  -------  ------------  -----------  ------------  ----  -------
      1   [36m0.3573[0m   [32m0.8038[0m        [35m0.2383[0m       [31m0.9230[0m        [94m0.2298[0m     +  47.8455
      2   [36m0.3673[0m   [32m0.8186[0m        [35m0.2209[0m       0.9212        [94m0.2255[0m     +  47.4689
      3   [36m0.3716[0m   [32m0.8327[0m        [35m0.2163[0m       0.9202        [94m0.2216[0m     +  47.5774
      4   [36m0.3778[0m   [32m0.8421[0m        [35m0.2115[0m       0.9209        [94m0.2188[0m     +  47.6943
      5   [36m0.3894[0m   [32m0.8430[0m        [35m0.2068[0m       0.9216        [94m0.2172[0m     +  47.4408
      6   0.3829   0.8430        [35m0.2009[0m       0.9226        [94m0.2171[0m     +  47.6755
      7   [36m0.3900[0m   0.8398        [35m0.1937[0m       0.9198        0.2176        47.5213
      8   [36m0.3908[0m   0.8390        [35m0.1860[0m       0.9191        0.2229        47.2728
Stopping since valid_loss has not improved in the last 3 epochs.
[32m[I 2022-12-11 13:06:08,149][0m Trial 292 finished with value: 0.3907838318655032 and parameters: {'optimizer__lr': 3.325181673824479e-05, 'module__dropout': 0.05179750499941481, 'd_model_multiplier': 64, 'module__num_layers': 6, 'module__n_heads': 16, 'module__dim_feedforward': 249, 'iterator_train__batch_size': 76}. Best is trial 231 with value: 0.4798892428044479.[0m
[FileBasedDataset] Initializing dataset...
	Examples: 28559
	Features: 621
	Max length: 120
[FileBasedDataset] Dataset initialization complete
  epoch    auprc    auroc    train_loss    valid_acc    valid_loss    cp      dur
-------  -------  -------  ------------  -----------  ------------  ----  -------
      1   [36m0.1725[0m   [32m0.5833[0m        [35m0.3912[0m       [31m0.9202[0m        [94m0.2848[0m     +  22.6743
      2   [36m0.3079[0m   [32m0.7438[0m        [35m0.2638[0m       0.9198        [94m0.2461[0m     +  25.9307
      3   [36m0.3410[0m   [32m0.7770[0m        [35m0.2407[0m       [31m0.9233[0m        [94m0.2357[0m     +  25.6460
      4   [36m0.3586[0m   [32m0.7927[0m        [35m0.2337[0m       [31m0.9240[0m        [94m0.2313[0m     +  25.1290
      5   [36m0.3746[0m   [32m0.8071[0m        [35m0.2304[0m       0.9230        [94m0.2284[0m     +  25.6621
      6   [36m0.3815[0m   [32m0.8143[0m        [35m0.2270[0m       0.9233        [94m0.2267[0m     +  26.0633
      7   [36m0.3830[0m   [32m0.8172[0m        [35m0.2261[0m       0.9240        [94m0.2249[0m     +  26.0871
      8   [36m0.3951[0m   [32m0.8216[0m        [35m0.2239[0m       [31m0.9251[0m        [94m0.2232[0m     +  25.9632
      9   [36m0.3955[0m   [32m0.8237[0m        [35m0.2237[0m       0.9244        0.2235        27.1254
     10   [36m0.4031[0m   [32m0.8261[0m        [35m0.2230[0m       [31m0.9254[0m        [94m0.2218[0m     +  26.4355
     11   0.4005   [32m0.8263[0m        [35m0.2212[0m       0.9244        [94m0.2216[0m     +  24.9733
     12   [36m0.4060[0m   [32m0.8277[0m        [35m0.2203[0m       0.9247        [94m0.2210[0m     +  25.8491
     13   [36m0.4095[0m   [32m0.8313[0m        [35m0.2192[0m       0.9251        [94m0.2205[0m     +  26.8063
     14   [36m0.4157[0m   [32m0.8326[0m        [35m0.2188[0m       [31m0.9261[0m        [94m0.2179[0m     +  25.9656
     15   [36m0.4237[0m   [32m0.8373[0m        [35m0.2178[0m       [31m0.9265[0m        [94m0.2171[0m     +  25.9804
[32m[I 2022-12-11 13:12:35,614][0m Trial 293 finished with value: 0.4237391492799877 and parameters: {'optimizer__lr': 4.698778029262713e-05, 'module__dropout': 0.19375949075316748, 'd_model_multiplier': 16, 'module__num_layers': 5, 'module__n_heads': 4, 'module__dim_feedforward': 356, 'iterator_train__batch_size': 107}. Best is trial 231 with value: 0.4798892428044479.[0m
[FileBasedDataset] Initializing dataset...
	Examples: 28559
	Features: 621
	Max length: 120
[FileBasedDataset] Dataset initialization complete
  epoch    auprc    auroc    train_loss    valid_acc    valid_loss    cp      dur
-------  -------  -------  ------------  -----------  ------------  ----  -------
      1   [36m0.3464[0m   [32m0.7898[0m        [35m0.2758[0m       [31m0.9202[0m        [94m0.2347[0m     +  25.7109
      2   [36m0.3590[0m   [32m0.8123[0m        [35m0.2270[0m       0.9188        [94m0.2290[0m     +  26.9067
      3   0.3587   [32m0.8179[0m        [35m0.2219[0m       0.9177        0.2302        26.6919
      4   [36m0.3697[0m   [32m0.8221[0m        [35m0.2191[0m       0.9191        0.2296        27.5174
      5   [36m0.3793[0m   [32m0.8324[0m        [35m0.2159[0m       0.9202        [94m0.2268[0m     +  26.7670
      6   [36m0.3817[0m   [32m0.8359[0m        [35m0.2120[0m       [31m0.9209[0m        [94m0.2260[0m     +  27.1489
      7   [36m0.3902[0m   [32m0.8406[0m        [35m0.2089[0m       [31m0.9230[0m        [94m0.2235[0m     +  24.1588
      8   [36m0.3958[0m   [32m0.8460[0m        [35m0.2072[0m       0.9219        [94m0.2208[0m     +  26.2934
      9   0.3948   0.8452        [35m0.2045[0m       0.9230        0.2223        24.8601
     10   0.3956   0.8456        [35m0.2021[0m       0.9230        0.2236        24.1231
Stopping since valid_loss has not improved in the last 3 epochs.
[32m[I 2022-12-11 13:17:20,421][0m Trial 294 finished with value: 0.39576773290460665 and parameters: {'optimizer__lr': 7.689491826151063e-05, 'module__dropout': 0.11493051607985341, 'd_model_multiplier': 64, 'module__num_layers': 6, 'module__n_heads': 4, 'module__dim_feedforward': 311, 'iterator_train__batch_size': 188}. Best is trial 231 with value: 0.4798892428044479.[0m
[FileBasedDataset] Initializing dataset...
	Examples: 28559
	Features: 621
	Max length: 120
[FileBasedDataset] Dataset initialization complete
  epoch    auprc    auroc    train_loss    valid_acc    valid_loss    cp       dur
-------  -------  -------  ------------  -----------  ------------  ----  --------
      1   [36m0.2755[0m   [32m0.7918[0m        [35m0.2392[0m       [31m0.9135[0m        [94m0.2417[0m     +  549.8707
      2   0.2751   [32m0.7939[0m        [35m0.2330[0m       [31m0.9153[0m        0.2422        549.9438
      3   0.2743   0.7824        0.2332       [31m0.9181[0m        0.2429        550.0203
Stopping since valid_loss has not improved in the last 3 epochs.
[32m[I 2022-12-11 13:54:13,870][0m Trial 295 finished with value: 0.27549027318106345 and parameters: {'optimizer__lr': 2.064321818558286e-05, 'module__dropout': 0.16070489374510896, 'd_model_multiplier': 64, 'module__num_layers': 7, 'module__n_heads': 64, 'module__dim_feedforward': 291, 'iterator_train__batch_size': 64}. Best is trial 231 with value: 0.4798892428044479.[0m
[FileBasedDataset] Initializing dataset...
	Examples: 28559
	Features: 621
	Max length: 120
[FileBasedDataset] Dataset initialization complete
  epoch    auprc    auroc    train_loss    valid_acc    valid_loss    cp      dur
-------  -------  -------  ------------  -----------  ------------  ----  -------
      1   [36m0.3343[0m   [32m0.8016[0m        [35m0.2497[0m       [31m0.9251[0m        [94m0.2185[0m     +  22.8123
      2   [36m0.3404[0m   [32m0.8157[0m        [35m0.2301[0m       [31m0.9261[0m        [94m0.2158[0m     +  22.1668
      3   0.2103   0.7304        0.2458       0.9230        0.2434        23.4335
      4   0.2119   0.7439        0.2512       0.9230        0.2435        22.5543
Stopping since valid_loss has not improved in the last 3 epochs.
