[32m[I 2022-12-11 06:14:39,396][0m Trial 254 finished with value: 0.3456785354162105 and parameters: {'optimizer__lr': 0.00010144809094276724, 'module__dropout': 0.07865221146200105, 'd_model_multiplier': 64, 'module__num_layers': 7, 'module__n_heads': 4, 'module__dim_feedforward': 297, 'iterator_train__batch_size': 47}. Best is trial 231 with value: 0.4798892428044479.[0m
[FileBasedDataset] Initializing dataset...
	Examples: 28559
	Features: 621
	Max length: 120
[FileBasedDataset] Dataset initialization complete
  epoch    auprc    auroc    train_loss    valid_acc    valid_loss    cp      dur
-------  -------  -------  ------------  -----------  ------------  ----  -------
      1   [36m0.3184[0m   [32m0.7687[0m        [35m0.2925[0m       [31m0.9261[0m        [94m0.2337[0m     +  23.6022
      2   [36m0.3405[0m   [32m0.7886[0m        [35m0.2298[0m       [31m0.9282[0m        [94m0.2284[0m     +  23.7418
      3   [36m0.3479[0m   [32m0.7973[0m        [35m0.2239[0m       0.9275        [94m0.2254[0m     +  23.4445
      4   [36m0.3587[0m   [32m0.8055[0m        [35m0.2200[0m       [31m0.9289[0m        [94m0.2213[0m     +  24.1304
      5   0.3570   [32m0.8093[0m        [35m0.2172[0m       0.9254        0.2225        24.0445
      6   [36m0.3718[0m   [32m0.8159[0m        [35m0.2139[0m       [31m0.9300[0m        [94m0.2173[0m     +  23.9724
      7   [36m0.3872[0m   [32m0.8180[0m        [35m0.2120[0m       0.9296        [94m0.2134[0m     +  23.8420
      8   0.3825   [32m0.8255[0m        [35m0.2093[0m       0.9300        0.2135        24.1285
      9   0.3833   [32m0.8262[0m        [35m0.2086[0m       0.9300        [94m0.2119[0m     +  24.1807
     10   [36m0.4101[0m   [32m0.8265[0m        [35m0.2061[0m       [31m0.9317[0m        [94m0.2109[0m     +  24.0190
     11   [36m0.4164[0m   [32m0.8351[0m        [35m0.2042[0m       0.9307        [94m0.2096[0m     +  24.2230
     12   [36m0.4208[0m   [32m0.8388[0m        [35m0.2037[0m       0.9296        0.2100        24.1575
     13   0.4195   [32m0.8433[0m        [35m0.2020[0m       0.9300        [94m0.2080[0m     +  24.6263
     14   0.4174   0.8363        [35m0.1996[0m       [31m0.9324[0m        0.2115        24.0272
     15   [36m0.4242[0m   0.8411        [35m0.1990[0m       0.9303        0.2082        24.5423
[32m[I 2022-12-11 06:20:41,228][0m Trial 255 finished with value: 0.4242006328543559 and parameters: {'optimizer__lr': 0.0001898581085618928, 'module__dropout': 0.050254450597548204, 'd_model_multiplier': 8, 'module__num_layers': 9, 'module__n_heads': 4, 'module__dim_feedforward': 173, 'iterator_train__batch_size': 52}. Best is trial 231 with value: 0.4798892428044479.[0m
[FileBasedDataset] Initializing dataset...
	Examples: 28559
	Features: 621
	Max length: 120
[FileBasedDataset] Dataset initialization complete
  epoch    auprc    auroc    train_loss    valid_acc    valid_loss    cp      dur
-------  -------  -------  ------------  -----------  ------------  ----  -------
      1   [36m0.1342[0m   [32m0.4773[0m        [35m0.4247[0m       [31m0.9226[0m        [94m0.3078[0m     +  23.9668
      2   [36m0.2060[0m   [32m0.6378[0m        [35m0.2824[0m       0.9219        [94m0.2620[0m     +  24.7513
      3   [36m0.2266[0m   [32m0.6874[0m        [35m0.2600[0m       0.9226        [94m0.2506[0m     +  24.2501
      4   [36m0.2332[0m   [32m0.7080[0m        [35m0.2536[0m       0.9226        [94m0.2466[0m     +  24.8355
      5   [36m0.2368[0m   [32m0.7154[0m        [35m0.2521[0m       0.9226        [94m0.2449[0m     +  24.3489
      6   0.2308   0.7018        [35m0.2510[0m       0.9226        [94m0.2442[0m     +  24.5200
      7   [36m0.2376[0m   [32m0.7233[0m        [35m0.2507[0m       0.9226        [94m0.2438[0m     +  25.4180
      8   0.2339   0.7112        [35m0.2501[0m       0.9226        [94m0.2435[0m     +  26.1370
      9   0.2370   [32m0.7313[0m        [35m0.2496[0m       0.9226        [94m0.2433[0m     +  25.1014
     10   0.2309   0.7083        [35m0.2492[0m       0.9226        [94m0.2432[0m     +  25.3311
     11   0.2332   0.7172        0.2501       [31m0.9230[0m        [94m0.2431[0m     +  25.4003
     12   0.2326   0.7232        0.2495       0.9230        [94m0.2430[0m     +  24.4204
     13   0.2348   [32m0.7367[0m        0.2502       0.9230        [94m0.2430[0m     +  24.2339
     14   0.2313   0.7154        [35m0.2490[0m       0.9230        [94m0.2429[0m     +  23.3388
     15   0.2358   0.7363        [35m0.2490[0m       0.9230        0.2429        23.1828
[32m[I 2022-12-11 06:26:51,736][0m Trial 256 finished with value: 0.23761648653408873 and parameters: {'optimizer__lr': 0.0003802556158103271, 'module__dropout': 0.027774365764242005, 'd_model_multiplier': 1, 'module__num_layers': 8, 'module__n_heads': 4, 'module__dim_feedforward': 282, 'iterator_train__batch_size': 64}. Best is trial 231 with value: 0.4798892428044479.[0m
[FileBasedDataset] Initializing dataset...
	Examples: 28559
	Features: 621
	Max length: 120
[FileBasedDataset] Dataset initialization complete
  epoch    auprc    auroc    train_loss    valid_acc    valid_loss    cp      dur
-------  -------  -------  ------------  -----------  ------------  ----  -------
      1   [36m0.2776[0m   [32m0.7698[0m        [35m0.3074[0m       [31m0.9251[0m        [94m0.2410[0m     +  22.6583
      2   [36m0.3148[0m   [32m0.8023[0m        [35m0.2410[0m       0.9212        [94m0.2236[0m     +  23.5685
      3   [36m0.3244[0m   [32m0.8108[0m        [35m0.2354[0m       0.9226        [94m0.2225[0m     +  23.1131
      4   [36m0.3330[0m   [32m0.8199[0m        [35m0.2303[0m       0.9226        [94m0.2194[0m     +  23.2482
      5   [36m0.3522[0m   [32m0.8256[0m        0.2306       0.9233        [94m0.2144[0m     +  23.3554
      6   [36m0.3553[0m   [32m0.8266[0m        [35m0.2269[0m       [31m0.9272[0m        [94m0.2135[0m     +  23.5361
      7   [36m0.3567[0m   [32m0.8292[0m        [35m0.2234[0m       0.9268        0.2142        23.2756
      8   [36m0.3660[0m   [32m0.8336[0m        0.2256       [31m0.9275[0m        [94m0.2111[0m     +  23.5516
      9   0.3585   0.8311        0.2243       0.9275        0.2127        23.6095
     10   0.3646   0.8315        [35m0.2227[0m       0.9268        0.2118        23.5912
Stopping since valid_loss has not improved in the last 3 epochs.
[32m[I 2022-12-11 06:31:10,263][0m Trial 257 finished with value: 0.3660368191593703 and parameters: {'optimizer__lr': 0.00013335848356024242, 'module__dropout': 0.39403044635665085, 'd_model_multiplier': 8, 'module__num_layers': 7, 'module__n_heads': 4, 'module__dim_feedforward': 270, 'iterator_train__batch_size': 36}. Best is trial 231 with value: 0.4798892428044479.[0m
[FileBasedDataset] Initializing dataset...
	Examples: 28559
	Features: 621
	Max length: 120
[FileBasedDataset] Dataset initialization complete
  epoch    auprc    auroc    train_loss    valid_acc    valid_loss    cp      dur
-------  -------  -------  ------------  -----------  ------------  ----  -------
      1   [36m0.3087[0m   [32m0.7910[0m        [35m0.2515[0m       [31m0.9268[0m        [94m0.2269[0m     +  24.1738
      2   [36m0.3389[0m   [32m0.8138[0m        [35m0.2245[0m       [31m0.9275[0m        [94m0.2223[0m     +  24.3042
      3   [36m0.3517[0m   [32m0.8264[0m        [35m0.2201[0m       [31m0.9293[0m        [94m0.2189[0m     +  23.7859
      4   [36m0.3555[0m   [32m0.8277[0m        [35m0.2165[0m       0.9272        [94m0.2171[0m     +  23.8406
      5   0.3462   [32m0.8334[0m        [35m0.2117[0m       0.9265        0.2189        23.3792
      6   [36m0.3640[0m   [32m0.8456[0m        [35m0.2077[0m       0.9272        [94m0.2149[0m     +  23.9819
      7   0.3589   0.8432        [35m0.2047[0m       0.9268        0.2175        23.4604
      8   [36m0.3670[0m   [32m0.8458[0m        [35m0.2021[0m       0.9247        0.2156        23.4709
Stopping since valid_loss has not improved in the last 3 epochs.
[32m[I 2022-12-11 06:34:44,892][0m Trial 258 finished with value: 0.36696821434398247 and parameters: {'optimizer__lr': 5.449716017196445e-05, 'module__dropout': 0.0686503945934676, 'd_model_multiplier': 64, 'module__num_layers': 8, 'module__n_heads': 4, 'module__dim_feedforward': 193, 'iterator_train__batch_size': 55}. Best is trial 231 with value: 0.4798892428044479.[0m
[FileBasedDataset] Initializing dataset...
	Examples: 28559
	Features: 621
	Max length: 120
[FileBasedDataset] Dataset initialization complete
  epoch    auprc    auroc    train_loss    valid_acc    valid_loss    cp      dur
-------  -------  -------  ------------  -----------  ------------  ----  -------
      1   [36m0.2740[0m   [32m0.7569[0m        [35m0.2425[0m       [31m0.9167[0m        [94m0.2543[0m     +  24.9441
      2   0.2528   0.7456        [35m0.2363[0m       0.9163        0.2586        25.1063
      3   0.1971   0.7215        0.2487       0.9146        0.2682        25.0334
Stopping since valid_loss has not improved in the last 3 epochs.
[32m[I 2022-12-11 06:36:25,180][0m Trial 259 finished with value: 0.27403268410057824 and parameters: {'optimizer__lr': 0.00025124921617888517, 'module__dropout': 0.03817097569112548, 'd_model_multiplier': 8, 'module__num_layers': 7, 'module__n_heads': 32, 'module__dim_feedforward': 304, 'iterator_train__batch_size': 46}. Best is trial 231 with value: 0.4798892428044479.[0m
[FileBasedDataset] Initializing dataset...
	Examples: 28559
	Features: 621
	Max length: 120
[FileBasedDataset] Dataset initialization complete
  epoch    auprc    auroc    train_loss    valid_acc    valid_loss    cp      dur
-------  -------  -------  ------------  -----------  ------------  ----  -------
      1   [36m0.2705[0m   [32m0.6643[0m        [35m0.3401[0m       [31m0.9153[0m        [94m0.2693[0m     +  22.7293
      2   [36m0.3203[0m   [32m0.7317[0m        [35m0.2364[0m       [31m0.9195[0m        [94m0.2528[0m     +  23.2198
      3   [36m0.3358[0m   [32m0.7575[0m        [35m0.2257[0m       0.9184        [94m0.2481[0m     +  23.3891
      4   [36m0.3482[0m   [32m0.7703[0m        [35m0.2221[0m       0.9188        [94m0.2450[0m     +  23.0869
      5   [36m0.3626[0m   [32m0.7801[0m        [35m0.2188[0m       0.9191        [94m0.2420[0m     +  23.4266
      6   [36m0.3743[0m   [32m0.7881[0m        [35m0.2165[0m       0.9188        [94m0.2407[0m     +  23.2316
      7   [36m0.3826[0m   [32m0.7994[0m        [35m0.2142[0m       0.9188        [94m0.2365[0m     +  23.3204
      8   [36m0.3840[0m   [32m0.8041[0m        [35m0.2124[0m       [31m0.9198[0m        [94m0.2352[0m     +  23.5019
      9   [36m0.3910[0m   [32m0.8101[0m        [35m0.2109[0m       0.9191        [94m0.2333[0m     +  23.2475
     10   0.3890   [32m0.8143[0m        [35m0.2094[0m       0.9191        [94m0.2310[0m     +  23.6730
     11   [36m0.3937[0m   0.8130        [35m0.2082[0m       0.9195        [94m0.2310[0m     +  23.0721
     12   0.3932   [32m0.8177[0m        [35m0.2066[0m       [31m0.9205[0m        [94m0.2305[0m     +  23.1803
     13   [36m0.3964[0m   0.8137        [35m0.2048[0m       0.9202        0.2310        23.7632
     14   0.3951   0.8159        [35m0.2040[0m       [31m0.9209[0m        0.2309        23.6058
     15   0.3961   [32m0.8188[0m        [35m0.2035[0m       0.9202        [94m0.2298[0m     +  22.8966
[32m[I 2022-12-11 06:42:15,760][0m Trial 260 finished with value: 0.3964485368313322 and parameters: {'optimizer__lr': 9.497456421409468e-05, 'module__dropout': 0.09394777752759335, 'd_model_multiplier': 8, 'module__num_layers': 8, 'module__n_heads': 4, 'module__dim_feedforward': 159, 'iterator_train__batch_size': 60}. Best is trial 231 with value: 0.4798892428044479.[0m
[FileBasedDataset] Initializing dataset...
	Examples: 28559
	Features: 621
	Max length: 120
[FileBasedDataset] Dataset initialization complete
  epoch    auprc    auroc    train_loss    valid_acc    valid_loss    cp      dur
-------  -------  -------  ------------  -----------  ------------  ----  -------
      1   [36m0.2610[0m   [32m0.7744[0m        [35m0.2569[0m       [31m0.9198[0m        [94m0.2335[0m     +  29.4690
      2   [36m0.2664[0m   [32m0.7778[0m        [35m0.2468[0m       [31m0.9223[0m        [94m0.2297[0m     +  30.0306
      3   0.2212   0.7433        0.2523       [31m0.9244[0m        0.2398        29.0400
      4   0.2219   0.7467        0.2533       [31m0.9254[0m        0.2375        28.7045
Stopping since valid_loss has not improved in the last 3 epochs.
[32m[I 2022-12-11 06:44:43,154][0m Trial 261 finished with value: 0.2663909408192786 and parameters: {'optimizer__lr': 0.0006521621516753858, 'module__dropout': 0.05407225239782593, 'd_model_multiplier': 64, 'module__num_layers': 9, 'module__n_heads': 4, 'module__dim_feedforward': 131, 'iterator_train__batch_size': 28}. Best is trial 231 with value: 0.4798892428044479.[0m
[FileBasedDataset] Initializing dataset...
	Examples: 28559
	Features: 621
	Max length: 120
[FileBasedDataset] Dataset initialization complete
  epoch    auprc    auroc    train_loss    valid_acc    valid_loss    cp      dur
-------  -------  -------  ------------  -----------  ------------  ----  -------
      1   [36m0.3726[0m   [32m0.8286[0m        [35m0.2782[0m       [31m0.9261[0m        [94m0.2117[0m     +  23.6086
      2   [36m0.3775[0m   [32m0.8355[0m        [35m0.2260[0m       [31m0.9272[0m        [94m0.2090[0m     +  23.3278
      3   [36m0.3805[0m   [32m0.8394[0m        [35m0.2199[0m       0.9265        [94m0.2089[0m     +  23.4463
      4   [36m0.3907[0m   [32m0.8478[0m        [35m0.2153[0m       [31m0.9275[0m        [94m0.2054[0m     +  23.4555
      5   [36m0.3986[0m   [32m0.8531[0m        [35m0.2112[0m       [31m0.9289[0m        [94m0.2038[0m     +  23.1380
      6   [36m0.4019[0m   [32m0.8555[0m        [35m0.2078[0m       0.9286        0.2045        22.7899
      7   0.4001   [32m0.8589[0m        [35m0.2052[0m       0.9286        [94m0.2038[0m     +  22.9302
      8   [36m0.4047[0m   [32m0.8626[0m        [35m0.2029[0m       0.9279        [94m0.2033[0m     +  23.6838
      9   0.4041   0.8618        [35m0.2012[0m       0.9282        0.2055        23.1775
     10   0.3972   [32m0.8644[0m        [35m0.1995[0m       0.9265        0.2035        23.4141
     11   [36m0.4087[0m   [32m0.8690[0m        [35m0.1988[0m       0.9282        [94m0.2013[0m     +  23.8177
     12   [36m0.4135[0m   0.8675        [35m0.1969[0m       0.9258        0.2022        23.1599
     13   [36m0.4277[0m   [32m0.8703[0m        [35m0.1949[0m       0.9268        [94m0.2001[0m     +  23.1930
     14   0.4157   [32m0.8707[0m        [35m0.1945[0m       0.9265        0.2009        23.1637
     15   0.4246   0.8696        [35m0.1919[0m       0.9265        0.2002        22.4858
[32m[I 2022-12-11 06:50:33,014][0m Trial 262 finished with value: 0.42773742134540205 and parameters: {'optimizer__lr': 0.0001706883383425144, 'module__dropout': 0.02321309665884426, 'd_model_multiplier': 8, 'module__num_layers': 7, 'module__n_heads': 4, 'module__dim_feedforward': 237, 'iterator_train__batch_size': 40}. Best is trial 231 with value: 0.4798892428044479.[0m
[FileBasedDataset] Initializing dataset...
	Examples: 28559
	Features: 621
	Max length: 120
[FileBasedDataset] Dataset initialization complete
  epoch    auprc    auroc    train_loss    valid_acc    valid_loss    cp      dur
-------  -------  -------  ------------  -----------  ------------  ----  -------
      1   [36m0.3729[0m   [32m0.7782[0m        [35m0.2430[0m       [31m0.9219[0m        [94m0.2408[0m     +  22.5670
      2   [36m0.4102[0m   [32m0.8030[0m        [35m0.2207[0m       [31m0.9237[0m        [94m0.2298[0m     +  23.2427
      3   [36m0.4202[0m   [32m0.8177[0m        [35m0.2140[0m       [31m0.9258[0m        [94m0.2251[0m     +  22.9910
      4   [36m0.4353[0m   [32m0.8270[0m        [35m0.2090[0m       [31m0.9265[0m        [94m0.2215[0m     +  23.4100
      5   [36m0.4486[0m   [32m0.8372[0m        [35m0.2038[0m       0.9230        [94m0.2187[0m     +  23.2519
      6   0.4355   [32m0.8393[0m        [35m0.1990[0m       0.9212        0.2206        23.4174
      7   [36m0.4665[0m   [32m0.8485[0m        [35m0.1933[0m       0.9230        [94m0.2147[0m     +  23.8098
      8   0.4633   [32m0.8497[0m        [35m0.1885[0m       0.9244        [94m0.2141[0m     +  23.2988
      9   0.4535   0.8446        [35m0.1834[0m       0.9223        0.2193        23.1253
     10   0.4603   0.8451        [35m0.1778[0m       0.9265        0.2165        23.0185
Stopping since valid_loss has not improved in the last 3 epochs.
[32m[I 2022-12-11 06:54:49,815][0m Trial 263 finished with value: 0.46648534520119733 and parameters: {'optimizer__lr': 7.747749901888724e-05, 'module__dropout': 0.04582991508737443, 'd_model_multiplier': 64, 'module__num_layers': 6, 'module__n_heads': 4, 'module__dim_feedforward': 293, 'iterator_train__batch_size': 50}. Best is trial 231 with value: 0.4798892428044479.[0m
[FileBasedDataset] Initializing dataset...
	Examples: 28559
	Features: 621
	Max length: 120
[FileBasedDataset] Dataset initialization complete
  epoch    auprc    auroc    train_loss    valid_acc    valid_loss    cp      dur
-------  -------  -------  ------------  -----------  ------------  ----  -------
      1   [36m0.3611[0m   [32m0.8195[0m        [35m0.2567[0m       [31m0.9279[0m        [94m0.2125[0m     +  22.2316
      2   [36m0.3842[0m   [32m0.8349[0m        [35m0.2259[0m       0.9279        [94m0.2076[0m     +  22.9641
      3   [36m0.3898[0m   [32m0.8387[0m        [35m0.2217[0m       [31m0.9300[0m        [94m0.2051[0m     +  23.2510
      4   [36m0.4092[0m   [32m0.8479[0m        [35m0.2165[0m       [31m0.9303[0m        [94m0.2012[0m     +  22.8105
      5   [36m0.4222[0m   [32m0.8585[0m        [35m0.2121[0m       0.9296        [94m0.1983[0m     +  23.6163
      6   0.4170   0.8582        [35m0.2069[0m       [31m0.9310[0m        0.1988        23.4735
      7   0.4195   [32m0.8618[0m        [35m0.2038[0m       0.9303        [94m0.1971[0m     +  23.1754
      8   [36m0.4248[0m   [32m0.8657[0m        [35m0.2009[0m       0.9282        [94m0.1955[0m     +  23.2193
      9   [36m0.4357[0m   [32m0.8703[0m        [35m0.1977[0m       0.9300        [94m0.1938[0m     +  23.0842
     10   0.4318   0.8692        [35m0.1943[0m       0.9296        0.1946        23.1248
     11   0.4308   0.8670        [35m0.1923[0m       0.9289        0.1945        23.0718
Stopping since valid_loss has not improved in the last 3 epochs.
[32m[I 2022-12-11 06:59:28,115][0m Trial 264 finished with value: 0.4357376924402439 and parameters: {'optimizer__lr': 3.947493679357871e-05, 'module__dropout': 0.07852933694154182, 'd_model_multiplier': 64, 'module__num_layers': 6, 'module__n_heads': 4, 'module__dim_feedforward': 186, 'iterator_train__batch_size': 50}. Best is trial 231 with value: 0.4798892428044479.[0m
[FileBasedDataset] Initializing dataset...
	Examples: 28559
	Features: 621
	Max length: 120
[FileBasedDataset] Dataset initialization complete
  epoch    auprc    auroc    train_loss    valid_acc    valid_loss    cp      dur
-------  -------  -------  ------------  -----------  ------------  ----  -------
      1   [36m0.3317[0m   [32m0.7786[0m        [35m0.2660[0m       [31m0.9177[0m        [94m0.2450[0m     +  22.3892
      2   [36m0.3363[0m   [32m0.7957[0m        [35m0.2242[0m       0.9177        [94m0.2417[0m     +  23.2415
      3   [36m0.3532[0m   [32m0.8072[0m        [35m0.2209[0m       [31m0.9184[0m        [94m0.2375[0m     +  23.2037
      4   [36m0.3655[0m   [32m0.8163[0m        [35m0.2166[0m       [31m0.9191[0m        [94m0.2352[0m     +  22.9646
      5   [36m0.3848[0m   [32m0.8226[0m        [35m0.2134[0m       [31m0.9209[0m        [94m0.2310[0m     +  23.2148
      6   [36m0.3980[0m   [32m0.8276[0m        [35m0.2103[0m       [31m0.9223[0m        [94m0.2277[0m     +  22.8446
      7   [36m0.4001[0m   0.8255        [35m0.2068[0m       [31m0.9233[0m        0.2290        23.2673
      8   [36m0.4083[0m   [32m0.8290[0m        [35m0.2037[0m       0.9230        [94m0.2262[0m     +  23.8320
      9   0.4035   [32m0.8305[0m        [35m0.2014[0m       0.9209        0.2269        23.4892
     10   [36m0.4112[0m   [32m0.8318[0m        [35m0.1986[0m       0.9226        [94m0.2254[0m     +  23.1360
     11   0.4051   [32m0.8332[0m        [35m0.1968[0m       0.9212        0.2257        23.5253
     12   [36m0.4173[0m   [32m0.8339[0m        [35m0.1942[0m       [31m0.9240[0m        0.2254        23.7832
Stopping since valid_loss has not improved in the last 3 epochs.
