[32m[I 2022-12-11 21:17:55,898][0m Trial 380 finished with value: 0.4646758759443358 and parameters: {'optimizer__lr': 0.0007140786470414451, 'module__dropout': 0.14591037626658887, 'd_model_multiplier': 4, 'module__num_layers': 1, 'module__n_heads': 8, 'module__dim_feedforward': 264, 'iterator_train__batch_size': 76}. Best is trial 231 with value: 0.4798892428044479.[0m
[FileBasedDataset] Initializing dataset...
	Examples: 28559
	Features: 621
	Max length: 120
[FileBasedDataset] Dataset initialization complete
  epoch    auprc    auroc    train_loss    valid_acc    valid_loss    cp      dur
-------  -------  -------  ------------  -----------  ------------  ----  -------
      1   [36m0.3780[0m   [32m0.7978[0m        [35m0.2472[0m       [31m0.9251[0m        [94m0.2252[0m     +  22.6594
      2   [36m0.4146[0m   [32m0.8072[0m        [35m0.2232[0m       [31m0.9268[0m        [94m0.2213[0m     +  22.7923
      3   [36m0.4314[0m   [32m0.8103[0m        [35m0.2191[0m       0.9268        [94m0.2193[0m     +  22.7902
      4   0.4281   [32m0.8112[0m        [35m0.2154[0m       0.9261        [94m0.2191[0m     +  23.2125
      5   [36m0.4395[0m   [32m0.8175[0m        [35m0.2141[0m       [31m0.9279[0m        [94m0.2179[0m     +  22.8356
      6   0.4312   0.8175        [35m0.2126[0m       0.9265        [94m0.2177[0m     +  22.4995
      7   0.4374   [32m0.8193[0m        [35m0.2116[0m       0.9272        [94m0.2166[0m     +  22.7413
      8   0.4348   [32m0.8220[0m        [35m0.2092[0m       [31m0.9293[0m        0.2166        22.2194
      9   0.4358   0.8201        [35m0.2074[0m       0.9286        [94m0.2165[0m     +  22.2808
     10   0.4325   0.8202        [35m0.2068[0m       0.9282        0.2167        22.6376
     11   [36m0.4426[0m   [32m0.8223[0m        [35m0.2061[0m       0.9282        0.2174        23.0771
Stopping since valid_loss has not improved in the last 3 epochs.
[32m[I 2022-12-11 21:22:28,440][0m Trial 381 finished with value: 0.4426133164599796 and parameters: {'optimizer__lr': 0.0013003154695771517, 'module__dropout': 0.14974230808553865, 'd_model_multiplier': 4, 'module__num_layers': 1, 'module__n_heads': 8, 'module__dim_feedforward': 264, 'iterator_train__batch_size': 75}. Best is trial 231 with value: 0.4798892428044479.[0m
[FileBasedDataset] Initializing dataset...
	Examples: 28559
	Features: 621
	Max length: 120
[FileBasedDataset] Dataset initialization complete
  epoch    auprc    auroc    train_loss    valid_acc    valid_loss    cp      dur
-------  -------  -------  ------------  -----------  ------------  ----  -------
      1   [36m0.4722[0m   [32m0.8445[0m        [35m0.2431[0m       [31m0.9275[0m        [94m0.2162[0m     +  22.3105
      2   [36m0.4849[0m   [32m0.8527[0m        [35m0.2257[0m       0.9265        [94m0.2122[0m     +  22.8334
      3   0.4566   0.8453        [35m0.2212[0m       0.9230        0.2205        22.4447
      4   0.4792   [32m0.8578[0m        [35m0.2187[0m       0.9272        [94m0.2112[0m     +  23.0759
      5   [36m0.4927[0m   [32m0.8589[0m        [35m0.2164[0m       [31m0.9279[0m        [94m0.2088[0m     +  22.7582
      6   [36m0.5111[0m   [32m0.8652[0m        [35m0.2125[0m       [31m0.9300[0m        [94m0.2045[0m     +  22.7575
      7   0.4810   0.8618        [35m0.2121[0m       0.9244        0.2070        22.8414
      8   0.5076   0.8626        [35m0.2118[0m       0.9282        0.2063        24.0798
Stopping since valid_loss has not improved in the last 3 epochs.
[32m[I 2022-12-11 21:25:55,250][0m Trial 382 finished with value: 0.5110916005289956 and parameters: {'optimizer__lr': 0.002656205687468148, 'module__dropout': 0.13910274697124775, 'd_model_multiplier': 4, 'module__num_layers': 1, 'module__n_heads': 8, 'module__dim_feedforward': 268, 'iterator_train__batch_size': 83}. Best is trial 382 with value: 0.5110916005289956.[0m
[FileBasedDataset] Initializing dataset...
	Examples: 28559
	Features: 621
	Max length: 120
[FileBasedDataset] Dataset initialization complete
  epoch    auprc    auroc    train_loss    valid_acc    valid_loss    cp      dur
-------  -------  -------  ------------  -----------  ------------  ----  -------
      1   [36m0.3188[0m   [32m0.8126[0m        [35m0.2455[0m       [31m0.9324[0m        [94m0.2007[0m     +  22.8429
      2   [36m0.3375[0m   [32m0.8276[0m        [35m0.2279[0m       [31m0.9342[0m        [94m0.1961[0m     +  23.4194
      3   [36m0.3529[0m   [32m0.8316[0m        [35m0.2227[0m       [31m0.9356[0m        [94m0.1934[0m     +  23.3386
      4   [36m0.3547[0m   [32m0.8347[0m        [35m0.2203[0m       [31m0.9359[0m        [94m0.1922[0m     +  23.0128
      5   [36m0.3573[0m   [32m0.8348[0m        [35m0.2175[0m       0.9352        0.1925        22.9903
      6   0.3516   0.8346        [35m0.2166[0m       0.9345        0.1927        22.8446
Stopping since valid_loss has not improved in the last 3 epochs.
[32m[I 2022-12-11 21:28:37,355][0m Trial 383 finished with value: 0.3572528026696197 and parameters: {'optimizer__lr': 0.0024144760750045946, 'module__dropout': 0.157562198318706, 'd_model_multiplier': 4, 'module__num_layers': 1, 'module__n_heads': 8, 'module__dim_feedforward': 269, 'iterator_train__batch_size': 81}. Best is trial 382 with value: 0.5110916005289956.[0m
[FileBasedDataset] Initializing dataset...
	Examples: 28559
	Features: 621
	Max length: 120
[FileBasedDataset] Dataset initialization complete
  epoch    auprc    auroc    train_loss    valid_acc    valid_loss    cp      dur
-------  -------  -------  ------------  -----------  ------------  ----  -------
      1   [36m0.3743[0m   [32m0.7933[0m        [35m0.2723[0m       [31m0.9254[0m        [94m0.2243[0m     +  23.6499
      2   [36m0.4031[0m   [32m0.8105[0m        [35m0.2246[0m       [31m0.9279[0m        [94m0.2187[0m     +  24.5990
      3   0.3926   0.8090        [35m0.2217[0m       0.9268        0.2225        23.8546
      4   0.3869   [32m0.8110[0m        [35m0.2194[0m       [31m0.9282[0m        0.2225        23.8522
      5   0.3992   [32m0.8222[0m        [35m0.2185[0m       0.9279        [94m0.2179[0m     +  23.6558
      6   [36m0.4143[0m   [32m0.8271[0m        [35m0.2164[0m       0.9275        [94m0.2152[0m     +  23.6209
      7   0.4055   [32m0.8286[0m        [35m0.2159[0m       0.9282        0.2165        24.0890
      8   0.4033   [32m0.8286[0m        [35m0.2137[0m       0.9275        0.2179        23.9665
      9   [36m0.4145[0m   [32m0.8370[0m        [35m0.2125[0m       [31m0.9286[0m        [94m0.2126[0m     +  24.2141
     10   [36m0.4222[0m   [32m0.8402[0m        [35m0.2110[0m       [31m0.9293[0m        [94m0.2124[0m     +  23.4933
     11   0.4140   0.8375        [35m0.2099[0m       0.9286        0.2155        23.8646
     12   0.4204   0.8400        [35m0.2080[0m       0.9286        0.2141        23.3512
Stopping since valid_loss has not improved in the last 3 epochs.
[32m[I 2022-12-11 21:33:47,733][0m Trial 384 finished with value: 0.4221730620867369 and parameters: {'optimizer__lr': 0.0016824339572605663, 'module__dropout': 0.15165493781533448, 'd_model_multiplier': 4, 'module__num_layers': 1, 'module__n_heads': 8, 'module__dim_feedforward': 265, 'iterator_train__batch_size': 256}. Best is trial 382 with value: 0.5110916005289956.[0m
[FileBasedDataset] Initializing dataset...
	Examples: 28559
	Features: 621
	Max length: 120
[FileBasedDataset] Dataset initialization complete
  epoch    auprc    auroc    train_loss    valid_acc    valid_loss    cp      dur
-------  -------  -------  ------------  -----------  ------------  ----  -------
      1   [36m0.3558[0m   [32m0.7870[0m        [35m0.2521[0m       [31m0.9272[0m        [94m0.2162[0m     +  22.7135
      2   [36m0.3746[0m   [32m0.8023[0m        [35m0.2250[0m       [31m0.9310[0m        [94m0.2092[0m     +  23.5258
      3   [36m0.3845[0m   [32m0.8125[0m        [35m0.2208[0m       0.9310        [94m0.2070[0m     +  23.7014
      4   [36m0.3926[0m   [32m0.8232[0m        [35m0.2193[0m       [31m0.9317[0m        [94m0.2023[0m     +  22.7211
      5   0.3791   [32m0.8239[0m        [35m0.2165[0m       [31m0.9321[0m        0.2025        22.8701
      6   [36m0.3996[0m   [32m0.8285[0m        [35m0.2128[0m       [31m0.9328[0m        [94m0.2014[0m     +  23.3093
      7   0.3756   0.8247        [35m0.2122[0m       0.9317        0.2029        23.3838
      8   0.3940   0.8269        [35m0.2105[0m       0.9303        [94m0.2005[0m     +  23.1210
      9   0.3836   [32m0.8292[0m        [35m0.2100[0m       0.9289        0.2024        23.5433
     10   [36m0.4028[0m   0.8281        [35m0.2086[0m       0.9303        0.2016        22.7415
Stopping since valid_loss has not improved in the last 3 epochs.
[32m[I 2022-12-11 21:38:02,795][0m Trial 385 finished with value: 0.4027774275855977 and parameters: {'optimizer__lr': 0.001430008838403039, 'module__dropout': 0.13371824474112157, 'd_model_multiplier': 4, 'module__num_layers': 1, 'module__n_heads': 8, 'module__dim_feedforward': 273, 'iterator_train__batch_size': 85}. Best is trial 382 with value: 0.5110916005289956.[0m
[FileBasedDataset] Initializing dataset...
	Examples: 28559
	Features: 621
	Max length: 120
[FileBasedDataset] Dataset initialization complete
  epoch    auprc    auroc    train_loss    valid_acc    valid_loss    cp      dur
-------  -------  -------  ------------  -----------  ------------  ----  -------
      1   [36m0.3550[0m   [32m0.8236[0m        [35m0.2498[0m       [31m0.9230[0m        [94m0.2237[0m     +  22.7931
      2   [36m0.3624[0m   [32m0.8268[0m        [35m0.2227[0m       [31m0.9233[0m        [94m0.2210[0m     +  23.1375
      3   [36m0.3670[0m   [32m0.8360[0m        [35m0.2196[0m       [31m0.9265[0m        [94m0.2179[0m     +  23.1906
      4   [36m0.3691[0m   [32m0.8386[0m        [35m0.2165[0m       0.9258        0.2232        22.8256
      5   [36m0.3742[0m   [32m0.8402[0m        [35m0.2152[0m       0.9251        0.2192        23.1941
      6   [36m0.3891[0m   0.8390        [35m0.2124[0m       0.9258        [94m0.2175[0m     +  22.6318
      7   0.3769   [32m0.8412[0m        [35m0.2124[0m       0.9251        [94m0.2167[0m     +  23.0933
      8   0.3831   [32m0.8453[0m        [35m0.2100[0m       0.9251        [94m0.2147[0m     +  22.9730
      9   [36m0.3943[0m   [32m0.8467[0m        0.2105       0.9240        [94m0.2120[0m     +  22.5094
     10   0.3853   0.8444        [35m0.2082[0m       0.9254        0.2165        23.2786
     11   [36m0.3945[0m   [32m0.8487[0m        0.2094       0.9247        0.2122        22.8438
Stopping since valid_loss has not improved in the last 3 epochs.
[32m[I 2022-12-11 21:42:38,906][0m Trial 386 finished with value: 0.3944669368412066 and parameters: {'optimizer__lr': 0.0011442723976205034, 'module__dropout': 0.17698094193250294, 'd_model_multiplier': 4, 'module__num_layers': 1, 'module__n_heads': 8, 'module__dim_feedforward': 268, 'iterator_train__batch_size': 72}. Best is trial 382 with value: 0.5110916005289956.[0m
[FileBasedDataset] Initializing dataset...
	Examples: 28559
	Features: 621
	Max length: 120
[FileBasedDataset] Dataset initialization complete
  epoch    auprc    auroc    train_loss    valid_acc    valid_loss    cp      dur
-------  -------  -------  ------------  -----------  ------------  ----  -------
      1   [36m0.3525[0m   [32m0.7976[0m        [35m0.2394[0m       [31m0.9198[0m        [94m0.2392[0m     +  22.9286
      2   [36m0.3714[0m   [32m0.8097[0m        [35m0.2230[0m       0.9174        [94m0.2362[0m     +  23.0285
      3   [36m0.3723[0m   [32m0.8148[0m        [35m0.2195[0m       [31m0.9205[0m        [94m0.2334[0m     +  23.6301
      4   [36m0.3937[0m   [32m0.8259[0m        [35m0.2172[0m       [31m0.9219[0m        0.2372        23.8117
      5   0.3862   0.8247        [35m0.2152[0m       0.9205        0.2344        24.2698
Stopping since valid_loss has not improved in the last 3 epochs.
[32m[I 2022-12-11 21:45:00,195][0m Trial 387 finished with value: 0.3937251898663532 and parameters: {'optimizer__lr': 0.0033097609402195464, 'module__dropout': 0.1621177353487922, 'd_model_multiplier': 4, 'module__num_layers': 1, 'module__n_heads': 8, 'module__dim_feedforward': 276, 'iterator_train__batch_size': 82}. Best is trial 382 with value: 0.5110916005289956.[0m
[FileBasedDataset] Initializing dataset...
	Examples: 28559
	Features: 621
	Max length: 120
[FileBasedDataset] Dataset initialization complete
  epoch    auprc    auroc    train_loss    valid_acc    valid_loss    cp      dur
-------  -------  -------  ------------  -----------  ------------  ----  -------
      1   [36m0.3781[0m   [32m0.7719[0m        [35m0.3103[0m       [31m0.9205[0m        [94m0.2433[0m     +  23.2947
      2   [36m0.3861[0m   [32m0.7899[0m        [35m0.2289[0m       0.9195        [94m0.2387[0m     +  23.6081
      3   [36m0.3964[0m   [32m0.7953[0m        [35m0.2228[0m       [31m0.9209[0m        [94m0.2371[0m     +  23.7537
      4   [36m0.4066[0m   [32m0.8021[0m        [35m0.2197[0m       0.9202        [94m0.2350[0m     +  24.5513
      5   [36m0.4101[0m   [32m0.8057[0m        [35m0.2165[0m       [31m0.9212[0m        0.2353        23.3297
      6   [36m0.4164[0m   [32m0.8100[0m        [35m0.2151[0m       [31m0.9216[0m        [94m0.2322[0m     +  23.1276
      7   0.4112   [32m0.8124[0m        [35m0.2121[0m       0.9188        0.2333        23.1513
      8   [36m0.4172[0m   [32m0.8134[0m        [35m0.2111[0m       [31m0.9223[0m        0.2333        23.0942
Stopping since valid_loss has not improved in the last 3 epochs.
[32m[I 2022-12-11 21:48:31,516][0m Trial 388 finished with value: 0.4171995309193934 and parameters: {'optimizer__lr': 0.0007990789120780311, 'module__dropout': 0.15236866989168588, 'd_model_multiplier': 4, 'module__num_layers': 1, 'module__n_heads': 8, 'module__dim_feedforward': 264, 'iterator_train__batch_size': 245}. Best is trial 382 with value: 0.5110916005289956.[0m
[FileBasedDataset] Initializing dataset...
	Examples: 28559
	Features: 621
	Max length: 120
[FileBasedDataset] Dataset initialization complete
  epoch    auprc    auroc    train_loss    valid_acc    valid_loss    cp      dur
-------  -------  -------  ------------  -----------  ------------  ----  -------
      1   [36m0.3952[0m   [32m0.8152[0m        [35m0.2422[0m       [31m0.9216[0m        [94m0.2279[0m     +  22.7394
      2   [36m0.4087[0m   [32m0.8287[0m        [35m0.2237[0m       [31m0.9237[0m        [94m0.2221[0m     +  23.0312
      3   [36m0.4126[0m   [32m0.8377[0m        [35m0.2195[0m       0.9233        [94m0.2197[0m     +  23.5360
      4   0.4065   0.8362        [35m0.2162[0m       0.9205        0.2210        23.4852
      5   0.4012   0.8369        [35m0.2153[0m       0.9237        0.2214        22.9029
      6   [36m0.4208[0m   [32m0.8438[0m        [35m0.2136[0m       0.9230        [94m0.2184[0m     +  23.0596
      7   [36m0.4235[0m   [32m0.8493[0m        [35m0.2105[0m       0.9230        [94m0.2161[0m     +  22.8182
      8   0.4087   0.8460        0.2108       0.9223        0.2175        22.1157
      9   [36m0.4260[0m   [32m0.8521[0m        [35m0.2095[0m       0.9226        [94m0.2140[0m     +  22.9258
     10   [36m0.4273[0m   0.8469        [35m0.2085[0m       0.9212        0.2163        23.2659
     11   0.4223   0.8493        [35m0.2078[0m       0.9233        0.2155        22.6468
Stopping since valid_loss has not improved in the last 3 epochs.
[32m[I 2022-12-11 21:53:07,315][0m Trial 389 finished with value: 0.42726915082120087 and parameters: {'optimizer__lr': 0.0022877819741432327, 'module__dropout': 0.1383381587527425, 'd_model_multiplier': 4, 'module__num_layers': 1, 'module__n_heads': 8, 'module__dim_feedforward': 449, 'iterator_train__batch_size': 77}. Best is trial 382 with value: 0.5110916005289956.[0m
[FileBasedDataset] Initializing dataset...
	Examples: 28559
	Features: 621
	Max length: 120
[FileBasedDataset] Dataset initialization complete
  epoch    auprc    auroc    train_loss    valid_acc    valid_loss    cp      dur
-------  -------  -------  ------------  -----------  ------------  ----  -------
      1   [36m0.3177[0m   [32m0.7991[0m        [35m0.2697[0m       [31m0.9244[0m        [94m0.2214[0m     +  22.6126
      2   [36m0.3427[0m   [32m0.8217[0m        [35m0.2242[0m       [31m0.9251[0m        [94m0.2144[0m     +  23.5164
      3   [36m0.3481[0m   [32m0.8263[0m        [35m0.2220[0m       0.9247        0.2145        22.7421
      4   [36m0.3623[0m   [32m0.8315[0m        [35m0.2177[0m       0.9244        [94m0.2130[0m     +  22.6951
      5   0.3544   [32m0.8371[0m        0.2179       0.9244        0.2133        22.9939
      6   0.3579   [32m0.8396[0m        [35m0.2144[0m       0.9233        [94m0.2112[0m     +  23.2606
      7   [36m0.3664[0m   [32m0.8440[0m        [35m0.2135[0m       0.9251        [94m0.2083[0m     +  22.8310
      8   0.3495   0.8411        [35m0.2127[0m       0.9244        0.2121        22.9363
      9   0.3616   [32m0.8448[0m        [35m0.2121[0m       0.9251        0.2088        23.3582
Stopping since valid_loss has not improved in the last 3 epochs.
[32m[I 2022-12-11 21:56:57,961][0m Trial 390 finished with value: 0.3663511376152784 and parameters: {'optimizer__lr': 0.0006113379364659921, 'module__dropout': 0.18566723377232197, 'd_model_multiplier': 4, 'module__num_layers': 1, 'module__n_heads': 8, 'module__dim_feedforward': 272, 'iterator_train__batch_size': 88}. Best is trial 382 with value: 0.5110916005289956.[0m
[FileBasedDataset] Initializing dataset...
	Examples: 28559
	Features: 621
	Max length: 120
[FileBasedDataset] Dataset initialization complete
  epoch    auprc    auroc    train_loss    valid_acc    valid_loss    cp      dur
-------  -------  -------  ------------  -----------  ------------  ----  -------
      1   [36m0.3953[0m   [32m0.8047[0m        [35m0.2421[0m       [31m0.9310[0m        [94m0.2129[0m     +  23.2316
      2   [36m0.4015[0m   [32m0.8261[0m        [35m0.2273[0m       [31m0.9328[0m        [94m0.2079[0m     +  23.0053
      3   [36m0.4201[0m   [32m0.8342[0m        [35m0.2222[0m       [31m0.9363[0m        [94m0.2044[0m     +  23.3001
      4   0.4187   0.8331        [35m0.2215[0m       0.9324        0.2069        22.7888
      5   [36m0.4241[0m   [32m0.8351[0m        [35m0.2205[0m       0.9335        0.2051        23.0840
Stopping since valid_loss has not improved in the last 3 epochs.
[32m[I 2022-12-11 21:59:17,148][0m Trial 391 finished with value: 0.424119997420203 and parameters: {'optimizer__lr': 0.003399656935568004, 'module__dropout': 0.16860529372076358, 'd_model_multiplier': 4, 'module__num_layers': 1, 'module__n_heads': 8, 'module__dim_feedforward': 278, 'iterator_train__batch_size': 74}. Best is trial 382 with value: 0.5110916005289956.[0m
[FileBasedDataset] Initializing dataset...
	Examples: 28559
	Features: 621
	Max length: 120
[FileBasedDataset] Dataset initialization complete
  epoch    auprc    auroc    train_loss    valid_acc    valid_loss    cp      dur
-------  -------  -------  ------------  -----------  ------------  ----  -------
      1   [36m0.3896[0m   [32m0.8153[0m        [35m0.2605[0m       [31m0.9170[0m        [94m0.2546[0m     +  22.7947
      2   [36m0.4037[0m   [32m0.8270[0m        [35m0.2303[0m       [31m0.9191[0m        0.2603        23.5138
      3   0.3963   [32m0.8326[0m        [35m0.2267[0m       0.9181        0.2604        23.0564
Stopping since valid_loss has not improved in the last 3 epochs.
[32m[I 2022-12-11 22:00:50,106][0m Trial 392 finished with value: 0.4036599817657299 and parameters: {'optimizer__lr': 0.0013489422491370958, 'module__dropout': 0.42559202622200165, 'd_model_multiplier': 4, 'module__num_layers': 1, 'module__n_heads': 8, 'module__dim_feedforward': 287, 'iterator_train__batch_size': 76}. Best is trial 382 with value: 0.5110916005289956.[0m
[FileBasedDataset] Initializing dataset...
	Examples: 28559
	Features: 621
	Max length: 120
[FileBasedDataset] Dataset initialization complete
  epoch    auprc    auroc    train_loss    valid_acc    valid_loss    cp      dur
-------  -------  -------  ------------  -----------  ------------  ----  -------
      1   [36m0.3321[0m   [32m0.7914[0m        [35m0.2543[0m       [31m0.9303[0m        [94m0.2123[0m     +  23.2829
      2   [36m0.3524[0m   [32m0.8112[0m        [35m0.2264[0m       [31m0.9321[0m        [94m0.2060[0m     +  23.3253
      3   [36m0.3756[0m   [32m0.8154[0m        [35m0.2226[0m       [31m0.9335[0m        [94m0.2043[0m     +  23.3474
      4   [36m0.3871[0m   [32m0.8216[0m        [35m0.2197[0m       [31m0.9345[0m        [94m0.2011[0m     +  22.6980
      5   0.3809   [32m0.8258[0m        [35m0.2178[0m       0.9296        0.2024        23.0331
      6   [36m0.3941[0m   [32m0.8285[0m        [35m0.2147[0m       0.9342        [94m0.1990[0m     +  22.6430
      7   0.3899   [32m0.8338[0m        [35m0.2140[0m       0.9310        0.1996        23.3124
      8   0.3886   0.8310        [35m0.2121[0m       0.9314        0.2001        23.8371
Stopping since valid_loss has not improved in the last 3 epochs.
