[32m[I 2022-12-11 01:55:47,934][0m Trial 207 finished with value: 0.3735207005703566 and parameters: {'optimizer__lr': 0.00016061252232881784, 'module__dropout': 0.10172602252752581, 'd_model_multiplier': 16, 'module__num_layers': 7, 'module__n_heads': 4, 'module__dim_feedforward': 258, 'iterator_train__batch_size': 31}. Best is trial 150 with value: 0.456284322182146.[0m
[FileBasedDataset] Initializing dataset...
	Examples: 28559
	Features: 621
	Max length: 120
[FileBasedDataset] Dataset initialization complete
  epoch    auprc    auroc    train_loss    valid_acc    valid_loss    cp      dur
-------  -------  -------  ------------  -----------  ------------  ----  -------
      1   [36m0.0587[0m   [32m0.2684[0m        [35m0.6320[0m       [31m0.9254[0m        [94m0.5786[0m     +  23.3057
      2   0.0480   0.2617        [35m0.5567[0m       [31m0.9272[0m        [94m0.5294[0m     +  24.0293
      3   0.0475   0.2595        [35m0.5137[0m       0.9272        [94m0.4901[0m     +  23.6443
      4   0.0477   0.2655        [35m0.4784[0m       0.9272        [94m0.4568[0m     +  23.6942
      5   0.0485   [32m0.2801[0m        [35m0.4482[0m       0.9272        [94m0.4282[0m     +  23.6368
      6   0.0491   [32m0.2908[0m        [35m0.4222[0m       0.9272        [94m0.4033[0m     +  23.4183
      7   0.0504   [32m0.3142[0m        [35m0.3998[0m       0.9272        [94m0.3817[0m     +  23.8947
      8   0.0574   [32m0.3375[0m        [35m0.3806[0m       0.9272        [94m0.3627[0m     +  23.9830
      9   [36m0.0743[0m   [32m0.3711[0m        [35m0.3639[0m       0.9272        [94m0.3461[0m     +  23.7436
     10   [36m0.0866[0m   [32m0.3958[0m        [35m0.3489[0m       0.9272        [94m0.3315[0m     +  23.8867
     11   [36m0.1073[0m   [32m0.4235[0m        [35m0.3356[0m       0.9272        [94m0.3186[0m     +  24.2163
     12   [36m0.1181[0m   [32m0.4552[0m        [35m0.3246[0m       0.9272        [94m0.3075[0m     +  24.0563
     13   [36m0.1222[0m   [32m0.4719[0m        [35m0.3153[0m       [31m0.9275[0m        [94m0.2977[0m     +  24.2643
     14   [36m0.1360[0m   [32m0.4963[0m        [35m0.3064[0m       0.9275        [94m0.2892[0m     +  24.0417
     15   [36m0.1466[0m   [32m0.5227[0m        [35m0.2995[0m       0.9272        [94m0.2818[0m     +  23.9765
[32m[I 2022-12-11 02:01:47,027][0m Trial 208 finished with value: 0.14657103929260099 and parameters: {'optimizer__lr': 2.0488435743194884e-05, 'module__dropout': 0.039266952218140944, 'd_model_multiplier': 1, 'module__num_layers': 6, 'module__n_heads': 4, 'module__dim_feedforward': 175, 'iterator_train__batch_size': 52}. Best is trial 150 with value: 0.456284322182146.[0m
[FileBasedDataset] Initializing dataset...
	Examples: 28559
	Features: 621
	Max length: 120
[FileBasedDataset] Dataset initialization complete
  epoch    auprc    auroc    train_loss    valid_acc    valid_loss    cp      dur
-------  -------  -------  ------------  -----------  ------------  ----  -------
      1   [36m0.2318[0m   [32m0.6801[0m        [35m0.3586[0m       [31m0.9230[0m        [94m0.2626[0m     +  23.8062
      2   [36m0.3453[0m   [32m0.7604[0m        [35m0.2467[0m       [31m0.9251[0m        [94m0.2307[0m     +  23.9160
      3   [36m0.3616[0m   [32m0.7769[0m        [35m0.2319[0m       [31m0.9282[0m        [94m0.2235[0m     +  24.0406
      4   [36m0.3732[0m   [32m0.7912[0m        [35m0.2265[0m       0.9279        [94m0.2207[0m     +  24.1887
      5   [36m0.3769[0m   [32m0.7975[0m        [35m0.2231[0m       [31m0.9307[0m        [94m0.2194[0m     +  23.6224
      6   [36m0.3900[0m   [32m0.8074[0m        [35m0.2208[0m       0.9289        [94m0.2173[0m     +  24.0776
      7   [36m0.4030[0m   [32m0.8128[0m        [35m0.2181[0m       0.9300        [94m0.2151[0m     +  23.7249
      8   [36m0.4087[0m   [32m0.8204[0m        [35m0.2172[0m       [31m0.9314[0m        [94m0.2127[0m     +  23.6967
      9   0.4047   [32m0.8262[0m        [35m0.2142[0m       0.9307        [94m0.2121[0m     +  24.0915
     10   [36m0.4099[0m   [32m0.8296[0m        [35m0.2130[0m       0.9279        [94m0.2093[0m     +  23.8049
     11   0.4086   [32m0.8333[0m        [35m0.2110[0m       0.9303        0.2096        23.8699
     12   [36m0.4167[0m   [32m0.8372[0m        [35m0.2084[0m       0.9310        [94m0.2076[0m     +  24.1123
     13   [36m0.4227[0m   [32m0.8394[0m        [35m0.2075[0m       0.9307        [94m0.2070[0m     +  24.6106
     14   0.4188   [32m0.8418[0m        [35m0.2060[0m       0.9300        [94m0.2068[0m     +  24.4198
     15   0.4220   [32m0.8440[0m        [35m0.2050[0m       0.9303        [94m0.2053[0m     +  24.7474
[32m[I 2022-12-11 02:07:49,306][0m Trial 209 finished with value: 0.42268255732811866 and parameters: {'optimizer__lr': 5.571631221268496e-05, 'module__dropout': 0.05621694974661323, 'd_model_multiplier': 8, 'module__num_layers': 8, 'module__n_heads': 4, 'module__dim_feedforward': 304, 'iterator_train__batch_size': 45}. Best is trial 150 with value: 0.456284322182146.[0m
[FileBasedDataset] Initializing dataset...
	Examples: 28559
	Features: 621
	Max length: 120
[FileBasedDataset] Dataset initialization complete
  epoch    auprc    auroc    train_loss    valid_acc    valid_loss    cp      dur
-------  -------  -------  ------------  -----------  ------------  ----  -------
      1   [36m0.1894[0m   [32m0.5976[0m        [35m0.3610[0m       [31m0.9184[0m        [94m0.2797[0m     +  23.9133
      2   [36m0.3285[0m   [32m0.7522[0m        [35m0.2579[0m       [31m0.9209[0m        [94m0.2424[0m     +  24.1011
      3   [36m0.3626[0m   [32m0.7796[0m        [35m0.2341[0m       [31m0.9240[0m        [94m0.2311[0m     +  23.9096
      4   [36m0.3727[0m   [32m0.7938[0m        [35m0.2273[0m       [31m0.9254[0m        [94m0.2274[0m     +  24.0681
      5   [36m0.3838[0m   [32m0.8062[0m        [35m0.2225[0m       0.9254        [94m0.2250[0m     +  23.5892
      6   [36m0.3937[0m   [32m0.8129[0m        [35m0.2199[0m       [31m0.9268[0m        [94m0.2229[0m     +  24.2618
      7   0.3903   [32m0.8164[0m        [35m0.2183[0m       0.9265        [94m0.2216[0m     +  24.9910
      8   0.3869   [32m0.8234[0m        [35m0.2156[0m       0.9261        [94m0.2204[0m     +  24.2304
      9   0.3920   [32m0.8299[0m        [35m0.2132[0m       0.9251        [94m0.2180[0m     +  24.1342
     10   [36m0.3985[0m   [32m0.8383[0m        [35m0.2116[0m       0.9244        [94m0.2156[0m     +  23.9632
     11   [36m0.4036[0m   [32m0.8417[0m        [35m0.2095[0m       0.9247        [94m0.2143[0m     +  24.3640
     12   0.4033   [32m0.8453[0m        [35m0.2077[0m       0.9247        [94m0.2132[0m     +  24.5401
     13   [36m0.4193[0m   [32m0.8492[0m        [35m0.2060[0m       0.9254        [94m0.2110[0m     +  24.0207
     14   [36m0.4224[0m   [32m0.8506[0m        [35m0.2053[0m       0.9219        [94m0.2100[0m     +  24.3473
     15   [36m0.4283[0m   [32m0.8530[0m        [35m0.2035[0m       0.9223        0.2102        24.0587
[32m[I 2022-12-11 02:13:53,247][0m Trial 210 finished with value: 0.4283041187787085 and parameters: {'optimizer__lr': 6.934847003319486e-05, 'module__dropout': 0.0564542260196771, 'd_model_multiplier': 8, 'module__num_layers': 8, 'module__n_heads': 4, 'module__dim_feedforward': 279, 'iterator_train__batch_size': 57}. Best is trial 150 with value: 0.456284322182146.[0m
[FileBasedDataset] Initializing dataset...
	Examples: 28559
	Features: 621
	Max length: 120
[FileBasedDataset] Dataset initialization complete
  epoch    auprc    auroc    train_loss    valid_acc    valid_loss    cp      dur
-------  -------  -------  ------------  -----------  ------------  ----  -------
      1   [36m0.2692[0m   [32m0.6819[0m        [35m0.3571[0m       [31m0.9128[0m        [94m0.2768[0m     +  24.3031
      2   [36m0.3317[0m   [32m0.7450[0m        [35m0.2443[0m       [31m0.9156[0m        [94m0.2524[0m     +  25.1471
      3   [36m0.3559[0m   [32m0.7685[0m        [35m0.2301[0m       [31m0.9160[0m        [94m0.2453[0m     +  24.2025
      4   [36m0.3752[0m   [32m0.7924[0m        [35m0.2247[0m       [31m0.9170[0m        [94m0.2398[0m     +  24.9227
      5   [36m0.3808[0m   [32m0.7972[0m        [35m0.2209[0m       [31m0.9177[0m        [94m0.2381[0m     +  24.7454
      6   [36m0.3927[0m   [32m0.8090[0m        [35m0.2182[0m       [31m0.9188[0m        [94m0.2348[0m     +  24.4253
      7   [36m0.4013[0m   [32m0.8148[0m        [35m0.2167[0m       [31m0.9216[0m        [94m0.2330[0m     +  24.3751
      8   [36m0.4125[0m   [32m0.8248[0m        [35m0.2143[0m       0.9205        [94m0.2291[0m     +  25.0419
      9   [36m0.4219[0m   [32m0.8313[0m        [35m0.2121[0m       0.9209        [94m0.2265[0m     +  24.3885
     10   [36m0.4262[0m   [32m0.8369[0m        [35m0.2098[0m       [31m0.9233[0m        [94m0.2250[0m     +  23.5143
     11   [36m0.4302[0m   [32m0.8430[0m        [35m0.2086[0m       0.9219        [94m0.2233[0m     +  24.1478
     12   [36m0.4338[0m   0.8422        [35m0.2069[0m       0.9216        [94m0.2231[0m     +  25.1053
     13   [36m0.4355[0m   [32m0.8485[0m        [35m0.2055[0m       0.9219        [94m0.2207[0m     +  23.9308
     14   [36m0.4385[0m   [32m0.8512[0m        [35m0.2049[0m       0.9212        [94m0.2196[0m     +  23.7632
     15   [36m0.4389[0m   0.8507        [35m0.2030[0m       0.9212        0.2204        24.5576
[32m[I 2022-12-11 02:20:01,241][0m Trial 211 finished with value: 0.4389405396816675 and parameters: {'optimizer__lr': 7.660545629630116e-05, 'module__dropout': 0.05641193350534893, 'd_model_multiplier': 8, 'module__num_layers': 8, 'module__n_heads': 4, 'module__dim_feedforward': 281, 'iterator_train__batch_size': 58}. Best is trial 150 with value: 0.456284322182146.[0m
[FileBasedDataset] Initializing dataset...
	Examples: 28559
	Features: 621
	Max length: 120
[FileBasedDataset] Dataset initialization complete
  epoch    auprc    auroc    train_loss    valid_acc    valid_loss    cp      dur
-------  -------  -------  ------------  -----------  ------------  ----  -------
      1   [36m0.1774[0m   [32m0.5632[0m        [35m0.3890[0m       [31m0.9244[0m        [94m0.2892[0m     +  24.2797
      2   [36m0.3338[0m   [32m0.7360[0m        [35m0.2706[0m       [31m0.9247[0m        [94m0.2402[0m     +  23.9046
      3   [36m0.3485[0m   [32m0.7680[0m        [35m0.2419[0m       [31m0.9265[0m        [94m0.2267[0m     +  23.5216
      4   [36m0.3609[0m   [32m0.7884[0m        [35m0.2329[0m       [31m0.9268[0m        [94m0.2208[0m     +  23.8498
      5   [36m0.3676[0m   [32m0.8012[0m        [35m0.2280[0m       0.9265        [94m0.2166[0m     +  24.0719
      6   [36m0.3797[0m   [32m0.8098[0m        [35m0.2245[0m       [31m0.9275[0m        [94m0.2139[0m     +  23.7769
      7   [36m0.3852[0m   [32m0.8153[0m        [35m0.2218[0m       [31m0.9279[0m        [94m0.2117[0m     +  24.0552
      8   [36m0.3906[0m   [32m0.8185[0m        [35m0.2201[0m       0.9272        [94m0.2109[0m     +  23.8915
      9   0.3876   [32m0.8199[0m        [35m0.2172[0m       [31m0.9286[0m        [94m0.2102[0m     +  24.2177
     10   0.3850   0.8188        [35m0.2163[0m       0.9268        0.2111        23.4906
     11   0.3898   [32m0.8219[0m        [35m0.2145[0m       [31m0.9289[0m        0.2105        24.2074
     12   [36m0.3993[0m   [32m0.8252[0m        [35m0.2129[0m       [31m0.9296[0m        [94m0.2096[0m     +  23.8742
     13   0.3927   [32m0.8265[0m        [35m0.2114[0m       0.9282        0.2098        24.1430
     14   0.3932   [32m0.8317[0m        [35m0.2095[0m       0.9272        [94m0.2081[0m     +  24.4458
     15   0.3845   [32m0.8339[0m        [35m0.2075[0m       0.9279        [94m0.2078[0m     +  24.0488
[32m[I 2022-12-11 02:26:02,205][0m Trial 212 finished with value: 0.399268086169233 and parameters: {'optimizer__lr': 5.606818612929488e-05, 'module__dropout': 0.022823935351703517, 'd_model_multiplier': 8, 'module__num_layers': 8, 'module__n_heads': 4, 'module__dim_feedforward': 276, 'iterator_train__batch_size': 61}. Best is trial 150 with value: 0.456284322182146.[0m
[FileBasedDataset] Initializing dataset...
	Examples: 28559
	Features: 621
	Max length: 120
[FileBasedDataset] Dataset initialization complete
  epoch    auprc    auroc    train_loss    valid_acc    valid_loss    cp      dur
-------  -------  -------  ------------  -----------  ------------  ----  -------
      1   [36m0.3371[0m   [32m0.7843[0m        [35m0.3329[0m       [31m0.9216[0m        [94m0.2442[0m     +  23.8840
      2   [36m0.3684[0m   [32m0.8200[0m        [35m0.2365[0m       0.9198        [94m0.2310[0m     +  24.5482
      3   [36m0.3900[0m   [32m0.8300[0m        [35m0.2297[0m       0.9191        [94m0.2246[0m     +  24.0261
      4   [36m0.4014[0m   [32m0.8371[0m        [35m0.2251[0m       0.9216        [94m0.2211[0m     +  24.4434
      5   [36m0.4087[0m   [32m0.8453[0m        [35m0.2219[0m       0.9212        [94m0.2171[0m     +  24.3145
      6   [36m0.4170[0m   [32m0.8483[0m        [35m0.2189[0m       0.9212        [94m0.2154[0m     +  23.8595
      7   [36m0.4208[0m   [32m0.8503[0m        [35m0.2168[0m       [31m0.9226[0m        [94m0.2144[0m     +  23.8258
      8   [36m0.4303[0m   [32m0.8543[0m        [35m0.2146[0m       [31m0.9233[0m        [94m0.2116[0m     +  24.6355
      9   0.4178   [32m0.8554[0m        [35m0.2117[0m       [31m0.9254[0m        0.2128        24.2027
     10   [36m0.4395[0m   [32m0.8583[0m        [35m0.2097[0m       0.9254        [94m0.2092[0m     +  23.8748
     11   [36m0.4430[0m   [32m0.8617[0m        [35m0.2083[0m       0.9216        [94m0.2081[0m     +  23.6452
     12   [36m0.4466[0m   [32m0.8646[0m        [35m0.2067[0m       0.9244        [94m0.2080[0m     +  23.7726
     13   [36m0.4572[0m   [32m0.8691[0m        [35m0.2053[0m       0.9240        [94m0.2048[0m     +  23.8415
     14   [36m0.4653[0m   [32m0.8698[0m        [35m0.2041[0m       0.9251        [94m0.2038[0m     +  23.6700
     15   [36m0.4702[0m   0.8687        [35m0.2024[0m       [31m0.9268[0m        0.2040        24.0897
[32m[I 2022-12-11 02:32:04,204][0m Trial 213 finished with value: 0.4701746636794141 and parameters: {'optimizer__lr': 0.000106734494578046, 'module__dropout': 0.07600134230428457, 'd_model_multiplier': 8, 'module__num_layers': 9, 'module__n_heads': 4, 'module__dim_feedforward': 268, 'iterator_train__batch_size': 57}. Best is trial 213 with value: 0.4701746636794141.[0m
[FileBasedDataset] Initializing dataset...
	Examples: 28559
	Features: 621
	Max length: 120
[FileBasedDataset] Dataset initialization complete
  epoch    auprc    auroc    train_loss    valid_acc    valid_loss    cp      dur
-------  -------  -------  ------------  -----------  ------------  ----  -------
      1   [36m0.3060[0m   [32m0.7199[0m        [35m0.3241[0m       [31m0.9216[0m        [94m0.2499[0m     +  23.7162
      2   [36m0.3482[0m   [32m0.7860[0m        [35m0.2376[0m       [31m0.9230[0m        [94m0.2312[0m     +  24.0854
      3   [36m0.3668[0m   [32m0.8115[0m        [35m0.2285[0m       [31m0.9237[0m        [94m0.2253[0m     +  23.4131
      4   [36m0.3682[0m   [32m0.8205[0m        [35m0.2247[0m       0.9219        [94m0.2225[0m     +  23.5760
      5   [36m0.3714[0m   [32m0.8275[0m        [35m0.2222[0m       0.9216        [94m0.2198[0m     +  23.7494
      6   [36m0.3858[0m   [32m0.8350[0m        [35m0.2203[0m       0.9226        [94m0.2163[0m     +  24.1748
      7   [36m0.3968[0m   [32m0.8406[0m        [35m0.2176[0m       0.9233        [94m0.2144[0m     +  23.8664
      8   [36m0.4105[0m   [32m0.8484[0m        [35m0.2156[0m       0.9237        [94m0.2112[0m     +  24.6153
      9   0.4073   [32m0.8484[0m        [35m0.2134[0m       [31m0.9251[0m        [94m0.2110[0m     +  24.1504
     10   0.4095   [32m0.8490[0m        [35m0.2115[0m       [31m0.9254[0m        0.2121        23.6359
     11   0.4086   [32m0.8500[0m        [35m0.2083[0m       0.9254        0.2113        23.9682
Stopping since valid_loss has not improved in the last 3 epochs.
[32m[I 2022-12-11 02:36:52,863][0m Trial 214 finished with value: 0.4105356629869256 and parameters: {'optimizer__lr': 9.072794004220924e-05, 'module__dropout': 0.08536219362158809, 'd_model_multiplier': 8, 'module__num_layers': 9, 'module__n_heads': 4, 'module__dim_feedforward': 271, 'iterator_train__batch_size': 57}. Best is trial 213 with value: 0.4701746636794141.[0m
[FileBasedDataset] Initializing dataset...
	Examples: 28559
	Features: 621
	Max length: 120
[FileBasedDataset] Dataset initialization complete
  epoch    auprc    auroc    train_loss    valid_acc    valid_loss    cp      dur
-------  -------  -------  ------------  -----------  ------------  ----  -------
      1   [36m0.1226[0m   [32m0.4204[0m        [35m0.4286[0m       [31m0.9142[0m        [94m0.3399[0m     +  23.9017
      2   [36m0.2431[0m   [32m0.6660[0m        [35m0.2980[0m       [31m0.9156[0m        [94m0.2854[0m     +  24.5472
      3   [36m0.3053[0m   [32m0.7210[0m        [35m0.2582[0m       [31m0.9160[0m        [94m0.2613[0m     +  24.1618
      4   [36m0.3235[0m   [32m0.7457[0m        [35m0.2407[0m       [31m0.9174[0m        [94m0.2521[0m     +  24.7228
      5   [36m0.3265[0m   [32m0.7553[0m        [35m0.2321[0m       [31m0.9188[0m        [94m0.2484[0m     +  24.2730
      6   [36m0.3333[0m   [32m0.7700[0m        [35m0.2282[0m       [31m0.9191[0m        [94m0.2453[0m     +  24.2182
      7   [36m0.3361[0m   [32m0.7820[0m        [35m0.2255[0m       [31m0.9198[0m        [94m0.2433[0m     +  24.2671
      8   [36m0.3434[0m   [32m0.7876[0m        [35m0.2232[0m       [31m0.9202[0m        [94m0.2418[0m     +  24.6735
      9   0.3395   [32m0.7932[0m        [35m0.2214[0m       [31m0.9205[0m        0.2419        24.2319
     10   [36m0.3529[0m   [32m0.8047[0m        [35m0.2207[0m       0.9202        [94m0.2379[0m     +  23.5906
     11   [36m0.3546[0m   [32m0.8109[0m        [35m0.2193[0m       [31m0.9209[0m        [94m0.2371[0m     +  23.4553
     12   0.3537   [32m0.8146[0m        [35m0.2186[0m       0.9202        [94m0.2360[0m     +  23.8743
     13   0.3513   [32m0.8172[0m        [35m0.2178[0m       0.9195        0.2362        24.5012
     14   [36m0.3553[0m   [32m0.8207[0m        [35m0.2163[0m       0.9191        [94m0.2347[0m     +  23.8775
     15   [36m0.3614[0m   [32m0.8238[0m        [35m0.2157[0m       0.9205        [94m0.2328[0m     +  24.0398
[32m[I 2022-12-11 02:42:56,594][0m Trial 215 finished with value: 0.36141097578398224 and parameters: {'optimizer__lr': 2.8191680325832743e-05, 'module__dropout': 0.051600084030895485, 'd_model_multiplier': 8, 'module__num_layers': 8, 'module__n_heads': 4, 'module__dim_feedforward': 263, 'iterator_train__batch_size': 50}. Best is trial 213 with value: 0.4701746636794141.[0m
[FileBasedDataset] Initializing dataset...
	Examples: 28559
	Features: 621
	Max length: 120
[FileBasedDataset] Dataset initialization complete
  epoch    auprc    auroc    train_loss    valid_acc    valid_loss    cp      dur
-------  -------  -------  ------------  -----------  ------------  ----  -------
      1   [36m0.3125[0m   [32m0.7067[0m        [35m0.3416[0m       [31m0.9219[0m        [94m0.2528[0m     +  23.8652
      2   [36m0.3662[0m   [32m0.7744[0m        [35m0.2427[0m       [31m0.9251[0m        [94m0.2280[0m     +  24.7803
      3   [36m0.3838[0m   [32m0.8095[0m        [35m0.2316[0m       0.9247        [94m0.2217[0m     +  24.0154
      4   [36m0.3893[0m   [32m0.8148[0m        [35m0.2270[0m       [31m0.9268[0m        [94m0.2189[0m     +  24.5517
      5   [36m0.4058[0m   [32m0.8239[0m        [35m0.2245[0m       0.9268        [94m0.2158[0m     +  24.5869
      6   [36m0.4113[0m   [32m0.8326[0m        [35m0.2220[0m       [31m0.9293[0m        [94m0.2130[0m     +  24.2386
      7   [36m0.4226[0m   [32m0.8376[0m        [35m0.2196[0m       [31m0.9303[0m        [94m0.2109[0m     +  24.3533
      8   [36m0.4328[0m   [32m0.8430[0m        [35m0.2178[0m       [31m0.9307[0m        [94m0.2083[0m     +  23.8804
      9   [36m0.4358[0m   [32m0.8463[0m        [35m0.2158[0m       0.9307        [94m0.2071[0m     +  23.9506
     10   0.4321   0.8461        [35m0.2126[0m       [31m0.9317[0m        0.2072        24.0807
     11   0.4327   [32m0.8471[0m        [35m0.2123[0m       0.9314        [94m0.2057[0m     +  23.9565
     12   [36m0.4438[0m   [32m0.8489[0m        [35m0.2109[0m       0.9300        [94m0.2054[0m     +  23.8530
     13   [36m0.4453[0m   [32m0.8526[0m        [35m0.2096[0m       0.9289        [94m0.2031[0m     +  23.5810
     14   [36m0.4534[0m   [32m0.8571[0m        [35m0.2088[0m       0.9314        [94m0.2015[0m     +  24.4581
     15   0.4513   [32m0.8594[0m        [35m0.2071[0m       0.9300        [94m0.2014[0m     +  23.5125
