[32m[I 2022-12-12 02:47:43,424][0m Trial 460 finished with value: 0.4106323041933529 and parameters: {'optimizer__lr': 0.0006623592977316559, 'module__dropout': 0.046709874287751176, 'd_model_multiplier': 4, 'module__num_layers': 1, 'module__n_heads': 8, 'module__dim_feedforward': 295, 'iterator_train__batch_size': 66}. Best is trial 382 with value: 0.5110916005289956.[0m
[FileBasedDataset] Initializing dataset...
	Examples: 28559
	Features: 621
	Max length: 120
[FileBasedDataset] Dataset initialization complete
  epoch    auprc    auroc    train_loss    valid_acc    valid_loss    cp      dur
-------  -------  -------  ------------  -----------  ------------  ----  -------
      1   [36m0.2858[0m   [32m0.7500[0m        [35m0.3343[0m       [31m0.9219[0m        [94m0.2400[0m     +  23.7309
      2   [36m0.3450[0m   [32m0.7862[0m        [35m0.2341[0m       [31m0.9261[0m        [94m0.2276[0m     +  24.0703
      3   [36m0.3515[0m   [32m0.7922[0m        [35m0.2272[0m       0.9258        [94m0.2262[0m     +  24.1206
      4   [36m0.3578[0m   [32m0.7952[0m        [35m0.2258[0m       0.9258        [94m0.2249[0m     +  23.6204
      5   0.3537   0.7945        [35m0.2227[0m       0.9258        0.2254        23.9117
      6   [36m0.3589[0m   [32m0.7971[0m        [35m0.2210[0m       [31m0.9265[0m        [94m0.2243[0m     +  23.5829
      7   [36m0.3699[0m   [32m0.8017[0m        [35m0.2193[0m       [31m0.9279[0m        [94m0.2232[0m     +  23.8378
      8   [36m0.3708[0m   [32m0.8035[0m        [35m0.2176[0m       0.9261        [94m0.2228[0m     +  24.0432
      9   [36m0.3770[0m   [32m0.8087[0m        [35m0.2153[0m       0.9268        [94m0.2206[0m     +  24.0146
     10   [36m0.3831[0m   [32m0.8148[0m        [35m0.2152[0m       0.9265        [94m0.2189[0m     +  23.9441
     11   [36m0.3866[0m   [32m0.8189[0m        [35m0.2146[0m       0.9272        [94m0.2180[0m     +  23.2001
     12   [36m0.3920[0m   [32m0.8223[0m        [35m0.2125[0m       0.9272        [94m0.2171[0m     +  23.8008
     13   [36m0.3969[0m   [32m0.8256[0m        [35m0.2117[0m       [31m0.9286[0m        [94m0.2156[0m     +  24.2553
     14   0.3951   [32m0.8274[0m        [35m0.2108[0m       [31m0.9296[0m        [94m0.2153[0m     +  23.6141
     15   0.3948   [32m0.8282[0m        0.2117       0.9282        [94m0.2148[0m     +  23.4409
[32m[I 2022-12-12 02:53:41,172][0m Trial 461 finished with value: 0.39686129544834764 and parameters: {'optimizer__lr': 0.00032452274633413473, 'module__dropout': 0.19724986990827853, 'd_model_multiplier': 8, 'module__num_layers': 1, 'module__n_heads': 8, 'module__dim_feedforward': 253, 'iterator_train__batch_size': 252}. Best is trial 382 with value: 0.5110916005289956.[0m
[FileBasedDataset] Initializing dataset...
	Examples: 28559
	Features: 621
	Max length: 120
[FileBasedDataset] Dataset initialization complete
  epoch    auprc    auroc    train_loss    valid_acc    valid_loss    cp      dur
-------  -------  -------  ------------  -----------  ------------  ----  -------
      1   [36m0.2339[0m   [32m0.7355[0m        [35m0.2857[0m       [31m0.9265[0m        [94m0.2344[0m     +  23.5004
      2   0.2303   [32m0.7393[0m        [35m0.2549[0m       0.9261        [94m0.2343[0m     +  23.2525
      3   0.2324   0.7365        [35m0.2540[0m       0.9265        [94m0.2340[0m     +  23.8442
      4   0.2150   [32m0.7429[0m        [35m0.2532[0m       0.9261        0.2347        23.4924
      5   0.2190   [32m0.7434[0m        [35m0.2524[0m       0.9258        0.2347        23.2371
Stopping since valid_loss has not improved in the last 3 epochs.
[32m[I 2022-12-12 02:56:02,350][0m Trial 462 finished with value: 0.23392437557627008 and parameters: {'optimizer__lr': 0.01129720195695972, 'module__dropout': 0.012177901201728413, 'd_model_multiplier': 16, 'module__num_layers': 3, 'module__n_heads': 8, 'module__dim_feedforward': 268, 'iterator_train__batch_size': 81}. Best is trial 382 with value: 0.5110916005289956.[0m
[FileBasedDataset] Initializing dataset...
	Examples: 28559
	Features: 621
	Max length: 120
[FileBasedDataset] Dataset initialization complete
  epoch    auprc    auroc    train_loss    valid_acc    valid_loss    cp      dur
-------  -------  -------  ------------  -----------  ------------  ----  -------
      1   [36m0.3720[0m   [32m0.7725[0m        [35m0.2458[0m       [31m0.9261[0m        [94m0.2250[0m     +  23.2538
      2   0.2820   0.7692        [35m0.2366[0m       0.9226        0.2360        23.5299
      3   0.2711   0.7667        0.2470       0.9226        0.2373        23.8096
      4   0.3625   [32m0.7921[0m        0.2415       [31m0.9286[0m        [94m0.2209[0m     +  23.4997
      5   [36m0.3722[0m   0.7874        [35m0.2311[0m       0.9286        0.2236        23.2743
      6   0.3599   0.7871        [35m0.2311[0m       0.9279        0.2256        23.2042
Stopping since valid_loss has not improved in the last 3 epochs.
[32m[I 2022-12-12 02:58:47,101][0m Trial 463 finished with value: 0.3721792028189465 and parameters: {'optimizer__lr': 0.0015362927508164737, 'module__dropout': 0.12379473597846637, 'd_model_multiplier': 4, 'module__num_layers': 2, 'module__n_heads': 32, 'module__dim_feedforward': 285, 'iterator_train__batch_size': 61}. Best is trial 382 with value: 0.5110916005289956.[0m
[FileBasedDataset] Initializing dataset...
	Examples: 28559
	Features: 621
	Max length: 120
[FileBasedDataset] Dataset initialization complete
  epoch    auprc    auroc    train_loss    valid_acc    valid_loss    cp      dur
-------  -------  -------  ------------  -----------  ------------  ----  -------
      1   [36m0.3579[0m   [32m0.7998[0m        [35m0.2701[0m       [31m0.9233[0m        [94m0.2305[0m     +  22.9365
      2   [36m0.3818[0m   [32m0.8127[0m        [35m0.2223[0m       0.9226        [94m0.2253[0m     +  22.6123
      3   [36m0.3948[0m   [32m0.8232[0m        [35m0.2163[0m       0.9219        [94m0.2217[0m     +  23.1422
      4   [36m0.3961[0m   [32m0.8273[0m        [35m0.2106[0m       0.9226        [94m0.2205[0m     +  23.6577
      5   [36m0.4101[0m   [32m0.8365[0m        [35m0.2072[0m       [31m0.9237[0m        [94m0.2173[0m     +  23.4079
      6   0.4079   [32m0.8389[0m        [35m0.2023[0m       0.9230        0.2174        23.3750
      7   0.4061   [32m0.8391[0m        [35m0.1990[0m       [31m0.9244[0m        0.2192        23.4457
      8   0.4043   [32m0.8400[0m        [35m0.1967[0m       [31m0.9265[0m        [94m0.2170[0m     +  23.0980
      9   0.4054   [32m0.8414[0m        [35m0.1945[0m       0.9261        0.2177        22.9853
     10   0.3983   0.8384        [35m0.1930[0m       0.9237        0.2198        24.0182
Stopping since valid_loss has not improved in the last 3 epochs.
[32m[I 2022-12-12 03:03:03,750][0m Trial 464 finished with value: 0.41010984736190814 and parameters: {'optimizer__lr': 0.0002426583178996494, 'module__dropout': 0.03208159821437369, 'd_model_multiplier': 4, 'module__num_layers': 1, 'module__n_heads': 16, 'module__dim_feedforward': 302, 'iterator_train__batch_size': 76}. Best is trial 382 with value: 0.5110916005289956.[0m
[FileBasedDataset] Initializing dataset...
	Examples: 28559
	Features: 621
	Max length: 120
[FileBasedDataset] Dataset initialization complete
  epoch    auprc    auroc    train_loss    valid_acc    valid_loss    cp      dur
-------  -------  -------  ------------  -----------  ------------  ----  -------
      1   [36m0.3876[0m   [32m0.8389[0m        [35m0.2402[0m       [31m0.9226[0m        [94m0.2151[0m     +  23.7035
      2   [36m0.4112[0m   [32m0.8517[0m        [35m0.2195[0m       [31m0.9251[0m        [94m0.2056[0m     +  23.6438
      3   0.4046   0.8472        [35m0.2136[0m       0.9251        0.2096        23.5091
      4   0.3759   0.8461        [35m0.2107[0m       0.9205        0.2125        23.6697
Stopping since valid_loss has not improved in the last 3 epochs.
[32m[I 2022-12-12 03:05:01,640][0m Trial 465 finished with value: 0.411239256949085 and parameters: {'optimizer__lr': 0.0010532047027374007, 'module__dropout': 0.05590158264062926, 'd_model_multiplier': 8, 'module__num_layers': 1, 'module__n_heads': 8, 'module__dim_feedforward': 277, 'iterator_train__batch_size': 68}. Best is trial 382 with value: 0.5110916005289956.[0m
[FileBasedDataset] Initializing dataset...
	Examples: 28559
	Features: 621
	Max length: 120
[FileBasedDataset] Dataset initialization complete
  epoch    auprc    auroc    train_loss    valid_acc    valid_loss    cp      dur
-------  -------  -------  ------------  -----------  ------------  ----  -------
      1   [36m0.4234[0m   [32m0.8351[0m        [35m0.2349[0m       [31m0.9261[0m        [94m0.2169[0m     +  23.2212
      2   [36m0.4286[0m   [32m0.8427[0m        [35m0.2189[0m       [31m0.9282[0m        [94m0.2136[0m     +  23.4854
      3   [36m0.4378[0m   [32m0.8488[0m        [35m0.2139[0m       [31m0.9300[0m        [94m0.2117[0m     +  23.5115
      4   [36m0.4432[0m   [32m0.8538[0m        [35m0.2104[0m       0.9296        [94m0.2093[0m     +  23.4234
      5   [36m0.4433[0m   0.8529        [35m0.2060[0m       0.9282        0.2098        23.4212
      6   0.4264   0.8498        [35m0.2045[0m       0.9261        0.2139        23.3188
Stopping since valid_loss has not improved in the last 3 epochs.
[32m[I 2022-12-12 03:07:45,802][0m Trial 466 finished with value: 0.4432568102992638 and parameters: {'optimizer__lr': 0.0005448477126685766, 'module__dropout': 0.13825116456055328, 'd_model_multiplier': 16, 'module__num_layers': 1, 'module__n_heads': 8, 'module__dim_feedforward': 266, 'iterator_train__batch_size': 49}. Best is trial 382 with value: 0.5110916005289956.[0m
[FileBasedDataset] Initializing dataset...
	Examples: 28559
	Features: 621
	Max length: 120
[FileBasedDataset] Dataset initialization complete
  epoch    auprc    auroc    train_loss    valid_acc    valid_loss    cp      dur
-------  -------  -------  ------------  -----------  ------------  ----  -------
      1   [36m0.3043[0m   [32m0.7916[0m        [35m0.2473[0m       [31m0.9258[0m        [94m0.2375[0m     +  43.1697
      2   [36m0.3161[0m   [32m0.8192[0m        [35m0.2335[0m       0.9233        [94m0.2276[0m     +  43.3522
      3   [36m0.3436[0m   0.8179        [35m0.2276[0m       [31m0.9286[0m        [94m0.2240[0m     +  43.5958
      4   0.2348   0.7710        0.2334       0.9184        0.2446        43.6471
      5   0.3094   0.8158        0.2346       0.9258        0.2377        43.2227
Stopping since valid_loss has not improved in the last 3 epochs.
[32m[I 2022-12-12 03:12:06,462][0m Trial 467 finished with value: 0.3435891741208173 and parameters: {'optimizer__lr': 0.0004201616025886873, 'module__dropout': 0.010049516717648768, 'd_model_multiplier': 4, 'module__num_layers': 9, 'module__n_heads': 64, 'module__dim_feedforward': 291, 'iterator_train__batch_size': 250}. Best is trial 382 with value: 0.5110916005289956.[0m
[FileBasedDataset] Initializing dataset...
	Examples: 28559
	Features: 621
	Max length: 120
[FileBasedDataset] Dataset initialization complete
  epoch    auprc    auroc    train_loss    valid_acc    valid_loss    cp      dur
-------  -------  -------  ------------  -----------  ------------  ----  -------
      1   [36m0.0954[0m   [32m0.4773[0m        [35m0.4257[0m       [31m0.9149[0m        [94m0.2987[0m     +  22.9807
      2   [36m0.2052[0m   [32m0.6606[0m        [35m0.2939[0m       0.9142        [94m0.2821[0m     +  23.0383
      3   [36m0.2513[0m   [32m0.7108[0m        [35m0.2764[0m       0.9146        [94m0.2727[0m     +  22.9041
      4   [36m0.2689[0m   [32m0.7262[0m        [35m0.2671[0m       0.9149        [94m0.2686[0m     +  22.9624
      5   [36m0.2696[0m   [32m0.7331[0m        [35m0.2616[0m       0.9121        0.2713        23.8056
      6   [36m0.2729[0m   0.7301        [35m0.2564[0m       0.9086        0.2857        23.8477
Stopping since valid_loss has not improved in the last 3 epochs.
[32m[I 2022-12-12 03:14:49,732][0m Trial 468 finished with value: 0.27287301084648025 and parameters: {'optimizer__lr': 0.00023813040404849244, 'module__dropout': 0.6988455955950343, 'd_model_multiplier': 4, 'module__num_layers': 1, 'module__n_heads': 8, 'module__dim_feedforward': 308, 'iterator_train__batch_size': 99}. Best is trial 382 with value: 0.5110916005289956.[0m
[FileBasedDataset] Initializing dataset...
	Examples: 28559
	Features: 621
	Max length: 120
[FileBasedDataset] Dataset initialization complete
  epoch    auprc    auroc    train_loss    valid_acc    valid_loss    cp      dur
-------  -------  -------  ------------  -----------  ------------  ----  -------
      1   [36m0.2775[0m   [32m0.7476[0m        [35m0.2635[0m       [31m0.9065[0m        [94m0.2578[0m     +  23.1118
      2   [36m0.2851[0m   0.7439        [35m0.2541[0m       [31m0.9135[0m        0.2605        24.1392
      3   [36m0.2887[0m   0.7442        [35m0.2536[0m       0.9125        [94m0.2549[0m     +  24.3179
      4   [36m0.2887[0m   [32m0.7485[0m        [35m0.2519[0m       0.9135        0.2551        24.0643
      5   0.2865   [32m0.7489[0m        [35m0.2518[0m       0.9135        0.2564        23.6083
Stopping since valid_loss has not improved in the last 3 epochs.
[32m[I 2022-12-12 03:17:12,913][0m Trial 469 finished with value: 0.28869115214646507 and parameters: {'optimizer__lr': 0.002081510773977611, 'module__dropout': 0.21329161893359516, 'd_model_multiplier': 32, 'module__num_layers': 10, 'module__n_heads': 8, 'module__dim_feedforward': 278, 'iterator_train__batch_size': 59}. Best is trial 382 with value: 0.5110916005289956.[0m
[FileBasedDataset] Initializing dataset...
	Examples: 28559
	Features: 621
	Max length: 120
[FileBasedDataset] Dataset initialization complete
  epoch    auprc    auroc    train_loss    valid_acc    valid_loss    cp      dur
-------  -------  -------  ------------  -----------  ------------  ----  -------
      1   [36m0.3270[0m   [32m0.7735[0m        [35m0.2719[0m       [31m0.9286[0m        [94m0.2266[0m     +  23.3876
      2   [36m0.3546[0m   [32m0.7931[0m        [35m0.2315[0m       [31m0.9310[0m        [94m0.2178[0m     +  23.5847
      3   [36m0.3570[0m   [32m0.8040[0m        [35m0.2270[0m       0.9300        [94m0.2154[0m     +  23.2737
      4   [36m0.3851[0m   [32m0.8132[0m        [35m0.2237[0m       [31m0.9321[0m        [94m0.2127[0m     +  23.3810
      5   0.3753   [32m0.8183[0m        [35m0.2211[0m       0.9282        0.2159        23.7566
      6   0.3596   0.8178        [35m0.2182[0m       0.9289        0.2149        23.6721
Stopping since valid_loss has not improved in the last 3 epochs.
[32m[I 2022-12-12 03:19:58,499][0m Trial 470 finished with value: 0.3851016790972145 and parameters: {'optimizer__lr': 0.0008146176903121844, 'module__dropout': 0.18321719436819953, 'd_model_multiplier': 1, 'module__num_layers': 5, 'module__n_heads': 16, 'module__dim_feedforward': 135, 'iterator_train__batch_size': 54}. Best is trial 382 with value: 0.5110916005289956.[0m
[FileBasedDataset] Initializing dataset...
	Examples: 28559
	Features: 621
	Max length: 120
[FileBasedDataset] Dataset initialization complete
  epoch    auprc    auroc    train_loss    valid_acc    valid_loss    cp      dur
-------  -------  -------  ------------  -----------  ------------  ----  -------
      1   [36m0.3261[0m   [32m0.8006[0m        [35m0.2704[0m       [31m0.9177[0m        [94m0.2395[0m     +  23.5082
      2   [36m0.3414[0m   [32m0.8125[0m        [35m0.2238[0m       [31m0.9191[0m        [94m0.2357[0m     +  24.0799
      3   [36m0.3595[0m   [32m0.8289[0m        [35m0.2183[0m       [31m0.9198[0m        [94m0.2293[0m     +  23.7562
      4   [36m0.3613[0m   [32m0.8346[0m        [35m0.2144[0m       [31m0.9209[0m        [94m0.2281[0m     +  23.9126
      5   [36m0.3709[0m   [32m0.8352[0m        [35m0.2115[0m       0.9202        [94m0.2264[0m     +  23.7499
      6   [36m0.3717[0m   [32m0.8361[0m        [35m0.2086[0m       0.9191        0.2274        23.3889
      7   [36m0.3753[0m   [32m0.8364[0m        [35m0.2059[0m       0.9202        0.2269        23.2187
      8   [36m0.3789[0m   [32m0.8374[0m        [35m0.2046[0m       0.9195        [94m0.2259[0m     +  23.1299
      9   0.3762   0.8348        [35m0.2023[0m       0.9195        0.2264        23.2828
     10   0.3758   0.8363        [35m0.1997[0m       0.9202        0.2270        23.3679
Stopping since valid_loss has not improved in the last 3 epochs.
[32m[I 2022-12-12 03:24:17,605][0m Trial 471 finished with value: 0.37887085686675925 and parameters: {'optimizer__lr': 0.00011708056499728359, 'module__dropout': 0.15837904696467336, 'd_model_multiplier': 16, 'module__num_layers': 2, 'module__n_heads': 8, 'module__dim_feedforward': 251, 'iterator_train__batch_size': 73}. Best is trial 382 with value: 0.5110916005289956.[0m
[FileBasedDataset] Initializing dataset...
	Examples: 28559
	Features: 621
	Max length: 120
[FileBasedDataset] Dataset initialization complete
  epoch    auprc    auroc    train_loss    valid_acc    valid_loss    cp      dur
-------  -------  -------  ------------  -----------  ------------  ----  -------
      1   [36m0.3706[0m   [32m0.7812[0m        [35m0.2910[0m       [31m0.9300[0m        [94m0.2122[0m     +  22.4377
      2   [36m0.3952[0m   [32m0.8065[0m        [35m0.2262[0m       [31m0.9324[0m        [94m0.2064[0m     +  22.9029
      3   [36m0.4124[0m   [32m0.8171[0m        [35m0.2200[0m       [31m0.9335[0m        [94m0.2034[0m     +  22.8854
      4   [36m0.4263[0m   [32m0.8269[0m        [35m0.2162[0m       [31m0.9356[0m        [94m0.2007[0m     +  23.3620
      5   [36m0.4280[0m   [32m0.8323[0m        [35m0.2124[0m       0.9349        [94m0.1994[0m     +  23.2399
      6   [36m0.4388[0m   [32m0.8383[0m        [35m0.2098[0m       [31m0.9366[0m        [94m0.1971[0m     +  23.5118
      7   0.4366   [32m0.8407[0m        [35m0.2081[0m       [31m0.9370[0m        0.1986        22.9685
      8   [36m0.4538[0m   [32m0.8481[0m        [35m0.2056[0m       0.9352        [94m0.1957[0m     +  22.9746
      9   [36m0.4570[0m   0.8473        [35m0.2042[0m       [31m0.9373[0m        [94m0.1953[0m     +  23.4812
     10   [36m0.4611[0m   0.8480        [35m0.2032[0m       0.9370        [94m0.1946[0m     +  23.4795
     11   [36m0.4617[0m   [32m0.8510[0m        [35m0.2028[0m       0.9366        [94m0.1926[0m     +  23.8330
     12   [36m0.4625[0m   [32m0.8546[0m        [35m0.2006[0m       0.9363        [94m0.1918[0m     +  23.2286
     13   0.4562   0.8530        [35m0.1999[0m       0.9349        0.1920        22.9776
     14   0.4508   0.8544        [35m0.1987[0m       0.9366        0.1929        23.2108
     15   0.4534   [32m0.8564[0m        [35m0.1963[0m       [31m0.9377[0m        [94m0.1916[0m     +  23.5571
[32m[I 2022-12-12 03:30:06,327][0m Trial 472 finished with value: 0.4625470721836335 and parameters: {'optimizer__lr': 0.000351632863837725, 'module__dropout': 0.03890270431081276, 'd_model_multiplier': 4, 'module__num_layers': 1, 'module__n_heads': 8, 'module__dim_feedforward': 262, 'iterator_train__batch_size': 85}. Best is trial 382 with value: 0.5110916005289956.[0m
[FileBasedDataset] Initializing dataset...
	Examples: 28559
	Features: 621
	Max length: 120
[FileBasedDataset] Dataset initialization complete
  epoch    auprc    auroc    train_loss    valid_acc    valid_loss    cp      dur
-------  -------  -------  ------------  -----------  ------------  ----  -------
      1   [36m0.3846[0m   [32m0.8024[0m        [35m0.2629[0m       [31m0.9268[0m        [94m0.2210[0m     +  22.9073
      2   [36m0.3905[0m   [32m0.8101[0m        [35m0.2211[0m       0.9254        0.2213        23.3339
      3   [36m0.4047[0m   [32m0.8215[0m        [35m0.2144[0m       [31m0.9275[0m        [94m0.2176[0m     +  22.6813
      4   [36m0.4120[0m   [32m0.8262[0m        [35m0.2111[0m       0.9265        [94m0.2165[0m     +  22.2291
      5   [36m0.4132[0m   0.8212        [35m0.2082[0m       [31m0.9279[0m        0.2183        23.0650
      6   [36m0.4303[0m   [32m0.8289[0m        [35m0.2059[0m       [31m0.9293[0m        [94m0.2139[0m     +  23.5275
      7   [36m0.4351[0m   [32m0.8319[0m        [35m0.2044[0m       [31m0.9296[0m        0.2140        23.1655
      8   0.4269   0.8299        [35m0.2025[0m       0.9293        [94m0.2133[0m     +  23.0941
      9   0.4208   0.8250        [35m0.2017[0m       0.9296        0.2157        23.5850
     10   [36m0.4362[0m   [32m0.8327[0m        [35m0.1987[0m       [31m0.9307[0m        [94m0.2111[0m     +  22.8521
     11   [36m0.4433[0m   0.8326        [35m0.1973[0m       [31m0.9321[0m        0.2121        22.8715
     12   0.4206   0.8288        [35m0.1971[0m       0.9265        0.2152        22.7053
Stopping since valid_loss has not improved in the last 3 epochs.
