[32m[I 2022-12-11 17:31:12,801][0m Trial 339 finished with value: 0.31860670228555454 and parameters: {'optimizer__lr': 5.791577777606009e-05, 'module__dropout': 0.05298559689232822, 'd_model_multiplier': 2, 'module__num_layers': 7, 'module__n_heads': 32, 'module__dim_feedforward': 259, 'iterator_train__batch_size': 63}. Best is trial 231 with value: 0.4798892428044479.[0m
[FileBasedDataset] Initializing dataset...
	Examples: 28559
	Features: 621
	Max length: 120
[FileBasedDataset] Dataset initialization complete
  epoch    auprc    auroc    train_loss    valid_acc    valid_loss    cp      dur
-------  -------  -------  ------------  -----------  ------------  ----  -------
      1   [36m0.3623[0m   [32m0.8143[0m        [35m0.2425[0m       [31m0.9230[0m        [94m0.2208[0m     +  23.8411
      2   0.3160   0.7932        [35m0.2302[0m       0.9177        0.2348        23.9762
      3   [36m0.3868[0m   [32m0.8301[0m        [35m0.2239[0m       [31m0.9268[0m        [94m0.2146[0m     +  24.0034
      4   0.3816   [32m0.8353[0m        [35m0.2202[0m       [31m0.9272[0m        [94m0.2141[0m     +  23.8150
      5   [36m0.3965[0m   [32m0.8436[0m        [35m0.2167[0m       0.9258        [94m0.2114[0m     +  24.1287
      6   [36m0.4019[0m   0.8435        [35m0.2165[0m       0.9265        0.2123        24.0789
      7   [36m0.4172[0m   [32m0.8505[0m        [35m0.2140[0m       0.9268        [94m0.2076[0m     +  24.6600
      8   0.3780   [32m0.8507[0m        [35m0.2134[0m       0.9230        0.2134        23.8371
      9   0.4016   0.8453        0.2150       0.9272        0.2111        24.0640
     10   [36m0.4237[0m   [32m0.8563[0m        [35m0.2123[0m       [31m0.9300[0m        [94m0.2058[0m     +  24.5003
     11   0.4200   [32m0.8592[0m        [35m0.2100[0m       0.9275        [94m0.2046[0m     +  24.5843
     12   0.4109   0.8520        [35m0.2098[0m       [31m0.9303[0m        0.2070        24.0885
     13   [36m0.4456[0m   [32m0.8720[0m        [35m0.2079[0m       0.9303        [94m0.1983[0m     +  24.1504
     14   0.4405   0.8644        0.2082       0.9293        0.2019        23.9407
     15   0.4320   0.8599        [35m0.2070[0m       0.9293        0.2036        24.4945
[32m[I 2022-12-11 17:37:16,794][0m Trial 340 finished with value: 0.4456232472562793 and parameters: {'optimizer__lr': 0.00015101714091404067, 'module__dropout': 0.07381576179180238, 'd_model_multiplier': 64, 'module__num_layers': 8, 'module__n_heads': 4, 'module__dim_feedforward': 373, 'iterator_train__batch_size': 56}. Best is trial 231 with value: 0.4798892428044479.[0m
[FileBasedDataset] Initializing dataset...
	Examples: 28559
	Features: 621
	Max length: 120
[FileBasedDataset] Dataset initialization complete
  epoch    auprc    auroc    train_loss    valid_acc    valid_loss    cp      dur
-------  -------  -------  ------------  -----------  ------------  ----  -------
      1   [36m0.3524[0m   [32m0.7872[0m        [35m0.2686[0m       [31m0.9163[0m        [94m0.2472[0m     +  23.6909
      2   [36m0.3848[0m   [32m0.8215[0m        [35m0.2263[0m       [31m0.9188[0m        [94m0.2368[0m     +  24.2404
      3   [36m0.3928[0m   [32m0.8250[0m        [35m0.2201[0m       0.9181        0.2373        23.8333
      4   [36m0.4117[0m   [32m0.8340[0m        [35m0.2160[0m       [31m0.9205[0m        [94m0.2312[0m     +  23.7960
      5   0.4076   [32m0.8450[0m        [35m0.2122[0m       0.9198        [94m0.2278[0m     +  23.7444
      6   0.4104   0.8419        [35m0.2092[0m       0.9205        0.2296        23.6570
      7   [36m0.4265[0m   [32m0.8503[0m        [35m0.2064[0m       [31m0.9212[0m        [94m0.2239[0m     +  23.4816
      8   [36m0.4335[0m   [32m0.8523[0m        [35m0.2029[0m       [31m0.9230[0m        [94m0.2229[0m     +  23.5732
      9   [36m0.4507[0m   [32m0.8572[0m        [35m0.2010[0m       0.9223        [94m0.2193[0m     +  23.7223
     10   0.4395   0.8495        [35m0.1992[0m       0.9223        0.2222        25.1489
     11   0.4479   0.8566        [35m0.1962[0m       0.9212        [94m0.2189[0m     +  24.4149
     12   [36m0.4530[0m   [32m0.8624[0m        [35m0.1955[0m       0.9219        [94m0.2179[0m     +  24.1882
     13   0.4453   0.8564        [35m0.1935[0m       [31m0.9240[0m        0.2214        23.9466
     14   0.4394   0.8555        [35m0.1911[0m       0.9226        0.2199        24.0208
Stopping since valid_loss has not improved in the last 3 epochs.
[32m[I 2022-12-11 17:43:17,812][0m Trial 341 finished with value: 0.45301165883910766 and parameters: {'optimizer__lr': 0.00015465068421304648, 'module__dropout': 0.04163443445211591, 'd_model_multiplier': 16, 'module__num_layers': 8, 'module__n_heads': 4, 'module__dim_feedforward': 342, 'iterator_train__batch_size': 68}. Best is trial 231 with value: 0.4798892428044479.[0m
[FileBasedDataset] Initializing dataset...
	Examples: 28559
	Features: 621
	Max length: 120
[FileBasedDataset] Dataset initialization complete
  epoch    auprc    auroc    train_loss    valid_acc    valid_loss    cp      dur
-------  -------  -------  ------------  -----------  ------------  ----  -------
      1   [36m0.3312[0m   [32m0.8045[0m        [35m0.2628[0m       [31m0.9286[0m        [94m0.2157[0m     +  23.2692
      2   0.3292   0.7951        [35m0.2268[0m       [31m0.9289[0m        0.2158        23.8187
      3   [36m0.3423[0m   [32m0.8283[0m        [35m0.2210[0m       [31m0.9303[0m        [94m0.2079[0m     +  23.8473
      4   [36m0.3454[0m   [32m0.8307[0m        [35m0.2163[0m       0.9296        [94m0.2056[0m     +  24.1335
      5   [36m0.3637[0m   [32m0.8322[0m        [35m0.2131[0m       0.9293        [94m0.2040[0m     +  24.5445
      6   [36m0.3764[0m   [32m0.8491[0m        [35m0.2102[0m       [31m0.9307[0m        [94m0.1999[0m     +  24.2536
      7   0.3743   [32m0.8496[0m        [35m0.2072[0m       0.9289        [94m0.1992[0m     +  23.8847
      8   0.3702   0.8433        0.2078       [31m0.9321[0m        0.2001        24.1488
      9   [36m0.3876[0m   [32m0.8519[0m        [35m0.2056[0m       0.9314        [94m0.1960[0m     +  23.7604
     10   [36m0.3977[0m   [32m0.8598[0m        [35m0.2034[0m       0.9303        [94m0.1938[0m     +  23.7616
     11   0.3757   0.8501        [35m0.2008[0m       0.9293        0.1975        23.4665
     12   0.3838   0.8513        [35m0.1980[0m       0.9303        0.1980        24.0901
Stopping since valid_loss has not improved in the last 3 epochs.
[32m[I 2022-12-11 17:48:29,862][0m Trial 342 finished with value: 0.39769576644610494 and parameters: {'optimizer__lr': 0.00021549474079719647, 'module__dropout': 0.06539842768275263, 'd_model_multiplier': 16, 'module__num_layers': 8, 'module__n_heads': 4, 'module__dim_feedforward': 382, 'iterator_train__batch_size': 66}. Best is trial 231 with value: 0.4798892428044479.[0m
[FileBasedDataset] Initializing dataset...
	Examples: 28559
	Features: 621
	Max length: 120
[FileBasedDataset] Dataset initialization complete
  epoch    auprc    auroc    train_loss    valid_acc    valid_loss    cp      dur
-------  -------  -------  ------------  -----------  ------------  ----  -------
      1   [36m0.3317[0m   [32m0.7759[0m        [35m0.2837[0m       [31m0.9261[0m        [94m0.2231[0m     +  22.7517
      2   [36m0.3511[0m   [32m0.8034[0m        [35m0.2299[0m       0.9258        [94m0.2170[0m     +  23.8954
      3   [36m0.3732[0m   [32m0.8104[0m        [35m0.2247[0m       [31m0.9296[0m        [94m0.2126[0m     +  22.9956
      4   [36m0.3825[0m   [32m0.8243[0m        [35m0.2212[0m       0.9296        [94m0.2092[0m     +  23.4061
      5   [36m0.3926[0m   [32m0.8278[0m        [35m0.2176[0m       [31m0.9300[0m        [94m0.2083[0m     +  23.5270
      6   0.3857   [32m0.8368[0m        [35m0.2161[0m       [31m0.9310[0m        [94m0.2067[0m     +  23.5731
      7   0.3821   [32m0.8397[0m        [35m0.2131[0m       0.9310        [94m0.2056[0m     +  23.4879
      8   [36m0.3998[0m   [32m0.8433[0m        [35m0.2115[0m       [31m0.9314[0m        [94m0.2033[0m     +  23.5899
      9   [36m0.4078[0m   [32m0.8503[0m        [35m0.2100[0m       0.9314        [94m0.2000[0m     +  23.3645
     10   0.3978   [32m0.8505[0m        [35m0.2083[0m       0.9275        0.2008        23.3887
     11   0.3888   0.8470        [35m0.2062[0m       0.9275        0.2029        23.5186
Stopping since valid_loss has not improved in the last 3 epochs.
[32m[I 2022-12-11 17:53:12,163][0m Trial 343 finished with value: 0.40784582147958814 and parameters: {'optimizer__lr': 0.0001365700628766235, 'module__dropout': 0.17328813508037894, 'd_model_multiplier': 16, 'module__num_layers': 3, 'module__n_heads': 4, 'module__dim_feedforward': 338, 'iterator_train__batch_size': 70}. Best is trial 231 with value: 0.4798892428044479.[0m
[FileBasedDataset] Initializing dataset...
	Examples: 28559
	Features: 621
	Max length: 120
[FileBasedDataset] Dataset initialization complete
  epoch    auprc    auroc    train_loss    valid_acc    valid_loss    cp      dur
-------  -------  -------  ------------  -----------  ------------  ----  -------
      1   [36m0.3095[0m   [32m0.7678[0m        [35m0.2648[0m       [31m0.9286[0m        [94m0.2217[0m     +  23.7234
      2   [36m0.3333[0m   [32m0.7833[0m        [35m0.2280[0m       [31m0.9289[0m        [94m0.2144[0m     +  24.1469
      3   [36m0.3385[0m   [32m0.7906[0m        [35m0.2242[0m       0.9286        [94m0.2126[0m     +  23.6648
      4   [36m0.3528[0m   [32m0.8053[0m        [35m0.2205[0m       0.9289        [94m0.2097[0m     +  23.7698
      5   0.3486   [32m0.8085[0m        [35m0.2176[0m       [31m0.9300[0m        [94m0.2076[0m     +  24.6084
      6   [36m0.3603[0m   [32m0.8122[0m        [35m0.2146[0m       [31m0.9303[0m        [94m0.2073[0m     +  24.5805
      7   [36m0.3692[0m   [32m0.8184[0m        [35m0.2124[0m       0.9300        [94m0.2052[0m     +  23.5239
      8   [36m0.3735[0m   [32m0.8191[0m        [35m0.2106[0m       [31m0.9310[0m        0.2071        24.2543
      9   [36m0.3738[0m   [32m0.8281[0m        [35m0.2081[0m       0.9303        [94m0.2035[0m     +  24.2132
     10   0.3611   0.8281        [35m0.2062[0m       0.9303        [94m0.2033[0m     +  23.6456
     11   0.3615   0.8276        [35m0.2054[0m       0.9303        0.2037        24.1542
     12   0.3528   0.8278        [35m0.2040[0m       0.9293        0.2064        24.3594
Stopping since valid_loss has not improved in the last 3 epochs.
[32m[I 2022-12-11 17:58:25,882][0m Trial 344 finished with value: 0.3738343545760797 and parameters: {'optimizer__lr': 0.0002807533259151541, 'module__dropout': 0.049992669936682194, 'd_model_multiplier': 16, 'module__num_layers': 8, 'module__n_heads': 4, 'module__dim_feedforward': 359, 'iterator_train__batch_size': 75}. Best is trial 231 with value: 0.4798892428044479.[0m
[FileBasedDataset] Initializing dataset...
	Examples: 28559
	Features: 621
	Max length: 120
[FileBasedDataset] Dataset initialization complete
  epoch    auprc    auroc    train_loss    valid_acc    valid_loss    cp      dur
-------  -------  -------  ------------  -----------  ------------  ----  -------
      1   [36m0.3864[0m   [32m0.8043[0m        [35m0.2802[0m       [31m0.9272[0m        [94m0.2212[0m     +  22.9067
      2   [36m0.4094[0m   [32m0.8230[0m        [35m0.2264[0m       [31m0.9275[0m        [94m0.2144[0m     +  22.9623
      3   [36m0.4194[0m   [32m0.8325[0m        [35m0.2216[0m       0.9265        [94m0.2107[0m     +  22.7819
      4   [36m0.4226[0m   [32m0.8390[0m        [35m0.2177[0m       0.9261        [94m0.2084[0m     +  22.4554
      5   [36m0.4243[0m   [32m0.8430[0m        [35m0.2137[0m       0.9268        [94m0.2079[0m     +  22.7596
      6   [36m0.4275[0m   0.8417        [35m0.2110[0m       0.9261        0.2080        23.0371
      7   [36m0.4328[0m   [32m0.8465[0m        [35m0.2080[0m       0.9261        [94m0.2070[0m     +  22.9321
      8   0.4231   [32m0.8467[0m        [35m0.2069[0m       0.9254        0.2082        23.1771
      9   0.4240   [32m0.8471[0m        [35m0.2050[0m       0.9272        0.2082        23.5698
     10   0.4326   [32m0.8498[0m        [35m0.2048[0m       0.9275        [94m0.2066[0m     +  22.8238
     11   0.4311   0.8495        [35m0.2035[0m       [31m0.9296[0m        0.2067        23.0039
     12   0.4252   0.8482        [35m0.2012[0m       0.9261        0.2090        23.3349
Stopping since valid_loss has not improved in the last 3 epochs.
[32m[I 2022-12-11 18:03:25,604][0m Trial 345 finished with value: 0.4327551809789262 and parameters: {'optimizer__lr': 0.00016777142329937178, 'module__dropout': 0.14423476949920175, 'd_model_multiplier': 16, 'module__num_layers': 1, 'module__n_heads': 4, 'module__dim_feedforward': 413, 'iterator_train__batch_size': 61}. Best is trial 231 with value: 0.4798892428044479.[0m
[FileBasedDataset] Initializing dataset...
	Examples: 28559
	Features: 621
	Max length: 120
[FileBasedDataset] Dataset initialization complete
  epoch    auprc    auroc    train_loss    valid_acc    valid_loss    cp      dur
-------  -------  -------  ------------  -----------  ------------  ----  -------
      1   [36m0.3176[0m   [32m0.8072[0m        [35m0.2694[0m       [31m0.9279[0m        [94m0.2100[0m     +  23.9490
      2   [36m0.3513[0m   [32m0.8075[0m        [35m0.2322[0m       [31m0.9317[0m        [94m0.2072[0m     +  24.5111
      3   0.3400   [32m0.8089[0m        [35m0.2291[0m       0.9296        0.2101        24.3910
      4   [36m0.3534[0m   [32m0.8148[0m        [35m0.2269[0m       0.9307        [94m0.2050[0m     +  24.3949
      5   0.3405   0.8024        0.2307       0.9293        0.2104        24.4408
      6   0.3529   [32m0.8158[0m        0.2280       [31m0.9321[0m        [94m0.2035[0m     +  24.2619
      7   0.3430   0.8157        [35m0.2266[0m       0.9296        0.2058        24.1276
      8   0.3281   0.8120        0.2288       0.9296        0.2089        24.0858
Stopping since valid_loss has not improved in the last 3 epochs.
[32m[I 2022-12-11 18:07:03,887][0m Trial 346 finished with value: 0.3533582544468392 and parameters: {'optimizer__lr': 0.0004029842504414213, 'module__dropout': 0.07776480087096065, 'd_model_multiplier': 16, 'module__num_layers': 10, 'module__n_heads': 4, 'module__dim_feedforward': 349, 'iterator_train__batch_size': 135}. Best is trial 231 with value: 0.4798892428044479.[0m
[FileBasedDataset] Initializing dataset...
	Examples: 28559
	Features: 621
	Max length: 120
[FileBasedDataset] Dataset initialization complete
  epoch    auprc    auroc    train_loss    valid_acc    valid_loss    cp      dur
-------  -------  -------  ------------  -----------  ------------  ----  -------
      1   [36m0.3088[0m   [32m0.7565[0m        [35m0.2942[0m       [31m0.9289[0m        [94m0.2341[0m     +  23.4640
      2   [36m0.3371[0m   [32m0.7969[0m        [35m0.2303[0m       0.9286        [94m0.2231[0m     +  24.0663
      3   [36m0.3434[0m   [32m0.8074[0m        [35m0.2243[0m       [31m0.9296[0m        [94m0.2207[0m     +  24.1181
      4   [36m0.3602[0m   [32m0.8127[0m        [35m0.2202[0m       [31m0.9307[0m        [94m0.2156[0m     +  23.7799
      5   [36m0.3686[0m   [32m0.8243[0m        [35m0.2160[0m       [31m0.9317[0m        [94m0.2106[0m     +  24.3929
      6   [36m0.3867[0m   [32m0.8326[0m        [35m0.2118[0m       [31m0.9321[0m        [94m0.2067[0m     +  24.0121
      7   0.3839   [32m0.8336[0m        [35m0.2080[0m       0.9310        [94m0.2064[0m     +  23.6738
      8   0.3846   [32m0.8388[0m        [35m0.2056[0m       0.9296        [94m0.2050[0m     +  23.9009
      9   [36m0.3920[0m   [32m0.8463[0m        [35m0.2021[0m       0.9300        [94m0.2023[0m     +  23.7977
     10   0.3849   [32m0.8476[0m        [35m0.1990[0m       0.9293        0.2038        23.8417
     11   0.3742   0.8449        [35m0.1966[0m       0.9286        0.2048        23.9327
Stopping since valid_loss has not improved in the last 3 epochs.
[32m[I 2022-12-11 18:11:51,223][0m Trial 347 finished with value: 0.3920218765842273 and parameters: {'optimizer__lr': 0.00010728541641338591, 'module__dropout': 0.034406934649508475, 'd_model_multiplier': 16, 'module__num_layers': 8, 'module__n_heads': 4, 'module__dim_feedforward': 443, 'iterator_train__batch_size': 84}. Best is trial 231 with value: 0.4798892428044479.[0m
[FileBasedDataset] Initializing dataset...
	Examples: 28559
	Features: 621
	Max length: 120
[FileBasedDataset] Dataset initialization complete
  epoch    auprc    auroc    train_loss    valid_acc    valid_loss    cp      dur
-------  -------  -------  ------------  -----------  ------------  ----  -------
      1   [36m0.2036[0m   [32m0.7207[0m        [35m0.2577[0m       [31m0.9219[0m        [94m0.2483[0m     +  91.0080
      2   [36m0.2046[0m   0.7197        [35m0.2537[0m       0.9219        [94m0.2467[0m     +  91.3274
      3   0.2036   0.7156        [35m0.2524[0m       [31m0.9223[0m        [94m0.2463[0m     +  91.2540
      4   0.2039   0.7181        [35m0.2523[0m       0.9223        [94m0.2459[0m     +  91.5063
      5   0.1981   0.7055        [35m0.2515[0m       0.9223        0.2462        91.2549
      6   0.2022   0.7201        [35m0.2513[0m       [31m0.9230[0m        0.2459        91.3390
      7   [36m0.2069[0m   [32m0.7216[0m        [35m0.2507[0m       0.9219        [94m0.2458[0m     +  91.3901
      8   0.1923   0.7185        0.2514       [31m0.9237[0m        0.2513        91.3866
      9   [36m0.2412[0m   [32m0.7621[0m        [35m0.2491[0m       0.9230        [94m0.2364[0m     +  91.4097
     10   [36m0.2508[0m   [32m0.7655[0m        [35m0.2429[0m       0.9233        [94m0.2338[0m     +  91.3133
     11   [36m0.2535[0m   [32m0.7678[0m        [35m0.2417[0m       0.9233        [94m0.2333[0m     +  91.4652
     12   [36m0.2634[0m   0.7667        [35m0.2412[0m       0.9233        [94m0.2331[0m     +  91.2935
     13   0.2630   0.7664        [35m0.2408[0m       0.9233        0.2332        91.1990
     14   0.2619   0.7664        0.2410       0.9233        0.2332        91.4057
Stopping since valid_loss has not improved in the last 3 epochs.
[32m[I 2022-12-11 18:34:52,441][0m Trial 348 finished with value: 0.2633569160899102 and parameters: {'optimizer__lr': 0.0001832261744725517, 'module__dropout': 0.05985672552181624, 'd_model_multiplier': 16, 'module__num_layers': 9, 'module__n_heads': 64, 'module__dim_feedforward': 365, 'iterator_train__batch_size': 57}. Best is trial 231 with value: 0.4798892428044479.[0m
[FileBasedDataset] Initializing dataset...
	Examples: 28559
	Features: 621
	Max length: 120
[FileBasedDataset] Dataset initialization complete
  epoch    auprc    auroc    train_loss    valid_acc    valid_loss    cp      dur
-------  -------  -------  ------------  -----------  ------------  ----  -------
      1   [36m0.3160[0m   [32m0.7637[0m        [35m0.2635[0m       [31m0.9198[0m        [94m0.2381[0m     +  23.1613
      2   [36m0.3292[0m   [32m0.7848[0m        [35m0.2272[0m       [31m0.9205[0m        [94m0.2339[0m     +  24.0839
      3   [36m0.3509[0m   [32m0.8044[0m        [35m0.2225[0m       [31m0.9216[0m        [94m0.2287[0m     +  23.7805
      4   [36m0.3786[0m   [32m0.8181[0m        [35m0.2184[0m       0.9216        [94m0.2220[0m     +  23.6869
      5   [36m0.3833[0m   [32m0.8257[0m        [35m0.2151[0m       0.9209        [94m0.2194[0m     +  23.2719
      6   [36m0.4014[0m   [32m0.8310[0m        [35m0.2119[0m       0.9216        [94m0.2164[0m     +  23.8245
      7   [36m0.4211[0m   [32m0.8347[0m        [35m0.2078[0m       [31m0.9223[0m        [94m0.2117[0m     +  23.4788
      8   0.4179   0.8332        [35m0.2069[0m       [31m0.9230[0m        0.2161        22.8075
      9   [36m0.4355[0m   [32m0.8369[0m        [35m0.2063[0m       0.9226        [94m0.2116[0m     +  23.1653
     10   0.4328   0.8361        [35m0.2024[0m       0.9195        0.2116        23.8142
     11   0.4276   0.8343        [35m0.2013[0m       0.9198        0.2120        23.3831
Stopping since valid_loss has not improved in the last 3 epochs.
