[32m[I 2022-12-10 11:36:21,382][0m Trial 22 finished with value: 0.3754098291247858 and parameters: {'optimizer__lr': 1.6379045048594504e-05, 'module__dropout': 0.08269272098399999, 'd_model_multiplier': 4, 'module__num_layers': 7, 'module__n_heads': 64, 'module__dim_feedforward': 198, 'iterator_train__batch_size': 228}. Best is trial 1 with value: 0.40959388648967576.[0m
[FileBasedDataset] Initializing dataset...
	Examples: 28559
	Features: 621
	Max length: 120
[FileBasedDataset] Dataset initialization complete
  epoch    auprc    auroc    train_loss    valid_acc    valid_loss    cp      dur
-------  -------  -------  ------------  -----------  ------------  ----  -------
      1   [36m0.1560[0m   [32m0.6665[0m        [35m0.6431[0m       [31m0.9160[0m        [94m0.6191[0m     +  30.7672
      2   0.1180   0.6080        [35m0.6067[0m       [31m0.9279[0m        [94m0.5820[0m     +  30.5773
      3   0.0955   0.5558        [35m0.5738[0m       [31m0.9293[0m        [94m0.5468[0m     +  31.0105
      4   0.0837   0.5163        [35m0.5414[0m       [31m0.9300[0m        [94m0.5143[0m     +  30.9053
      5   0.0787   0.4936        [35m0.5126[0m       [31m0.9303[0m        [94m0.4843[0m     +  30.8274
      6   0.0758   0.4779        [35m0.4851[0m       0.9303        [94m0.4559[0m     +  31.0820
      7   0.0740   0.4724        [35m0.4598[0m       0.9303        [94m0.4313[0m     +  30.6208
      8   0.0732   0.4707        [35m0.4375[0m       0.9303        [94m0.4083[0m     +  31.2136
      9   0.0735   0.4721        [35m0.4171[0m       0.9303        [94m0.3890[0m     +  31.3360
     10   0.0745   0.4755        [35m0.3994[0m       0.9303        [94m0.3715[0m     +  31.0332
     11   0.0769   0.4841        [35m0.3837[0m       0.9303        [94m0.3567[0m     +  30.7365
     12   0.0804   0.4953        [35m0.3705[0m       0.9300        [94m0.3435[0m     +  30.6910
     13   0.0855   0.5060        [35m0.3587[0m       0.9300        [94m0.3324[0m     +  30.9169
     14   0.0924   0.5178        [35m0.3484[0m       0.9300        [94m0.3227[0m     +  31.0653
     15   0.0993   0.5283        [35m0.3394[0m       0.9300        [94m0.3141[0m     +  30.8985
[32m[I 2022-12-10 11:44:07,243][0m Trial 23 finished with value: 0.15601750742974713 and parameters: {'optimizer__lr': 6.103225802754273e-07, 'module__dropout': 0.08594390252655765, 'd_model_multiplier': 4, 'module__num_layers': 6, 'module__n_heads': 64, 'module__dim_feedforward': 203, 'iterator_train__batch_size': 221}. Best is trial 1 with value: 0.40959388648967576.[0m
[FileBasedDataset] Initializing dataset...
	Examples: 28559
	Features: 621
	Max length: 120
[FileBasedDataset] Dataset initialization complete
  epoch    auprc    auroc    train_loss    valid_acc    valid_loss    cp      dur
-------  -------  -------  ------------  -----------  ------------  ----  -------
      1   [36m0.2097[0m   [32m0.7290[0m        [35m0.2746[0m       [31m0.9216[0m        [94m0.2675[0m     +  34.5191
      2   [36m0.2195[0m   [32m0.7392[0m        [35m0.2552[0m       0.9216        [94m0.2599[0m     +  34.9025
      3   0.2106   0.7390        0.2560       0.9216        0.2663        34.9483
      4   [36m0.2449[0m   [32m0.7411[0m        [35m0.2543[0m       0.9216        0.2651        35.1964
Stopping since valid_loss has not improved in the last 3 epochs.
[32m[I 2022-12-10 11:47:02,401][0m Trial 24 finished with value: 0.2448741515356082 and parameters: {'optimizer__lr': 0.003173188434606913, 'module__dropout': 0.4094804458952433, 'd_model_multiplier': 4, 'module__num_layers': 7, 'module__n_heads': 64, 'module__dim_feedforward': 299, 'iterator_train__batch_size': 161}. Best is trial 1 with value: 0.40959388648967576.[0m
[FileBasedDataset] Initializing dataset...
	Examples: 28559
	Features: 621
	Max length: 120
[FileBasedDataset] Dataset initialization complete
  epoch    auprc    auroc    train_loss    valid_acc    valid_loss    cp      dur
-------  -------  -------  ------------  -----------  ------------  ----  -------
      1   [36m0.0816[0m   [32m0.4320[0m        [35m0.6683[0m       [31m0.8659[0m        [94m0.6537[0m     +  22.8590
      2   0.0700   0.3866        [35m0.6470[0m       [31m0.9219[0m        [94m0.6304[0m     +  23.8279
      3   0.0682   0.3670        [35m0.6275[0m       [31m0.9275[0m        [94m0.6081[0m     +  23.3054
      4   0.0631   0.3584        [35m0.6080[0m       0.9268        [94m0.5863[0m     +  23.3382
      5   0.0604   0.3574        [35m0.5895[0m       0.9268        [94m0.5660[0m     +  23.6246
      6   0.0606   0.3587        [35m0.5717[0m       0.9268        [94m0.5466[0m     +  23.3897
      7   0.0609   0.3621        [35m0.5555[0m       0.9268        [94m0.5277[0m     +  23.4765
      8   0.0609   0.3646        [35m0.5385[0m       0.9268        [94m0.5091[0m     +  23.2944
      9   0.0620   0.3690        [35m0.5220[0m       0.9268        [94m0.4920[0m     +  23.7144
     10   0.0629   0.3736        [35m0.5075[0m       0.9268        [94m0.4765[0m     +  23.7136
     11   0.0633   0.3778        [35m0.4934[0m       0.9268        [94m0.4612[0m     +  23.1193
     12   0.0642   0.3842        [35m0.4806[0m       0.9268        [94m0.4466[0m     +  23.7953
     13   0.0653   0.3914        [35m0.4669[0m       0.9268        [94m0.4324[0m     +  23.3438
     14   0.0665   0.3989        [35m0.4541[0m       0.9268        [94m0.4195[0m     +  22.2017
     15   0.0681   0.4075        [35m0.4426[0m       0.9268        [94m0.4067[0m     +  23.0891
[32m[I 2022-12-10 11:52:53,084][0m Trial 25 finished with value: 0.08158324831701144 and parameters: {'optimizer__lr': 2.959703380990119e-06, 'module__dropout': 0.27441741124736946, 'd_model_multiplier': 4, 'module__num_layers': 1, 'module__n_heads': 16, 'module__dim_feedforward': 376, 'iterator_train__batch_size': 191}. Best is trial 1 with value: 0.40959388648967576.[0m
[FileBasedDataset] Initializing dataset...
	Examples: 28559
	Features: 621
	Max length: 120
[FileBasedDataset] Dataset initialization complete
  epoch    auprc    auroc    train_loss    valid_acc    valid_loss    cp      dur
-------  -------  -------  ------------  -----------  ------------  ----  -------
      1   [36m0.2963[0m   [32m0.7438[0m        [35m0.3468[0m       [31m0.9251[0m        [94m0.2449[0m     +  42.1147
      2   [36m0.3422[0m   [32m0.7827[0m        [35m0.2443[0m       [31m0.9261[0m        [94m0.2260[0m     +  42.8639
      3   [36m0.3570[0m   [32m0.7938[0m        [35m0.2337[0m       [31m0.9286[0m        [94m0.2215[0m     +  42.3721
      4   [36m0.3667[0m   [32m0.7997[0m        [35m0.2300[0m       [31m0.9303[0m        [94m0.2199[0m     +  42.9727
      5   [36m0.3744[0m   [32m0.8011[0m        [35m0.2281[0m       0.9296        [94m0.2196[0m     +  42.5887
      6   0.3742   [32m0.8060[0m        [35m0.2269[0m       0.9289        [94m0.2186[0m     +  42.5348
      7   [36m0.3772[0m   [32m0.8069[0m        [35m0.2258[0m       0.9293        0.2194        42.7429
      8   [36m0.3822[0m   [32m0.8113[0m        [35m0.2241[0m       0.9303        [94m0.2180[0m     +  42.9063
      9   [36m0.3830[0m   [32m0.8132[0m        [35m0.2235[0m       0.9293        [94m0.2174[0m     +  42.6511
     10   [36m0.3931[0m   [32m0.8136[0m        [35m0.2226[0m       0.9300        0.2190        42.3900
     11   [36m0.3947[0m   [32m0.8154[0m        [35m0.2224[0m       0.9293        [94m0.2166[0m     +  42.6058
     12   [36m0.3989[0m   [32m0.8182[0m        [35m0.2214[0m       0.9293        [94m0.2157[0m     +  42.5364
     13   [36m0.4007[0m   [32m0.8206[0m        [35m0.2201[0m       0.9296        [94m0.2149[0m     +  42.2394
     14   0.3988   0.8196        [35m0.2185[0m       0.9293        0.2160        42.7554
     15   0.3960   [32m0.8220[0m        0.2187       0.9293        [94m0.2138[0m     +  42.3423
[32m[I 2022-12-10 12:03:33,984][0m Trial 26 finished with value: 0.4007418342438135 and parameters: {'optimizer__lr': 2.6566022425084616e-05, 'module__dropout': 0.16426426220077284, 'd_model_multiplier': 4, 'module__num_layers': 9, 'module__n_heads': 64, 'module__dim_feedforward': 224, 'iterator_train__batch_size': 233}. Best is trial 1 with value: 0.40959388648967576.[0m
[FileBasedDataset] Initializing dataset...
	Examples: 28559
	Features: 621
	Max length: 120
[FileBasedDataset] Dataset initialization complete
  epoch    auprc    auroc    train_loss    valid_acc    valid_loss    cp      dur
-------  -------  -------  ------------  -----------  ------------  ----  -------
      1   [36m0.1697[0m   [32m0.7095[0m        [35m0.2571[0m       [31m0.9296[0m        [94m0.2403[0m     +  41.6668
      2   [36m0.1804[0m   [32m0.7167[0m        [35m0.2538[0m       0.9296        [94m0.2368[0m     +  42.2565
      3   [36m0.1855[0m   [32m0.7203[0m        [35m0.2534[0m       0.9296        [94m0.2354[0m     +  41.8058
      4   0.1843   [32m0.7205[0m        [35m0.2528[0m       0.9296        [94m0.2353[0m     +  41.7710
      5   [36m0.1867[0m   [32m0.7206[0m        [35m0.2523[0m       0.9296        0.2358        41.9460
      6   0.1782   0.7200        0.2524       0.9296        0.2354        41.7499
      7   [36m0.1873[0m   [32m0.7221[0m        [35m0.2521[0m       0.9296        [94m0.2351[0m     +  41.9876
      8   [36m0.1915[0m   [32m0.7225[0m        0.2524       0.9296        [94m0.2348[0m     +  41.8450
      9   0.1769   0.7123        0.2546       0.9296        0.2358        41.6331
     10   0.1793   0.7114        [35m0.2521[0m       0.9296        0.2352        41.7091
Stopping since valid_loss has not improved in the last 3 epochs.
[32m[I 2022-12-10 12:11:15,514][0m Trial 27 finished with value: 0.19154309103536235 and parameters: {'optimizer__lr': 0.0004552580600225822, 'module__dropout': 0.16961382727263613, 'd_model_multiplier': 4, 'module__num_layers': 9, 'module__n_heads': 64, 'module__dim_feedforward': 266, 'iterator_train__batch_size': 131}. Best is trial 1 with value: 0.40959388648967576.[0m
[FileBasedDataset] Initializing dataset...
	Examples: 28559
	Features: 621
	Max length: 120
[FileBasedDataset] Dataset initialization complete
Warning, assumed runtime error: CUDA out of memory. Tried to allocate 828.00 MiB (GPU 0; 23.70 GiB total capacity; 21.42 GiB already allocated; 775.31 MiB free; 21.97 GiB reserved in total by PyTorch) If reserved memory is >> allocated memory try setting max_split_size_mb to avoid fragmentation.  See documentation for Memory Management and PYTORCH_CUDA_ALLOC_CONF
[32m[I 2022-12-10 12:11:21,792][0m Trial 28 finished with value: 0.0 and parameters: {'optimizer__lr': 1.7942343379314745e-07, 'module__dropout': 0.3932720001492436, 'd_model_multiplier': 8, 'module__num_layers': 11, 'module__n_heads': 64, 'module__dim_feedforward': 226, 'iterator_train__batch_size': 235}. Best is trial 1 with value: 0.40959388648967576.[0m
[FileBasedDataset] Initializing dataset...
	Examples: 28559
	Features: 621
	Max length: 120
[FileBasedDataset] Dataset initialization complete
  epoch    auprc    auroc    train_loss    valid_acc    valid_loss    cp      dur
-------  -------  -------  ------------  -----------  ------------  ----  -------
      1   [36m0.1676[0m   [32m0.5956[0m        [35m0.6981[0m       [31m0.3312[0m        [94m0.6991[0m     +  23.7719
      2   0.1674   0.5948        0.6984       0.3312        [94m0.6990[0m     +  24.3546
      3   0.1672   0.5942        [35m0.6979[0m       [31m0.3319[0m        [94m0.6989[0m     +  23.9700
      4   0.1667   0.5938        0.6982       [31m0.3323[0m        [94m0.6988[0m     +  24.0116
      5   0.1666   0.5937        [35m0.6975[0m       [31m0.3326[0m        [94m0.6987[0m     +  24.2512
      6   0.1668   0.5940        0.6979       0.3326        [94m0.6986[0m     +  24.4691
      7   0.1668   0.5940        [35m0.6970[0m       0.3323        [94m0.6985[0m     +  24.3342
      8   0.1667   0.5938        0.6974       [31m0.3330[0m        [94m0.6984[0m     +  24.6543
      9   0.1667   0.5936        0.6970       [31m0.3337[0m        [94m0.6983[0m     +  24.2120
     10   0.1666   0.5938        0.6972       [31m0.3344[0m        [94m0.6982[0m     +  24.9146
     11   0.1667   0.5937        0.6973       [31m0.3354[0m        [94m0.6981[0m     +  24.1793
     12   0.1665   0.5930        0.6974       [31m0.3365[0m        [94m0.6980[0m     +  24.0125
     13   0.1657   0.5927        0.6970       [31m0.3372[0m        [94m0.6979[0m     +  23.9358
     14   0.1655   0.5925        [35m0.6968[0m       [31m0.3382[0m        [94m0.6978[0m     +  24.2081
     15   0.1653   0.5924        [35m0.6967[0m       0.3379        [94m0.6977[0m     +  24.8865
[32m[I 2022-12-10 12:17:27,343][0m Trial 29 finished with value: 0.16759848966666324 and parameters: {'optimizer__lr': 4.607159713093822e-08, 'module__dropout': 0.2001933426773472, 'd_model_multiplier': 1, 'module__num_layers': 14, 'module__n_heads': 8, 'module__dim_feedforward': 353, 'iterator_train__batch_size': 195}. Best is trial 1 with value: 0.40959388648967576.[0m
[FileBasedDataset] Initializing dataset...
	Examples: 28559
	Features: 621
	Max length: 120
[FileBasedDataset] Dataset initialization complete
  epoch    auprc    auroc    train_loss    valid_acc    valid_loss    cp       dur
-------  -------  -------  ------------  -----------  ------------  ----  --------
      1   [36m0.3463[0m   [32m0.7980[0m        [35m0.2440[0m       [31m0.9247[0m        [94m0.2178[0m     +  206.5577
      2   0.3332   0.7939        [35m0.2281[0m       0.9247        0.2213        206.6288
      3   0.3410   [32m0.8010[0m        [35m0.2257[0m       [31m0.9254[0m        0.2191        206.9703
Stopping since valid_loss has not improved in the last 3 epochs.
[32m[I 2022-12-10 12:31:19,091][0m Trial 30 finished with value: 0.3462973311309428 and parameters: {'optimizer__lr': 2.5382614306502302e-05, 'module__dropout': 0.26737689786549274, 'd_model_multiplier': 64, 'module__num_layers': 9, 'module__n_heads': 32, 'module__dim_feedforward': 428, 'iterator_train__batch_size': 141}. Best is trial 1 with value: 0.40959388648967576.[0m
[FileBasedDataset] Initializing dataset...
	Examples: 28559
	Features: 621
	Max length: 120
[FileBasedDataset] Dataset initialization complete
  epoch    auprc    auroc    train_loss    valid_acc    valid_loss    cp      dur
-------  -------  -------  ------------  -----------  ------------  ----  -------
      1   [36m0.2151[0m   [32m0.6735[0m        [35m0.3888[0m       [31m0.9216[0m        [94m0.2635[0m     +  34.7451
      2   [36m0.2937[0m   [32m0.7513[0m        [35m0.2504[0m       [31m0.9240[0m        [94m0.2346[0m     +  34.8362
      3   [36m0.3110[0m   [32m0.7712[0m        [35m0.2339[0m       0.9237        [94m0.2282[0m     +  34.8620
      4   [36m0.3183[0m   [32m0.7850[0m        [35m0.2285[0m       0.9230        [94m0.2258[0m     +  34.9639
      5   [36m0.3210[0m   [32m0.7898[0m        [35m0.2264[0m       0.9240        [94m0.2247[0m     +  34.7057
      6   [36m0.3243[0m   [32m0.7953[0m        [35m0.2250[0m       [31m0.9244[0m        [94m0.2241[0m     +  34.8365
      7   [36m0.3308[0m   [32m0.8003[0m        [35m0.2236[0m       [31m0.9247[0m        [94m0.2231[0m     +  34.8131
      8   0.3285   [32m0.8009[0m        [35m0.2218[0m       0.9240        [94m0.2229[0m     +  34.8700
      9   [36m0.3324[0m   [32m0.8024[0m        [35m0.2206[0m       0.9247        [94m0.2224[0m     +  34.7100
     10   [36m0.3340[0m   [32m0.8054[0m        [35m0.2205[0m       0.9237        [94m0.2219[0m     +  34.8578
     11   [36m0.3379[0m   0.8050        [35m0.2202[0m       0.9244        [94m0.2217[0m     +  34.6619
     12   0.3359   [32m0.8070[0m        [35m0.2186[0m       0.9244        0.2220        34.8259
     13   [36m0.3403[0m   [32m0.8092[0m        [35m0.2173[0m       [31m0.9265[0m        [94m0.2210[0m     +  34.5509
     14   [36m0.3438[0m   [32m0.8113[0m        [35m0.2158[0m       0.9254        [94m0.2202[0m     +  34.6448
     15   [36m0.3474[0m   0.8113        0.2165       0.9254        [94m0.2201[0m     +  34.6534
[32m[I 2022-12-10 12:40:02,710][0m Trial 31 finished with value: 0.3473773328425062 and parameters: {'optimizer__lr': 2.385233935993349e-05, 'module__dropout': 0.13020021103366122, 'd_model_multiplier': 4, 'module__num_layers': 7, 'module__n_heads': 64, 'module__dim_feedforward': 191, 'iterator_train__batch_size': 232}. Best is trial 1 with value: 0.40959388648967576.[0m
[FileBasedDataset] Initializing dataset...
	Examples: 28559
	Features: 621
	Max length: 120
[FileBasedDataset] Dataset initialization complete
Warning, assumed runtime error: CUDA out of memory. Tried to allocate 816.00 MiB (GPU 0; 23.70 GiB total capacity; 20.83 GiB already allocated; 299.31 MiB free; 22.43 GiB reserved in total by PyTorch) If reserved memory is >> allocated memory try setting max_split_size_mb to avoid fragmentation.  See documentation for Memory Management and PYTORCH_CUDA_ALLOC_CONF
[32m[I 2022-12-10 12:40:08,833][0m Trial 32 finished with value: 0.0 and parameters: {'optimizer__lr': 2.3126115697791086e-06, 'module__dropout': 0.04884498481347907, 'd_model_multiplier': 16, 'module__num_layers': 11, 'module__n_heads': 64, 'module__dim_feedforward': 174, 'iterator_train__batch_size': 232}. Best is trial 1 with value: 0.40959388648967576.[0m
[FileBasedDataset] Initializing dataset...
	Examples: 28559
	Features: 621
	Max length: 120
[FileBasedDataset] Dataset initialization complete
  epoch    auprc    auroc    train_loss    valid_acc    valid_loss    cp      dur
-------  -------  -------  ------------  -----------  ------------  ----  -------
      1   [36m0.1913[0m   [32m0.6243[0m        [35m0.3593[0m       [31m0.9258[0m        [94m0.2578[0m     +  23.5638
      2   [36m0.3144[0m   [32m0.7714[0m        [35m0.2489[0m       [31m0.9261[0m        [94m0.2226[0m     +  24.7243
      3   [36m0.3375[0m   [32m0.8025[0m        [35m0.2335[0m       [31m0.9265[0m        [94m0.2154[0m     +  23.7613
      4   [36m0.3410[0m   [32m0.8165[0m        [35m0.2286[0m       [31m0.9272[0m        [94m0.2132[0m     +  24.9138
      5   [36m0.3420[0m   [32m0.8177[0m        [35m0.2271[0m       0.9272        0.2136        25.0169
      6   [36m0.3532[0m   [32m0.8208[0m        [35m0.2244[0m       [31m0.9286[0m        [94m0.2113[0m     +  24.6478
      7   [36m0.3565[0m   [32m0.8279[0m        [35m0.2226[0m       0.9279        0.2142        24.6440
      8   [36m0.3728[0m   [32m0.8362[0m        [35m0.2216[0m       0.9282        [94m0.2095[0m     +  24.3271
      9   [36m0.3728[0m   [32m0.8364[0m        [35m0.2201[0m       [31m0.9293[0m        [94m0.2069[0m     +  24.4301
     10   [36m0.3849[0m   [32m0.8409[0m        [35m0.2182[0m       [31m0.9321[0m        [94m0.2039[0m     +  24.4922
     11   [36m0.3873[0m   0.8394        [35m0.2165[0m       0.9303        [94m0.2033[0m     +  24.0757
     12   [36m0.3931[0m   [32m0.8443[0m        [35m0.2146[0m       0.9300        [94m0.2016[0m     +  24.3347
     13   [36m0.4037[0m   [32m0.8468[0m        [35m0.2139[0m       0.9310        [94m0.2002[0m     +  24.1357
     14   [36m0.4102[0m   [32m0.8510[0m        [35m0.2124[0m       0.9314        [94m0.1992[0m     +  24.2122
     15   0.3971   [32m0.8518[0m        [35m0.2111[0m       0.9296        0.1994        24.2375
[32m[I 2022-12-10 12:46:15,120][0m Trial 33 finished with value: 0.41016979063159703 and parameters: {'optimizer__lr': 0.0004334320480946591, 'module__dropout': 0.09753095563281239, 'd_model_multiplier': 4, 'module__num_layers': 6, 'module__n_heads': 4, 'module__dim_feedforward': 216, 'iterator_train__batch_size': 168}. Best is trial 33 with value: 0.41016979063159703.[0m
[FileBasedDataset] Initializing dataset...
	Examples: 28559
	Features: 621
	Max length: 120
[FileBasedDataset] Dataset initialization complete
  epoch    auprc    auroc    train_loss    valid_acc    valid_loss    cp      dur
-------  -------  -------  ------------  -----------  ------------  ----  -------
      1   [36m0.2441[0m   [32m0.7448[0m        [35m0.2742[0m       [31m0.9181[0m        [94m0.2518[0m     +  23.6258
      2   [36m0.2625[0m   0.7387        [35m0.2559[0m       0.9181        [94m0.2515[0m     +  24.1581
      3   0.2604   [32m0.7472[0m        [35m0.2533[0m       0.9181        [94m0.2507[0m     +  24.0045
      4   0.2531   0.7447        [35m0.2524[0m       0.9181        [94m0.2506[0m     +  23.9537
      5   0.2584   0.7467        [35m0.2507[0m       0.9181        0.2509        24.7214
      6   0.2532   0.7457        [35m0.2495[0m       0.9181        0.2515        24.1952
Stopping since valid_loss has not improved in the last 3 epochs.
