[32m[I 2022-12-28 15:49:37,027][0m Trial 95 finished with value: 0.176633882674663 and parameters: {'optimizer__lr': 0.0008307496284057045, 'module__dropout': 0.6532067648088606, 'd_model_multiplier': 8, 'module__num_layers': 1, 'module__n_heads': 16, 'module__dim_feedforward': 358, 'iterator_train__batch_size': 85}. Best is trial 30 with value: 0.2522550651870843.[0m
[FileBasedDataset] Initializing dataset...
	Examples: 11988
	Features: 621
	Max length: 574
[FileBasedDataset] Dataset initialization complete
  epoch    auprc    auroc    train_loss    valid_acc    valid_loss    cp      dur
-------  -------  -------  ------------  -----------  ------------  ----  -------
      1   [36m0.1422[0m   [32m0.6190[0m        [35m0.3397[0m       [31m0.9149[0m        [94m0.2957[0m     +  27.4523
      2   0.1386   0.6169        [35m0.3220[0m       0.9149        [94m0.2953[0m     +  27.1234
      3   [36m0.1439[0m   [32m0.6204[0m        [35m0.3158[0m       0.9149        [94m0.2896[0m     +  26.9194
      4   [36m0.1444[0m   [32m0.6253[0m        [35m0.3123[0m       0.9149        [94m0.2882[0m     +  27.1868
      5   0.1426   [32m0.6288[0m        [35m0.3090[0m       0.9149        0.2890        27.2338
      6   [36m0.1464[0m   [32m0.6341[0m        [35m0.3076[0m       0.9149        [94m0.2855[0m     +  27.2556
      7   0.1442   [32m0.6349[0m        [35m0.3047[0m       0.9149        0.2858        27.4306
      8   0.1455   [32m0.6415[0m        0.3064       0.9149        [94m0.2833[0m     +  27.3153
      9   [36m0.1477[0m   0.6371        [35m0.3040[0m       0.9149        0.2848        27.0545
     10   0.1431   0.6376        0.3048       0.9133        0.2852        27.2072
Stopping since valid_loss has not improved in the last 3 epochs.
[32m[I 2022-12-28 15:54:36,857][0m Trial 96 finished with value: 0.14768986263262 and parameters: {'optimizer__lr': 0.004774400906914002, 'module__dropout': 0.5623566893038613, 'd_model_multiplier': 1, 'module__num_layers': 11, 'module__n_heads': 4, 'module__dim_feedforward': 332, 'iterator_train__batch_size': 97}. Best is trial 30 with value: 0.2522550651870843.[0m
[FileBasedDataset] Initializing dataset...
	Examples: 11988
	Features: 621
	Max length: 574
[FileBasedDataset] Dataset initialization complete
  epoch    auprc    auroc    train_loss    valid_acc    valid_loss    cp      dur
-------  -------  -------  ------------  -----------  ------------  ----  -------
      1   [36m0.1733[0m   [32m0.6059[0m        [35m3.9975[0m       [31m0.2961[0m        [94m6.4232[0m     +  18.0036
      2   [36m0.1831[0m   0.5881        [35m2.2539[0m       [31m0.8657[0m        [94m1.5376[0m     +  18.9748
      3   0.1087   0.4701        2.6092       [31m0.9099[0m        3.2101        18.6619
      4   0.1587   0.5880        2.8026       0.8999        1.8619        18.4933
Stopping since valid_loss has not improved in the last 3 epochs.
[32m[I 2022-12-28 15:56:09,957][0m Trial 97 finished with value: 0.183101290253317 and parameters: {'optimizer__lr': 0.06289394778780352, 'module__dropout': 0.6081419494798609, 'd_model_multiplier': 64, 'module__num_layers': 2, 'module__n_heads': 4, 'module__dim_feedforward': 398, 'iterator_train__batch_size': 104}. Best is trial 30 with value: 0.2522550651870843.[0m
[FileBasedDataset] Initializing dataset...
	Examples: 11988
	Features: 621
	Max length: 574
[FileBasedDataset] Dataset initialization complete
  epoch    auprc    auroc    train_loss    valid_acc    valid_loss    cp      dur
-------  -------  -------  ------------  -----------  ------------  ----  -------
      1   [36m0.0798[0m   [32m0.3528[0m        [35m0.5938[0m       [31m0.9008[0m        [94m0.5111[0m     +  30.5362
      2   [36m0.0947[0m   [32m0.4590[0m        [35m0.4544[0m       [31m0.9024[0m        [94m0.3512[0m     +  30.5173
      3   [36m0.1365[0m   [32m0.5479[0m        [35m0.4211[0m       0.8440        0.4841        30.4376
      4   0.1150   0.5413        [35m0.3820[0m       0.9024        [94m0.3333[0m     +  30.4296
      5   0.0864   0.4236        [35m0.3742[0m       [31m0.9058[0m        0.3675        30.2458
      6   [36m0.1571[0m   [32m0.6374[0m        0.3764       0.8824        0.3675        30.2363
Stopping since valid_loss has not improved in the last 3 epochs.
[32m[I 2022-12-28 15:59:43,082][0m Trial 98 finished with value: 0.15713983618363409 and parameters: {'optimizer__lr': 0.013765413335547892, 'module__dropout': 0.6734930361453978, 'd_model_multiplier': 8, 'module__num_layers': 3, 'module__n_heads': 16, 'module__dim_feedforward': 297, 'iterator_train__batch_size': 54}. Best is trial 30 with value: 0.2522550651870843.[0m
[FileBasedDataset] Initializing dataset...
	Examples: 11988
	Features: 621
	Max length: 574
[FileBasedDataset] Dataset initialization complete
Warning, assumed runtime error: CUDA out of memory. Tried to allocate 10.68 GiB (GPU 0; 23.70 GiB total capacity; 11.27 GiB already allocated; 9.59 GiB free; 13.12 GiB reserved in total by PyTorch) If reserved memory is >> allocated memory try setting max_split_size_mb to avoid fragmentation.  See documentation for Memory Management and PYTORCH_CUDA_ALLOC_CONF
[32m[I 2022-12-28 15:59:49,066][0m Trial 99 finished with value: 0.0 and parameters: {'optimizer__lr': 0.02536388356367961, 'module__dropout': 0.3669386397604996, 'd_model_multiplier': 2, 'module__num_layers': 2, 'module__n_heads': 64, 'module__dim_feedforward': 252, 'iterator_train__batch_size': 136}. Best is trial 30 with value: 0.2522550651870843.[0m
Best trial:
  Value: 0.2522550651870843
  Params: 
    optimizer__lr: 0.0014669272252328608
    module__dropout: 0.6404075207915684
    d_model_multiplier: 16
    module__num_layers: 1
    module__n_heads: 4
    module__dim_feedforward: 353
    iterator_train__batch_size: 79
Re-training with hyperparams and testing on hold-out dataset
[FileBasedDataset] Initializing dataset...
	Examples: 11988
	Features: 621
	Max length: 574
[FileBasedDataset] Dataset initialization complete
[FileBasedDataset] Initializing dataset...
	Examples: 1332
	Features: 621
	Max length: 574
[FileBasedDataset] Dataset initialization complete
  epoch    auprc    auroc    train_loss    valid_acc    valid_loss    cp      dur
-------  -------  -------  ------------  -----------  ------------  ----  -------
      1   [36m0.1353[0m   [32m0.5772[0m        [35m0.3840[0m       [31m0.7857[0m        [94m0.6136[0m     +  17.6212
      2   [36m0.1385[0m   [32m0.5925[0m        [35m0.3798[0m       [31m0.8782[0m        [94m0.4087[0m     +  17.4284
      3   [36m0.1515[0m   0.5877        [35m0.3523[0m       [31m0.9108[0m        [94m0.3015[0m     +  17.9984
      4   0.1499   [32m0.6174[0m        [35m0.3251[0m       0.8857        0.3369        17.9280
      5   0.1499   [32m0.6230[0m        [35m0.3189[0m       0.9074        0.3290        18.0253
Stopping since valid_loss has not improved in the last 3 epochs.
Traceback (most recent call last):
  File "/gpfs/home/isears1/Repos/tabnet-sepsis/src/tabsep/modeling/tstTuning.py", line 154, in <module>
    final_auprc = average_precision_score(
  File "/users/isears1/anaconda/lsepsis/lib/python3.10/site-packages/sklearn/metrics/_ranking.py", line 233, in average_precision_score
    return _average_binary_score(
  File "/users/isears1/anaconda/lsepsis/lib/python3.10/site-packages/sklearn/metrics/_base.py", line 75, in _average_binary_score
    return binary_metric(y_true, y_score, sample_weight=sample_weight)
  File "/users/isears1/anaconda/lsepsis/lib/python3.10/site-packages/sklearn/metrics/_ranking.py", line 206, in _binary_uninterpolated_average_precision
    precision, recall, _ = precision_recall_curve(
  File "/users/isears1/anaconda/lsepsis/lib/python3.10/site-packages/sklearn/metrics/_ranking.py", line 867, in precision_recall_curve
    fps, tps, thresholds = _binary_clf_curve(
  File "/users/isears1/anaconda/lsepsis/lib/python3.10/site-packages/sklearn/metrics/_ranking.py", line 742, in _binary_clf_curve
    y_score = column_or_1d(y_score)
  File "/users/isears1/anaconda/lsepsis/lib/python3.10/site-packages/sklearn/utils/validation.py", line 1156, in column_or_1d
    raise ValueError(
ValueError: y should be a 1d array, got an array of shape (1332, 2) instead.
