## SLURM PROLOG ###############################################################
##    Job ID : 7120386
##  Job Name : tuneTst.sh
##  Nodelist : gpu2264
##      CPUs : 1
##  Mem/Node : 32768 MB
## Directory : /gpfs/home/isears1/Repos/tabnet-sepsis
##   Job Started : Sat Dec 10 08:34:49 EST 2022
###############################################################################
module: loading 'cuda/11.3.1'
module: cuda: To use: module load gcc/10.2
module: loading 'cudnn/8.2.0'
module: cudnn: To use: module load cuda/11.1.1 gcc/10.2
Sat Dec 10 08:34:49 2022       
+-----------------------------------------------------------------------------+
| NVIDIA-SMI 515.65.01    Driver Version: 515.65.01    CUDA Version: 11.7     |
|-------------------------------+----------------------+----------------------+
| GPU  Name        Persistence-M| Bus-Id        Disp.A | Volatile Uncorr. ECC |
| Fan  Temp  Perf  Pwr:Usage/Cap|         Memory-Usage | GPU-Util  Compute M. |
|                               |                      |               MIG M. |
|===============================+======================+======================|
|   0  NVIDIA GeForce ...  On   | 00000000:81:00.0 Off |                  N/A |
| 30%   30C    P8    30W / 350W |      7MiB / 24576MiB |      0%      Default |
|                               |                      |                  N/A |
+-------------------------------+----------------------+----------------------+
                                                                               
+-----------------------------------------------------------------------------+
| Processes:                                                                  |
|  GPU   GI   CI        PID   Type   Process name                  GPU Memory |
|        ID   ID                                                   Usage      |
|=============================================================================|
|    0   N/A  N/A     16267      G   X                                   5MiB |
+-----------------------------------------------------------------------------+
Python 3.10.4
[32m[I 2022-12-10 08:34:53,750][0m A new study created in memory with name: no-name-0d5d4199-8151-430a-a528-a0e82cbac5e7[0m
[FileBasedDataset] Initializing dataset...
	Examples: 28559
	Features: 621
	Max length: 120
[FileBasedDataset] Dataset initialization complete
  epoch    auprc    auroc    train_loss    valid_acc    valid_loss    cp      dur
-------  -------  -------  ------------  -----------  ------------  ----  -------
      1   [36m0.1434[0m   [32m0.6164[0m        [35m0.7012[0m       [31m0.3347[0m        [94m0.6999[0m     +  26.5119
      2   [36m0.1437[0m   [32m0.6164[0m        [35m0.7006[0m       [31m0.3375[0m        [94m0.6993[0m     +  24.5452
      3   0.1436   0.6163        [35m0.7002[0m       [31m0.3410[0m        [94m0.6987[0m     +  24.3154
      4   [36m0.1438[0m   0.6163        [35m0.6998[0m       [31m0.3456[0m        [94m0.6981[0m     +  24.2408
      5   [36m0.1440[0m   [32m0.6164[0m        [35m0.6991[0m       [31m0.3494[0m        [94m0.6975[0m     +  24.1741
      6   [36m0.1441[0m   [32m0.6165[0m        [35m0.6985[0m       [31m0.3540[0m        [94m0.6969[0m     +  24.0507
      7   [36m0.1443[0m   [32m0.6167[0m        [35m0.6978[0m       [31m0.3554[0m        [94m0.6963[0m     +  24.2073
      8   [36m0.1445[0m   [32m0.6168[0m        [35m0.6972[0m       [31m0.3582[0m        [94m0.6957[0m     +  24.3203
      9   0.1442   [32m0.6170[0m        [35m0.6967[0m       [31m0.3624[0m        [94m0.6951[0m     +  24.1579
     10   0.1442   [32m0.6170[0m        [35m0.6962[0m       [31m0.3634[0m        [94m0.6945[0m     +  24.2453
     11   0.1443   [32m0.6171[0m        [35m0.6956[0m       [31m0.3676[0m        [94m0.6939[0m     +  24.4995
     12   0.1440   [32m0.6171[0m        [35m0.6950[0m       [31m0.3729[0m        [94m0.6932[0m     +  24.6926
     13   0.1441   0.6171        [35m0.6946[0m       [31m0.3757[0m        [94m0.6926[0m     +  24.1454
     14   0.1440   0.6170        [35m0.6938[0m       [31m0.3785[0m        [94m0.6920[0m     +  24.2674
     15   0.1438   0.6168        [35m0.6934[0m       [31m0.3824[0m        [94m0.6913[0m     +  25.3989
[32m[I 2022-12-10 08:41:04,316][0m Trial 0 finished with value: 0.144495590944528 and parameters: {'optimizer__lr': 3.576521674309805e-08, 'module__dropout': 0.1966253761541607, 'd_model_multiplier': 2, 'module__num_layers': 14, 'module__n_heads': 8, 'module__dim_feedforward': 339, 'iterator_train__batch_size': 143}. Best is trial 0 with value: 0.144495590944528.[0m
[FileBasedDataset] Initializing dataset...
	Examples: 28559
	Features: 621
	Max length: 120
[FileBasedDataset] Dataset initialization complete
  epoch    auprc    auroc    train_loss    valid_acc    valid_loss    cp      dur
-------  -------  -------  ------------  -----------  ------------  ----  -------
      1   [36m0.3192[0m   [32m0.7814[0m        [35m0.2767[0m       [31m0.9160[0m        [94m0.2392[0m     +  46.7799
      2   [36m0.3250[0m   [32m0.7969[0m        [35m0.2291[0m       [31m0.9195[0m        [94m0.2346[0m     +  46.8470
      3   [36m0.3337[0m   [32m0.8033[0m        [35m0.2266[0m       [31m0.9226[0m        [94m0.2334[0m     +  46.8074
      4   0.3323   [32m0.8081[0m        [35m0.2242[0m       0.9205        [94m0.2317[0m     +  46.8687
      5   [36m0.3468[0m   [32m0.8107[0m        [35m0.2232[0m       0.9195        0.2321        46.9746
      6   [36m0.3659[0m   [32m0.8180[0m        [35m0.2211[0m       0.9216        [94m0.2268[0m     +  46.9490
      7   [36m0.3823[0m   [32m0.8227[0m        [35m0.2186[0m       0.9219        [94m0.2233[0m     +  47.0703
      8   [36m0.3856[0m   [32m0.8276[0m        [35m0.2163[0m       [31m0.9233[0m        [94m0.2214[0m     +  46.9362
      9   [36m0.3996[0m   [32m0.8281[0m        [35m0.2140[0m       [31m0.9254[0m        [94m0.2207[0m     +  46.6352
     10   [36m0.4096[0m   [32m0.8323[0m        [35m0.2113[0m       [31m0.9261[0m        [94m0.2195[0m     +  46.8001
     11   0.3977   [32m0.8331[0m        [35m0.2106[0m       0.9237        0.2196        46.7002
     12   0.3994   0.8284        [35m0.2086[0m       0.9230        0.2206        47.0327
Stopping since valid_loss has not improved in the last 3 epochs.
[32m[I 2022-12-10 08:51:15,722][0m Trial 1 finished with value: 0.40959388648967576 and parameters: {'optimizer__lr': 7.826079942091674e-05, 'module__dropout': 0.20781175322481205, 'd_model_multiplier': 4, 'module__num_layers': 10, 'module__n_heads': 64, 'module__dim_feedforward': 365, 'iterator_train__batch_size': 165}. Best is trial 1 with value: 0.40959388648967576.[0m
[FileBasedDataset] Initializing dataset...
	Examples: 28559
	Features: 621
	Max length: 120
[FileBasedDataset] Dataset initialization complete
  epoch    auprc    auroc    train_loss    valid_acc    valid_loss    cp      dur
-------  -------  -------  ------------  -----------  ------------  ----  -------
      1   [36m0.2264[0m   [32m0.7264[0m        [35m0.2713[0m       [31m0.9142[0m        [94m0.2648[0m     +  23.2066
      2   0.2243   0.7183        [35m0.2583[0m       [31m0.9146[0m        [94m0.2624[0m     +  23.3430
      3   [36m0.2269[0m   0.7229        [35m0.2547[0m       0.9142        0.2624        23.0932
      4   [36m0.2279[0m   0.7241        [35m0.2542[0m       0.9125        0.2624        23.4243
      5   [36m0.2303[0m   0.7231        [35m0.2529[0m       [31m0.9149[0m        [94m0.2605[0m     +  23.2735
      6   0.2265   0.7244        0.2545       0.9114        0.2653        23.2604
      7   0.2276   0.7237        0.2536       0.9114        0.2672        23.4748
Stopping since valid_loss has not improved in the last 3 epochs.
[32m[I 2022-12-10 08:54:22,512][0m Trial 2 finished with value: 0.2302958790068743 and parameters: {'optimizer__lr': 0.014263458414220094, 'module__dropout': 0.4800130045148406, 'd_model_multiplier': 16, 'module__num_layers': 4, 'module__n_heads': 4, 'module__dim_feedforward': 320, 'iterator_train__batch_size': 57}. Best is trial 1 with value: 0.40959388648967576.[0m
[FileBasedDataset] Initializing dataset...
	Examples: 28559
	Features: 621
	Max length: 120
[FileBasedDataset] Dataset initialization complete
  epoch    auprc    auroc    train_loss    valid_acc    valid_loss    cp      dur
-------  -------  -------  ------------  -----------  ------------  ----  -------
      1   [36m0.0771[0m   [32m0.4536[0m        [35m0.7055[0m       [31m0.3480[0m        [94m0.7055[0m     +  32.2950
      2   0.0770   0.4528        [35m0.7053[0m       [31m0.3533[0m        [94m0.7050[0m     +  32.5183
      3   0.0769   0.4522        [35m0.7053[0m       [31m0.3571[0m        [94m0.7044[0m     +  32.4590
      4   0.0768   0.4517        [35m0.7042[0m       [31m0.3617[0m        [94m0.7038[0m     +  32.7384
      5   0.0766   0.4510        0.7043       [31m0.3683[0m        [94m0.7033[0m     +  32.6087
      6   0.0765   0.4505        [35m0.7041[0m       [31m0.3718[0m        [94m0.7027[0m     +  32.1263
      7   0.0764   0.4499        [35m0.7026[0m       [31m0.3757[0m        [94m0.7021[0m     +  32.7299
      8   0.0763   0.4491        0.7028       [31m0.3817[0m        [94m0.7015[0m     +  32.4560
      9   0.0763   0.4486        [35m0.7023[0m       [31m0.3890[0m        [94m0.7010[0m     +  32.5219
     10   0.0762   0.4480        [35m0.7018[0m       [31m0.3925[0m        [94m0.7004[0m     +  32.3267
     11   0.0756   0.4474        0.7018       [31m0.4009[0m        [94m0.6999[0m     +  32.6138
     12   0.0756   0.4469        [35m0.7012[0m       [31m0.4090[0m        [94m0.6993[0m     +  32.4253
     13   0.0754   0.4462        [35m0.6998[0m       [31m0.4163[0m        [94m0.6987[0m     +  32.3826
     14   0.0753   0.4456        0.7007       [31m0.4230[0m        [94m0.6982[0m     +  32.3370
     15   0.0752   0.4449        0.7004       [31m0.4303[0m        [94m0.6976[0m     +  32.5586
[32m[I 2022-12-10 09:02:32,089][0m Trial 3 finished with value: 0.07709380645055725 and parameters: {'optimizer__lr': 7.676618833079155e-09, 'module__dropout': 0.48187721474760936, 'd_model_multiplier': 2, 'module__num_layers': 12, 'module__n_heads': 32, 'module__dim_feedforward': 381, 'iterator_train__batch_size': 39}. Best is trial 1 with value: 0.40959388648967576.[0m
[FileBasedDataset] Initializing dataset...
	Examples: 28559
	Features: 621
	Max length: 120
[FileBasedDataset] Dataset initialization complete
  epoch    auprc    auroc    train_loss    valid_acc    valid_loss    cp      dur
-------  -------  -------  ------------  -----------  ------------  ----  -------
      1   [36m0.0776[0m   [32m0.4721[0m        [35m0.6878[0m       [31m0.6194[0m        [94m0.6841[0m     +  23.7103
      2   0.0749   0.4583        [35m0.6812[0m       [31m0.6814[0m        [94m0.6758[0m     +  24.1643
      3   0.0723   0.4439        [35m0.6758[0m       [31m0.7528[0m        [94m0.6676[0m     +  24.9067
      4   0.0698   0.4307        [35m0.6707[0m       [31m0.8078[0m        [94m0.6598[0m     +  25.3183
      5   0.0670   0.4173        [35m0.6651[0m       [31m0.8442[0m        [94m0.6517[0m     +  24.3551
      6   0.0650   0.4045        [35m0.6594[0m       [31m0.8771[0m        [94m0.6433[0m     +  24.3817
      7   0.0635   0.3949        [35m0.6529[0m       [31m0.8950[0m        [94m0.6359[0m     +  23.9272
      8   0.0621   0.3850        [35m0.6481[0m       [31m0.9086[0m        [94m0.6280[0m     +  24.2686
      9   0.0609   0.3774        [35m0.6426[0m       [31m0.9149[0m        [94m0.6207[0m     +  24.2073
     10   0.0590   0.3688        [35m0.6378[0m       [31m0.9195[0m        [94m0.6128[0m     +  24.1901
     11   0.0576   0.3610        [35m0.6316[0m       [31m0.9223[0m        [94m0.6054[0m     +  24.3760
     12   0.0572   0.3549        [35m0.6262[0m       [31m0.9240[0m        [94m0.5983[0m     +  24.1000
     13   0.0563   0.3491        [35m0.6217[0m       [31m0.9247[0m        [94m0.5908[0m     +  23.9919
     14   0.0556   0.3447        [35m0.6159[0m       0.9244        [94m0.5837[0m     +  24.8455
     15   0.0550   0.3407        [35m0.6108[0m       [31m0.9254[0m        [94m0.5764[0m     +  24.2961
[32m[I 2022-12-10 09:08:38,032][0m Trial 4 finished with value: 0.0775865603453996 and parameters: {'optimizer__lr': 1.6920264619375372e-06, 'module__dropout': 0.6526106542860706, 'd_model_multiplier': 2, 'module__num_layers': 6, 'module__n_heads': 16, 'module__dim_feedforward': 431, 'iterator_train__batch_size': 253}. Best is trial 1 with value: 0.40959388648967576.[0m
[FileBasedDataset] Initializing dataset...
	Examples: 28559
	Features: 621
	Max length: 120
[FileBasedDataset] Dataset initialization complete
  epoch    auprc    auroc    train_loss    valid_acc    valid_loss    cp      dur
-------  -------  -------  ------------  -----------  ------------  ----  -------
      1   [36m0.0546[0m   [32m0.3619[0m        [35m0.6051[0m       [31m0.9289[0m        [94m0.5115[0m     +  23.9135
      2   [36m0.0577[0m   [32m0.3868[0m        [35m0.4696[0m       0.9289        [94m0.3980[0m     +  24.3976
      3   [36m0.0649[0m   [32m0.4403[0m        [35m0.3852[0m       0.9289        [94m0.3336[0m     +  24.1496
      4   [36m0.0859[0m   [32m0.5102[0m        [35m0.3367[0m       0.9289        [94m0.2976[0m     +  23.4651
      5   [36m0.1290[0m   [32m0.5743[0m        [35m0.3083[0m       0.9289        [94m0.2761[0m     +  23.6996
      6   [36m0.1681[0m   [32m0.6222[0m        [35m0.2904[0m       0.9289        [94m0.2620[0m     +  23.7771
      7   [36m0.1972[0m   [32m0.6600[0m        [35m0.2778[0m       0.9289        [94m0.2521[0m     +  24.0485
      8   [36m0.2193[0m   [32m0.6876[0m        [35m0.2692[0m       0.9282        [94m0.2446[0m     +  23.5034
      9   [36m0.2341[0m   [32m0.7042[0m        [35m0.2623[0m       0.9289        [94m0.2390[0m     +  23.0292
     10   [36m0.2438[0m   [32m0.7188[0m        [35m0.2565[0m       0.9286        [94m0.2346[0m     +  23.6101
     11   [36m0.2514[0m   [32m0.7298[0m        [35m0.2526[0m       0.9286        [94m0.2313[0m     +  24.9667
     12   [36m0.2584[0m   [32m0.7369[0m        [35m0.2494[0m       0.9289        [94m0.2287[0m     +  23.8237
     13   [36m0.2621[0m   [32m0.7418[0m        [35m0.2469[0m       0.9289        [94m0.2267[0m     +  23.4731
     14   [36m0.2662[0m   [32m0.7445[0m        [35m0.2445[0m       [31m0.9293[0m        [94m0.2251[0m     +  23.5633
     15   [36m0.2689[0m   [32m0.7495[0m        [35m0.2426[0m       [31m0.9300[0m        [94m0.2237[0m     +  23.9533
[32m[I 2022-12-10 09:14:38,282][0m Trial 5 finished with value: 0.26890995992251754 and parameters: {'optimizer__lr': 5.716588811669197e-07, 'module__dropout': 0.1507756979272881, 'd_model_multiplier': 32, 'module__num_layers': 5, 'module__n_heads': 8, 'module__dim_feedforward': 334, 'iterator_train__batch_size': 34}. Best is trial 1 with value: 0.40959388648967576.[0m
[FileBasedDataset] Initializing dataset...
	Examples: 28559
	Features: 621
	Max length: 120
[FileBasedDataset] Dataset initialization complete
  epoch    auprc    auroc    train_loss    valid_acc    valid_loss    cp      dur
-------  -------  -------  ------------  -----------  ------------  ----  -------
      1   [36m0.3012[0m   [32m0.7670[0m        [35m0.2511[0m       [31m0.9114[0m        [94m0.2682[0m     +  24.7350
      2   [36m0.3078[0m   [32m0.7788[0m        [35m0.2429[0m       [31m0.9149[0m        0.2917        25.3085
      3   0.2986   0.7774        [35m0.2426[0m       [31m0.9163[0m        0.3221        24.9500
Stopping since valid_loss has not improved in the last 3 epochs.
[32m[I 2022-12-10 09:16:18,672][0m Trial 6 finished with value: 0.3077863555407914 and parameters: {'optimizer__lr': 0.00045898537684103404, 'module__dropout': 0.6076362151027067, 'd_model_multiplier': 64, 'module__num_layers': 2, 'module__n_heads': 16, 'module__dim_feedforward': 429, 'iterator_train__batch_size': 185}. Best is trial 1 with value: 0.40959388648967576.[0m
[FileBasedDataset] Initializing dataset...
	Examples: 28559
	Features: 621
	Max length: 120
[FileBasedDataset] Dataset initialization complete
  epoch    auprc    auroc    train_loss    valid_acc    valid_loss    cp       dur
-------  -------  -------  ------------  -----------  ------------  ----  --------
      1   [36m0.1438[0m   [32m0.5813[0m        [35m0.7032[0m       [31m0.3508[0m        [94m0.7050[0m     +  244.2725
      2   0.1438   0.5808        0.7040       [31m0.3578[0m        [94m0.7045[0m     +  244.4425
      3   0.1436   0.5801        [35m0.7021[0m       [31m0.3676[0m        [94m0.7040[0m     +  244.9270
      4   0.1434   0.5795        0.7028       [31m0.3722[0m        [94m0.7035[0m     +  244.6892
      5   0.1431   0.5789        0.7023       [31m0.3803[0m        [94m0.7029[0m     +  244.6556
      6   0.1428   0.5785        [35m0.7015[0m       [31m0.3869[0m        [94m0.7024[0m     +  244.2090
      7   0.1423   0.5776        [35m0.7013[0m       [31m0.3946[0m        [94m0.7019[0m     +  244.6574
      8   0.1421   0.5770        0.7015       [31m0.4041[0m        [94m0.7013[0m     +  244.5942
      9   0.1420   0.5764        [35m0.7000[0m       [31m0.4104[0m        [94m0.7008[0m     +  244.6424
     10   0.1416   0.5759        0.7000       [31m0.4198[0m        [94m0.7003[0m     +  244.5881
     11   0.1413   0.5752        [35m0.6998[0m       [31m0.4244[0m        [94m0.6997[0m     +  244.4957
     12   0.1410   0.5746        [35m0.6993[0m       [31m0.4303[0m        [94m0.6992[0m     +  244.6540
     13   0.1408   0.5739        [35m0.6991[0m       [31m0.4377[0m        [94m0.6987[0m     +  244.5832
     14   0.1403   0.5733        [35m0.6982[0m       [31m0.4433[0m        [94m0.6982[0m     +  244.6524
     15   0.1400   0.5726        [35m0.6981[0m       [31m0.4485[0m        [94m0.6977[0m     +  244.7438
[32m[I 2022-12-10 10:18:44,866][0m Trial 7 finished with value: 0.14384378310248455 and parameters: {'optimizer__lr': 3.214093574795974e-10, 'module__dropout': 0.6127183752646722, 'd_model_multiplier': 64, 'module__num_layers': 3, 'module__n_heads': 64, 'module__dim_feedforward': 392, 'iterator_train__batch_size': 53}. Best is trial 1 with value: 0.40959388648967576.[0m
[FileBasedDataset] Initializing dataset...
	Examples: 28559
	Features: 621
	Max length: 120
[FileBasedDataset] Dataset initialization complete
  epoch    auprc    auroc    train_loss    valid_acc    valid_loss    cp      dur
-------  -------  -------  ------------  -----------  ------------  ----  -------
      1   [36m0.0617[0m   [32m0.3599[0m        [35m0.7311[0m       [31m0.1317[0m        [94m0.7297[0m     +  23.6592
      2   [36m0.0617[0m   0.3599        0.7311       [31m0.1320[0m        [94m0.7297[0m     +  23.9791
      3   0.0617   0.3599        [35m0.7310[0m       0.1320        [94m0.7297[0m     +  24.5686
Stopping since valid_loss has not improved in the last 3 epochs.
[32m[I 2022-12-10 10:20:21,388][0m Trial 8 finished with value: 0.06167401388860454 and parameters: {'optimizer__lr': 1.8687749005670437e-09, 'module__dropout': 0.02006927206245748, 'd_model_multiplier': 1, 'module__num_layers': 13, 'module__n_heads': 8, 'module__dim_feedforward': 331, 'iterator_train__batch_size': 178}. Best is trial 1 with value: 0.40959388648967576.[0m
[FileBasedDataset] Initializing dataset...
	Examples: 28559
	Features: 621
	Max length: 120
[FileBasedDataset] Dataset initialization complete
  epoch    auprc    auroc    train_loss    valid_acc    valid_loss    cp      dur
-------  -------  -------  ------------  -----------  ------------  ----  -------
      1   [36m0.2577[0m   [32m0.7942[0m        [35m0.2465[0m       [31m0.9006[0m        [94m0.2387[0m     +  98.5611
      2   [36m0.2960[0m   0.7919        [35m0.2366[0m       [31m0.9244[0m        [94m0.2266[0m     +  98.5337
      3   0.2883   [32m0.8035[0m        [35m0.2329[0m       [31m0.9265[0m        0.2310        99.1301
      4   [36m0.3094[0m   0.8006        0.2346       [31m0.9282[0m        [94m0.2250[0m     +  98.7787
      5   0.3076   [32m0.8056[0m        0.2332       0.9272        [94m0.2210[0m     +  98.6988
      6   0.2984   0.7952        [35m0.2329[0m       0.9268        0.2240        98.5930
      7   0.2800   0.8033        [35m0.2312[0m       0.9254        0.2240        98.5871
Stopping since valid_loss has not improved in the last 3 epochs.
