[32m[I 2022-12-10 17:38:09,934][0m Trial 104 finished with value: 0.3358213214695872 and parameters: {'optimizer__lr': 0.0003680498322833908, 'module__dropout': 0.33199332892866745, 'd_model_multiplier': 4, 'module__num_layers': 4, 'module__n_heads': 4, 'module__dim_feedforward': 453, 'iterator_train__batch_size': 109}. Best is trial 98 with value: 0.44963776597022204.[0m
[FileBasedDataset] Initializing dataset...
	Examples: 28559
	Features: 621
	Max length: 120
[FileBasedDataset] Dataset initialization complete
  epoch    auprc    auroc    train_loss    valid_acc    valid_loss    cp      dur
-------  -------  -------  ------------  -----------  ------------  ----  -------
      1   [36m0.2113[0m   [32m0.7425[0m        [35m0.2561[0m       [31m0.9240[0m        [94m0.2388[0m     +  23.5332
      2   [36m0.2124[0m   [32m0.7524[0m        [35m0.2439[0m       [31m0.9247[0m        0.2409        24.0083
      3   [36m0.2381[0m   0.7519        0.2444       [31m0.9265[0m        0.2627        24.2287
Stopping since valid_loss has not improved in the last 3 epochs.
[32m[I 2022-12-10 17:39:45,930][0m Trial 105 finished with value: 0.23808201256810144 and parameters: {'optimizer__lr': 0.002102943859551251, 'module__dropout': 0.2709743194915855, 'd_model_multiplier': 32, 'module__num_layers': 3, 'module__n_heads': 4, 'module__dim_feedforward': 488, 'iterator_train__batch_size': 123}. Best is trial 98 with value: 0.44963776597022204.[0m
[FileBasedDataset] Initializing dataset...
	Examples: 28559
	Features: 621
	Max length: 120
[FileBasedDataset] Dataset initialization complete
  epoch    auprc    auroc    train_loss    valid_acc    valid_loss    cp      dur
-------  -------  -------  ------------  -----------  ------------  ----  -------
      1   [36m0.3070[0m   [32m0.7422[0m        [35m0.3185[0m       [31m0.9237[0m        [94m0.2357[0m     +  22.7032
      2   [36m0.3455[0m   [32m0.7720[0m        [35m0.2376[0m       [31m0.9275[0m        [94m0.2234[0m     +  23.1652
      3   [36m0.3605[0m   [32m0.7911[0m        [35m0.2300[0m       [31m0.9293[0m        [94m0.2206[0m     +  23.1310
      4   [36m0.3646[0m   [32m0.8030[0m        [35m0.2294[0m       0.9286        [94m0.2189[0m     +  22.6496
      5   [36m0.3705[0m   [32m0.8110[0m        [35m0.2264[0m       0.9286        [94m0.2167[0m     +  22.8626
      6   [36m0.3798[0m   [32m0.8191[0m        [35m0.2253[0m       0.9289        [94m0.2151[0m     +  22.8875
      7   [36m0.3814[0m   [32m0.8289[0m        [35m0.2222[0m       0.9282        [94m0.2119[0m     +  22.9613
      8   [36m0.3857[0m   [32m0.8326[0m        0.2226       0.9279        [94m0.2116[0m     +  23.7518
      9   [36m0.3931[0m   0.8300        0.2225       0.9275        0.2132        24.1971
     10   0.3840   [32m0.8353[0m        [35m0.2210[0m       0.9289        [94m0.2100[0m     +  23.5326
     11   0.3897   [32m0.8354[0m        [35m0.2201[0m       0.9289        0.2103        23.7116
     12   0.3866   [32m0.8359[0m        [35m0.2183[0m       0.9282        0.2107        24.6518
     13   [36m0.4031[0m   [32m0.8410[0m        0.2186       0.9282        [94m0.2065[0m     +  23.6338
     14   [36m0.4032[0m   0.8378        [35m0.2159[0m       0.9282        0.2079        22.8514
     15   [36m0.4075[0m   0.8401        0.2165       0.9282        0.2068        23.2181
[32m[I 2022-12-10 17:45:36,470][0m Trial 106 finished with value: 0.4074959578999781 and parameters: {'optimizer__lr': 0.0005085153615293351, 'module__dropout': 0.24965775442378388, 'd_model_multiplier': 4, 'module__num_layers': 3, 'module__n_heads': 4, 'module__dim_feedforward': 491, 'iterator_train__batch_size': 90}. Best is trial 98 with value: 0.44963776597022204.[0m
[FileBasedDataset] Initializing dataset...
	Examples: 28559
	Features: 621
	Max length: 120
[FileBasedDataset] Dataset initialization complete
  epoch    auprc    auroc    train_loss    valid_acc    valid_loss    cp      dur
-------  -------  -------  ------------  -----------  ------------  ----  -------
      1   [36m0.2791[0m   [32m0.7455[0m        [35m0.2569[0m       [31m0.9195[0m        [94m0.2583[0m     +  23.8889
      2   0.2131   0.7053        0.2572       [31m0.9219[0m        0.2871        23.6982
      3   0.2451   0.7175        [35m0.2555[0m       0.9219        0.2727        23.9341
Stopping since valid_loss has not improved in the last 3 epochs.
[32m[I 2022-12-10 17:47:11,844][0m Trial 107 finished with value: 0.27914553806384634 and parameters: {'optimizer__lr': 0.0011679190126879715, 'module__dropout': 0.29676691013869577, 'd_model_multiplier': 64, 'module__num_layers': 4, 'module__n_heads': 4, 'module__dim_feedforward': 504, 'iterator_train__batch_size': 76}. Best is trial 98 with value: 0.44963776597022204.[0m
[FileBasedDataset] Initializing dataset...
	Examples: 28559
	Features: 621
	Max length: 120
[FileBasedDataset] Dataset initialization complete
  epoch    auprc    auroc    train_loss    valid_acc    valid_loss    cp      dur
-------  -------  -------  ------------  -----------  ------------  ----  -------
      1   [36m0.0718[0m   [32m0.3640[0m        [35m0.5077[0m       [31m0.9114[0m        [94m0.3675[0m     +  22.2284
      2   [36m0.2186[0m   [32m0.6239[0m        [35m0.3180[0m       [31m0.9128[0m        [94m0.2880[0m     +  23.1799
      3   [36m0.3190[0m   [32m0.7267[0m        [35m0.2693[0m       [31m0.9146[0m        [94m0.2628[0m     +  23.3966
      4   [36m0.3490[0m   [32m0.7524[0m        [35m0.2502[0m       [31m0.9153[0m        [94m0.2529[0m     +  23.0904
      5   [36m0.3629[0m   [32m0.7642[0m        [35m0.2456[0m       [31m0.9156[0m        [94m0.2495[0m     +  23.7178
      6   [36m0.3698[0m   [32m0.7706[0m        [35m0.2399[0m       [31m0.9163[0m        [94m0.2484[0m     +  23.3584
      7   [36m0.3725[0m   [32m0.7742[0m        [35m0.2384[0m       [31m0.9181[0m        [94m0.2470[0m     +  22.9914
      8   [36m0.3736[0m   [32m0.7772[0m        [35m0.2359[0m       0.9181        [94m0.2466[0m     +  23.3270
      9   [36m0.3764[0m   [32m0.7807[0m        [35m0.2335[0m       [31m0.9195[0m        [94m0.2457[0m     +  22.9756
     10   [36m0.3788[0m   [32m0.7844[0m        [35m0.2323[0m       0.9195        0.2459        22.8382
     11   [36m0.3792[0m   [32m0.7855[0m        0.2326       0.9188        [94m0.2455[0m     +  22.8725
     12   [36m0.3813[0m   [32m0.7881[0m        [35m0.2310[0m       0.9174        [94m0.2449[0m     +  22.8277
     13   [36m0.3823[0m   [32m0.7911[0m        [35m0.2288[0m       0.9177        [94m0.2445[0m     +  23.3861
     14   [36m0.3841[0m   [32m0.7933[0m        [35m0.2282[0m       0.9184        [94m0.2441[0m     +  23.7361
     15   [36m0.3881[0m   [32m0.7957[0m        [35m0.2268[0m       0.9184        [94m0.2432[0m     +  23.2247
[32m[I 2022-12-10 17:52:59,630][0m Trial 108 finished with value: 0.3880648716134599 and parameters: {'optimizer__lr': 0.0001393880140471098, 'module__dropout': 0.32103112657752914, 'd_model_multiplier': 4, 'module__num_layers': 1, 'module__n_heads': 4, 'module__dim_feedforward': 465, 'iterator_train__batch_size': 112}. Best is trial 98 with value: 0.44963776597022204.[0m
[FileBasedDataset] Initializing dataset...
	Examples: 28559
	Features: 621
	Max length: 120
[FileBasedDataset] Dataset initialization complete
  epoch    auprc    auroc    train_loss    valid_acc    valid_loss    cp      dur
-------  -------  -------  ------------  -----------  ------------  ----  -------
      1   [36m0.3267[0m   [32m0.7766[0m        [35m0.2473[0m       [31m0.9174[0m        [94m0.2430[0m     +  22.9895
      2   [36m0.3403[0m   [32m0.7865[0m        [35m0.2237[0m       [31m0.9181[0m        [94m0.2425[0m     +  23.2760
      3   0.3338   [32m0.8009[0m        [35m0.2214[0m       0.9163        [94m0.2399[0m     +  23.2293
      4   [36m0.3607[0m   [32m0.8054[0m        [35m0.2178[0m       0.9181        [94m0.2378[0m     +  22.8345
      5   [36m0.3628[0m   [32m0.8105[0m        [35m0.2162[0m       [31m0.9184[0m        [94m0.2368[0m     +  23.1105
      6   [36m0.3732[0m   [32m0.8154[0m        [35m0.2148[0m       0.9174        [94m0.2349[0m     +  23.1333
      7   0.3718   [32m0.8182[0m        0.2153       0.9181        [94m0.2314[0m     +  23.5160
      8   [36m0.3753[0m   0.8152        [35m0.2125[0m       [31m0.9202[0m        0.2339        23.6226
      9   [36m0.3815[0m   [32m0.8212[0m        [35m0.2100[0m       0.9188        [94m0.2304[0m     +  23.1416
     10   0.3748   0.8188        [35m0.2093[0m       0.9181        0.2339        22.7212
     11   [36m0.3815[0m   [32m0.8219[0m        [35m0.2089[0m       [31m0.9205[0m        [94m0.2301[0m     +  23.4952
     12   0.3726   0.8194        [35m0.2084[0m       0.9188        0.2324        23.5176
     13   0.3774   [32m0.8250[0m        0.2086       0.9191        0.2332        23.4511
Stopping since valid_loss has not improved in the last 3 epochs.
[32m[I 2022-12-10 17:58:26,038][0m Trial 109 finished with value: 0.38150873950080694 and parameters: {'optimizer__lr': 0.0006892838347228331, 'module__dropout': 0.2785692474503754, 'd_model_multiplier': 16, 'module__num_layers': 3, 'module__n_heads': 4, 'module__dim_feedforward': 495, 'iterator_train__batch_size': 104}. Best is trial 98 with value: 0.44963776597022204.[0m
[FileBasedDataset] Initializing dataset...
	Examples: 28559
	Features: 621
	Max length: 120
[FileBasedDataset] Dataset initialization complete
  epoch    auprc    auroc    train_loss    valid_acc    valid_loss    cp      dur
-------  -------  -------  ------------  -----------  ------------  ----  -------
      1   [36m0.2839[0m   [32m0.7537[0m        [35m0.2668[0m       [31m0.9174[0m        [94m0.2493[0m     +  24.0133
      2   [36m0.3412[0m   [32m0.7684[0m        [35m0.2452[0m       [31m0.9188[0m        [94m0.2442[0m     +  24.1951
      3   [36m0.3655[0m   [32m0.7893[0m        [35m0.2376[0m       [31m0.9198[0m        [94m0.2369[0m     +  23.8938
      4   0.3431   0.7819        [35m0.2368[0m       0.9191        0.2404        24.3991
      5   [36m0.3792[0m   0.7845        [35m0.2354[0m       [31m0.9219[0m        0.2385        24.0884
      6   [36m0.3895[0m   [32m0.8080[0m        [35m0.2323[0m       0.9205        [94m0.2322[0m     +  23.9049
      7   0.3483   0.7737        0.2356       0.9205        0.2415        23.4974
      8   0.3200   0.7649        0.2393       0.9184        0.2435        24.2482
Stopping since valid_loss has not improved in the last 3 epochs.
[32m[I 2022-12-10 18:02:03,536][0m Trial 110 finished with value: 0.3894908547770936 and parameters: {'optimizer__lr': 0.007221337249429515, 'module__dropout': 0.052703534925295836, 'd_model_multiplier': 32, 'module__num_layers': 2, 'module__n_heads': 4, 'module__dim_feedforward': 408, 'iterator_train__batch_size': 157}. Best is trial 98 with value: 0.44963776597022204.[0m
[FileBasedDataset] Initializing dataset...
	Examples: 28559
	Features: 621
	Max length: 120
[FileBasedDataset] Dataset initialization complete
  epoch    auprc    auroc    train_loss    valid_acc    valid_loss    cp      dur
-------  -------  -------  ------------  -----------  ------------  ----  -------
      1   [36m0.1623[0m   [32m0.4916[0m        [35m0.4035[0m       [31m0.9156[0m        [94m0.3078[0m     +  24.0649
      2   [36m0.2272[0m   [32m0.6533[0m        [35m0.2774[0m       0.9153        [94m0.2743[0m     +  24.4476
      3   [36m0.2845[0m   [32m0.7355[0m        [35m0.2575[0m       0.9139        [94m0.2558[0m     +  23.5680
      4   [36m0.3393[0m   [32m0.7642[0m        [35m0.2411[0m       [31m0.9188[0m        [94m0.2434[0m     +  24.2779
      5   [36m0.3544[0m   [32m0.7678[0m        [35m0.2350[0m       [31m0.9205[0m        [94m0.2408[0m     +  24.8127
      6   [36m0.3723[0m   [32m0.7812[0m        [35m0.2311[0m       [31m0.9223[0m        [94m0.2378[0m     +  23.7213
      7   [36m0.3787[0m   [32m0.7877[0m        [35m0.2276[0m       [31m0.9240[0m        [94m0.2355[0m     +  23.9606
      8   [36m0.3825[0m   [32m0.7942[0m        [35m0.2262[0m       0.9223        [94m0.2346[0m     +  23.9677
      9   [36m0.3880[0m   [32m0.7975[0m        0.2270       0.9223        [94m0.2343[0m     +  23.9118
     10   0.3868   [32m0.8001[0m        [35m0.2251[0m       0.9240        [94m0.2338[0m     +  24.0441
     11   [36m0.3907[0m   [32m0.8010[0m        [35m0.2240[0m       0.9230        0.2343        23.6354
     12   [36m0.3940[0m   [32m0.8041[0m        [35m0.2224[0m       0.9240        [94m0.2327[0m     +  23.2558
     13   0.3911   [32m0.8069[0m        [35m0.2217[0m       0.9233        [94m0.2321[0m     +  23.7125
     14   [36m0.3948[0m   [32m0.8093[0m        [35m0.2208[0m       [31m0.9254[0m        [94m0.2313[0m     +  24.0891
     15   [36m0.3971[0m   0.8083        [35m0.2207[0m       0.9244        0.2317        24.3409
[32m[I 2022-12-10 18:08:04,052][0m Trial 111 finished with value: 0.39711332083530904 and parameters: {'optimizer__lr': 0.0002654675544151455, 'module__dropout': 0.2398231397332869, 'd_model_multiplier': 4, 'module__num_layers': 4, 'module__n_heads': 4, 'module__dim_feedforward': 281, 'iterator_train__batch_size': 167}. Best is trial 98 with value: 0.44963776597022204.[0m
[FileBasedDataset] Initializing dataset...
	Examples: 28559
	Features: 621
	Max length: 120
[FileBasedDataset] Dataset initialization complete
  epoch    auprc    auroc    train_loss    valid_acc    valid_loss    cp      dur
-------  -------  -------  ------------  -----------  ------------  ----  -------
      1   [36m0.3175[0m   [32m0.7946[0m        [35m0.2548[0m       [31m0.9163[0m        [94m0.2490[0m     +  26.4416
      2   [36m0.3436[0m   [32m0.8092[0m        [35m0.2239[0m       [31m0.9202[0m        [94m0.2393[0m     +  26.3165
      3   [36m0.3595[0m   [32m0.8177[0m        [35m0.2175[0m       [31m0.9209[0m        [94m0.2385[0m     +  26.3762
      4   [36m0.3711[0m   [32m0.8355[0m        [35m0.2142[0m       0.9209        [94m0.2320[0m     +  26.8828
      5   0.3678   [32m0.8385[0m        [35m0.2107[0m       [31m0.9216[0m        [94m0.2313[0m     +  26.5007
      6   0.3698   0.8348        [35m0.2085[0m       0.9188        0.2334        26.6212
      7   [36m0.3783[0m   0.8380        [35m0.2057[0m       0.9198        [94m0.2313[0m     +  26.5565
      8   [36m0.3797[0m   [32m0.8462[0m        [35m0.2017[0m       0.9188        [94m0.2283[0m     +  26.4457
      9   0.3739   0.8432        [35m0.2009[0m       0.9181        0.2309        26.7228
     10   [36m0.3844[0m   0.8401        [35m0.1982[0m       0.9188        [94m0.2277[0m     +  26.4495
     11   0.3718   0.8390        [35m0.1953[0m       0.9184        0.2296        26.6460
     12   0.3686   0.8385        [35m0.1931[0m       0.9184        0.2356        26.8054
Stopping since valid_loss has not improved in the last 3 epochs.
[32m[I 2022-12-10 18:13:50,596][0m Trial 112 finished with value: 0.3844296346523715 and parameters: {'optimizer__lr': 0.00012598172286608768, 'module__dropout': 0.14367569395391955, 'd_model_multiplier': 4, 'module__num_layers': 5, 'module__n_heads': 64, 'module__dim_feedforward': 325, 'iterator_train__batch_size': 133}. Best is trial 98 with value: 0.44963776597022204.[0m
[FileBasedDataset] Initializing dataset...
	Examples: 28559
	Features: 621
	Max length: 120
[FileBasedDataset] Dataset initialization complete
  epoch    auprc    auroc    train_loss    valid_acc    valid_loss    cp      dur
-------  -------  -------  ------------  -----------  ------------  ----  -------
      1   [36m0.0556[0m   [32m0.3079[0m        [35m0.5478[0m       [31m0.9265[0m        [94m0.4137[0m     +  23.0434
      2   [36m0.0921[0m   [32m0.4251[0m        [35m0.3804[0m       0.9265        [94m0.3227[0m     +  23.6351
      3   [36m0.1343[0m   [32m0.5219[0m        [35m0.3198[0m       [31m0.9268[0m        [94m0.2849[0m     +  22.9548
      4   [36m0.1645[0m   [32m0.5859[0m        [35m0.2922[0m       0.9261        [94m0.2661[0m     +  23.5106
      5   [36m0.1904[0m   [32m0.6392[0m        [35m0.2775[0m       0.9258        [94m0.2542[0m     +  23.5214
      6   [36m0.2302[0m   [32m0.7024[0m        [35m0.2656[0m       0.9268        [94m0.2437[0m     +  22.8585
      7   [36m0.2476[0m   [32m0.7271[0m        [35m0.2561[0m       0.9258        [94m0.2369[0m     +  23.0619
      8   [36m0.2613[0m   [32m0.7395[0m        [35m0.2500[0m       [31m0.9282[0m        [94m0.2318[0m     +  23.0157
      9   [36m0.2689[0m   [32m0.7499[0m        [35m0.2439[0m       0.9279        [94m0.2285[0m     +  23.1589
     10   [36m0.2767[0m   [32m0.7601[0m        [35m0.2416[0m       0.9261        [94m0.2258[0m     +  23.1505
     11   [36m0.2885[0m   [32m0.7687[0m        [35m0.2383[0m       0.9272        [94m0.2232[0m     +  23.2562
     12   [36m0.2939[0m   [32m0.7746[0m        [35m0.2375[0m       0.9279        [94m0.2214[0m     +  23.1417
     13   [36m0.2949[0m   [32m0.7788[0m        [35m0.2356[0m       0.9272        [94m0.2203[0m     +  23.0275
     14   [36m0.3014[0m   [32m0.7831[0m        [35m0.2339[0m       0.9279        [94m0.2189[0m     +  23.1178
     15   [36m0.3081[0m   [32m0.7874[0m        [35m0.2330[0m       0.9272        [94m0.2176[0m     +  23.0428
[32m[I 2022-12-10 18:19:38,800][0m Trial 113 finished with value: 0.3081421537703675 and parameters: {'optimizer__lr': 6.508721242603121e-05, 'module__dropout': 0.21015442019121294, 'd_model_multiplier': 4, 'module__num_layers': 2, 'module__n_heads': 4, 'module__dim_feedforward': 257, 'iterator_train__batch_size': 119}. Best is trial 98 with value: 0.44963776597022204.[0m
[FileBasedDataset] Initializing dataset...
	Examples: 28559
	Features: 621
	Max length: 120
[FileBasedDataset] Dataset initialization complete
  epoch    auprc    auroc    train_loss    valid_acc    valid_loss    cp      dur
-------  -------  -------  ------------  -----------  ------------  ----  -------
      1   [36m0.2775[0m   [32m0.7050[0m        [35m0.3822[0m       [31m0.9167[0m        [94m0.2709[0m     +  23.1802
      2   [36m0.3655[0m   [32m0.7695[0m        [35m0.2531[0m       [31m0.9233[0m        [94m0.2386[0m     +  23.9325
      3   [36m0.3814[0m   [32m0.7886[0m        [35m0.2373[0m       [31m0.9237[0m        [94m0.2312[0m     +  23.3265
      4   [36m0.3970[0m   [32m0.8087[0m        [35m0.2322[0m       [31m0.9251[0m        [94m0.2256[0m     +  23.6611
      5   [36m0.4126[0m   [32m0.8270[0m        [35m0.2291[0m       [31m0.9254[0m        [94m0.2211[0m     +  23.8691
      6   [36m0.4167[0m   0.8269        [35m0.2267[0m       [31m0.9268[0m        [94m0.2198[0m     +  24.0904
      7   [36m0.4269[0m   [32m0.8408[0m        [35m0.2236[0m       0.9268        [94m0.2157[0m     +  23.2900
      8   0.4232   [32m0.8445[0m        [35m0.2214[0m       0.9251        0.2158        23.4457
      9   [36m0.4305[0m   [32m0.8478[0m        0.2216       0.9247        [94m0.2147[0m     +  23.7946
     10   [36m0.4375[0m   [32m0.8495[0m        [35m0.2190[0m       0.9265        [94m0.2132[0m     +  23.1706
     11   0.4320   0.8473        [35m0.2184[0m       [31m0.9282[0m        0.2136        23.2187
     12   [36m0.4394[0m   0.8487        [35m0.2173[0m       0.9265        0.2135        23.2458
     13   [36m0.4396[0m   [32m0.8508[0m        [35m0.2171[0m       0.9258        [94m0.2121[0m     +  22.6372
     14   [36m0.4467[0m   [32m0.8539[0m        [35m0.2158[0m       0.9272        [94m0.2107[0m     +  23.8732
     15   [36m0.4503[0m   [32m0.8562[0m        [35m0.2155[0m       0.9268        [94m0.2100[0m     +  23.6821
