[32m[I 2022-12-10 12:49:04,278][0m Trial 34 finished with value: 0.262549418590002 and parameters: {'optimizer__lr': 0.013170771366037974, 'module__dropout': 0.1854309572326519, 'd_model_multiplier': 2, 'module__num_layers': 6, 'module__n_heads': 4, 'module__dim_feedforward': 306, 'iterator_train__batch_size': 167}. Best is trial 33 with value: 0.41016979063159703.[0m
[FileBasedDataset] Initializing dataset...
	Examples: 28559
	Features: 621
	Max length: 120
[FileBasedDataset] Dataset initialization complete
  epoch    auprc    auroc    train_loss    valid_acc    valid_loss    cp      dur
-------  -------  -------  ------------  -----------  ------------  ----  -------
      1   [36m0.2139[0m   [32m0.6357[0m        [35m0.3553[0m       [31m0.9181[0m        [94m0.2711[0m     +  23.4775
      2   [36m0.2607[0m   [32m0.7184[0m        [35m0.2577[0m       0.9181        [94m0.2534[0m     +  23.5307
      3   [36m0.3425[0m   [32m0.7484[0m        [35m0.2365[0m       [31m0.9223[0m        [94m0.2356[0m     +  23.6704
      4   [36m0.3479[0m   [32m0.7607[0m        [35m0.2279[0m       [31m0.9247[0m        [94m0.2334[0m     +  23.9900
      5   [36m0.3586[0m   [32m0.7725[0m        [35m0.2258[0m       0.9237        [94m0.2321[0m     +  23.9430
      6   [36m0.3671[0m   [32m0.7863[0m        [35m0.2229[0m       0.9237        [94m0.2299[0m     +  22.8756
      7   [36m0.3791[0m   [32m0.8012[0m        [35m0.2219[0m       [31m0.9261[0m        [94m0.2254[0m     +  23.9624
      8   [36m0.3845[0m   [32m0.8105[0m        [35m0.2198[0m       0.9240        [94m0.2236[0m     +  23.7272
      9   [36m0.3849[0m   0.8099        [35m0.2189[0m       0.9261        0.2239        23.8283
     10   [36m0.3912[0m   [32m0.8188[0m        [35m0.2165[0m       [31m0.9275[0m        [94m0.2211[0m     +  24.1834
     11   [36m0.3978[0m   [32m0.8199[0m        [35m0.2154[0m       0.9268        [94m0.2201[0m     +  23.9979
     12   0.3958   [32m0.8230[0m        [35m0.2150[0m       0.9265        0.2205        23.7777
     13   [36m0.4069[0m   [32m0.8299[0m        [35m0.2133[0m       0.9268        [94m0.2177[0m     +  23.8449
     14   [36m0.4217[0m   [32m0.8334[0m        [35m0.2127[0m       0.9268        [94m0.2159[0m     +  23.6939
     15   0.4209   0.8308        [35m0.2118[0m       0.9268        0.2171        24.2296
[32m[I 2022-12-10 12:55:01,739][0m Trial 35 finished with value: 0.4216843767862757 and parameters: {'optimizer__lr': 0.00048527235688102855, 'module__dropout': 0.11504878211614998, 'd_model_multiplier': 4, 'module__num_layers': 5, 'module__n_heads': 4, 'module__dim_feedforward': 273, 'iterator_train__batch_size': 150}. Best is trial 35 with value: 0.4216843767862757.[0m
[FileBasedDataset] Initializing dataset...
	Examples: 28559
	Features: 621
	Max length: 120
[FileBasedDataset] Dataset initialization complete
  epoch    auprc    auroc    train_loss    valid_acc    valid_loss    cp      dur
-------  -------  -------  ------------  -----------  ------------  ----  -------
      1   [36m0.3145[0m   [32m0.7641[0m        [35m0.3184[0m       [31m0.9198[0m        [94m0.2349[0m     +  23.5282
      2   [36m0.3247[0m   [32m0.7798[0m        [35m0.2409[0m       [31m0.9240[0m        [94m0.2296[0m     +  23.5854
      3   [36m0.3399[0m   [32m0.7922[0m        [35m0.2368[0m       0.9237        [94m0.2260[0m     +  23.8346
      4   0.3315   0.7900        [35m0.2323[0m       [31m0.9244[0m        0.2272        23.8263
      5   [36m0.3467[0m   0.7900        0.2331       0.9237        0.2278        23.4201
Stopping since valid_loss has not improved in the last 3 epochs.
[32m[I 2022-12-10 12:57:24,066][0m Trial 36 finished with value: 0.3467238923197185 and parameters: {'optimizer__lr': 0.0007684995259965788, 'module__dropout': 0.2345411190672626, 'd_model_multiplier': 2, 'module__num_layers': 5, 'module__n_heads': 4, 'module__dim_feedforward': 262, 'iterator_train__batch_size': 74}. Best is trial 35 with value: 0.4216843767862757.[0m
[FileBasedDataset] Initializing dataset...
	Examples: 28559
	Features: 621
	Max length: 120
[FileBasedDataset] Dataset initialization complete
  epoch    auprc    auroc    train_loss    valid_acc    valid_loss    cp      dur
-------  -------  -------  ------------  -----------  ------------  ----  -------
      1   [36m0.3458[0m   [32m0.7879[0m        [35m0.2568[0m       [31m0.9153[0m        [94m0.2547[0m     +  23.3437
      2   [36m0.3795[0m   [32m0.7884[0m        [35m0.2415[0m       [31m0.9191[0m        [94m0.2389[0m     +  23.6513
      3   0.2820   0.7364        0.2497       0.9156        0.2603        24.0277
      4   0.2738   0.7364        0.2504       0.9156        0.2592        23.9404
Stopping since valid_loss has not improved in the last 3 epochs.
[32m[I 2022-12-10 12:59:23,247][0m Trial 37 finished with value: 0.3794886278677588 and parameters: {'optimizer__lr': 0.006609847556795485, 'module__dropout': 0.15781696056026134, 'd_model_multiplier': 4, 'module__num_layers': 4, 'module__n_heads': 4, 'module__dim_feedforward': 350, 'iterator_train__batch_size': 118}. Best is trial 35 with value: 0.4216843767862757.[0m
[FileBasedDataset] Initializing dataset...
	Examples: 28559
	Features: 621
	Max length: 120
[FileBasedDataset] Dataset initialization complete
  epoch    auprc    auroc    train_loss    valid_acc    valid_loss    cp      dur
-------  -------  -------  ------------  -----------  ------------  ----  -------
      1   [36m0.2056[0m   [32m0.7075[0m        [35m0.3222[0m       [31m0.9072[0m        [94m0.2827[0m     +  33.6739
      2   0.2041   [32m0.7086[0m        [35m0.2831[0m       [31m0.9128[0m        [94m0.2704[0m     +  33.2398
      3   0.2035   0.7033        [35m0.2788[0m       [31m0.9156[0m        [94m0.2684[0m     +  33.5224
      4   0.1843   0.7049        [35m0.2686[0m       0.9149        0.2707        33.6009
      5   0.1820   0.7017        [35m0.2647[0m       [31m0.9167[0m        0.2714        32.6856
      6   0.1970   0.7071        0.2650       0.9167        [94m0.2674[0m     +  32.4362
      7   0.1876   0.7061        [35m0.2583[0m       [31m0.9170[0m        0.2692        33.0142
      8   0.1907   0.7004        0.2584       0.9160        [94m0.2645[0m     +  32.7175
      9   0.1940   0.7064        [35m0.2568[0m       0.9167        0.2713        33.6929
     10   0.2015   0.7074        [35m0.2542[0m       0.9170        0.2679        33.1833
Stopping since valid_loss has not improved in the last 3 epochs.
[32m[I 2022-12-10 13:05:29,867][0m Trial 38 finished with value: 0.20556837166052477 and parameters: {'optimizer__lr': 0.045264368806728704, 'module__dropout': 0.11387504450159334, 'd_model_multiplier': 16, 'module__num_layers': 5, 'module__n_heads': 4, 'module__dim_feedforward': 406, 'iterator_train__batch_size': 14}. Best is trial 35 with value: 0.4216843767862757.[0m
[FileBasedDataset] Initializing dataset...
	Examples: 28559
	Features: 621
	Max length: 120
[FileBasedDataset] Dataset initialization complete
  epoch    auprc    auroc    train_loss    valid_acc    valid_loss    cp      dur
-------  -------  -------  ------------  -----------  ------------  ----  -------
      1   [36m0.3682[0m   [32m0.8108[0m        [35m0.2471[0m       [31m0.9303[0m        [94m0.2119[0m     +  23.8578
      2   [36m0.3862[0m   [32m0.8211[0m        [35m0.2252[0m       [31m0.9314[0m        [94m0.2077[0m     +  23.5970
      3   [36m0.3941[0m   [32m0.8252[0m        [35m0.2222[0m       0.9307        [94m0.2064[0m     +  24.1158
      4   0.3807   0.8227        [35m0.2205[0m       0.9307        0.2082        24.4412
      5   0.3774   0.8168        [35m0.2184[0m       [31m0.9331[0m        0.2110        24.5429
Stopping since valid_loss has not improved in the last 3 epochs.
[32m[I 2022-12-10 13:07:55,590][0m Trial 39 finished with value: 0.3941105984976665 and parameters: {'optimizer__lr': 0.0003276519018033325, 'module__dropout': 0.32114153165250287, 'd_model_multiplier': 64, 'module__num_layers': 3, 'module__n_heads': 4, 'module__dim_feedforward': 469, 'iterator_train__batch_size': 148}. Best is trial 35 with value: 0.4216843767862757.[0m
[FileBasedDataset] Initializing dataset...
	Examples: 28559
	Features: 621
	Max length: 120
[FileBasedDataset] Dataset initialization complete
  epoch    auprc    auroc    train_loss    valid_acc    valid_loss    cp      dur
-------  -------  -------  ------------  -----------  ------------  ----  -------
      1   [36m0.1825[0m   [32m0.7202[0m        [35m0.2813[0m       [31m0.9261[0m        [94m0.2453[0m     +  23.7630
      2   0.1821   0.7185        [35m0.2563[0m       0.9247        [94m0.2451[0m     +  24.4809
      3   0.1772   0.7069        [35m0.2541[0m       0.9251        0.2453        24.4183
      4   0.1806   0.7150        [35m0.2536[0m       [31m0.9275[0m        0.2471        23.5990
Stopping since valid_loss has not improved in the last 3 epochs.
[32m[I 2022-12-10 13:09:56,384][0m Trial 40 finished with value: 0.18245307757627055 and parameters: {'optimizer__lr': 0.0016610823091579082, 'module__dropout': 0.19769195951275714, 'd_model_multiplier': 32, 'module__num_layers': 3, 'module__n_heads': 16, 'module__dim_feedforward': 274, 'iterator_train__batch_size': 87}. Best is trial 35 with value: 0.4216843767862757.[0m
[FileBasedDataset] Initializing dataset...
	Examples: 28559
	Features: 621
	Max length: 120
[FileBasedDataset] Dataset initialization complete
  epoch    auprc    auroc    train_loss    valid_acc    valid_loss    cp      dur
-------  -------  -------  ------------  -----------  ------------  ----  -------
      1   [36m0.3822[0m   [32m0.7886[0m        [35m0.2478[0m       [31m0.9293[0m        [94m0.2196[0m     +  24.1573
      2   0.3036   0.7873        [35m0.2239[0m       0.9216        0.2267        24.2557
      3   [36m0.4035[0m   [32m0.8007[0m        [35m0.2221[0m       [31m0.9324[0m        [94m0.2160[0m     +  24.6608
      4   [36m0.4221[0m   [32m0.8031[0m        [35m0.2186[0m       0.9317        [94m0.2144[0m     +  24.1238
      5   0.4155   [32m0.8109[0m        [35m0.2173[0m       [31m0.9342[0m        0.2149        23.7001
      6   0.4165   0.8060        [35m0.2148[0m       [31m0.9345[0m        0.2163        24.3220
Stopping since valid_loss has not improved in the last 3 epochs.
[32m[I 2022-12-10 13:12:46,417][0m Trial 41 finished with value: 0.42209484048734186 and parameters: {'optimizer__lr': 0.00030856620317607094, 'module__dropout': 0.3137720588930937, 'd_model_multiplier': 64, 'module__num_layers': 3, 'module__n_heads': 4, 'module__dim_feedforward': 500, 'iterator_train__batch_size': 153}. Best is trial 41 with value: 0.42209484048734186.[0m
[FileBasedDataset] Initializing dataset...
	Examples: 28559
	Features: 621
	Max length: 120
[FileBasedDataset] Dataset initialization complete
  epoch    auprc    auroc    train_loss    valid_acc    valid_loss    cp      dur
-------  -------  -------  ------------  -----------  ------------  ----  -------
      1   [36m0.3850[0m   [32m0.7948[0m        [35m0.2587[0m       [31m0.9261[0m        [94m0.2288[0m     +  23.8683
      2   [36m0.4015[0m   [32m0.8107[0m        [35m0.2254[0m       0.9258        [94m0.2246[0m     +  23.9624
      3   [36m0.4154[0m   [32m0.8239[0m        [35m0.2209[0m       [31m0.9275[0m        [94m0.2206[0m     +  23.9065
      4   [36m0.4155[0m   [32m0.8292[0m        [35m0.2196[0m       0.9265        [94m0.2195[0m     +  22.8594
      5   [36m0.4245[0m   [32m0.8306[0m        [35m0.2181[0m       0.9261        [94m0.2186[0m     +  24.2579
      6   [36m0.4303[0m   [32m0.8343[0m        [35m0.2159[0m       0.9268        [94m0.2180[0m     +  24.4295
      7   0.4220   [32m0.8372[0m        [35m0.2140[0m       [31m0.9279[0m        [94m0.2167[0m     +  24.2696
      8   [36m0.4349[0m   [32m0.8387[0m        [35m0.2128[0m       0.9272        [94m0.2146[0m     +  23.8190
      9   0.4209   0.8305        [35m0.2115[0m       0.9240        0.2177        23.7083
     10   [36m0.4352[0m   [32m0.8399[0m        [35m0.2084[0m       0.9251        0.2168        23.5626
     11   [36m0.4406[0m   [32m0.8448[0m        [35m0.2077[0m       0.9265        [94m0.2117[0m     +  24.2643
     12   0.4371   0.8413        [35m0.2076[0m       0.9258        0.2154        24.2895
     13   0.4386   0.8369        [35m0.2069[0m       0.9275        0.2160        23.9251
     14   [36m0.4456[0m   [32m0.8465[0m        [35m0.2057[0m       [31m0.9289[0m        [94m0.2104[0m     +  23.5543
     15   0.4431   0.8418        [35m0.2048[0m       0.9254        0.2146        23.9091
[32m[I 2022-12-10 13:18:46,052][0m Trial 42 finished with value: 0.4455682389151037 and parameters: {'optimizer__lr': 0.00023726016506412317, 'module__dropout': 0.37660048084023495, 'd_model_multiplier': 64, 'module__num_layers': 2, 'module__n_heads': 4, 'module__dim_feedforward': 504, 'iterator_train__batch_size': 175}. Best is trial 42 with value: 0.4455682389151037.[0m
[FileBasedDataset] Initializing dataset...
	Examples: 28559
	Features: 621
	Max length: 120
[FileBasedDataset] Dataset initialization complete
  epoch    auprc    auroc    train_loss    valid_acc    valid_loss    cp      dur
-------  -------  -------  ------------  -----------  ------------  ----  -------
      1   [36m0.2784[0m   [32m0.7537[0m        [35m0.2650[0m       [31m0.9247[0m        [94m0.2444[0m     +  23.3189
      2   [36m0.3049[0m   [32m0.7743[0m        [35m0.2280[0m       [31m0.9261[0m        [94m0.2365[0m     +  23.3689
      3   [36m0.3168[0m   [32m0.7803[0m        [35m0.2238[0m       0.9261        [94m0.2346[0m     +  23.3572
      4   [36m0.3225[0m   [32m0.7923[0m        [35m0.2218[0m       0.9258        [94m0.2318[0m     +  23.9253
      5   0.3201   [32m0.7941[0m        [35m0.2200[0m       0.9261        0.2341        23.4719
      6   0.3195   [32m0.7974[0m        [35m0.2194[0m       0.9254        [94m0.2308[0m     +  23.9881
      7   0.3140   [32m0.8023[0m        [35m0.2165[0m       0.9244        [94m0.2301[0m     +  23.4501
      8   [36m0.3261[0m   [32m0.8085[0m        [35m0.2164[0m       0.9230        [94m0.2290[0m     +  23.7326
      9   [36m0.3397[0m   [32m0.8149[0m        [35m0.2148[0m       [31m0.9265[0m        [94m0.2258[0m     +  23.3424
     10   0.3215   0.8112        [35m0.2138[0m       0.9251        0.2299        23.3069
     11   0.3203   [32m0.8154[0m        [35m0.2134[0m       0.9247        0.2282        22.6828
Stopping since valid_loss has not improved in the last 3 epochs.
[32m[I 2022-12-10 13:23:28,190][0m Trial 43 finished with value: 0.3397418747063368 and parameters: {'optimizer__lr': 0.00021722386898092653, 'module__dropout': 0.4580423128901159, 'd_model_multiplier': 64, 'module__num_layers': 2, 'module__n_heads': 4, 'module__dim_feedforward': 505, 'iterator_train__batch_size': 181}. Best is trial 42 with value: 0.4455682389151037.[0m
[FileBasedDataset] Initializing dataset...
	Examples: 28559
	Features: 621
	Max length: 120
[FileBasedDataset] Dataset initialization complete
  epoch    auprc    auroc    train_loss    valid_acc    valid_loss    cp      dur
-------  -------  -------  ------------  -----------  ------------  ----  -------
      1   [36m0.3158[0m   [32m0.7859[0m        [35m0.3361[0m       [31m0.9205[0m        [94m0.2426[0m     +  23.8148
      2   [36m0.3692[0m   [32m0.8162[0m        [35m0.2437[0m       [31m0.9247[0m        [94m0.2314[0m     +  23.7502
      3   [36m0.3879[0m   [32m0.8205[0m        [35m0.2362[0m       [31m0.9251[0m        [94m0.2284[0m     +  24.1083
      4   [36m0.4014[0m   [32m0.8239[0m        [35m0.2327[0m       [31m0.9265[0m        [94m0.2265[0m     +  23.8657
      5   [36m0.4020[0m   [32m0.8257[0m        [35m0.2300[0m       0.9251        0.2266        24.0474
      6   0.3997   0.8257        [35m0.2282[0m       0.9254        0.2283        23.3212
Stopping since valid_loss has not improved in the last 3 epochs.
[32m[I 2022-12-10 13:26:15,604][0m Trial 44 finished with value: 0.402031859247241 and parameters: {'optimizer__lr': 8.101611854126914e-05, 'module__dropout': 0.5277005941268178, 'd_model_multiplier': 64, 'module__num_layers': 1, 'module__n_heads': 4, 'module__dim_feedforward': 482, 'iterator_train__batch_size': 153}. Best is trial 42 with value: 0.4455682389151037.[0m
[FileBasedDataset] Initializing dataset...
	Examples: 28559
	Features: 621
	Max length: 120
[FileBasedDataset] Dataset initialization complete
  epoch    auprc    auroc    train_loss    valid_acc    valid_loss    cp      dur
-------  -------  -------  ------------  -----------  ------------  ----  -------
      1   [36m0.3572[0m   [32m0.8063[0m        [35m0.2467[0m       [31m0.9216[0m        [94m0.2278[0m     +  23.7008
      2   [36m0.3911[0m   [32m0.8100[0m        [35m0.2326[0m       [31m0.9279[0m        [94m0.2244[0m     +  25.0746
      3   0.3867   0.8025        [35m0.2286[0m       0.9261        0.2244        24.4015
      4   [36m0.3951[0m   [32m0.8118[0m        0.2289       [31m0.9293[0m        0.2265        23.4025
Stopping since valid_loss has not improved in the last 3 epochs.
[32m[I 2022-12-10 13:28:16,318][0m Trial 45 finished with value: 0.39510285166984094 and parameters: {'optimizer__lr': 0.001023984768426499, 'module__dropout': 0.3747820906251897, 'd_model_multiplier': 64, 'module__num_layers': 2, 'module__n_heads': 4, 'module__dim_feedforward': 470, 'iterator_train__batch_size': 135}. Best is trial 42 with value: 0.4455682389151037.[0m
[FileBasedDataset] Initializing dataset...
	Examples: 28559
	Features: 621
	Max length: 120
[FileBasedDataset] Dataset initialization complete
  epoch    auprc    auroc    train_loss    valid_acc    valid_loss    cp      dur
-------  -------  -------  ------------  -----------  ------------  ----  -------
      1   [36m0.1945[0m   [32m0.6851[0m        [35m0.4773[0m       [31m0.9181[0m        [94m0.2824[0m     +  23.5128
      2   [36m0.2020[0m   [32m0.7219[0m        [35m0.2655[0m       0.9181        0.3055        24.3949
      3   [36m0.2084[0m   [32m0.7277[0m        [35m0.2597[0m       0.9181        0.3040        23.4897
Stopping since valid_loss has not improved in the last 3 epochs.
[32m[I 2022-12-10 13:29:51,485][0m Trial 46 finished with value: 0.20838122695319608 and parameters: {'optimizer__lr': 0.017325473339918785, 'module__dropout': 0.24058537862572182, 'd_model_multiplier': 64, 'module__num_layers': 4, 'module__n_heads': 4, 'module__dim_feedforward': 444, 'iterator_train__batch_size': 176}. Best is trial 42 with value: 0.4455682389151037.[0m
[FileBasedDataset] Initializing dataset...
	Examples: 28559
	Features: 621
	Max length: 120
[FileBasedDataset] Dataset initialization complete
  epoch    auprc    auroc    train_loss    valid_acc    valid_loss    cp      dur
-------  -------  -------  ------------  -----------  ------------  ----  -------
      1   [36m0.3667[0m   [32m0.7972[0m        [35m0.2495[0m       [31m0.9184[0m        [94m0.2466[0m     +  23.9609
      2   [36m0.3902[0m   [32m0.8175[0m        [35m0.2295[0m       [31m0.9209[0m        [94m0.2346[0m     +  25.3650
      3   0.3895   [32m0.8218[0m        [35m0.2251[0m       0.9205        0.2399        24.9328
      4   0.3866   0.8202        [35m0.2240[0m       [31m0.9233[0m        0.2425        24.4129
Stopping since valid_loss has not improved in the last 3 epochs.
