[32m[I 2022-12-12 04:19:02,439][0m Trial 485 finished with value: 0.38637921851074986 and parameters: {'optimizer__lr': 0.00195807165122499, 'module__dropout': 0.10398207487842864, 'd_model_multiplier': 4, 'module__num_layers': 4, 'module__n_heads': 8, 'module__dim_feedforward': 477, 'iterator_train__batch_size': 121}. Best is trial 382 with value: 0.5110916005289956.[0m
[FileBasedDataset] Initializing dataset...
	Examples: 28559
	Features: 621
	Max length: 120
[FileBasedDataset] Dataset initialization complete
  epoch    auprc    auroc    train_loss    valid_acc    valid_loss    cp      dur
-------  -------  -------  ------------  -----------  ------------  ----  -------
      1   [36m0.3600[0m   [32m0.8186[0m        [35m0.2578[0m       [31m0.9286[0m        [94m0.2151[0m     +  22.9730
      2   [36m0.3653[0m   [32m0.8326[0m        [35m0.2280[0m       0.9265        [94m0.2129[0m     +  23.0575
      3   [36m0.3780[0m   0.8250        [35m0.2235[0m       0.9282        0.2131        23.0502
      4   [36m0.3782[0m   0.8262        [35m0.2225[0m       0.9282        [94m0.2112[0m     +  23.1905
      5   0.3704   [32m0.8364[0m        [35m0.2199[0m       0.9279        0.2131        23.2010
      6   [36m0.3842[0m   [32m0.8432[0m        [35m0.2193[0m       0.9282        [94m0.2093[0m     +  22.7880
      7   [36m0.3874[0m   [32m0.8494[0m        [35m0.2172[0m       0.9286        [94m0.2078[0m     +  22.7017
      8   [36m0.3898[0m   0.8482        [35m0.2161[0m       [31m0.9289[0m        0.2083        22.8220
      9   0.3894   0.8413        [35m0.2146[0m       [31m0.9307[0m        0.2096        23.5222
     10   [36m0.3981[0m   [32m0.8538[0m        [35m0.2139[0m       0.9293        [94m0.2064[0m     +  23.1726
     11   0.3937   0.8520        [35m0.2127[0m       0.9286        0.2085        23.2094
     12   0.3884   0.8522        [35m0.2121[0m       0.9272        [94m0.2058[0m     +  22.9810
     13   0.3935   0.8520        [35m0.2120[0m       0.9296        0.2066        23.5359
     14   0.3893   0.8521        [35m0.2112[0m       0.9286        0.2099        22.7250
Stopping since valid_loss has not improved in the last 3 epochs.
[32m[I 2022-12-12 04:24:48,898][0m Trial 486 finished with value: 0.3981202606671252 and parameters: {'optimizer__lr': 0.0014707232806001366, 'module__dropout': 0.13349692552887574, 'd_model_multiplier': 4, 'module__num_layers': 3, 'module__n_heads': 8, 'module__dim_feedforward': 458, 'iterator_train__batch_size': 116}. Best is trial 382 with value: 0.5110916005289956.[0m
[FileBasedDataset] Initializing dataset...
	Examples: 28559
	Features: 621
	Max length: 120
[FileBasedDataset] Dataset initialization complete
  epoch    auprc    auroc    train_loss    valid_acc    valid_loss    cp      dur
-------  -------  -------  ------------  -----------  ------------  ----  -------
      1   [36m0.3383[0m   [32m0.8062[0m        [35m0.2437[0m       [31m0.9303[0m        [94m0.2158[0m     +  22.3204
      2   [36m0.3473[0m   [32m0.8095[0m        [35m0.2296[0m       [31m0.9331[0m        [94m0.2106[0m     +  23.3840
      3   [36m0.3508[0m   [32m0.8204[0m        [35m0.2257[0m       [31m0.9345[0m        [94m0.2065[0m     +  23.5953
      4   [36m0.3556[0m   [32m0.8258[0m        [35m0.2236[0m       0.9324        0.2068        23.0879
      5   [36m0.3655[0m   [32m0.8322[0m        0.2236       0.9328        [94m0.2056[0m     +  23.5838
      6   0.3589   0.8270        [35m0.2235[0m       0.9321        [94m0.2049[0m     +  22.7497
      7   0.3498   0.8203        [35m0.2231[0m       0.9345        0.2057        22.4589
      8   0.3639   0.8273        0.2271       0.9342        0.2055        22.4045
      9   0.3605   [32m0.8348[0m        0.2243       0.9331        [94m0.2035[0m     +  22.3014
     10   0.3598   0.8326        [35m0.2212[0m       0.9321        [94m0.2030[0m     +  22.3887
     11   [36m0.3736[0m   [32m0.8417[0m        [35m0.2192[0m       0.9317        0.2032        22.9712
     12   0.3670   [32m0.8442[0m        [35m0.2168[0m       0.9314        [94m0.1991[0m     +  22.5451
     13   [36m0.3803[0m   [32m0.8484[0m        0.2176       0.9331        [94m0.1976[0m     +  22.8410
     14   0.3671   0.8449        [35m0.2160[0m       0.9324        0.1996        22.8966
     15   0.3783   0.8482        [35m0.2136[0m       0.9307        0.2012        22.9817
[32m[I 2022-12-12 04:30:32,003][0m Trial 487 finished with value: 0.3803442628088809 and parameters: {'optimizer__lr': 0.004376398270110687, 'module__dropout': 0.07857423340926252, 'd_model_multiplier': 4, 'module__num_layers': 2, 'module__n_heads': 8, 'module__dim_feedforward': 259, 'iterator_train__batch_size': 101}. Best is trial 382 with value: 0.5110916005289956.[0m
[FileBasedDataset] Initializing dataset...
	Examples: 28559
	Features: 621
	Max length: 120
[FileBasedDataset] Dataset initialization complete
  epoch    auprc    auroc    train_loss    valid_acc    valid_loss    cp      dur
-------  -------  -------  ------------  -----------  ------------  ----  -------
      1   [36m0.3046[0m   [32m0.7814[0m        [35m0.2668[0m       [31m0.9356[0m        [94m0.2050[0m     +  23.4770
      2   [36m0.3320[0m   [32m0.8082[0m        [35m0.2281[0m       0.9356        [94m0.1978[0m     +  23.6497
      3   0.3309   [32m0.8150[0m        [35m0.2243[0m       [31m0.9363[0m        0.1979        23.7119
      4   [36m0.3349[0m   [32m0.8192[0m        [35m0.2241[0m       0.9363        [94m0.1975[0m     +  23.6924
      5   [36m0.3371[0m   0.8167        [35m0.2213[0m       0.9356        0.1987        23.9830
      6   0.3151   0.8190        [35m0.2197[0m       0.9328        0.1989        22.5423
Stopping since valid_loss has not improved in the last 3 epochs.
[32m[I 2022-12-12 04:33:16,952][0m Trial 488 finished with value: 0.3371332922378494 and parameters: {'optimizer__lr': 0.0008954342716798583, 'module__dropout': 0.1905272817002599, 'd_model_multiplier': 4, 'module__num_layers': 3, 'module__n_heads': 8, 'module__dim_feedforward': 439, 'iterator_train__batch_size': 121}. Best is trial 382 with value: 0.5110916005289956.[0m
[FileBasedDataset] Initializing dataset...
	Examples: 28559
	Features: 621
	Max length: 120
[FileBasedDataset] Dataset initialization complete
  epoch    auprc    auroc    train_loss    valid_acc    valid_loss    cp      dur
-------  -------  -------  ------------  -----------  ------------  ----  -------
      1   [36m0.1700[0m   [32m0.6559[0m        [35m0.6785[0m       [31m0.7511[0m        [94m0.6749[0m     +  23.5605
      2   0.1699   0.6558        [35m0.6781[0m       [31m0.7514[0m        [94m0.6748[0m     +  24.3663
      3   0.1698   0.6556        0.6786       [31m0.7525[0m        [94m0.6747[0m     +  23.9882
      4   0.1697   0.6555        0.6786       0.7525        [94m0.6747[0m     +  23.6402
      5   0.1697   0.6554        0.6782       [31m0.7528[0m        [94m0.6746[0m     +  23.4581
      6   0.1697   0.6553        0.6784       [31m0.7535[0m        [94m0.6745[0m     +  23.5636
      7   0.1696   0.6552        [35m0.6780[0m       0.7535        [94m0.6745[0m     +  23.9024
      8   0.1696   0.6551        0.6783       [31m0.7539[0m        [94m0.6744[0m     +  24.2738
      9   0.1695   0.6550        0.6784       0.7539        [94m0.6743[0m     +  24.0231
     10   0.1695   0.6549        0.6780       0.7535        [94m0.6743[0m     +  23.8953
     11   0.1694   0.6548        [35m0.6778[0m       [31m0.7542[0m        [94m0.6742[0m     +  24.5111
     12   0.1694   0.6547        [35m0.6777[0m       [31m0.7546[0m        [94m0.6741[0m     +  24.3917
     13   0.1694   0.6546        [35m0.6776[0m       0.7542        [94m0.6741[0m     +  25.3600
     14   0.1693   0.6545        0.6776       [31m0.7549[0m        [94m0.6740[0m     +  25.2988
     15   0.1693   0.6544        0.6776       [31m0.7556[0m        [94m0.6739[0m     +  25.4317
[32m[I 2022-12-12 04:39:21,520][0m Trial 489 finished with value: 0.16999549243681136 and parameters: {'optimizer__lr': 7.80883646991131e-09, 'module__dropout': 0.24668909848857515, 'd_model_multiplier': 4, 'module__num_layers': 4, 'module__n_heads': 8, 'module__dim_feedforward': 243, 'iterator_train__batch_size': 131}. Best is trial 382 with value: 0.5110916005289956.[0m
[FileBasedDataset] Initializing dataset...
	Examples: 28559
	Features: 621
	Max length: 120
[FileBasedDataset] Dataset initialization complete
  epoch    auprc    auroc    train_loss    valid_acc    valid_loss    cp      dur
-------  -------  -------  ------------  -----------  ------------  ----  -------
      1   [36m0.3494[0m   [32m0.7782[0m        [35m0.2526[0m       [31m0.9244[0m        [94m0.2347[0m     +  25.6785
      2   0.2885   0.7651        [35m0.2414[0m       0.9174        0.2460        25.2953
      3   0.2893   0.7573        [35m0.2402[0m       0.9188        0.2458        25.3302
Stopping since valid_loss has not improved in the last 3 epochs.
[32m[I 2022-12-12 04:41:02,319][0m Trial 490 finished with value: 0.34939363517592886 and parameters: {'optimizer__lr': 0.007873018918494354, 'module__dropout': 0.16078887447170465, 'd_model_multiplier': 4, 'module__num_layers': 2, 'module__n_heads': 8, 'module__dim_feedforward': 429, 'iterator_train__batch_size': 108}. Best is trial 382 with value: 0.5110916005289956.[0m
[FileBasedDataset] Initializing dataset...
	Examples: 28559
	Features: 621
	Max length: 120
[FileBasedDataset] Dataset initialization complete
  epoch    auprc    auroc    train_loss    valid_acc    valid_loss    cp      dur
-------  -------  -------  ------------  -----------  ------------  ----  -------
      1   [36m0.3952[0m   [32m0.8252[0m        [35m0.2505[0m       [31m0.9272[0m        [94m0.2191[0m     +  24.4239
      2   [36m0.4098[0m   [32m0.8310[0m        [35m0.2210[0m       0.9258        [94m0.2164[0m     +  23.7934
      3   [36m0.4314[0m   [32m0.8397[0m        [35m0.2164[0m       [31m0.9286[0m        [94m0.2135[0m     +  24.1169
      4   0.4257   0.8379        [35m0.2135[0m       0.9275        0.2139        22.9740
      5   [36m0.4440[0m   [32m0.8494[0m        [35m0.2100[0m       [31m0.9293[0m        [94m0.2111[0m     +  24.0599
      6   0.4318   0.8442        [35m0.2077[0m       0.9261        0.2131        23.2816
      7   0.4318   0.8436        [35m0.2071[0m       0.9261        0.2122        23.7304
Stopping since valid_loss has not improved in the last 3 epochs.
[32m[I 2022-12-12 04:44:12,726][0m Trial 491 finished with value: 0.4440410466516114 and parameters: {'optimizer__lr': 0.0007904672396167443, 'module__dropout': 0.08374740902120809, 'd_model_multiplier': 4, 'module__num_layers': 2, 'module__n_heads': 8, 'module__dim_feedforward': 248, 'iterator_train__batch_size': 71}. Best is trial 382 with value: 0.5110916005289956.[0m
[FileBasedDataset] Initializing dataset...
	Examples: 28559
	Features: 621
	Max length: 120
[FileBasedDataset] Dataset initialization complete
  epoch    auprc    auroc    train_loss    valid_acc    valid_loss    cp      dur
-------  -------  -------  ------------  -----------  ------------  ----  -------
      1   [36m0.3500[0m   [32m0.7956[0m        [35m0.2390[0m       [31m0.9289[0m        [94m0.2193[0m     +  22.9082
      2   [36m0.3798[0m   [32m0.8291[0m        [35m0.2248[0m       [31m0.9303[0m        [94m0.2111[0m     +  23.3802
      3   0.3672   0.8180        [35m0.2213[0m       [31m0.9310[0m        0.2143        23.0821
      4   0.3629   [32m0.8323[0m        [35m0.2196[0m       0.9265        0.2111        23.1674
Stopping since valid_loss has not improved in the last 3 epochs.
[32m[I 2022-12-12 04:46:08,791][0m Trial 492 finished with value: 0.3797650662652375 and parameters: {'optimizer__lr': 0.0014398770309034265, 'module__dropout': 0.06413604565896235, 'd_model_multiplier': 8, 'module__num_layers': 3, 'module__n_heads': 8, 'module__dim_feedforward': 252, 'iterator_train__batch_size': 78}. Best is trial 382 with value: 0.5110916005289956.[0m
[FileBasedDataset] Initializing dataset...
	Examples: 28559
	Features: 621
	Max length: 120
[FileBasedDataset] Dataset initialization complete
  epoch    auprc    auroc    train_loss    valid_acc    valid_loss    cp      dur
-------  -------  -------  ------------  -----------  ------------  ----  -------
      1   [36m0.3520[0m   [32m0.7986[0m        [35m0.2374[0m       [31m0.9216[0m        [94m0.2378[0m     +  22.1403
      2   [36m0.3851[0m   [32m0.8196[0m        [35m0.2190[0m       0.9216        [94m0.2300[0m     +  22.9867
      3   0.3774   [32m0.8273[0m        [35m0.2157[0m       [31m0.9226[0m        0.2310        22.9109
      4   0.3839   [32m0.8332[0m        [35m0.2131[0m       [31m0.9244[0m        [94m0.2289[0m     +  22.7986
      5   [36m0.3894[0m   [32m0.8338[0m        [35m0.2088[0m       0.9240        0.2293        23.0134
      6   [36m0.3910[0m   0.8297        0.2090       0.9230        0.2291        23.0785
      7   0.3788   0.8313        [35m0.2079[0m       0.9233        [94m0.2287[0m     +  22.8340
      8   0.3762   0.8279        [35m0.2056[0m       0.9240        0.2324        23.3348
      9   0.3844   0.8238        [35m0.2045[0m       0.9237        0.2322        23.1740
Stopping since valid_loss has not improved in the last 3 epochs.
[32m[I 2022-12-12 04:49:58,428][0m Trial 493 finished with value: 0.39101492421289463 and parameters: {'optimizer__lr': 0.002655051227932249, 'module__dropout': 0.04940010874515412, 'd_model_multiplier': 4, 'module__num_layers': 1, 'module__n_heads': 8, 'module__dim_feedforward': 267, 'iterator_train__batch_size': 91}. Best is trial 382 with value: 0.5110916005289956.[0m
[FileBasedDataset] Initializing dataset...
	Examples: 28559
	Features: 621
	Max length: 120
[FileBasedDataset] Dataset initialization complete
  epoch    auprc    auroc    train_loss    valid_acc    valid_loss    cp      dur
-------  -------  -------  ------------  -----------  ------------  ----  -------
      1   [36m0.2645[0m   [32m0.7441[0m        [35m0.2595[0m       [31m0.9146[0m        [94m0.2575[0m     +  29.5959
      2   0.2507   [32m0.7456[0m        [35m0.2527[0m       0.9146        0.2620        29.8469
      3   0.2503   [32m0.7457[0m        [35m0.2514[0m       0.9146        0.2645        29.9571
Stopping since valid_loss has not improved in the last 3 epochs.
[32m[I 2022-12-12 04:51:58,210][0m Trial 494 finished with value: 0.2644585941941664 and parameters: {'optimizer__lr': 0.001066628164627862, 'module__dropout': 0.22964956688689317, 'd_model_multiplier': 4, 'module__num_layers': 11, 'module__n_heads': 32, 'module__dim_feedforward': 281, 'iterator_train__batch_size': 66}. Best is trial 382 with value: 0.5110916005289956.[0m
[FileBasedDataset] Initializing dataset...
	Examples: 28559
	Features: 621
	Max length: 120
[FileBasedDataset] Dataset initialization complete
  epoch    auprc    auroc    train_loss    valid_acc    valid_loss    cp      dur
-------  -------  -------  ------------  -----------  ------------  ----  -------
      1   [36m0.3753[0m   [32m0.8268[0m        [35m0.2482[0m       [31m0.9286[0m        [94m0.2117[0m     +  22.9006
      2   [36m0.3924[0m   [32m0.8388[0m        [35m0.2238[0m       0.9282        [94m0.2081[0m     +  23.4217
      3   [36m0.4155[0m   [32m0.8477[0m        [35m0.2186[0m       [31m0.9314[0m        [94m0.2029[0m     +  22.6524
      4   [36m0.4210[0m   [32m0.8552[0m        [35m0.2145[0m       0.9296        [94m0.2015[0m     +  23.3949
      5   0.4145   0.8543        [35m0.2125[0m       0.9296        0.2018        23.0880
      6   0.4027   [32m0.8566[0m        [35m0.2098[0m       0.9265        0.2045        23.5961
Stopping since valid_loss has not improved in the last 3 epochs.
[32m[I 2022-12-12 04:54:40,921][0m Trial 495 finished with value: 0.4210164382413292 and parameters: {'optimizer__lr': 0.0004666685480367616, 'module__dropout': 0.20041079600813735, 'd_model_multiplier': 8, 'module__num_layers': 1, 'module__n_heads': 16, 'module__dim_feedforward': 258, 'iterator_train__batch_size': 87}. Best is trial 382 with value: 0.5110916005289956.[0m
[FileBasedDataset] Initializing dataset...
	Examples: 28559
	Features: 621
	Max length: 120
[FileBasedDataset] Dataset initialization complete
  epoch    auprc    auroc    train_loss    valid_acc    valid_loss    cp      dur
-------  -------  -------  ------------  -----------  ------------  ----  -------
      1   [36m0.3302[0m   [32m0.7808[0m        [35m0.2819[0m       [31m0.9265[0m        [94m0.2197[0m     +  23.8550
      2   [36m0.3437[0m   [32m0.7991[0m        [35m0.2277[0m       [31m0.9275[0m        [94m0.2158[0m     +  24.0913
      3   [36m0.3518[0m   [32m0.8150[0m        [35m0.2231[0m       [31m0.9314[0m        [94m0.2126[0m     +  24.1697
      4   [36m0.3591[0m   [32m0.8184[0m        [35m0.2190[0m       [31m0.9317[0m        [94m0.2110[0m     +  24.4604
      5   [36m0.3697[0m   [32m0.8245[0m        [35m0.2166[0m       0.9310        [94m0.2087[0m     +  24.0146
      6   [36m0.3746[0m   [32m0.8305[0m        [35m0.2144[0m       0.9314        [94m0.2069[0m     +  23.4997
      7   [36m0.3894[0m   [32m0.8358[0m        [35m0.2120[0m       [31m0.9321[0m        [94m0.2050[0m     +  24.1550
      8   [36m0.3986[0m   [32m0.8386[0m        [35m0.2102[0m       0.9307        [94m0.2041[0m     +  23.8626
      9   0.3960   [32m0.8439[0m        [35m0.2085[0m       0.9303        [94m0.2034[0m     +  23.7698
     10   [36m0.4018[0m   [32m0.8480[0m        [35m0.2070[0m       0.9286        0.2035        24.1895
     11   0.4016   [32m0.8514[0m        [35m0.2059[0m       0.9293        [94m0.2009[0m     +  24.4261
     12   [36m0.4048[0m   0.8461        [35m0.2047[0m       0.9303        0.2022        24.1061
     13   [36m0.4053[0m   0.8469        [35m0.2027[0m       0.9296        0.2032        24.8292
Stopping since valid_loss has not improved in the last 3 epochs.
[32m[I 2022-12-12 05:00:20,943][0m Trial 496 finished with value: 0.4053375136425315 and parameters: {'optimizer__lr': 6.485232040788745e-05, 'module__dropout': 0.17768392423371288, 'd_model_multiplier': 4, 'module__num_layers': 3, 'module__n_heads': 64, 'module__dim_feedforward': 446, 'iterator_train__batch_size': 125}. Best is trial 382 with value: 0.5110916005289956.[0m
[FileBasedDataset] Initializing dataset...
	Examples: 28559
	Features: 621
	Max length: 120
[FileBasedDataset] Dataset initialization complete
  epoch    auprc    auroc    train_loss    valid_acc    valid_loss    cp      dur
-------  -------  -------  ------------  -----------  ------------  ----  -------
      1   [36m0.1820[0m   [32m0.6188[0m        [35m0.4134[0m       [31m0.9300[0m        [94m0.2572[0m     +  22.5598
      2   [36m0.3081[0m   [32m0.7483[0m        [35m0.2618[0m       [31m0.9328[0m        [94m0.2208[0m     +  22.7557
      3   [36m0.3301[0m   [32m0.7701[0m        [35m0.2422[0m       [31m0.9338[0m        [94m0.2123[0m     +  23.9836
      4   [36m0.3396[0m   [32m0.7840[0m        [35m0.2366[0m       [31m0.9345[0m        [94m0.2085[0m     +  22.9204
      5   [36m0.3429[0m   [32m0.7951[0m        [35m0.2325[0m       0.9342        [94m0.2068[0m     +  22.7225
      6   [36m0.3540[0m   [32m0.8029[0m        [35m0.2302[0m       [31m0.9349[0m        [94m0.2048[0m     +  22.9255
      7   [36m0.3585[0m   [32m0.8107[0m        [35m0.2283[0m       0.9345        [94m0.2028[0m     +  23.0334
      8   [36m0.3637[0m   [32m0.8165[0m        [35m0.2266[0m       0.9342        [94m0.2013[0m     +  22.7765
      9   [36m0.3688[0m   [32m0.8240[0m        [35m0.2240[0m       0.9345        [94m0.1991[0m     +  23.0153
     10   [36m0.3757[0m   [32m0.8300[0m        [35m0.2231[0m       0.9349        [94m0.1977[0m     +  22.9543
     11   0.3729   [32m0.8313[0m        [35m0.2230[0m       0.9345        [94m0.1972[0m     +  24.0691
     12   [36m0.3762[0m   [32m0.8382[0m        [35m0.2211[0m       0.9345        [94m0.1951[0m     +  23.1492
     13   [36m0.3812[0m   [32m0.8412[0m        [35m0.2198[0m       0.9349        [94m0.1942[0m     +  22.6092
     14   [36m0.3877[0m   [32m0.8419[0m        [35m0.2183[0m       0.9349        [94m0.1930[0m     +  23.5211
     15   [36m0.3916[0m   [32m0.8436[0m        [35m0.2182[0m       0.9342        [94m0.1927[0m     +  23.3381
